
Cadence Innovus(TM) Implementation System.
Copyright 2017 Cadence Design Systems, Inc. All rights reserved worldwide.

Version:	v17.11-s080_1, built Fri Aug 4 11:13:11 PDT 2017
Options:	
Date:		Thu Feb 10 04:41:14 2022
Host:		localhost.localdomain (x86_64 w/Linux 3.10.0-957.5.1.el7.x86_64) (1core*2cpus*Westmere E56xx/L56xx/X56xx (Nehalem-C) 4096KB)
OS:		CentOS Linux release 7.6.1810 (Core) 

License:
		invs	Innovus Implementation System	17.1	checkout succeeded
		8 CPU jobs allowed with the current license(s). Use setMultiCpuUsage to set your required CPU count.
**WARN: (IMPSYT-1507):	The display is invalid and will start in no window mode
Change the soft stacksize limit to 0.2%RAM (31 mbytes). Set global soft_stack_size_limit to change the value.

**INFO:  MMMC transition support version v31-84 

<CMD> set_global _enable_mmmc_by_default_flow      $CTE::mmmc_default
<CMD> suppressMessage ENCEXT-2799
<CMD> set_global _enable_mmmc_by_default_flow      $CTE::mmmc_default
<CMD> suppressMessage ENCEXT-2799
<CMD> getDrawView
<CMD> loadWorkspace -name Physical
**ERROR: (IMPSYT-40408):	Error in reading workspace file: wrong format.
<CMD> win
Cannot display window in tcl mode
<CMD> set init_design_netlisttype verilog
<CMD> set init_design_settop 1
<CMD> set init_top_cell iir_filter
<CMD> set init_verilog ../netlist/iir_filter.v
<CMD> set init_lef_file /software/dk/nangate45/lef/NangateOpenCellLibrary.lef
<CMD> set init_gnd_net VSS
<CMD> set init_pwr_net VDD
<CMD> set init_mmmc_file mmm_design.tcl
<CMD> init_design
#% Begin Load MMMC data ... (date=02/10 04:42:47, mem=360.8M)
**ERROR: (TCLCMD-989):	cannot open SDC file '../netlist/iir_filter.sdc' for mode 'SDC_layout'

<CMD> set_global _enable_mmmc_by_default_flow      $CTE::mmmc_default
<CMD> suppressMessage ENCEXT-2799
<CMD> getDrawView
<CMD> loadWorkspace -name Physical
**ERROR: (IMPSYT-40408):	Error in reading workspace file: wrong format.
<CMD> win
Cannot display window in tcl mode
<CMD> set init_design_netlisttype verilog
<CMD> set init_design_settop 1
<CMD> set init_top_cell iir_filter
<CMD> set init_verilog ../netlist/iir_filter.v
<CMD> set init_lef_file /software/dk/nangate45/lef/NangateOpenCellLibrary.lef
<CMD> set init_gnd_net VSS
<CMD> set init_pwr_net VDD
<CMD> set init_mmmc_file mmm_design.tcl
<CMD> init_design
% Begin Load MMMC data ... (date=02/10 04:42:54, mem=361.0M)
**ERROR: (TCLCMD-989):	cannot open SDC file '../netlist/iir_filter.sdc' for mode 'SDC_layout'

invalid command name "quit"

*** Memory Usage v#1 (Current mem = 432.387M, initial mem = 187.684M) ***
*** Message Summary: 0 warning(s), 4 error(s)

--- Ending "Innovus" (totcpu=0:00:20.5, real=0:01:47, mem=432.4M) ---
