*----------------------------------------------------------------------------------------
*	Innovus 17.11-s080_1 (64bit) 08/04/2017 11:13 (Linux 2.6.18-194.el5)
*	
*
* 	Date & Time:	2021-Nov-15 13:35:48 (2021-Nov-15 12:35:48 GMT)
*
*----------------------------------------------------------------------------------------
*
*	Design: iir_filter
*
*	Liberty Libraries used: 
*	        MyAnView: /software/dk/nangate45/liberty/NangateOpenCellLibrary_typical_ecsm_nowlm.lib
*
*	Power Domain used: 
*		Rail:        VDD 	Voltage:        1.1 
*
*       Power View : MyAnView
*
*       User-Defined Activity : N.A.
*
*	Switching Activity File used: 
*	        ../vcd/iir_filter_syn_postplace.vcd
*			Vcd Window used(Start Time, Stop Time):(1.96864e-29, 1.96864e-29) 
*                     Vcd Scale Factor: 1 
**                    Design annotation coverage: 0/1348 = 0% 
*
*       Hierarchical Global Activity: N.A.
*
*       Global Activity: N.A.
*
*       Sequential Element Activity: N.A.
*
*       Primary Input Activity: 0.200000
*
*       Default icg ratio: N.A.
*
*       Global Comb ClockGate Ratio: N.A.
*
*	Power Units = 1mW
*
*	Time Units = 1e-09 secs 
*
*       Temperature = 25 
*
*       report_power -outfile .//iir_filter.rpt -rail_analysis_format VS
*
-----------------------------------------------------------------------------------------
Cell                            Internal   Switching       Total     Leakage   Cell
                                   Power       Power       Power       Power   Name
--------------------------------------------------------------------------------------
reg_4_Q_reg_6_                  0.001988    0.001939    0.004013   8.561e-05  DFFR_X1
reg_8_Q_reg_6_                   0.00198    0.001249    0.003314   8.565e-05  DFFR_X1
reg_4_Q_reg_5_                  0.001922    0.001227    0.003234   8.561e-05  DFFR_X1
add_0_root_add_0_root_add_53_2_U1_5   0.001847    0.001066    0.002989   7.546e-05  FA_X1
reg_dout_Q_reg_7_               0.001981   0.0008545    0.002921   8.561e-05  DFFR_X1
mult_55_U5                      0.001955   0.0008379    0.002865   7.235e-05  FA_X1
mult_51_U5                      0.001956   0.0008213    0.002849   7.235e-05  FA_X1
reg_dout_Q_reg_6_               0.001976   0.0007871    0.002849   8.565e-05  DFFR_X1
reg_4_Q_reg_4_                  0.001771   0.0009854    0.002842   8.561e-05  DFFR_X1
add_0_root_add_0_root_add_58_2_U1_6   0.001954   0.0008129     0.00284    7.31e-05  FA_X1
add_0_root_add_0_root_add_58_2_U1_4   0.001927   0.0008258    0.002825   7.255e-05  FA_X1
mult_51_U4                       0.00195      0.0008    0.002823   7.295e-05  FA_X1
mult_55_U4                      0.001951   0.0007952    0.002819   7.295e-05  FA_X1
reg_dout_Q_reg_5_               0.001975   0.0007493     0.00281   8.565e-05  DFFR_X1
add_0_root_add_0_root_add_58_2_U1_5    0.00195   0.0007783    0.002801    7.27e-05  FA_X1
mult_55_U3                      0.001948   0.0007793    0.002801   7.426e-05  FA_X1
reg_dout_Q_reg_4_                0.00197   0.0007368    0.002792   8.565e-05  DFFR_X1
add_52_U1_5                      0.00195   0.0007626    0.002788   7.572e-05  FA_X1
reg_dout_Q_reg_3_               0.001955   0.0007211    0.002761   8.565e-05  DFFR_X1
add_1_root_add_0_root_add_53_2_U1_5   0.001703    0.000974    0.002748   7.019e-05  FA_X1
add_0_root_add_0_root_add_53_2_U1_4    0.00166   0.0009979    0.002733   7.531e-05  FA_X1
reg_8_Q_reg_5_                  0.001967   0.0006664    0.002719   8.565e-05  DFFR_X1
reg_4_Q_reg_3_                  0.001604    0.001025    0.002714   8.561e-05  DFFR_X1
mult_51_U3                      0.001946   0.0006683    0.002688   7.426e-05  FA_X1
reg_8_Q_reg_3_                  0.001911   0.0006524    0.002649   8.565e-05  DFFR_X1
add_0_root_add_0_root_add_53_2_U1_6   0.001947   0.0006084    0.002631   7.555e-05  FA_X1
reg_dout_Q_reg_2_               0.001847   0.0006821    0.002614   8.565e-05  DFFR_X1
mult_55_U2                      0.001945   0.0005771    0.002599   7.652e-05  FA_X1
reg_1_Q_reg_5_                  0.001972   0.0005272    0.002584   8.561e-05  DFFR_X1
reg_1_Q_reg_6_                  0.001972     0.00052    0.002577   8.561e-05  DFFR_X1
reg_11_Q_reg_3_                 0.001966   0.0005177     0.00257   8.565e-05  DFFR_X1
reg_11_Q_reg_2_                 0.001952   0.0005298    0.002568   8.565e-05  DFFR_X1
reg_11_Q_reg_1_                 0.001941    0.000528    0.002555   8.564e-05  DFFR_X1
mult_55_U6                      0.001759    0.000725    0.002552   6.764e-05  FA_X1
reg_11_Q_reg_4_                 0.001966      0.0005    0.002551   8.565e-05  DFFR_X1
reg_11_Q_reg_5_                 0.001964   0.0004932    0.002543   8.566e-05  DFFR_X1
reg_11_Q_reg_7_                 0.001957   0.0004994    0.002542    8.57e-05  DFFR_X1
reg_1_Q_reg_4_                  0.001955   0.0004921    0.002533   8.561e-05  DFFR_X1
reg_11_Q_reg_6_                 0.001949   0.0004863    0.002521   8.575e-05  DFFR_X1
add_1_root_add_0_root_add_58_2_U1_6   0.001506   0.0009422    0.002519   7.079e-05  FA_X1
reg_8_Q_reg_4_                  0.001952   0.0004731    0.002511   8.565e-05  DFFR_X1
add_1_root_add_0_root_add_53_2_U1_6   0.001765   0.0006431    0.002478   7.048e-05  FA_X1
add_0_root_add_0_root_add_58_2_U1_3   0.001703   0.0007017    0.002477    7.23e-05  FA_X1
add_1_root_add_0_root_add_53_2_U1_4   0.001479   0.0009026    0.002452   7.009e-05  FA_X1
reg_11_Q_reg_0_                 0.001862    0.000478    0.002425   8.564e-05  DFFR_X1
mult_51_U6                      0.001665   0.0006825    0.002416   6.764e-05  FA_X1
reg_2_Q_reg_5_                  0.001896   0.0004323    0.002414   8.562e-05  DFFR_X1
mult_55_U17                       0.0014   0.0009143    0.002389     7.4e-05  FA_X1
mult_55_U20                     0.001397   0.0009164    0.002386   7.334e-05  FA_X1
reg_1_Q_reg_3_                  0.001836   0.0004615    0.002383   8.561e-05  DFFR_X1
add_0_root_add_0_root_add_58_2_U1_7   0.001946   0.0003461    0.002365   7.302e-05  FA_X1
reg_dout_Q_reg_1_               0.001708   0.0005603    0.002354   8.564e-05  DFFR_X1
reg_2_Q_reg_4_                  0.001823   0.0004288    0.002338   8.561e-05  DFFR_X1
reg_4_Q_reg_2_                  0.001455   0.0007963    0.002337   8.561e-05  DFFR_X1
add_52_U1_4                     0.001613   0.0006483    0.002337   7.551e-05  FA_X1
mult_51_U17                     0.001337    0.000917    0.002328     7.4e-05  FA_X1
mult_51_U20                      0.00134   0.0009051    0.002318   7.334e-05  FA_X1
add_1_root_add_0_root_add_58_2_U1_5   0.001404   0.0008295    0.002304   7.023e-05  FA_X1
add_52_U1_6                     0.001941    0.000283      0.0023   7.679e-05  FA_X1
reg_dout_Q_reg_0_               0.001659   0.0005553      0.0023   8.564e-05  DFFR_X1
mult_55_U15                     0.001283   0.0008803    0.002234   7.049e-05  FA_X1
mult_55_U7                      0.001493   0.0006699    0.002228   6.538e-05  FA_X1
reg_9_Q_reg_5_                  0.001738   0.0004028    0.002227   8.566e-05  DFFR_X1
add_0_root_add_0_root_add_53_2_U1_3   0.001338   0.0007701    0.002183   7.501e-05  FA_X1
reg_10_Q_reg_5_                 0.001665   0.0004073    0.002158   8.562e-05  DFFR_X1
FE_OFC0_rst_n                  0.0001429    0.001984    0.002158   3.056e-05  CLKBUF_X3
reg_8_Q_reg_2_                  0.001696   0.0003706    0.002152   8.565e-05  DFFR_X1
reg_4_Q_reg_1_                  0.001365   0.0006819    0.002133   8.561e-05  DFFR_X1
reg_2_Q_reg_3_                  0.001662   0.0003767    0.002124   8.561e-05  DFFR_X1
reg_1_Q_reg_2_                  0.001641   0.0003822    0.002109   8.561e-05  DFFR_X1
reg_9_Q_reg_4_                  0.001648    0.000373    0.002107   8.565e-05  DFFR_X1
reg_10_Q_reg_6_                 0.001607   0.0004035    0.002096   8.572e-05  DFFR_X1
mult_51_U15                     0.001204   0.0008206    0.002095   7.049e-05  FA_X1
reg_10_Q_reg_4_                 0.001597   0.0004077     0.00209   8.561e-05  DFFR_X1
reg_2_Q_reg_6_                  0.001636   0.0003617    0.002084   8.571e-05  DFFR_X1
add_1_root_add_0_root_add_58_2_U1_7   0.001453   0.0005456    0.002069   7.062e-05  FA_X1
add_0_root_add_0_root_add_58_2_U1_2   0.001402   0.0005861     0.00206   7.182e-05  FA_X1
reg_9_Q_reg_6_                  0.001601   0.0003643    0.002051   8.572e-05  DFFR_X1
FE_OFC1_vin                     0.000142    0.001877     0.00205   3.056e-05  CLKBUF_X3
reg_4_Q_reg_0_                  0.001307   0.0006536    0.002046   8.561e-05  DFFR_X1
add_1_root_add_0_root_add_53_2_U1_3   0.001205   0.0007188    0.001994    6.99e-05  FA_X1
mult_51_U7                      0.001364   0.0005633    0.001993   6.538e-05  FA_X1
reg_8_Q_reg_1_                  0.001563   0.0003418     0.00199   8.565e-05  DFFR_X1
add_1_root_add_0_root_add_58_2_U1_4   0.001208   0.0006989    0.001977   7.009e-05  FA_X1
mult_55_U8                      0.001335    0.000561    0.001961   6.519e-05  FA_X1
mult_51_U24                     0.001116   0.0007631    0.001945   6.599e-05  FA_X1
reg_2_Q_reg_2_                  0.001516   0.0003339    0.001936   8.561e-05  DFFR_X1
reg_10_Q_reg_3_                 0.001462   0.0003759    0.001923   8.561e-05  DFFR_X1
mult_55_U24                     0.001115   0.0007301    0.001911   6.599e-05  FA_X1
add_52_U1_3                     0.001292    0.000542    0.001909   7.522e-05  FA_X1
mult_50_U3                      0.001178   0.0006551    0.001908   7.424e-05  FA_X1
mult_55_U21                     0.001113   0.0007226    0.001905   6.961e-05  FA_X1
reg_9_Q_reg_3_                  0.001484    0.000322    0.001892   8.565e-05  DFFR_X1
reg_1_Q_reg_1_                   0.00147   0.0003269    0.001882   8.561e-05  DFFR_X1
mult_50_U4                      0.001126   0.0006774    0.001876   7.289e-05  FA_X1
reg_8_Q_reg_0_                  0.001467   0.0003101    0.001862   8.565e-05  DFFR_X1
reg_2_Q_reg_1_                  0.001444   0.0003214    0.001851    8.56e-05  DFFR_X1
reg_10_Q_reg_7_                 0.001436   0.0003119    0.001834   8.566e-05  DFFR_X1
reg_9_Q_reg_7_                  0.001432   0.0003007    0.001819   8.566e-05  DFFR_X1
add_0_root_add_0_root_add_53_2_U1_2   0.001074   0.0006581    0.001807   7.443e-05  FA_X1
mult_51_U8                      0.001235   0.0004889    0.001789   6.519e-05  FA_X1
mult_51_U21                     0.001062   0.0006448    0.001776   6.961e-05  FA_X1
reg_10_Q_reg_2_                 0.001341   0.0003402    0.001766   8.561e-05  DFFR_X1
reg_2_Q_reg_0_                  0.001356   0.0002987    0.001741    8.56e-05  DFFR_X1
mult_56_U3                      0.001171   0.0004879    0.001734   7.424e-05  FA_X1
FE_OFC2_vin                    0.0001685    0.001518    0.001729   4.306e-05  BUF_X2
reg_10_Q_reg_1_                 0.001288   0.0003428    0.001716    8.56e-05  DFFR_X1
reg_3_Q_reg_6_                  0.001122   0.0005074    0.001715   8.532e-05  DFFR_X1
mult_55_U30                    0.0009807   0.0006707    0.001714   6.284e-05  FA_X1
reg_7_Q_reg_6_                  0.001122   0.0005038    0.001712   8.532e-05  DFFR_X1
reg_9_Q_reg_2_                   0.00135    0.000273    0.001709   8.565e-05  DFFR_X1
add_0_root_add_0_root_add_58_2_U1_1   0.001173   0.0004579    0.001702   7.087e-05  FA_X1
reg_1_Q_reg_0_                  0.001345   0.0002653    0.001696   8.561e-05  DFFR_X1
mult_56_U4                      0.001119   0.0004886    0.001681   7.289e-05  FA_X1
mult_55_U18                     0.001064   0.0005299    0.001667   7.335e-05  FA_X1
mult_49_U4                     0.0009428    0.000651    0.001667   7.321e-05  FA_X1
add_1_root_add_0_root_add_58_2_U1_3  0.0009955   0.0005841     0.00165    6.99e-05  FA_X1
reg_9_Q_reg_1_                  0.001304   0.0002546    0.001644   8.564e-05  DFFR_X1
mult_51_U30                    0.0009377   0.0006238    0.001624   6.284e-05  FA_X1
mult_49_U3                     0.0009477   0.0005913    0.001613    7.44e-05  FA_X1
add_1_root_add_0_root_add_53_2_U1_2  0.0009645   0.0005627    0.001597   6.952e-05  FA_X1
mult_56_U2                      0.001145   0.0003704    0.001591    7.65e-05  FA_X1
mult_50_U5                     0.0009504    0.000558    0.001581   7.229e-05  FA_X1
mult_51_U18                    0.0009803   0.0005261     0.00158   7.335e-05  FA_X1
reg_10_Q_reg_0_                 0.001193   0.0002973    0.001576    8.56e-05  DFFR_X1
mult_57_U3                      0.001054   0.0004101    0.001538   7.425e-05  FA_X1
reg_9_Q_reg_0_                  0.001227   0.0002236    0.001537   8.563e-05  DFFR_X1
mult_55_U25                    0.0008882    0.000563    0.001523   7.164e-05  FA_X1
add_52_U1_2                     0.001034   0.0004119     0.00152   7.465e-05  FA_X1
mult_55_U35                    0.0009851   0.0004711     0.00152   6.382e-05  FA_X1
mult_51_U26                    0.0008688   0.0005577    0.001498   7.115e-05  FA_X1
mult_55_U26                    0.0009051   0.0005139     0.00149   7.115e-05  FA_X1
mult_51_U25                    0.0008874    0.000528    0.001487   7.164e-05  FA_X1
mult_57_U4                       0.00101   0.0003977     0.00148   7.289e-05  FA_X1
reg_5_Q_reg_6_                  0.001002   0.0003871    0.001475   8.527e-05  DFFR_X1
add_0_root_add_0_root_add_53_2_U1_1  0.0008655   0.0005326    0.001471   7.328e-05  FA_X1
mult_55_U22                    0.0008736   0.0005075     0.00147   8.908e-05  FA_X1
mult_56_U5                     0.0009464    0.000437    0.001456   7.229e-05  FA_X1
mult_57_U2                      0.001024   0.0003322    0.001432    7.65e-05  FA_X1
reg_7_Q_reg_5_                  0.001104   0.0002398     0.00143   8.532e-05  DFFR_X1
reg_3_Q_reg_5_                  0.001104   0.0002392    0.001429   8.532e-05  DFFR_X1
reg_6_Q_reg_0_                  0.001198   0.0001435    0.001427    8.53e-05  DFFR_X1
mult_49_U5                     0.0008313   0.0005232    0.001427   7.267e-05  FA_X1
mult_51_U22                    0.0008213   0.0005129    0.001423   8.908e-05  FA_X1
mult_55_U31                    0.0008318   0.0005228    0.001417   6.197e-05  FA_X1
mult_51_U35                    0.0009005   0.0004395    0.001404   6.382e-05  FA_X1
mult_55_U14                    0.0007843    0.000517    0.001392    9.11e-05  FA_X1
reg_5_Q_reg_0_                  0.001126   0.0001735    0.001385   8.511e-05  DFFR_X1
reg_7_Q_reg_3_                  0.001052    0.000214    0.001351   8.532e-05  DFFR_X1
reg_3_Q_reg_3_                  0.001052   0.0002093    0.001347   8.532e-05  DFFR_X1
add_1_root_add_0_root_add_58_2_U1_2  0.0008024    0.000463    0.001335   6.951e-05  FA_X1
add_1_root_add_0_root_add_53_2_U1_1  0.0007906    0.000472    0.001331   6.873e-05  FA_X1
reg_3_Q_reg_4_                  0.001079   0.0001664    0.001331   8.532e-05  DFFR_X1
reg_7_Q_reg_4_                  0.001079    0.000157    0.001321   8.532e-05  DFFR_X1
mult_51_U14                     0.000778   0.0004501    0.001319    9.11e-05  FA_X1
mult_51_U31                    0.0007645   0.0004889    0.001315   6.197e-05  FA_X1
mult_55_U32                     0.000729   0.0004985    0.001315   8.704e-05  FA_X1
mult_51_U32                     0.000728    0.000499    0.001314   8.704e-05  FA_X1
reg_6_Q_reg_6_                  0.001115    0.000112    0.001313   8.532e-05  DFFR_X1
reg_6_Q_reg_5_                  0.001101   0.0001103    0.001297   8.532e-05  DFFR_X1
reg_5_Q_reg_5_                 0.0009995    0.000201    0.001286   8.527e-05  DFFR_X1
mult_57_U5                     0.0008536    0.000351    0.001277   7.236e-05  FA_X1
reg_5_Q_reg_3_                  0.000999   0.0001872    0.001271   8.527e-05  DFFR_X1
reg_3_Q_reg_0_                  0.001009   0.0001749    0.001269   8.532e-05  DFFR_X1
mult_50_U6                     0.0007619   0.0004397    0.001269   6.703e-05  FA_X1
reg_6_Q_reg_4_                  0.001078   0.0001044    0.001268   8.532e-05  DFFR_X1
reg_7_Q_reg_2_                  0.001021   0.0001582    0.001265   8.532e-05  DFFR_X1
reg_3_Q_reg_1_                  0.001011   0.0001616    0.001258   8.532e-05  DFFR_X1
reg_3_Q_reg_2_                  0.001021   0.0001477    0.001254   8.532e-05  DFFR_X1
reg_7_Q_reg_1_                  0.001011   0.0001514    0.001247   8.532e-05  DFFR_X1
add_52_U1_1                    0.0008299   0.0003389    0.001242   7.352e-05  FA_X1
mult_55_U19                    0.0007121   0.0004617     0.00124   6.584e-05  FA_X1
reg_5_Q_reg_1_                 0.0009969   0.0001546    0.001237   8.527e-05  DFFR_X1
mult_51_U16                    0.0007119   0.0004418    0.001233   7.961e-05  FA_X1
reg_6_Q_reg_3_                  0.001049   9.814e-05    0.001233   8.532e-05  DFFR_X1
reg_7_Q_reg_0_                  0.001008   0.0001393    0.001232   8.532e-05  DFFR_X1
mult_55_U27                    0.0007133    0.000452    0.001231   6.584e-05  FA_X1
reg_5_Q_reg_2_                 0.0009969   0.0001489    0.001231   8.527e-05  DFFR_X1
mult_55_U16                    0.0007121   0.0004374    0.001229   7.961e-05  FA_X1
mult_49_U6                     0.0007022   0.0004521    0.001224   6.956e-05  FA_X1
reg_5_Q_reg_4_                 0.0009973   0.0001363    0.001219   8.527e-05  DFFR_X1
reg_6_Q_reg_2_                   0.00102   9.302e-05    0.001198   8.532e-05  DFFR_X1
reg_6_Q_reg_1_                   0.00101   0.0001027    0.001198   8.532e-05  DFFR_X1
mult_51_U19                    0.0006824   0.0004374    0.001186   6.584e-05  FA_X1
mult_56_U6                     0.0007584   0.0003205    0.001146   6.703e-05  FA_X1
mult_55_U115                    0.000129    0.001003    0.001146   1.362e-05  INV_X1
mult_55_U23                    0.0006329   0.0004498    0.001142   5.953e-05  FA_X1
add_1_root_add_0_root_add_58_2_U1_1  0.0006543   0.0003923    0.001115    6.87e-05  FA_X1
mult_50_U17                    0.0006136   0.0004181    0.001106   7.407e-05  FA_X1
mult_50_U7                     0.0006267   0.0004057    0.001097   6.478e-05  FA_X1
mult_56_U17                    0.0006131   0.0004071    0.001094   7.407e-05  FA_X1
mult_50_U20                    0.0006115   0.0004071    0.001092   7.343e-05  FA_X1
mult_56_U20                    0.0006112   0.0003987    0.001083   7.343e-05  FA_X1
mult_49_U7                     0.0006201   0.0003946    0.001082    6.73e-05  FA_X1
mult_51_U126                    0.000719   0.0003223    0.001078    3.67e-05  XNOR2_X1
mult_56_U15                     0.000577   0.0004203    0.001067   7.004e-05  FA_X1
mult_55_U37                    0.0005844   0.0004174    0.001061   5.953e-05  FA_X1
mult_51_U23                    0.0005812   0.0004113    0.001052   5.953e-05  FA_X1
mult_55_U36                    0.0006314   0.0003577    0.001046   5.722e-05  FA_X1
mult_55_U33                    0.0005976   0.0003846    0.001042   5.953e-05  FA_X1
mult_50_U15                    0.0005762   0.0003909    0.001037   7.004e-05  FA_X1
mult_51_U27                    0.0006148   0.0003526    0.001033   6.584e-05  FA_X1
mult_57_U6                     0.0006825   0.0002807     0.00103    6.69e-05  FA_X1
mult_50_U8                     0.0005728   0.0003703    0.001008   6.451e-05  FA_X1
mult_51_U113                   0.0001098   0.0008714   0.0009949   1.362e-05  INV_X1
mult_57_U17                     0.000548   0.0003701   0.0009922   7.407e-05  FA_X1
mult_51_U36                    0.0005867   0.0003399   0.0009838   5.722e-05  FA_X1
mult_57_U20                     0.000546   0.0003531   0.0009728   7.364e-05  FA_X1
mult_55_U119                   0.0001269   0.0008301   0.0009705   1.362e-05  INV_X1
mult_55_U120                   0.0001297   0.0008249   0.0009682   1.362e-05  INV_X1
mult_56_U7                     0.0006231    0.000278   0.0009659   6.478e-05  FA_X1
mult_57_U15                    0.0005221   0.0003647   0.0009569   7.004e-05  FA_X1
mult_55_U118                   0.0001066   0.0008335   0.0009537   1.362e-05  INV_X1
ff_3_Q_reg                     0.0007676   9.052e-05   0.0009444   8.621e-05  DFFR_X1
mult_51_U125                   0.0006384   0.0002553   0.0009296   3.586e-05  XOR2_X1
mult_51_U33                    0.0005484   0.0003169   0.0009249   5.953e-05  FA_X1
mult_51_U120                   0.0001246    0.000785   0.0009232   1.362e-05  INV_X1
mult_49_U125                   0.0004359   0.0004479   0.0009197   3.599e-05  XOR2_X1
mult_55_U39                    0.0005555   0.0003045   0.0009163   5.631e-05  FA_X1
mult_55_U40                    0.0005175   0.0003392   0.0009163   5.953e-05  FA_X1
mult_49_U8                     0.0005342   0.0003113    0.000913    6.74e-05  FA_X1
mult_56_U24                    0.0004968    0.000339    0.000901   6.528e-05  FA_X1
mult_50_U125                   0.0004548   0.0004007   0.0008914   3.584e-05  XOR2_X1
mult_55_U145                   0.0005069   0.0003474   0.0008894   3.514e-05  AOI222_X1
mult_49_U20                    0.0004801   0.0003328    0.000886   7.314e-05  FA_X1
mult_51_U37                     0.000461    0.000362   0.0008825   5.953e-05  FA_X1
mult_50_U24                    0.0004963   0.0003199   0.0008816   6.528e-05  FA_X1
ff_1_Q_reg                     0.0007659   2.499e-05   0.0008771   8.621e-05  DFFR_X1
mult_57_U24                    0.0004802   0.0003313   0.0008766   6.519e-05  FA_X1
mult_57_U7                      0.000572   0.0002379   0.0008744   6.457e-05  FA_X1
ff_2_Q_reg                     0.0007656   2.188e-05   0.0008737   8.621e-05  DFFR_X1
mult_56_U8                     0.0005699   0.0002385   0.0008729   6.451e-05  FA_X1
mult_49_U17                      0.00048   0.0003145   0.0008684   7.379e-05  FA_X1
FE_OFC3_vin                    8.291e-05   0.0007594   0.0008637   2.144e-05  BUF_X1
mult_56_U21                    0.0004864   0.0003022   0.0008578   6.922e-05  FA_X1
mult_50_U21                    0.0004863    0.000297   0.0008525   6.922e-05  FA_X1
mult_55_U41                    0.0004628   0.0003275   0.0008424   5.217e-05  HA_X1
mult_50_U18                    0.0004829   0.0002713   0.0008275   7.329e-05  FA_X1
mult_49_U15                    0.0004518    0.000303   0.0008267   7.192e-05  FA_X1
mult_56_U18                    0.0004828   0.0002703   0.0008264   7.329e-05  FA_X1
mult_55_U34                    0.0004624   0.0003019   0.0008165   5.217e-05  HA_X1
mult_50_U126                    0.000537   0.0002336   0.0008073   3.671e-05  XNOR2_X1
mult_51_U39                    0.0004751   0.0002628   0.0007941   5.631e-05  FA_X1
mult_55_U117                   9.411e-05   0.0006834   0.0007911   1.362e-05  INV_X1
mult_57_U8                     0.0005142   0.0002045   0.0007829   6.427e-05  FA_X1
mult_56_U30                    0.0004255   0.0002936   0.0007813   6.222e-05  FA_X1
mult_55_U38                     0.000462   0.0002514   0.0007656   5.217e-05  HA_X1
mult_50_U30                    0.0004252   0.0002782   0.0007656   6.222e-05  FA_X1
mult_57_U21                    0.0004344   0.0002597   0.0007633   6.922e-05  FA_X1
mult_57_U18                    0.0004416   0.0002459   0.0007608   7.329e-05  FA_X1
mult_49_U126                   0.0004957   0.0002213   0.0007537   3.662e-05  XNOR2_X1
mult_51_U40                    0.0004157   0.0002746   0.0007499   5.953e-05  FA_X1
mult_51_U147                   0.0004285   0.0002837   0.0007473   3.514e-05  AOI222_X1
mult_51_U119                   9.555e-05   0.0006326   0.0007418   1.362e-05  INV_X1
add_0_root_add_0_root_add_58_2_U1  0.0005047   0.0001992   0.0007381   3.417e-05  XOR2_X1
mult_50_U22                    0.0003907   0.0002567   0.0007369   8.959e-05  FA_X1
mult_50_U26                    0.0003975   0.0002641   0.0007329   7.131e-05  FA_X1
mult_56_U26                    0.0003973   0.0002616   0.0007302   7.131e-05  FA_X1
mult_51_U38                    0.0004392   0.0002354   0.0007267   5.217e-05  HA_X1
mult_56_U22                    0.0003902   0.0002464   0.0007262   8.959e-05  FA_X1
mult_51_U34                    0.0003967   0.0002769   0.0007258   5.217e-05  HA_X1
mult_49_U24                    0.0003839   0.0002728    0.000725   6.825e-05  FA_X1
mult_51_U41                    0.0003963   0.0002743   0.0007227   5.217e-05  HA_X1
mult_56_U25                    0.0003961   0.0002529   0.0007209   7.194e-05  FA_X1
mult_50_U25                    0.0003958    0.000244   0.0007118   7.194e-05  FA_X1
mult_55_U144                   0.0003379   0.0003022   0.0007115   7.134e-05  OAI222_X1
mult_56_U35                    0.0004284   0.0002137   0.0007052   6.312e-05  FA_X1
mult_57_U30                    0.0003859    0.000256   0.0007039   6.198e-05  FA_X1
mult_49_U21                    0.0003823    0.000243   0.0006961   7.081e-05  FA_X1
mult_57_U25                    0.0003828   0.0002381   0.0006932   7.228e-05  FA_X1
mult_50_U35                     0.000428   0.0001996   0.0006907   6.312e-05  FA_X1
mult_51_U115                   8.155e-05   0.0005928   0.0006879   1.362e-05  INV_X1
add_0_root_add_0_root_add_53_2_U2  0.0003547   0.0002968   0.0006876   3.612e-05  XOR2_X1
mult_55_U43                    0.0004472   0.0001834   0.0006828   5.217e-05  HA_X1
mult_57_U22                    0.0003533   0.0002279   0.0006708   8.959e-05  FA_X1
mult_57_U26                    0.0003552   0.0002424   0.0006689   7.131e-05  FA_X1
mult_49_U30                    0.0003594   0.0002414   0.0006657   6.485e-05  FA_X1
mult_56_U14                    0.0003428   0.0002277   0.0006622   9.177e-05  FA_X1
mult_49_U18                    0.0003785   0.0002076   0.0006598   7.366e-05  FA_X1
mult_56_U31                    0.0003584   0.0002392   0.0006589   6.127e-05  FA_X1
mult_57_U35                    0.0003965   0.0001897   0.0006491   6.282e-05  FA_X1
mult_56_U32                    0.0003259    0.000229   0.0006426   8.768e-05  FA_X1
mult_50_U31                    0.0003578   0.0002208   0.0006399   6.127e-05  FA_X1
mult_51_U146                   0.0002958   0.0002633   0.0006305   7.134e-05  OAI222_X1
mult_50_U14                    0.0003424   0.0001955   0.0006297   9.177e-05  FA_X1
mult_50_U32                    0.0003255   0.0002163   0.0006295   8.768e-05  FA_X1
mult_57_U32                    0.0003155   0.0002203    0.000624   8.824e-05  FA_X1
mult_51_U114                   7.349e-05   0.0005366   0.0006237   1.362e-05  INV_X1
mult_49_U35                    0.0003689   0.0001884   0.0006234   6.613e-05  FA_X1
mult_55_U42                    0.0003948    0.000168   0.0006206   5.776e-05  FA_X1
mult_50_U16                    0.0003179   0.0002153    0.000613    7.98e-05  FA_X1
mult_55_U44                    0.0003526   0.0002066   0.0006114   5.217e-05  HA_X1
mult_57_U14                    0.0003022   0.0002103   0.0006042   9.177e-05  FA_X1
mult_55_U123                   8.512e-05   0.0005015   0.0006002   1.362e-05  INV_X1
mult_56_U16                    0.0003173   0.0002015   0.0005986    7.98e-05  FA_X1
mult_57_U31                    0.0003258   0.0002089   0.0005959   6.113e-05  FA_X1
mult_55_U146                   0.0002903    0.000229   0.0005868   6.755e-05  OAI222_X1
mult_56_U19                    0.0003118   0.0002055   0.0005827   6.547e-05  FA_X1
mult_50_U19                    0.0003117   0.0002044   0.0005816   6.547e-05  FA_X1
mult_49_U22                    0.0003058   0.0001809    0.000574   8.733e-05  FA_X1
mult_55_U125                   0.0002591    0.000295   0.0005684   1.424e-05  INV_X1
mult_49_U25                    0.0003054    0.000192   0.0005683   7.087e-05  FA_X1
mult_55_U157                   0.0003618   0.0001743   0.0005661   3.002e-05  XNOR2_X1
mult_49_U31                    0.0003051   0.0001879   0.0005574   6.434e-05  FA_X1
mult_49_U26                    0.0003098   0.0001761   0.0005566   7.065e-05  FA_X1
mult_51_U158                   0.0003473   0.0001786    0.000556   3.002e-05  XNOR2_X1
reg_4_U15                      0.0003444   0.0001734   0.0005491    3.12e-05  OAI21_X1
mult_50_U27                    0.0003029   0.0001778   0.0005462   6.547e-05  FA_X1
mult_56_U27                    0.0003029   0.0001774   0.0005457   6.547e-05  FA_X1
add_1_root_add_0_root_add_53_2_U2  0.0003092   0.0002021   0.0005454   3.406e-05  XOR2_X1
reg_4_U2                       0.0003474   0.0001638   0.0005423    3.12e-05  OAI21_X1
mult_51_U43                    0.0003484   0.0001351   0.0005357   5.217e-05  HA_X1
reg_1_U4                       0.0003472   0.0001526    0.000531    3.12e-05  OAI21_X1
mult_49_U14                    0.0002823   0.0001584   0.0005294   8.878e-05  FA_X1
mult_57_U16                    0.0002784   0.0001709    0.000529    7.98e-05  FA_X1
reg_dout_U11                   0.0003354   0.0001614    0.000528   3.121e-05  OAI21_X1
reg_2_U14                      0.0003434   0.0001522   0.0005268   3.116e-05  OAI21_X1
reg_1_U12                      0.0003468   0.0001461   0.0005241    3.12e-05  OAI21_X1
mult_57_U19                    0.0002784   0.0001799   0.0005238   6.547e-05  FA_X1
reg_11_U14                     0.0003346   0.0001583   0.0005236   3.068e-05  OAI21_X1
mult_51_U42                    0.0003225    0.000138   0.0005182   5.776e-05  FA_X1
mult_51_U44                    0.0002876   0.0001781   0.0005179   5.217e-05  HA_X1
reg_2_U10                      0.0003391   0.0001465   0.0005167    3.12e-05  OAI21_X1
mult_50_U23                    0.0002684   0.0001886   0.0005159   5.885e-05  FA_X1
mult_50_U37                    0.0002526   0.0002043   0.0005157   5.885e-05  FA_X1
reg_8_U2                       0.0003367   0.0001464   0.0005143    3.12e-05  OAI21_X1
mult_49_U32                    0.0002507   0.0001784    0.000514   8.485e-05  FA_X1
reg_dout_U18                   0.0003467    0.000136   0.0005139   3.121e-05  OAI21_X1
reg_11_U6                      0.0003347   0.0001462   0.0005121    3.12e-05  OAI21_X1
reg_11_U8                      0.0003346   0.0001447   0.0005105    3.12e-05  OAI21_X1
reg_dout_U16                   0.0003347   0.0001445   0.0005104   3.121e-05  OAI21_X1
reg_2_U8                       0.0003302    0.000149   0.0005104    3.12e-05  OAI21_X1
mult_56_U23                    0.0002683   0.0001825   0.0005096   5.885e-05  FA_X1
mult_56_U37                    0.0002524   0.0001958    0.000507   5.885e-05  FA_X1
reg_11_U16                     0.0003381   0.0001362   0.0005053   3.093e-05  OAI21_X1
reg_11_U10                     0.0003343   0.0001383   0.0005038   3.115e-05  OAI21_X1
mult_57_U37                    0.0002576   0.0001868   0.0005028    5.84e-05  FA_X1
mult_57_U27                    0.0002777   0.0001582   0.0005013   6.547e-05  FA_X1
reg_8_U15                      0.0003274   0.0001386   0.0004972    3.12e-05  OAI21_X1
reg_dout_U9                    0.0003237   0.0001414   0.0004963   3.121e-05  OAI21_X1
reg_4_U13                      0.0003265    0.000138   0.0004957    3.12e-05  OAI21_X1
mult_55_U111                   0.0001478    0.000333    0.000495   1.423e-05  INV_X1
mult_51_U121                   6.844e-05   0.0004106   0.0004927   1.362e-05  INV_X1
mult_51_U148                   0.0002309   0.0001936   0.0004921   6.755e-05  OAI222_X1
mult_56_U36                    0.0002752   0.0001575   0.0004893   5.671e-05  FA_X1
reg_1_U10                      0.0003076   0.0001469   0.0004857    3.12e-05  OAI21_X1
mult_50_U36                    0.0002751   0.0001531   0.0004848   5.671e-05  FA_X1
add_1_root_add_0_root_add_58_2_U2  0.0002651   0.0001825   0.0004816   3.404e-05  XOR2_X1
mult_50_U33                     0.000263   0.0001532    0.000475   5.885e-05  FA_X1
mult_49_U37                    0.0002327   0.0001771   0.0004717   6.192e-05  FA_X1
mult_50_U40                    0.0002445    0.000168   0.0004713   5.885e-05  FA_X1
mult_57_U40                    0.0002568    0.000156   0.0004712    5.84e-05  FA_X1
mult_49_U16                    0.0002448    0.000147   0.0004708   7.896e-05  FA_X1
mult_56_U33                    0.0002629   0.0001487   0.0004705   5.885e-05  FA_X1
reg_8_U13                      0.0003081   0.0001301   0.0004694    3.12e-05  OAI21_X1
mult_57_U23                    0.0002428   0.0001657   0.0004674   5.885e-05  FA_X1
mult_51_U111                   0.0001417   0.0003113   0.0004673   1.423e-05  INV_X1
mult_49_U19                    0.0002446   0.0001553    0.000467   6.716e-05  FA_X1
add_52_U1                      0.0003155   0.0001116   0.0004632   3.614e-05  XOR2_X1
reg_11_U4                      0.0002986   0.0001314   0.0004612    3.12e-05  OAI21_X1
add_0_root_add_0_root_add_58_2_U2  0.0002512   0.0001846     0.00046   2.428e-05  AND2_X1
reg_2_U12                       0.000309   0.0001202     0.00046    3.07e-05  OAI21_X1
reg_dout_U7                    0.0002881   0.0001355   0.0004549   3.121e-05  OAI21_X1
mult_56_U40                    0.0002441   0.0001513   0.0004542   5.885e-05  FA_X1
mult_49_U27                    0.0002441   0.0001429   0.0004541   6.716e-05  FA_X1
mult_49_U23                    0.0002322   0.0001586   0.0004527   6.192e-05  FA_X1
mult_49_U40                    0.0002321   0.0001578   0.0004519   6.192e-05  FA_X1
mult_57_U36                    0.0002507   0.0001418   0.0004492   5.671e-05  FA_X1
mult_57_U33                     0.000242   0.0001379   0.0004388   5.885e-05  FA_X1
mult_49_U36                    0.0002424   0.0001362   0.0004377   5.902e-05  FA_X1
reg_2_U6                       0.0002883   0.0001125    0.000432    3.12e-05  OAI21_X1
mult_50_U39                    0.0002354   0.0001345   0.0004257   5.581e-05  FA_X1
mult_49_U33                    0.0002315   0.0001323   0.0004257   6.192e-05  FA_X1
mult_56_U39                    0.0002354   0.0001332   0.0004243   5.581e-05  FA_X1
mult_55_U156                   0.0002119   0.0001832   0.0004193   2.428e-05  AND2_X1
reg_11_U2                       0.000269   0.0001168    0.000417   3.122e-05  OAI21_X1
reg_4_U11                      0.0002732    0.000111   0.0004153    3.12e-05  OAI21_X1
mult_50_U115                   4.395e-05   0.0003543   0.0004116   1.341e-05  INV_X1
reg_1_U8                       0.0002629   0.0001118    0.000406    3.12e-05  OAI21_X1
reg_4_U14                      0.0001834   0.0002048   0.0004056   1.739e-05  NAND2_X1
reg_4_U16                      0.0001901   0.0001944   0.0004019   1.739e-05  NAND2_X1
mult_56_U145                   0.0002165   0.0001506   0.0004012   3.406e-05  AOI222_X1
mult_57_U39                    0.0002176   0.0001274   0.0004007   5.574e-05  FA_X1
reg_8_U11                      0.0002556   0.0001137   0.0004005    3.12e-05  OAI21_X1
reg_2_U15                       0.000191   0.0001897   0.0003982   1.741e-05  NAND2_X1
mult_56_U115                   4.395e-05   0.0003397   0.0003971   1.341e-05  INV_X1
mult_50_U147                   0.0002165    0.000144   0.0003945   3.406e-05  AOI222_X1
mult_50_U34                    0.0001964   0.0001461   0.0003943   5.182e-05  HA_X1
reg_10_U14                     0.0002495   0.0001136   0.0003937   3.064e-05  OAI21_X1
reg_10_U10                     0.0002579   0.0001034   0.0003925   3.115e-05  OAI21_X1
mult_49_U39                     0.000216    0.000116   0.0003901   5.812e-05  FA_X1
reg_2_U4                       0.0002552   0.0001013   0.0003877   3.122e-05  OAI21_X1
mult_56_U41                    0.0001962   0.0001388   0.0003868   5.182e-05  HA_X1
reg_2_U11                      0.0001908   0.0001773   0.0003855    1.74e-05  NAND2_X1
mult_50_U41                    0.0001962   0.0001355   0.0003835   5.182e-05  HA_X1
reg_1_U5                       0.0001908   0.0001739   0.0003821   1.739e-05  NAND2_X1
reg_dout_U19                   0.0001907    0.000174    0.000382   1.739e-05  NAND2_X1
reg_4_U3                       0.0001901   0.0001744   0.0003819   1.739e-05  NAND2_X1
reg_11_U12                     0.0002425   0.0001064   0.0003802   3.126e-05  OAI21_X1
mult_56_U34                    0.0001961   0.0001306   0.0003786   5.182e-05  HA_X1
reg_11_U17                     0.0001911   0.0001695   0.0003781   1.748e-05  NAND2_X1
reg_2_U9                       0.0001908   0.0001699   0.0003781    1.74e-05  NAND2_X1
reg_11_U7                      0.0001816   0.0001776   0.0003766    1.74e-05  NAND2_X1
reg_2_U2                       0.0002449   9.937e-05   0.0003755   3.125e-05  OAI21_X1
reg_8_U3                       0.0001901    0.000168   0.0003755   1.739e-05  NAND2_X1
reg_1_U13                      0.0001907   0.0001661   0.0003742   1.739e-05  NAND2_X1
reg_dout_U5                    0.0002389    0.000104   0.0003741   3.121e-05  OAI21_X1
reg_11_U15                     0.0001827   0.0001718    0.000372   1.757e-05  NAND2_X1
reg_8_U16                      0.0001901    0.000164   0.0003715   1.739e-05  NAND2_X1
reg_11_U9                      0.0001816   0.0001721    0.000371    1.74e-05  NAND2_X1
reg_dout_U12                   0.0001815   0.0001719   0.0003708   1.739e-05  NAND2_X1
mult_55_U160                    0.000116   0.0002385   0.0003695   1.506e-05  NAND2_X1
mult_50_U118                    3.93e-05   0.0003163    0.000369   1.341e-05  INV_X1
reg_9_U14                      0.0002339   0.0001032   0.0003677   3.064e-05  OAI21_X1
reg_dout_U10                   0.0001815   0.0001685   0.0003674   1.739e-05  NAND2_X1
mult_57_U145                   0.0001987   0.0001347   0.0003671   3.377e-05  AOI222_X1
add_52_U2                      0.0002012   0.0001404   0.0003666   2.507e-05  AND2_X1
reg_10_U8                      0.0002366    9.87e-05   0.0003665   3.119e-05  OAI21_X1
reg_dout_U17                   0.0001815   0.0001658   0.0003647   1.739e-05  NAND2_X1
reg_11_U11                     0.0001816   0.0001654   0.0003644   1.741e-05  NAND2_X1
mult_57_U123                   4.678e-05   0.0003041   0.0003639   1.308e-05  INV_X1
mult_57_U34                    0.0001807   0.0001304   0.0003629   5.182e-05  HA_X1
reg_2_U13                      0.0001802   0.0001644   0.0003622   1.757e-05  NAND2_X1
mult_57_U44                    0.0001969   0.0001135   0.0003617   5.126e-05  HA_X1
reg_8_U14                      0.0001833   0.0001606   0.0003613   1.739e-05  NAND2_X1
mult_57_U41                    0.0001806   0.0001271   0.0003596   5.182e-05  HA_X1
reg_4_U9                       0.0002305   9.769e-05   0.0003594    3.12e-05  OAI21_X1
mult_50_U38                     0.000201   0.0001046   0.0003575   5.182e-05  HA_X1
mult_56_U38                     0.000201   0.0001014   0.0003542   5.182e-05  HA_X1
mult_57_U118                   3.873e-05   0.0003009    0.000353   1.341e-05  INV_X1
mult_50_U120                   4.594e-05   0.0002923   0.0003516   1.341e-05  INV_X1
reg_1_U6                       0.0002223    9.81e-05   0.0003516    3.12e-05  OAI21_X1
mult_49_U146                   0.0001517   0.0001313   0.0003512   6.821e-05  OAI222_X1
mult_57_U42                    0.0002117   8.178e-05   0.0003501   5.663e-05  FA_X1
reg_9_U10                      0.0002235   9.386e-05   0.0003485   3.114e-05  OAI21_X1
mult_56_U118                   3.934e-05   0.0002953    0.000348   1.341e-05  INV_X1
mult_56_U144                   0.0001374   0.0001373   0.0003469   7.221e-05  OAI222_X1
mult_57_U115                   3.872e-05   0.0002945   0.0003466   1.341e-05  INV_X1
mult_55_U139                   0.0001241   0.0001997   0.0003452    2.15e-05  NOR2_X1
reg_8_U9                       0.0002162   9.769e-05   0.0003451    3.12e-05  OAI21_X1
mult_57_U117                   3.875e-05   0.0002912   0.0003433   1.341e-05  INV_X1
reg_2_U3                       0.0001694   0.0001565   0.0003432   1.732e-05  NAND2_X1
mult_56_U120                   4.596e-05   0.0002837    0.000343   1.341e-05  INV_X1
mult_50_U119                   4.181e-05   0.0002875   0.0003427   1.341e-05  INV_X1
mult_50_U44                    0.0001803   0.0001105   0.0003427   5.182e-05  HA_X1
reg_1_U11                       0.000163   0.0001618   0.0003422   1.739e-05  NAND2_X1
mult_50_U117                   3.877e-05   0.0002896   0.0003417   1.341e-05  INV_X1
mult_55_U158                   0.0001341   0.0001792   0.0003416   2.829e-05  NAND2_X1
reg_11_U5                      0.0001656   0.0001581   0.0003411   1.739e-05  NAND2_X1
mult_55_U140                    0.000124   0.0001947   0.0003402    2.15e-05  NOR2_X1
reg_dout_U3                    0.0002133   9.525e-05   0.0003398   3.122e-05  OAI21_X1
mult_56_U125                    0.000135   0.0001903   0.0003396   1.422e-05  INV_X1
mult_56_U117                   3.874e-05   0.0002874   0.0003396   1.341e-05  INV_X1
mult_55_U141                    0.000124   0.0001937   0.0003391    2.15e-05  NOR2_X1
mult_50_U42                    0.0001989    8.28e-05   0.0003388   5.715e-05  FA_X1
mult_49_U42                    0.0001942   8.379e-05    0.000338   5.995e-05  FA_X1
reg_dout_U8                    0.0001649   0.0001551   0.0003374   1.739e-05  NAND2_X1
mult_51_U152                   0.0001255   0.0001966   0.0003372   1.506e-05  NAND2_X1
mult_56_U44                    0.0001802   0.0001044   0.0003365   5.182e-05  HA_X1
mult_51_U157                   0.0001255    0.000195   0.0003356   1.506e-05  NAND2_X1
mult_51_U143                   0.0001178   0.0001956   0.0003348    2.15e-05  NOR2_X1
mult_56_U42                    0.0001987   7.857e-05   0.0003345   5.715e-05  FA_X1
mult_49_U41                    0.0001611   0.0001196   0.0003341    5.34e-05  HA_X1
mult_51_U154                   0.0001255   0.0001929   0.0003335   1.506e-05  NAND2_X1
mult_51_U159                   0.0001304   0.0001735   0.0003321   2.829e-05  NAND2_X1
reg_4_U7                       0.0002028   9.806e-05   0.0003321    3.12e-05  OAI21_X1
mult_51_U142                   0.0001178   0.0001926   0.0003319    2.15e-05  NOR2_X1
mult_49_U34                     0.000161   0.0001165   0.0003309    5.34e-05  HA_X1
mult_49_U147                   0.0001707   0.0001212   0.0003305   3.857e-05  AOI222_X1
reg_2_U7                        0.000167   0.0001452   0.0003296   1.739e-05  NAND2_X1
mult_55_U136                   0.0001253   0.0001816   0.0003284    2.15e-05  NOR2_X1
mult_51_U141                   0.0001178    0.000188   0.0003273    2.15e-05  NOR2_X1
reg_dout_U14                    0.000204   9.106e-05   0.0003263   3.125e-05  OAI21_X1
mult_57_U38                      0.00018   9.307e-05   0.0003249   5.182e-05  HA_X1
mult_55_U142                    0.000124   0.0001788   0.0003242    2.15e-05  NOR2_X1
mult_55_U155                   0.0001027   0.0002043   0.0003238   1.683e-05  NAND2_X1
mult_55_U132                   0.0001254   0.0001758   0.0003227    2.15e-05  NOR2_X1
reg_10_U16                     0.0002081   8.359e-05   0.0003226   3.091e-05  OAI21_X1
mult_56_U119                   4.185e-05   0.0002674   0.0003226   1.341e-05  INV_X1
mult_55_U147                   0.0001739   0.0001283   0.0003226   2.036e-05  AOI222_X1
mult_55_U133                   0.0001253   0.0001752   0.0003219    2.15e-05  NOR2_X1
reg_9_U8                        0.000202    8.85e-05   0.0003217   3.119e-05  OAI21_X1
mult_55_U134                   0.0001253   0.0001747   0.0003216    2.15e-05  NOR2_X1
mult_55_U159                   9.901e-05    0.000205   0.0003208   1.683e-05  NAND2_X1
mult_51_U153                   0.0001258    0.000179   0.0003198   1.506e-05  NAND2_X1
reg_10_U6                      0.0002019   8.487e-05   0.0003179    3.12e-05  OAI21_X1
mult_51_U155                   0.0001258   0.0001767   0.0003175   1.506e-05  NAND2_X1
mult_50_U43                    0.0001879   7.631e-05    0.000316   5.182e-05  HA_X1
mult_50_U146                   0.0001374    0.000106   0.0003157   7.221e-05  OAI222_X1
mult_55_U127                   9.542e-05   0.0001984   0.0003156    2.17e-05  NOR2_X1
mult_51_U160                   9.891e-05   0.0001997   0.0003154   1.683e-05  NAND2_X1
mult_55_U109                   9.264e-05   0.0002096   0.0003152   1.289e-05  INV_X1
mult_49_U44                    0.0001607    0.000101   0.0003151    5.34e-05  HA_X1
mult_55_U152                   0.0001027   0.0001951   0.0003146   1.683e-05  NAND2_X1
mult_55_U138                   0.0001239   0.0001689   0.0003143    2.15e-05  NOR2_X1
mult_56_U43                    0.0001879    7.34e-05   0.0003131   5.182e-05  HA_X1
reg_8_U7                       0.0001908    9.05e-05   0.0003125    3.12e-05  OAI21_X1
reg_9_U16                      0.0001964   8.435e-05   0.0003116   3.091e-05  OAI21_X1
mult_55_U150                   0.0001027   0.0001915   0.0003111   1.683e-05  NAND2_X1
mult_57_U119                   3.885e-05   0.0002587   0.0003109   1.341e-05  INV_X1
reg_11_U3                       0.000151   0.0001408   0.0003092   1.739e-05  NAND2_X1
mult_55_U137                    9.88e-05   0.0001935   0.0003091   1.683e-05  NAND2_X1
mult_56_U123                   3.876e-05   0.0002568    0.000309   1.341e-05  INV_X1
mult_51_U144                   0.0001177   0.0001695   0.0003087    2.15e-05  NOR2_X1
mult_55_U151                   0.0001027   0.0001875   0.0003071   1.683e-05  NAND2_X1
mult_51_U140                   0.0001176   0.0001665   0.0003056    2.15e-05  NOR2_X1
reg_10_U11                     0.0001415   0.0001461   0.0003051   1.741e-05  NAND2_X1
reg_4_U12                      0.0001525   0.0001348   0.0003047   1.739e-05  NAND2_X1
mult_55_U153                   0.0001027   0.0001842   0.0003038   1.683e-05  NAND2_X1
mult_57_U120                    3.89e-05   0.0002514   0.0003037   1.341e-05  INV_X1
reg_11_U13                     0.0001633    0.000123   0.0003036   1.732e-05  NAND2_X1
mult_57_U43                    0.0001795   7.158e-05   0.0003029   5.182e-05  HA_X1
add_0_root_add_0_root_add_53_2_U1  0.0001563     0.00012   0.0003015   2.508e-05  AND2_X1
mult_55_U143                   9.867e-05   0.0001858   0.0003013   1.683e-05  NAND2_X1
mult_50_U148                    0.000126   0.0001065   0.0003013   6.881e-05  OAI222_X1
mult_49_U38                    0.0001604   8.695e-05   0.0003008    5.34e-05  HA_X1
mult_57_U146                   0.0001251   0.0001062   0.0003005   6.932e-05  OAI222_X1
add_1_root_add_0_root_add_53_2_U1  0.0001604   0.0001148   0.0002995   2.435e-05  AND2_X1
reg_4_U5                       0.0001822   8.509e-05   0.0002985    3.12e-05  OAI21_X1
reg_1_U2                       0.0001888   7.793e-05    0.000298    3.12e-05  OAI21_X1
mult_51_U156                   0.0001262   0.0001564   0.0002976   1.506e-05  NAND2_X1
reg_8_U12                      0.0001526   0.0001274   0.0002973   1.739e-05  NAND2_X1
reg_6_U3                       0.0001846   7.825e-05   0.0002956   3.278e-05  OAI21_X1
mult_56_U146                    0.000126      0.0001   0.0002948   6.881e-05  OAI222_X1
reg_7_U3                       0.0001846   7.735e-05   0.0002947   3.278e-05  OAI21_X1
mult_55_U135                   9.742e-05   0.0001753   0.0002944    2.17e-05  NOR2_X1
mult_50_U123                   3.886e-05   0.0002418   0.0002941   1.341e-05  INV_X1
reg_3_U3                       0.0001848   7.545e-05    0.000293   3.278e-05  OAI21_X1
mult_57_U144                   0.0001238   9.628e-05   0.0002926    7.25e-05  OAI222_X1
mult_55_U126                    9.56e-05   0.0001742   0.0002915    2.17e-05  NOR2_X1
mult_55_U173                   0.0001059   0.0001637    0.000291    2.15e-05  NOR2_X1
mult_55_U177                   8.506e-05   0.0001883   0.0002902   1.683e-05  NAND2_X1
mult_51_U138                   0.0001069   0.0001612   0.0002896    2.15e-05  NOR2_X1
mult_55_U130                   0.0001148   0.0001589   0.0002887   1.506e-05  NAND2_X1
reg_2_U5                       0.0001462   0.0001248   0.0002884   1.739e-05  NAND2_X1
mult_55_U176                   0.0001059   0.0001603   0.0002877    2.15e-05  NOR2_X1
reg_7_U15                      0.0001783   7.437e-05   0.0002854   3.278e-05  OAI21_X1
reg_6_U15                      0.0001783   7.412e-05   0.0002852   3.278e-05  OAI21_X1
mult_51_U136                   0.0001069   0.0001565   0.0002849    2.15e-05  NOR2_X1
mult_49_U148                   0.0001227   9.796e-05   0.0002839   6.325e-05  OAI222_X1
mult_51_U145                   9.887e-05   0.0001681   0.0002838   1.683e-05  NAND2_X1
mult_55_U131                   9.744e-05   0.0001646   0.0002837    2.17e-05  NOR2_X1
mult_49_U43                      0.00016   7.016e-05   0.0002836    5.34e-05  HA_X1
mult_51_U134                   0.0001069   0.0001538   0.0002822    2.15e-05  NOR2_X1
mult_55_U128                   9.552e-05   0.0001648    0.000282    2.17e-05  NOR2_X1
reg_3_U15                      0.0001785   7.022e-05   0.0002815   3.278e-05  OAI21_X1
reg_1_U14                      0.0001762   7.361e-05    0.000281    3.12e-05  OAI21_X1
mult_50_U158                   0.0001601   9.082e-05   0.0002806   2.965e-05  XNOR2_X1
reg_10_U4                      0.0001741   7.465e-05     0.00028    3.12e-05  OAI21_X1
reg_dout_U6                     0.000136   0.0001265   0.0002799   1.739e-05  NAND2_X1
mult_55_U178                   9.532e-05   0.0001623   0.0002793    2.17e-05  NOR2_X1
mult_55_U175                   0.0001058   0.0001511   0.0002784    2.15e-05  NOR2_X1
mult_51_U135                   0.0001068     0.00015   0.0002784    2.15e-05  NOR2_X1
reg_8_U5                       0.0001742   7.286e-05   0.0002783    3.12e-05  OAI21_X1
mult_55_U172                   0.0001059   0.0001483   0.0002757    2.15e-05  NOR2_X1
mult_51_U139                   8.867e-05   0.0001685    0.000274   1.683e-05  NAND2_X1
reg_1_U9                       0.0001363   0.0001203   0.0002739   1.739e-05  NAND2_X1
reg_9_U6                       0.0001709   7.165e-05   0.0002738    3.12e-05  OAI21_X1
mult_51_U161                   9.069e-05   0.0001674   0.0002731   1.506e-05  NAND2_X1
mult_55_U169                    9.45e-05    0.000157    0.000273    2.15e-05  NOR2_X1
reg_10_U15                     0.0001393   0.0001141    0.000271   1.759e-05  NAND2_X1
mult_56_U157                   0.0001599   8.024e-05   0.0002698   2.965e-05  XNOR2_X1
mult_55_U167                   9.451e-05   0.0001534   0.0002694    2.15e-05  NOR2_X1
mult_55_U129                   9.549e-05   0.0001498    0.000267    2.17e-05  NOR2_X1
reg_dout_U15                   0.0001379   0.0001113   0.0002665   1.732e-05  NAND2_X1
mult_57_U125                   0.0001204   0.0001308   0.0002653   1.422e-05  INV_X1
mult_55_U154                   0.0001033   0.0001445   0.0002646   1.683e-05  NAND2_X1
reg_7_U13                      0.0001642   6.591e-05   0.0002629   3.278e-05  OAI21_X1
reg_10_U2                       0.000159   7.188e-05   0.0002621   3.123e-05  OAI21_X1
reg_3_U13                      0.0001644   6.419e-05   0.0002614   3.278e-05  OAI21_X1
reg_8_U10                      0.0001279   0.0001157   0.0002609   1.739e-05  NAND2_X1
reg_4_U10                      0.0001279   0.0001152   0.0002604   1.739e-05  NAND2_X1
reg_6_U13                      0.0001641    6.34e-05   0.0002603   3.278e-05  OAI21_X1
mult_51_U137                   8.506e-05   0.0001524   0.0002592    2.17e-05  NOR2_X1
mult_51_U127                   0.0001268   0.0001159   0.0002577   1.506e-05  NAND2_X1
reg_9_U11                      0.0001308   0.0001085   0.0002568   1.741e-05  NAND2_X1
reg_9_U15                      0.0001284   0.0001101   0.0002561   1.759e-05  NAND2_X1
reg_10_U9                       0.000129   0.0001088   0.0002551    1.74e-05  NAND2_X1
mult_51_U149                   0.0001403   9.365e-05   0.0002543   2.036e-05  AOI222_X1
mult_49_U116                   2.605e-05    0.000213   0.0002534   1.435e-05  INV_X1
mult_51_U133                   8.502e-05   0.0001459   0.0002526    2.17e-05  NOR2_X1
mult_55_U174                    0.000106   0.0001246   0.0002522    2.15e-05  NOR2_X1
mult_56_U113                   2.638e-05    0.000211   0.0002517   1.435e-05  INV_X1
mult_55_U112                   7.261e-05    0.000165   0.0002506   1.302e-05  INV_X1
reg_dout_U4                    0.0001211   0.0001114   0.0002499   1.739e-05  NAND2_X1
add_1_root_add_0_root_add_58_2_U1  0.0001331   9.214e-05   0.0002496   2.434e-05  AND2_X1
mult_55_U148                   8.373e-05   0.0001441   0.0002495    2.17e-05  NOR2_X1
mult_55_U116                    2.64e-05   0.0002084   0.0002491   1.435e-05  INV_X1
mult_55_U163                   8.589e-05   0.0001411   0.0002485    2.15e-05  NOR2_X1
reg_7_U11                      0.0001494   6.593e-05   0.0002481   3.278e-05  OAI21_X1
reg_6_U11                      0.0001493   6.523e-05   0.0002474   3.278e-05  OAI21_X1
mult_57_U157                    0.000143   7.476e-05   0.0002474   2.965e-05  XNOR2_X1
mult_51_U177                   8.218e-05   0.0001434   0.0002471    2.15e-05  NOR2_X1
mult_51_U109                     7.2e-05   0.0001617   0.0002466   1.289e-05  INV_X1
mult_50_U114                    2.63e-05   0.0002058   0.0002464   1.435e-05  INV_X1
mult_55_U162                   8.594e-05   0.0001385   0.0002459    2.15e-05  NOR2_X1
mult_49_U113                   2.631e-05   0.0002037   0.0002444   1.435e-05  INV_X1
mult_51_U129                   7.554e-05   0.0001471   0.0002443    2.17e-05  NOR2_X1
mult_55_U166                   9.457e-05   0.0001278   0.0002438    2.15e-05  NOR2_X1
mult_56_U116                   2.643e-05   0.0002029   0.0002437   1.435e-05  INV_X1
mult_51_U118                   2.634e-05   0.0002028   0.0002435   1.435e-05  INV_X1
reg_10_U17                     0.0001162   0.0001098   0.0002435   1.749e-05  NAND2_X1
mult_55_U164                   8.591e-05    0.000136   0.0002434    2.15e-05  NOR2_X1
mult_50_U116                   2.628e-05   0.0002026   0.0002432   1.435e-05  INV_X1
mult_49_U118                   2.608e-05   0.0002027   0.0002431   1.435e-05  INV_X1
mult_49_U114                   2.632e-05   0.0002015   0.0002421   1.435e-05  INV_X1
mult_57_U113                   2.644e-05    0.000201   0.0002418   1.435e-05  INV_X1
mult_51_U174                   8.212e-05    0.000138   0.0002416    2.15e-05  NOR2_X1
mult_57_U116                   2.644e-05   0.0002007   0.0002415   1.435e-05  INV_X1
reg_3_U11                      0.0001495   5.886e-05   0.0002411   3.278e-05  OAI21_X1
reg_10_U12                     0.0001493    6.03e-05   0.0002409   3.128e-05  OAI21_X1
mult_56_U114                   2.644e-05   0.0001999   0.0002407   1.435e-05  INV_X1
mult_55_U161                   8.587e-05    0.000133   0.0002403    2.15e-05  NOR2_X1
mult_50_U113                    2.63e-05   0.0001996   0.0002402   1.435e-05  INV_X1
mult_51_U117                   2.645e-05   0.0001987   0.0002395   1.435e-05  INV_X1
mult_57_U114                   2.645e-05   0.0001985   0.0002393   1.435e-05  INV_X1
mult_51_U116                   2.637e-05   0.0001971   0.0002379   1.435e-05  INV_X1
mult_55_U113                   2.646e-05   0.0001967   0.0002375   1.435e-05  INV_X1
reg_9_U4                       0.0001458   6.026e-05   0.0002372    3.12e-05  OAI21_X1
mult_49_U115                   2.635e-05   0.0001946   0.0002353   1.435e-05  INV_X1
mult_55_U114                   2.649e-05   0.0001913   0.0002322   1.435e-05  INV_X1
mult_51_U128                   7.577e-05   0.0001343   0.0002318    2.17e-05  NOR2_X1
mult_55_U165                   7.117e-05   0.0001436   0.0002316   1.683e-05  NAND2_X1
reg_3_U4                       0.0001217   9.214e-05   0.0002307   1.683e-05  NAND2_X1
reg_9_U2                        0.000137   6.208e-05   0.0002303   3.124e-05  OAI21_X1
reg_4_U6                         0.00012   9.263e-05     0.00023   1.739e-05  NAND2_X1
mult_55_U170                   9.459e-05   0.0001129    0.000229    2.15e-05  NOR2_X1
reg_1_U7                        0.000115   9.656e-05   0.0002289   1.739e-05  NAND2_X1
reg_7_U4                       0.0001235     8.8e-05   0.0002283   1.683e-05  NAND2_X1
mult_51_U176                   8.214e-05   0.0001246   0.0002282    2.15e-05  NOR2_X1
reg_3_U9                       0.0001348   6.062e-05   0.0002282   3.278e-05  OAI21_X1
mult_49_U117                   2.614e-05   0.0001876   0.0002281   1.435e-05  INV_X1
mult_55_U168                   9.462e-05   0.0001118    0.000228    2.15e-05  NOR2_X1
reg_8_U8                       0.0001115   9.885e-05   0.0002277   1.739e-05  NAND2_X1
reg_6_U4                       0.0001235   8.737e-05   0.0002277   1.683e-05  NAND2_X1
mult_51_U130                   7.574e-05   0.0001297   0.0002272    2.17e-05  NOR2_X1
mult_51_U179                   7.555e-05   0.0001298    0.000227    2.17e-05  NOR2_X1
mult_49_U119                   2.596e-05   0.0001866   0.0002269   1.435e-05  INV_X1
reg_8_U6                         0.00012   8.939e-05   0.0002268   1.739e-05  NAND2_X1
reg_9_U9                       0.0001084   0.0001008   0.0002266    1.74e-05  NAND2_X1
reg_10_U7                      0.0001095   9.975e-05   0.0002266    1.74e-05  NAND2_X1
reg_4_U8                       0.0001119    9.61e-05   0.0002254   1.739e-05  NAND2_X1
mult_50_U111                    6.47e-05   0.0001459   0.0002248   1.419e-05  INV_X1
mult_51_U173                    8.22e-05   0.0001189   0.0002226    2.15e-05  NOR2_X1
reg_6_U9                       0.0001341    5.56e-05   0.0002225   3.278e-05  OAI21_X1
mult_56_U111                   6.473e-05   0.0001423   0.0002212   1.419e-05  INV_X1
reg_7_U9                        0.000134   5.252e-05   0.0002193   3.278e-05  OAI21_X1
reg_9_U17                      0.0001075   9.425e-05   0.0002192   1.749e-05  NAND2_X1
mult_51_U168                   7.536e-05   0.0001223   0.0002191    2.15e-05  NOR2_X1
reg_3_U16                      0.0001073   9.471e-05   0.0002189   1.683e-05  NAND2_X1
mult_51_U178                   7.065e-05   0.0001311   0.0002186   1.683e-05  NAND2_X1
mult_49_U121                   2.631e-05   0.0001777   0.0002183   1.435e-05  INV_X1
mult_49_U158                   0.0001208   6.541e-05   0.0002175   3.125e-05  XNOR2_X1
mult_49_U124                   2.603e-05   0.0001758   0.0002162   1.435e-05  INV_X1
reg_6_U16                       0.000109   9.035e-05   0.0002162   1.683e-05  NAND2_X1
mult_51_U123                   2.645e-05   0.0001746   0.0002154   1.435e-05  INV_X1
reg_7_U16                      0.0001091   8.894e-05   0.0002148   1.683e-05  NAND2_X1
mult_55_U121                   2.649e-05   0.0001721    0.000213   1.435e-05  INV_X1
mult_51_U131                   7.582e-05   0.0001152   0.0002127    2.17e-05  NOR2_X1
mult_57_U121                   2.659e-05   0.0001711    0.000212   1.435e-05  INV_X1
mult_51_U170                   7.537e-05    0.000114   0.0002109    2.15e-05  NOR2_X1
mult_56_U122                    2.65e-05   0.0001698   0.0002107   1.435e-05  INV_X1
mult_57_U122                    2.66e-05   0.0001691   0.0002101   1.435e-05  INV_X1
mult_49_U123                   2.628e-05    0.000169   0.0002096   1.435e-05  INV_X1
reg_9_U12                      0.0001228     5.5e-05   0.0002091    3.13e-05  OAI21_X1
mult_49_U120                   2.638e-05   0.0001681   0.0002089   1.435e-05  INV_X1
reg_3_U7                       0.0001237   5.211e-05   0.0002086   3.278e-05  OAI21_X1
reg_10_U5                      9.432e-05   9.663e-05   0.0002083   1.739e-05  NAND2_X1
reg_6_U7                       0.0001234   5.108e-05   0.0002072   3.278e-05  OAI21_X1
reg_7_U7                       0.0001234   5.095e-05   0.0002071   3.278e-05  OAI21_X1
mult_51_U112                   5.902e-05   0.0001342   0.0002063   1.302e-05  INV_X1
mult_51_U132                   8.089e-05    0.000108   0.0002058   1.683e-05  NAND2_X1
mult_51_U122                   2.647e-05   0.0001635   0.0002043   1.435e-05  INV_X1
mult_51_U163                   7.051e-05   0.0001117   0.0002037    2.15e-05  NOR2_X1
mult_50_U121                   2.637e-05   0.0001629   0.0002036   1.435e-05  INV_X1
mult_55_U122                   2.651e-05   0.0001616   0.0002025   1.435e-05  INV_X1
mult_51_U124                   2.655e-05   0.0001612   0.0002021   1.435e-05  INV_X1
reg_1_U15                      0.0001081   7.658e-05   0.0002021   1.739e-05  NAND2_X1
mult_55_U171                   7.626e-05   0.0001088   0.0002019   1.683e-05  NAND2_X1
mult_50_U122                   2.634e-05   0.0001611   0.0002018   1.435e-05  INV_X1
mult_56_U124                   2.665e-05   0.0001607   0.0002017   1.435e-05  INV_X1
mult_49_U122                   2.655e-05   0.0001602   0.0002011   1.435e-05  INV_X1
mult_57_U111                   5.782e-05   0.0001289   0.0002009   1.418e-05  INV_X1
mult_55_U124                   2.666e-05   0.0001596   0.0002007   1.435e-05  INV_X1
mult_51_U167                   7.544e-05   0.0001037   0.0002006    2.15e-05  NOR2_X1
mult_51_U175                   8.233e-05   9.647e-05   0.0002003    2.15e-05  NOR2_X1
mult_57_U124                   2.666e-05   0.0001591   0.0002001   1.435e-05  INV_X1
reg_7_U5                       0.0001175   4.951e-05   0.0001998   3.278e-05  OAI21_X1
mult_56_U156                   9.366e-05   8.167e-05   0.0001994   2.405e-05  AND2_X1
mult_56_U121                   2.656e-05   0.0001585   0.0001994   1.435e-05  INV_X1
reg_3_U14                      9.666e-05   8.531e-05   0.0001988   1.683e-05  NAND2_X1
reg_1_U3                       9.795e-05   8.208e-05   0.0001974   1.739e-05  NAND2_X1
mult_50_U124                    2.65e-05   0.0001561    0.000197   1.435e-05  INV_X1
mult_51_U150                   6.769e-05   0.0001073   0.0001967    2.17e-05  NOR2_X1
mult_51_U164                   7.044e-05   0.0001041   0.0001961    2.15e-05  NOR2_X1
reg_3_U5                       0.0001178   4.489e-05   0.0001955   3.278e-05  OAI21_X1
mult_51_U162                   7.041e-05    0.000103    0.000195    2.15e-05  NOR2_X1
reg_7_U14                      9.839e-05   7.875e-05    0.000194   1.683e-05  NAND2_X1
mult_51_U165                   7.048e-05   0.0001017   0.0001937    2.15e-05  NOR2_X1
reg_6_U5                       0.0001102   5.058e-05   0.0001936   3.289e-05  OAI21_X1
reg_9_U7                       9.082e-05   8.502e-05   0.0001932    1.74e-05  NAND2_X1
reg_6_U14                      9.842e-05   7.767e-05   0.0001929   1.683e-05  NAND2_X1
mult_51_U171                   7.551e-05   9.359e-05   0.0001906    2.15e-05  NOR2_X1
mult_51_U169                   7.553e-05   9.144e-05   0.0001885    2.15e-05  NOR2_X1
mult_51_U166                   6.212e-05   0.0001063   0.0001853   1.683e-05  NAND2_X1
reg_10_U13                      9.38e-05    7.16e-05   0.0001827   1.727e-05  NAND2_X1
reg_5_U9                       9.984e-05   4.954e-05   0.0001826   3.318e-05  OAI21_X1
mult_49_U111                   5.071e-05   0.0001132   0.0001782   1.431e-05  INV_X1
reg_5_U11                      9.995e-05   4.427e-05   0.0001774   3.318e-05  OAI21_X1
reg_3_U12                      8.886e-05   7.171e-05   0.0001774   1.683e-05  NAND2_X1
reg_5_U13                      0.0001001   4.402e-05   0.0001773   3.318e-05  OAI21_X1
mult_49_U149                   9.238e-05   6.201e-05    0.000177   2.266e-05  AOI222_X1
reg_5_U15                      0.0001003   4.281e-05   0.0001763   3.318e-05  OAI21_X1
reg_7_U12                      9.054e-05   6.869e-05   0.0001761   1.683e-05  NAND2_X1
reg_6_U12                      9.055e-05   6.854e-05   0.0001759   1.683e-05  NAND2_X1
mult_57_U156                   8.186e-05   6.982e-05   0.0001757   2.405e-05  AND2_X1
reg_10_U3                      8.574e-05   7.179e-05   0.0001749   1.738e-05  NAND2_X1
reg_3_U10                      7.826e-05   7.832e-05   0.0001734   1.683e-05  NAND2_X1
mult_51_U172                   6.547e-05   9.108e-05   0.0001734   1.683e-05  NAND2_X1
reg_5_U7                       9.788e-05   4.037e-05   0.0001714   3.318e-05  OAI21_X1
reg_5_U5                       9.745e-05   3.944e-05   0.0001701   3.318e-05  OAI21_X1
mult_50_U159                   5.888e-05   7.866e-05   0.0001663   2.879e-05  NAND2_X1
mult_56_U158                   5.884e-05   7.665e-05   0.0001643   2.879e-05  NAND2_X1
reg_5_U3                       9.151e-05   3.864e-05   0.0001639   3.373e-05  OAI21_X1
mult_50_U143                   5.158e-05   8.867e-05   0.0001618   2.159e-05  NOR2_X1
reg_9_U5                        7.67e-05   6.722e-05   0.0001613   1.739e-05  NAND2_X1
mult_57_U147                   8.072e-05   6.113e-05   0.0001611   1.926e-05  AOI222_X1
mult_56_U139                   5.157e-05   8.676e-05   0.0001599   2.159e-05  NOR2_X1
reg_7_U10                      8.031e-05   6.144e-05   0.0001586   1.683e-05  NAND2_X1
reg_6_U10                      8.035e-05   6.056e-05   0.0001577   1.683e-05  NAND2_X1
mult_56_U141                    5.15e-05   8.426e-05   0.0001573   2.159e-05  NOR2_X1
mult_56_U142                   5.155e-05   8.322e-05   0.0001564   2.159e-05  NOR2_X1
mult_50_U141                   5.163e-05   8.287e-05   0.0001561   2.159e-05  NOR2_X1
mult_56_U140                   5.157e-05   8.273e-05   0.0001559   2.159e-05  NOR2_X1
mult_50_U142                   5.162e-05   8.258e-05   0.0001558   2.159e-05  NOR2_X1
mult_56_U147                   8.005e-05   5.594e-05   0.0001557   1.972e-05  AOI222_X1
mult_56_U155                   4.812e-05   9.037e-05   0.0001552   1.668e-05  NAND2_X1
mult_57_U161                   5.127e-05   8.164e-05   0.0001546   2.172e-05  NOR2_X1
mult_50_U174                   4.649e-05   8.553e-05   0.0001536   2.159e-05  NOR2_X1
mult_56_U160                    4.68e-05   9.238e-05   0.0001536   1.439e-05  NAND2_X1
mult_50_U161                    4.67e-05   9.239e-05   0.0001535   1.439e-05  NAND2_X1
mult_57_U162                   5.132e-05   7.982e-05   0.0001529   2.172e-05  NOR2_X1
mult_50_U149                   7.999e-05   5.312e-05   0.0001528   1.972e-05  AOI222_X1
mult_56_U159                   4.559e-05    9.04e-05   0.0001527   1.668e-05  NAND2_X1
mult_50_U157                   5.148e-05   8.676e-05   0.0001526   1.439e-05  NAND2_X1
reg_6_U6                       7.989e-05   5.747e-05   0.0001524   1.506e-05  NAND2_X1
mult_57_U164                   5.131e-05   7.873e-05   0.0001518   2.172e-05  NOR2_X1
reg_3_U8                       7.305e-05   6.188e-05   0.0001518   1.683e-05  NAND2_X1
mult_50_U160                   4.549e-05   8.939e-05   0.0001515   1.668e-05  NAND2_X1
mult_50_U144                   5.163e-05   7.826e-05   0.0001515   2.159e-05  NOR2_X1
mult_50_U152                   5.146e-05   8.536e-05   0.0001512   1.439e-05  NAND2_X1
mult_56_U150                   4.814e-05   8.629e-05   0.0001511   1.668e-05  NAND2_X1
mult_50_U170                   4.583e-05   8.345e-05   0.0001509   2.159e-05  NOR2_X1
mult_56_U134                   5.057e-05   7.865e-05   0.0001508   2.159e-05  NOR2_X1
mult_57_U158                    5.24e-05   6.962e-05   0.0001508   2.879e-05  NAND2_X1
mult_50_U134                   5.065e-05   7.818e-05   0.0001504   2.159e-05  NOR2_X1
reg_9_U3                       7.004e-05   6.299e-05   0.0001504   1.738e-05  NAND2_X1
mult_56_U132                   5.055e-05   7.816e-05   0.0001503   2.159e-05  NOR2_X1
reg_7_U6                       8.001e-05   5.481e-05   0.0001499   1.506e-05  NAND2_X1
mult_50_U136                   5.064e-05   7.742e-05   0.0001497   2.159e-05  NOR2_X1
mult_56_U133                   5.047e-05   7.753e-05   0.0001496   2.159e-05  NOR2_X1
mult_50_U154                   5.139e-05   8.332e-05   0.0001491   1.439e-05  NAND2_X1
mult_56_U176                   4.642e-05   8.085e-05   0.0001489   2.159e-05  NOR2_X1
mult_56_U152                   4.812e-05   8.406e-05   0.0001489   1.668e-05  NAND2_X1
mult_56_U173                   4.635e-05   8.068e-05   0.0001486   2.159e-05  NOR2_X1
mult_56_U151                   4.814e-05   8.347e-05   0.0001483   1.668e-05  NAND2_X1
reg_6_U8                       7.477e-05   5.636e-05    0.000148   1.683e-05  NAND2_X1
mult_57_U163                   5.125e-05    7.47e-05   0.0001477   2.172e-05  NOR2_X1
mult_50_U168                   4.582e-05   8.007e-05   0.0001475   2.159e-05  NOR2_X1
mult_56_U138                   5.145e-05   7.424e-05   0.0001473   2.159e-05  NOR2_X1
mult_56_U153                   4.814e-05   8.243e-05   0.0001472   1.668e-05  NAND2_X1
reg_9_U13                      7.347e-05   5.638e-05   0.0001471   1.726e-05  NAND2_X1
mult_50_U135                   5.057e-05   7.495e-05   0.0001471   2.159e-05  NOR2_X1
mult_57_U140                   4.562e-05   7.986e-05   0.0001471   2.159e-05  NOR2_X1
mult_50_U177                   4.657e-05   7.868e-05   0.0001468   2.159e-05  NOR2_X1
mult_50_U140                   5.152e-05   7.353e-05   0.0001466   2.159e-05  NOR2_X1
mult_50_U139                    4.42e-05    8.56e-05   0.0001465   1.668e-05  NAND2_X1
mult_56_U136                   5.055e-05   7.428e-05   0.0001464   2.159e-05  NOR2_X1
mult_50_U138                   5.066e-05   7.396e-05   0.0001462   2.159e-05  NOR2_X1
reg_7_U8                       7.487e-05   5.441e-05   0.0001461   1.683e-05  NAND2_X1
mult_57_U160                    4.45e-05    8.72e-05   0.0001461   1.439e-05  NAND2_X1
mult_50_U153                   5.147e-05   7.975e-05   0.0001456   1.439e-05  NAND2_X1
mult_57_U176                   4.598e-05   7.788e-05   0.0001455   2.159e-05  NOR2_X1
reg_3_U6                       7.883e-05   5.157e-05   0.0001455   1.506e-05  NAND2_X1
mult_50_U155                   5.147e-05   7.957e-05   0.0001454   1.439e-05  NAND2_X1
mult_57_U173                   4.594e-05   7.778e-05   0.0001453   2.159e-05  NOR2_X1
mult_50_U129                   4.274e-05    8.06e-05   0.0001452   2.185e-05  NOR2_X1
mult_56_U127                   4.268e-05   8.019e-05   0.0001447   2.185e-05  NOR2_X1
mult_50_U137                   4.427e-05   7.856e-05   0.0001447   2.185e-05  NOR2_X1
mult_57_U139                   4.562e-05   7.735e-05   0.0001446   2.159e-05  NOR2_X1
mult_57_U134                   4.594e-05   7.678e-05   0.0001443   2.159e-05  NOR2_X1
mult_56_U137                   4.431e-05   8.278e-05   0.0001438   1.668e-05  NAND2_X1
mult_57_U112                   4.076e-05   8.934e-05   0.0001429   1.278e-05  INV_X1
mult_56_U167                   4.582e-05   7.477e-05   0.0001422   2.159e-05  NOR2_X1
mult_50_U128                   4.294e-05   7.642e-05   0.0001412   2.185e-05  NOR2_X1
mult_57_U167                   4.586e-05   7.354e-05    0.000141   2.159e-05  NOR2_X1
mult_57_U141                   4.555e-05   7.361e-05   0.0001407   2.159e-05  NOR2_X1
mult_50_U176                    4.65e-05   7.266e-05   0.0001407   2.159e-05  NOR2_X1
mult_56_U135                   4.427e-05   7.452e-05   0.0001406   2.185e-05  NOR2_X1
mult_56_U143                   4.535e-05   7.843e-05   0.0001405   1.668e-05  NAND2_X1
mult_56_U169                   4.584e-05   7.297e-05   0.0001404   2.159e-05  NOR2_X1
mult_57_U169                   4.585e-05   7.272e-05   0.0001402   2.159e-05  NOR2_X1
mult_56_U126                   4.289e-05   7.538e-05   0.0001401   2.185e-05  NOR2_X1
mult_50_U163                   4.556e-05   7.296e-05   0.0001401   2.159e-05  NOR2_X1
mult_57_U127                   4.097e-05   7.725e-05   0.0001401   2.185e-05  NOR2_X1
mult_50_U145                   4.517e-05   7.822e-05   0.0001401   1.668e-05  NAND2_X1
mult_50_U109                   3.873e-05   8.854e-05     0.00014   1.277e-05  INV_X1
mult_50_U166                    4.09e-05   8.238e-05     0.00014   1.668e-05  NAND2_X1
mult_56_U162                   4.573e-05   7.209e-05   0.0001394   2.159e-05  NOR2_X1
mult_57_U132                   4.595e-05   7.186e-05   0.0001394   2.159e-05  NOR2_X1
mult_57_U136                   4.594e-05   7.177e-05   0.0001393   2.159e-05  NOR2_X1
mult_55_U149                    4.83e-05   5.657e-05   0.0001391   3.428e-05  NOR4_X1
mult_56_U109                    3.87e-05   8.739e-05   0.0001389   1.277e-05  INV_X1
mult_57_U175                   4.593e-05   7.133e-05   0.0001389   2.159e-05  NOR2_X1
mult_57_U165                   4.435e-05   7.802e-05   0.0001388   1.642e-05  NAND2_X1
mult_57_U152                   4.238e-05   7.968e-05   0.0001387   1.668e-05  NAND2_X1
mult_50_U164                   4.549e-05   7.106e-05   0.0001381   2.159e-05  NOR2_X1
mult_56_U172                   4.643e-05   6.975e-05   0.0001378   2.159e-05  NOR2_X1
mult_50_U165                   4.557e-05   7.036e-05   0.0001375   2.159e-05  NOR2_X1
mult_56_U175                   4.636e-05   6.944e-05   0.0001374   2.159e-05  NOR2_X1
mult_50_U162                   4.548e-05   7.023e-05   0.0001373   2.159e-05  NOR2_X1
mult_56_U163                   4.565e-05   6.996e-05   0.0001372   2.159e-05  NOR2_X1
mult_50_U173                   4.658e-05   6.855e-05   0.0001367   2.159e-05  NOR2_X1
mult_49_U161                   3.833e-05   8.092e-05   0.0001366   1.739e-05  NAND2_X1
mult_56_U161                   4.562e-05   6.943e-05   0.0001366   2.159e-05  NOR2_X1
mult_57_U150                   4.237e-05   7.751e-05   0.0001366   1.668e-05  NAND2_X1
mult_57_U159                   4.117e-05   7.832e-05   0.0001362   1.668e-05  NAND2_X1
mult_56_U164                    4.57e-05    6.84e-05   0.0001357   2.159e-05  NOR2_X1
mult_50_U133                   4.425e-05   6.947e-05   0.0001356   2.185e-05  NOR2_X1
mult_56_U131                   4.423e-05   6.897e-05   0.0001351   2.185e-05  NOR2_X1
mult_57_U133                   4.589e-05   6.755e-05    0.000135   2.159e-05  NOR2_X1
mult_57_U142                   4.559e-05   6.782e-05    0.000135   2.159e-05  NOR2_X1
mult_57_U172                     4.6e-05   6.739e-05    0.000135   2.159e-05  NOR2_X1
mult_57_U178                   4.091e-05   7.212e-05   0.0001349   2.185e-05  NOR2_X1
mult_57_U153                   4.237e-05   7.505e-05   0.0001341   1.668e-05  NAND2_X1
mult_50_U112                   3.698e-05   8.394e-05   0.0001338   1.289e-05  INV_X1
mult_50_U179                    4.27e-05   6.892e-05   0.0001335   2.185e-05  NOR2_X1
mult_56_U128                   4.293e-05   6.834e-05   0.0001331   2.185e-05  NOR2_X1
mult_49_U159                   4.592e-05   6.054e-05    0.000133   2.656e-05  NAND2_X1
mult_57_U155                   4.237e-05   7.377e-05   0.0001328   1.668e-05  NAND2_X1
mult_57_U135                   4.104e-05   6.986e-05   0.0001327   2.185e-05  NOR2_X1
mult_56_U148                   4.135e-05   6.914e-05   0.0001323   2.185e-05  NOR2_X1
mult_57_U126                   4.111e-05   6.937e-05   0.0001323   2.185e-05  NOR2_X1
mult_57_U138                   4.551e-05   6.505e-05   0.0001322   2.159e-05  NOR2_X1
mult_57_U166                   4.592e-05   6.454e-05    0.000132   2.159e-05  NOR2_X1
mult_50_U167                    4.59e-05   6.454e-05    0.000132   2.159e-05  NOR2_X1
mult_50_U130                   4.292e-05   6.723e-05    0.000132   2.185e-05  NOR2_X1
mult_57_U109                   3.687e-05   8.219e-05   0.0001318   1.277e-05  INV_X1
mult_56_U178                   4.266e-05   6.729e-05   0.0001318   2.185e-05  NOR2_X1
mult_56_U112                     3.7e-05   8.133e-05   0.0001312   1.289e-05  INV_X1
mult_56_U166                   4.591e-05   6.368e-05   0.0001312   2.159e-05  NOR2_X1
mult_57_U137                   4.105e-05   7.337e-05   0.0001311   1.668e-05  NAND2_X1
mult_57_U131                     4.1e-05   6.817e-05    0.000131   2.185e-05  NOR2_X1
mult_57_U151                   4.237e-05   7.178e-05   0.0001308   1.668e-05  NAND2_X1
mult_50_U156                   5.154e-05    6.43e-05   0.0001302   1.439e-05  NAND2_X1
mult_49_U154                    3.81e-05   7.443e-05   0.0001299   1.739e-05  NAND2_X1
mult_56_U177                   4.128e-05   7.129e-05   0.0001293   1.668e-05  NAND2_X1
mult_50_U150                   4.139e-05     6.6e-05   0.0001292   2.185e-05  NOR2_X1
mult_57_U143                   4.104e-05    7.12e-05   0.0001289   1.668e-05  NAND2_X1
mult_50_U178                   4.115e-05   7.095e-05   0.0001288   1.668e-05  NAND2_X1
mult_49_U160                   3.816e-05   7.293e-05   0.0001285   1.739e-05  NAND2_X1
mult_50_U175                   4.662e-05   6.009e-05   0.0001283   2.159e-05  NOR2_X1
mult_57_U128                   4.111e-05   6.484e-05   0.0001278   2.185e-05  NOR2_X1
mult_56_U154                   4.843e-05   6.247e-05   0.0001276   1.668e-05  NAND2_X1
mult_56_U165                   4.092e-05   6.954e-05   0.0001271   1.668e-05  NAND2_X1
mult_49_U141                   3.811e-05    6.78e-05   0.0001271    2.12e-05  NOR2_X1
mult_49_U143                   3.808e-05    6.76e-05   0.0001269    2.12e-05  NOR2_X1
mult_49_U168                   3.812e-05   6.752e-05   0.0001268    2.12e-05  NOR2_X1
mult_49_U174                   3.822e-05   6.711e-05   0.0001265    2.12e-05  NOR2_X1
mult_57_U177                   4.099e-05   6.865e-05   0.0001263   1.668e-05  NAND2_X1
mult_49_U142                   3.813e-05   6.693e-05   0.0001263    2.12e-05  NOR2_X1
mult_57_U148                   4.102e-05   6.282e-05   0.0001257   2.185e-05  NOR2_X1
mult_57_U168                   4.596e-05    5.79e-05   0.0001254   2.159e-05  NOR2_X1
mult_57_U174                   4.605e-05    5.78e-05   0.0001254   2.159e-05  NOR2_X1
mult_49_U176                   3.824e-05   6.597e-05   0.0001254    2.12e-05  NOR2_X1
mult_56_U174                   4.651e-05   5.688e-05    0.000125   2.159e-05  NOR2_X1
mult_56_U170                   4.594e-05   5.736e-05   0.0001249   2.159e-05  NOR2_X1
mult_56_U168                   4.597e-05   5.712e-05   0.0001247   2.159e-05  NOR2_X1
mult_49_U136                   3.836e-05   6.484e-05   0.0001244    2.12e-05  NOR2_X1
mult_50_U171                   4.596e-05   5.649e-05    0.000124   2.159e-05  NOR2_X1
mult_56_U130                   4.617e-05   6.343e-05    0.000124   1.439e-05  NAND2_X1
mult_49_U129                   3.804e-05   6.463e-05   0.0001239    2.12e-05  NOR2_X1
mult_49_U144                   3.813e-05   6.453e-05   0.0001239    2.12e-05  NOR2_X1
mult_49_U177                    3.83e-05   6.432e-05   0.0001238    2.12e-05  NOR2_X1
mult_49_U170                   3.814e-05   6.435e-05   0.0001237    2.12e-05  NOR2_X1
mult_50_U131                   4.299e-05   5.882e-05   0.0001237   2.185e-05  NOR2_X1
mult_50_U169                   4.595e-05   5.589e-05   0.0001234   2.159e-05  NOR2_X1
mult_57_U170                   4.597e-05    5.57e-05   0.0001233   2.159e-05  NOR2_X1
mult_49_U157                    3.81e-05    6.74e-05   0.0001229   1.739e-05  NAND2_X1
mult_49_U112                   3.244e-05   7.666e-05   0.0001225   1.342e-05  INV_X1
mult_49_U134                   3.834e-05   6.284e-05   0.0001224    2.12e-05  NOR2_X1
mult_49_U165                   3.808e-05   6.301e-05   0.0001223    2.12e-05  NOR2_X1
mult_56_U129                   4.289e-05   5.727e-05    0.000122   2.185e-05  NOR2_X1
mult_49_U152                   3.812e-05   6.645e-05    0.000122   1.739e-05  NAND2_X1
mult_49_U109                   3.233e-05   7.633e-05   0.0001219   1.329e-05  INV_X1
mult_49_U139                   3.796e-05   6.619e-05   0.0001215   1.739e-05  NAND2_X1
mult_49_U135                   3.828e-05   6.188e-05   0.0001214    2.12e-05  NOR2_X1
reg_5_U16                      5.375e-05   5.086e-05   0.0001213   1.668e-05  NAND2_X1
mult_49_U128                    3.82e-05    6.17e-05   0.0001211    2.12e-05  NOR2_X1
mult_49_U145                   3.784e-05   6.581e-05    0.000121   1.739e-05  NAND2_X1
mult_49_U173                   3.829e-05   6.144e-05   0.0001209    2.12e-05  NOR2_X1
mult_49_U137                   3.816e-05   6.135e-05   0.0001207    2.12e-05  NOR2_X1
mult_57_U171                   4.092e-05   6.291e-05   0.0001205   1.668e-05  NAND2_X1
mult_50_U127                   5.125e-05   5.471e-05   0.0001203   1.439e-05  NAND2_X1
mult_49_U166                     3.8e-05   6.492e-05   0.0001203   1.739e-05  NAND2_X1
mult_49_U163                   3.809e-05   6.084e-05   0.0001201    2.12e-05  NOR2_X1
mult_49_U138                   3.836e-05   6.024e-05   0.0001198    2.12e-05  NOR2_X1
mult_49_U162                     3.8e-05    6.02e-05   0.0001194    2.12e-05  NOR2_X1
reg_5_U4                       5.629e-05   4.917e-05   0.0001193   1.389e-05  NAND2_X1
mult_49_U164                   3.802e-05   5.999e-05   0.0001192    2.12e-05  NOR2_X1
mult_49_U178                   3.793e-05   6.386e-05   0.0001192   1.739e-05  NAND2_X1
mult_51_U151                   4.052e-05   4.423e-05    0.000119   3.428e-05  NOR4_X1
mult_57_U129                   4.112e-05   5.514e-05   0.0001181   2.185e-05  NOR2_X1
mult_49_U130                   3.827e-05     5.8e-05   0.0001175    2.12e-05  NOR2_X1
mult_49_U167                   3.818e-05   5.804e-05   0.0001174    2.12e-05  NOR2_X1
mult_50_U132                    4.23e-05   5.839e-05   0.0001174   1.668e-05  NAND2_X1
mult_57_U130                   4.397e-05   5.883e-05   0.0001172   1.439e-05  NAND2_X1
mult_49_U155                   3.804e-05   6.163e-05   0.0001171   1.739e-05  NAND2_X1
mult_49_U140                   3.802e-05   5.764e-05   0.0001169    2.12e-05  NOR2_X1
mult_57_U154                   4.256e-05   5.669e-05   0.0001159   1.668e-05  NAND2_X1
mult_49_U133                   3.806e-05   5.603e-05   0.0001153    2.12e-05  NOR2_X1
mult_49_U153                     3.8e-05    5.98e-05   0.0001152   1.739e-05  NAND2_X1
mult_49_U179                   3.798e-05   5.535e-05   0.0001145    2.12e-05  NOR2_X1
mult_49_U150                   3.803e-05   5.526e-05   0.0001145    2.12e-05  NOR2_X1
mult_56_U171                   4.072e-05   5.698e-05   0.0001144   1.668e-05  NAND2_X1
mult_49_U131                   3.825e-05   5.484e-05   0.0001143    2.12e-05  NOR2_X1
mult_50_U172                   4.051e-05   5.604e-05   0.0001132   1.668e-05  NAND2_X1
mult_49_U172                   3.778e-05   5.643e-05   0.0001116   1.739e-05  NAND2_X1
mult_49_U132                    3.76e-05   5.519e-05   0.0001102   1.739e-05  NAND2_X1
mult_49_U171                   3.823e-05   4.976e-05   0.0001092    2.12e-05  NOR2_X1
reg_5_U14                       5.31e-05   3.923e-05    0.000109   1.668e-05  NAND2_X1
mult_55_U110                   3.029e-05   6.787e-05   0.0001085   1.039e-05  INV_X1
mult_49_U175                   3.837e-05   4.878e-05   0.0001084    2.12e-05  NOR2_X1
mult_49_U169                   3.825e-05   4.886e-05   0.0001083    2.12e-05  NOR2_X1
reg_5_U6                       4.866e-05   4.262e-05    0.000108   1.668e-05  NAND2_X1
reg_5_U12                      5.199e-05   3.902e-05   0.0001077   1.668e-05  NAND2_X1
mult_49_U156                   3.771e-05   5.145e-05   0.0001066   1.739e-05  NAND2_X1
reg_5_U10                      5.057e-05    3.59e-05   0.0001031   1.668e-05  NAND2_X1
reg_5_U8                        4.91e-05   3.486e-05   0.0001006   1.668e-05  NAND2_X1
mult_49_U127                   3.702e-05   4.241e-05   9.682e-05   1.739e-05  NAND2_X1
ff_1_U3                        4.114e-05   3.334e-05   9.512e-05   2.065e-05  NAND2_X1
mult_49_U151                   3.126e-05   3.043e-05   9.429e-05    3.26e-05  NOR4_X1
mult_51_U110                   2.494e-05   5.512e-05   9.044e-05   1.039e-05  INV_X1
mult_56_U149                   2.597e-05   2.729e-05   8.804e-05   3.478e-05  NOR4_X1
mult_57_U149                   2.592e-05   2.675e-05   8.785e-05   3.517e-05  NOR4_X1
mult_50_U151                   2.594e-05   2.707e-05   8.779e-05   3.478e-05  NOR4_X1
mult_49_U110                   1.714e-05   3.796e-05   6.569e-05   1.059e-05  INV_X1
FE_RC_4_0                      2.515e-05   2.286e-05   6.236e-05   1.435e-05  INV_X1
mult_56_U110                    1.27e-05   2.801e-05   5.105e-05   1.034e-05  INV_X1
mult_50_U110                   1.269e-05   2.794e-05   5.097e-05   1.034e-05  INV_X1
mult_57_U110                   1.205e-05   2.764e-05   5.001e-05   1.033e-05  INV_X1

---------------------------------------------------------------------------------------

Total (    951 of    951  )       0.3694      0.2133     0.6206     0.03783
Total Capacitance                5.098e-12 F
Power Density                   *** No Die Area ***
