*----------------------------------------------------------------------------------------
*	Innovus 17.11-s080_1 (64bit) 08/04/2017 11:13 (Linux 2.6.18-194.el5)
*	
*
* 	Date & Time:	2021-Nov-02 22:48:34 (2021-Nov-02 21:48:34 GMT)
*
*----------------------------------------------------------------------------------------
*
*	Design: iir_filter
*
*	Liberty Libraries used: 
*	        MyAnView: /software/dk/nangate45/liberty/NangateOpenCellLibrary_typical_ecsm_nowlm.lib
*
*	Power Domain used: 
*		Rail:        VDD 	Voltage:        1.1 
*
*       Power View : MyAnView
*
*       User-Defined Activity : N.A.
*
*	Switching Activity File used: 
*	        ../vcd/design.vcd
*			Vcd Window used(Start Time, Stop Time):(4.89627e-17, 4.89627e-17) 
*                     Vcd Scale Factor: 1 
**                    Design annotation coverage: 0/1287 = 0% 
*
*       Hierarchical Global Activity: N.A.
*
*       Global Activity: N.A.
*
*       Sequential Element Activity: N.A.
*
*       Primary Input Activity: 0.200000
*
*       Default icg ratio: N.A.
*
*       Global Comb ClockGate Ratio: N.A.
*
*	Power Units = 1mW
*
*	Time Units = 1e-09 secs 
*
*       Temperature = 25 
*
*       report_power -outfile .//iir_filter.rpt -rail_analysis_format VS
*
-----------------------------------------------------------------------------------------
Cell                            Internal   Switching       Total     Leakage   Cell
                                   Power       Power       Power       Power   Name
--------------------------------------------------------------------------------------
add_0_root_add_0_root_add_50_2_U1_7   0.001489    0.004438    0.006003   7.577e-05  FA_X1
add_0_root_add_0_root_add_50_2_U1_5   0.001489    0.004431    0.005996   7.563e-05  FA_X1
add_0_root_add_0_root_add_50_2_U1_3    0.00149    0.004185     0.00575   7.522e-05  FA_X1
add_0_root_add_0_root_add_50_2_U1_1   0.001493     0.00405    0.005617   7.358e-05  FA_X1
add_0_root_add_0_root_add_50_2_U1_8   0.001481      0.0039    0.005457   7.613e-05  FA_X1
FE_OFC5_mult_52_n299           0.0005007    0.002898     0.00342   2.144e-05  BUF_X1
FE_OFC3_mult_52_n302           0.0005009    0.002816    0.003338   2.144e-05  BUF_X1
add_0_root_add_0_root_add_50_2_U1_2   0.001455    0.001639    0.003169   7.467e-05  FA_X1
add_0_root_add_0_root_add_50_2_U1_4   0.001454    0.001618    0.003147   7.549e-05  FA_X1
add_0_root_add_0_root_add_50_2_U1_6   0.001453    0.001581    0.003109   7.572e-05  FA_X1
mult_52_U324                   0.0002814    0.002371     0.00267   1.739e-05  NAND2_X1
mult_52_U338                   0.0006179    0.002013    0.002667   3.616e-05  XOR2_X1
mult_52_U305                   0.0002821    0.002343    0.002642   1.739e-05  NAND2_X1
mult_52_U346                   0.0002791    0.002292    0.002589   1.739e-05  NAND2_X1
mult_52_U35                     0.001439    0.001022    0.002532   7.131e-05  FA_X1
mult_52_U42                     0.001429     0.00102    0.002517   6.739e-05  FA_X1
mult_52_U30                     0.001432   0.0009936    0.002496   7.086e-05  FA_X1
mult_52_U20                     0.001434   0.0009789    0.002486   7.296e-05  FA_X1
mult_52_U27                     0.001434   0.0009755    0.002486   7.584e-05  FA_X1
mult_52_U39                     0.001429   0.0009868    0.002485   6.975e-05  FA_X1
mult_52_U31                      0.00144   0.0009612    0.002479   7.803e-05  FA_X1
mult_54_U4                      0.001428   0.0009803    0.002479   7.024e-05  FA_X1
mult_52_U25                     0.001426   0.0009826    0.002477   6.797e-05  FA_X1
mult_54_U9                      0.001407       0.001    0.002476   6.913e-05  FA_X1
mult_53_U10                     0.001432   0.0009682    0.002469   6.844e-05  FA_X1
mult_52_U213                   0.0001915    0.002262    0.002467   1.435e-05  INV_X1
mult_53_U9                      0.001432   0.0009634    0.002465   6.971e-05  FA_X1
mult_52_U22                     0.001425   0.0009716    0.002464   6.731e-05  FA_X1
mult_54_U6                      0.001433   0.0009544    0.002462   7.433e-05  FA_X1
mult_54_U7                      0.001431    0.000954    0.002456   7.144e-05  FA_X1
mult_53_U8                      0.001433   0.0009528    0.002456   7.064e-05  FA_X1
mult_52_U34                     0.001426   0.0009609    0.002456   6.927e-05  FA_X1
mult_54_U5                      0.001427   0.0009517    0.002449    7.05e-05  FA_X1
mult_54_U8                      0.001431   0.0009385     0.00244   7.052e-05  FA_X1
mult_52_U24                     0.001435   0.0009313    0.002437   7.081e-05  FA_X1
mult_52_U36                     0.001429   0.0009253    0.002419   6.528e-05  FA_X1
mult_53_U7                      0.001432   0.0009137    0.002418   7.166e-05  FA_X1
mult_52_U29                     0.001423   0.0009229    0.002415    6.87e-05  FA_X1
mult_53_U4                      0.001429   0.0009125    0.002412   7.042e-05  FA_X1
mult_53_U6                      0.001434   0.0008973    0.002405   7.445e-05  FA_X1
add_1_root_add_0_root_add_55_2_U1_3   0.001432   0.0008936    0.002401   7.522e-05  FA_X1
mult_52_U46                     0.001421   0.0009086    0.002395   6.499e-05  FA_X1
add_1_root_add_0_root_add_55_2_U1_2   0.001433    0.000886    0.002394   7.467e-05  FA_X1
mult_52_U41                     0.001421   0.0008969    0.002383   6.499e-05  FA_X1
add_1_root_add_0_root_add_55_2_U1_4   0.001432   0.0008735    0.002381   7.549e-05  FA_X1
add_1_root_add_0_root_add_55_2_U1_7   0.001432   0.0008686    0.002376   7.583e-05  FA_X1
mult_52_U45                      0.00142   0.0008893    0.002372   6.228e-05  FA_X1
add_1_root_add_0_root_add_55_2_U1_6   0.001431   0.0008612    0.002368   7.576e-05  FA_X1
mult_52_U40                     0.001433   0.0008669    0.002365   6.452e-05  FA_X1
mult_53_U5                      0.001427   0.0008665    0.002364   7.072e-05  FA_X1
add_1_root_add_0_root_add_55_2_U1_5   0.001431   0.0008564    0.002363   7.563e-05  FA_X1
mult_52_U47                     0.001427   0.0008655     0.00236   6.784e-05  FA_X1
mult_54_U3                      0.001354   0.0009302    0.002357   7.276e-05  FA_X1
add_1_root_add_0_root_add_55_2_U1_1   0.001435   0.0008471    0.002356   7.357e-05  FA_X1
add_1_root_add_0_root_add_50_2_U1_3   0.001428   0.0008491    0.002353   7.522e-05  FA_X1
mult_52_U6                      0.001432   0.0008454    0.002352   7.457e-05  FA_X1
mult_48_U6                      0.001432   0.0008459    0.002352   7.448e-05  FA_X1
mult_53_U3                       0.00143   0.0008487    0.002351   7.294e-05  FA_X1
add_1_root_add_0_root_add_50_2_U1_6   0.001432   0.0008372    0.002345   7.572e-05  FA_X1
mult_52_U43                     0.001426   0.0008493    0.002342   6.712e-05  FA_X1
mult_52_U9                      0.001431    0.000837    0.002338   7.045e-05  FA_X1
mult_48_U7                       0.00143   0.0008351    0.002337   7.169e-05  FA_X1
mult_52_U49                      0.00142   0.0008513    0.002336   6.499e-05  FA_X1
mult_48_U8                       0.00143   0.0008347    0.002335   7.071e-05  FA_X1
mult_52_U218                   0.0001902    0.002128    0.002332   1.435e-05  INV_X1
add_1_root_add_0_root_add_50_2_U1_7   0.001432   0.0008222     0.00233   7.577e-05  FA_X1
mult_52_U5                      0.001427   0.0008294    0.002328   7.091e-05  FA_X1
mult_54_U10                     0.001325   0.0009343    0.002327   6.778e-05  FA_X1
mult_52_U10                      0.00143   0.0008252    0.002324   6.934e-05  FA_X1
mult_48_U10                     0.001427   0.0008253    0.002321   6.855e-05  FA_X1
mult_48_U4                      0.001426   0.0008204    0.002317   7.044e-05  FA_X1
add_1_root_add_0_root_add_50_2_U1_4   0.001431   0.0008088    0.002316   7.549e-05  FA_X1
mult_48_U9                      0.001428   0.0008172    0.002315    6.98e-05  FA_X1
mult_48_U5                      0.001425   0.0008163    0.002312   7.074e-05  FA_X1
mult_52_U32                     0.001423   0.0008214     0.00231   6.499e-05  FA_X1
mult_52_U4                      0.001428   0.0008104    0.002309   7.057e-05  FA_X1
mult_52_U7                       0.00143   0.0008073    0.002309   7.194e-05  FA_X1
mult_52_U8                      0.001429   0.0008085    0.002309   7.081e-05  FA_X1
add_1_root_add_0_root_add_50_2_U1_5   0.001431   0.0007983    0.002305   7.563e-05  FA_X1
mult_52_U19                     0.001426   0.0007979    0.002292   6.827e-05  FA_X1
mult_52_U28                     0.001428   0.0007944    0.002288   6.601e-05  FA_X1
mult_52_U3                       0.00143   0.0007512    0.002254     7.3e-05  FA_X1
add_1_root_add_0_root_add_50_2_U1_2   0.001381   0.0007876    0.002243   7.467e-05  FA_X1
mult_48_U3                      0.001426   0.0007409     0.00224   7.296e-05  FA_X1
mult_52_U23                     0.001424   0.0007445    0.002239   7.051e-05  FA_X1
mult_53_U30                     0.001299   0.0008615     0.00223   7.049e-05  FA_X1
mult_53_U34                     0.001288   0.0008705    0.002227   6.935e-05  FA_X1
mult_53_U27                     0.001301   0.0008453    0.002222   7.576e-05  FA_X1
mult_48_U30                     0.001298   0.0008504    0.002219   7.049e-05  FA_X1
mult_48_U34                     0.001287   0.0008471    0.002203   6.935e-05  FA_X1
mult_48_U27                       0.0013   0.0008197    0.002195   7.576e-05  FA_X1
mult_49_U8                      0.001311   0.0007829    0.002164    7.07e-05  FA_X1
add_0_root_add_0_root_add_55_2_U1_1   0.001429   0.0006397    0.002142   7.358e-05  FA_X1
add_0_root_add_0_root_add_55_2_U1_6   0.001424   0.0006419    0.002142   7.572e-05  FA_X1
add_1_root_add_0_root_add_50_2_U1_1   0.001289   0.0007628    0.002126   7.358e-05  FA_X1
mult_52_U350                   0.0002958    0.001804    0.002117   1.739e-05  NAND2_X1
reg_1_Q_reg_3_                 0.0008871    0.001139    0.002111   8.565e-05  DFFR_X1
reg_1_Q_reg_5_                 0.0008871    0.001138    0.002111   8.565e-05  DFFR_X1
add_0_root_add_0_root_add_55_2_U1_3   0.001424   0.0006105    0.002109   7.522e-05  FA_X1
add_0_root_add_0_root_add_55_2_U1_4   0.001422   0.0006087    0.002106   7.549e-05  FA_X1
reg_1_Q_reg_7_                 0.0008871    0.001133    0.002105   8.565e-05  DFFR_X1
add_0_root_add_0_root_add_55_2_U1_5   0.001423   0.0006022    0.002101   7.563e-05  FA_X1
add_0_root_add_0_root_add_55_2_U1_2   0.001424   0.0005952    0.002094   7.467e-05  FA_X1
add_0_root_add_0_root_add_55_2_U1_7   0.001422    0.000596    0.002094   7.577e-05  FA_X1
reg_1_Q_reg_8_                  0.000887    0.001089    0.002062   8.565e-05  DFFR_X1
add_1_root_add_0_root_add_55_2_U1_8   0.001427    0.000516    0.002019   7.652e-05  FA_X1
mult_49_U9                      0.001173   0.0007228    0.001966    6.94e-05  FA_X1
mult_53_U24                     0.001122   0.0007521    0.001945   7.064e-05  FA_X1
add_1_root_add_0_root_add_50_2_U1_8   0.001425   0.0004407    0.001942   7.606e-05  FA_X1
mult_48_U24                     0.001122   0.0007253    0.001918   7.064e-05  FA_X1
reg_1_Q_reg_1_                 0.0008824   0.0009409    0.001909   8.565e-05  DFFR_X1
mult_49_U10                     0.001085   0.0006884    0.001841   6.809e-05  FA_X1
mult_53_U20                     0.001039    0.000723    0.001835   7.288e-05  FA_X1
mult_52_U50                     0.001027   0.0007457    0.001829    5.62e-05  HA_X1
mult_48_U20                     0.001039   0.0006987    0.001811   7.288e-05  FA_X1
mult_48_U39                     0.001037   0.0007031    0.001809   6.896e-05  FA_X1
mult_53_U39                     0.001037   0.0006987    0.001805   6.896e-05  FA_X1
mult_48_U42                     0.001036   0.0006925    0.001795   6.644e-05  FA_X1
mult_53_U22                     0.001031   0.0006865    0.001785   6.706e-05  FA_X1
mult_48_U22                     0.001031   0.0006726    0.001771   6.706e-05  FA_X1
mult_53_U42                     0.001035   0.0006552    0.001757   6.644e-05  FA_X1
mult_48_U31                     0.001044    0.000634    0.001755    7.79e-05  FA_X1
mult_53_U31                     0.001043   0.0006279    0.001749    7.79e-05  FA_X1
mult_49_U7                      0.001042   0.0006273    0.001741   7.153e-05  FA_X1
mult_48_U35                     0.001043   0.0006144    0.001729   7.102e-05  FA_X1
mult_52_U44                    0.0009961   0.0006763    0.001728   5.615e-05  HA_X1
mult_53_U35                     0.001043   0.0006005    0.001714   7.102e-05  FA_X1
add_0_root_add_0_root_add_55_2_U1_8   0.001415   0.0002181    0.001709   7.605e-05  FA_X1
mult_52_U48                    0.0009953   0.0006486      0.0017   5.615e-05  HA_X1
mult_53_U47                    0.0009976   0.0006073    0.001672   6.663e-05  FA_X1
mult_48_U47                    0.0009977   0.0006055     0.00167   6.663e-05  FA_X1
mult_54_U27                     0.000948   0.0006237    0.001647   7.566e-05  FA_X1
mult_49_U30                    0.0009456   0.0006236    0.001639   7.021e-05  FA_X1
mult_49_U34                    0.0009363   0.0006295    0.001635   6.939e-05  FA_X1
mult_54_U30                    0.0009452   0.0006168    0.001632   7.017e-05  FA_X1
mult_54_U34                    0.0009362   0.0006203    0.001626   6.941e-05  FA_X1
mult_49_U6                     0.0009353   0.0005701     0.00158   7.448e-05  FA_X1
mult_49_U27                    0.0008877   0.0006022    0.001566   7.566e-05  FA_X1
mult_52_U219                   0.0002434    0.001304    0.001562   1.435e-05  INV_X1
reg_2_Q_reg_3_                 0.0007034   0.0007356    0.001524    8.53e-05  DFFR_X1
mult_48_U45                    0.0008861   0.0005657    0.001514   6.172e-05  FA_X1
mult_53_U45                    0.0008859   0.0005554    0.001503   6.172e-05  FA_X1
reg_dout_Q_reg_8_              0.0008849   0.0005283    0.001499   8.565e-05  DFFR_X1
mult_53_U28                    0.0009331   0.0004955    0.001494   6.561e-05  FA_X1
mult_49_U5                     0.0008926   0.0005286    0.001492   7.077e-05  FA_X1
mult_48_U28                    0.0009333   0.0004905    0.001489   6.561e-05  FA_X1
reg_dout_Q_reg_7_              0.0008848   0.0005177    0.001488   8.565e-05  DFFR_X1
reg_dout_Q_reg_6_              0.0008847   0.0005084    0.001479   8.565e-05  DFFR_X1
mult_48_U29                    0.0008272   0.0005795    0.001475   6.846e-05  FA_X1
reg_1_Q_reg_2_                 0.0008831   0.0005038    0.001473   8.565e-05  DFFR_X1
mult_53_U25                    0.0008292   0.0005724    0.001469   6.773e-05  FA_X1
reg_dout_Q_reg_5_              0.0008845   0.0004937    0.001464   8.565e-05  DFFR_X1
mult_48_U25                     0.000829   0.0005609    0.001458   6.773e-05  FA_X1
reg_dout_Q_reg_4_              0.0008843   0.0004682    0.001438   8.565e-05  DFFR_X1
mult_48_U36                    0.0008126    0.000551    0.001428   6.489e-05  FA_X1
mult_53_U29                    0.0008256   0.0005278    0.001422   6.846e-05  FA_X1
reg_dout_Q_reg_3_               0.000884   0.0004474    0.001417   8.565e-05  DFFR_X1
mult_49_U3                     0.0008686   0.0004696    0.001411   7.298e-05  FA_X1
mult_54_U24                    0.0007987   0.0005383    0.001407   7.042e-05  FA_X1
mult_53_U36                    0.0008124   0.0005277    0.001405   6.489e-05  FA_X1
reg_dout_Q_reg_2_              0.0008839   0.0004315    0.001401   8.565e-05  DFFR_X1
reg_1_Q_reg_4_                 0.0008839   0.0004297    0.001399   8.565e-05  DFFR_X1
mult_48_U43                    0.0008282   0.0005005    0.001395   6.598e-05  FA_X1
reg_dout_Q_reg_1_              0.0008837   0.0004205     0.00139   8.565e-05  DFFR_X1
mult_53_U43                    0.0008279   0.0004896    0.001384   6.598e-05  FA_X1
reg_1_Q_reg_6_                 0.0008837   0.0004132    0.001383   8.565e-05  DFFR_X1
FE_OFC4_q_reg1_1               0.0001571    0.001203    0.001382   2.181e-05  BUF_X1
reg_dout_Q_reg_0_              0.0008836   0.0004072    0.001376   8.565e-05  DFFR_X1
mult_53_U19                    0.0008292   0.0004686    0.001366   6.802e-05  FA_X1
mult_54_U20                    0.0007575   0.0005304    0.001361   7.277e-05  FA_X1
mult_48_U19                     0.000829   0.0004587    0.001356   6.802e-05  FA_X1
mult_49_U39                    0.0007557     0.00053    0.001354   6.842e-05  FA_X1
mult_49_U42                    0.0007552   0.0005287     0.00135   6.585e-05  FA_X1
mult_53_U23                    0.0008278   0.0004483    0.001346   7.028e-05  FA_X1
mult_54_U22                    0.0007509   0.0005286    0.001346   6.675e-05  FA_X1
FE_OFC6_q_reg2_5               0.0001084    0.001214    0.001344   2.199e-05  BUF_X1
FE_OFC8_q_reg2_7               0.0001082    0.001213    0.001343   2.199e-05  BUF_X1
mult_53_U32                    0.0008016   0.0004626    0.001329   6.461e-05  FA_X1
mult_48_U32                    0.0008018   0.0004606    0.001327   6.461e-05  FA_X1
FE_OFC9_q_reg2_8               0.0001081    0.001195    0.001325   2.199e-05  BUF_X1
FE_DBTC7_q_reg1_0              5.655e-05    0.001252    0.001322   1.362e-05  INV_X1
mult_54_U39                    0.0007552   0.0004968     0.00132   6.835e-05  FA_X1
FE_OFC11_q_reg2_1              0.0001058    0.001187    0.001315   2.199e-05  BUF_X1
mult_53_U41                    0.0007425   0.0005077    0.001314   6.424e-05  FA_X1
mult_48_U23                    0.0008272   0.0004156    0.001313   7.028e-05  FA_X1
mult_52_U220                   0.0002686    0.001024    0.001307   1.435e-05  INV_X1
mult_52_U255                   0.0004821   0.0007881    0.001305    3.49e-05  OAI22_X1
mult_53_U49                    0.0007407   0.0004994    0.001304   6.385e-05  FA_X1
mult_54_U42                    0.0007539   0.0004827    0.001302   6.575e-05  FA_X1
mult_54_U31                    0.0007603   0.0004629    0.001301   7.775e-05  FA_X1
mult_54_U35                    0.0007606   0.0004642    0.001296    7.08e-05  FA_X1
mult_48_U49                    0.0007404   0.0004913    0.001296   6.385e-05  FA_X1
mult_52_U351                   0.0006098   0.0006492    0.001295   3.616e-05  XOR2_X1
mult_53_U46                    0.0007402   0.0004869    0.001291   6.385e-05  FA_X1
mult_48_U41                    0.0007422   0.0004817    0.001288   6.424e-05  FA_X1
mult_49_U31                    0.0007599   0.0004458    0.001284   7.792e-05  FA_X1
mult_48_U46                    0.0007404   0.0004767    0.001281   6.385e-05  FA_X1
FE_OFC13_mult_53_n307          0.0001863    0.001073    0.001281   2.137e-05  BUF_X1
mult_49_U35                    0.0007602   0.0004472    0.001278   7.076e-05  FA_X1
mult_49_U24                    0.0007333   0.0004669     0.00127   7.024e-05  FA_X1
mult_49_U22                    0.0007179   0.0004804    0.001265   6.682e-05  FA_X1
add_0_root_add_0_root_add_50_2_U2  0.0005963     0.00063    0.001262   3.616e-05  XOR2_X1
FE_OFC15_mult_48_n304          0.0001864    0.001049    0.001257   2.137e-05  BUF_X1
FE_OFC18_mult_53_n304          0.0001864    0.001047    0.001255   2.137e-05  BUF_X1
mult_52_U222                   0.0002711   0.0009695    0.001255   1.435e-05  INV_X1
mult_54_U47                    0.0007172   0.0004668     0.00125    6.58e-05  FA_X1
mult_52_U256                   0.0004834   0.0007314     0.00125    3.49e-05  OAI22_X1
mult_52_U257                   0.0004833   0.0007303    0.001248    3.49e-05  OAI22_X1
FE_OFC19_mult_48_n307          0.0001863    0.001027    0.001234   2.137e-05  BUF_X1
FE_OFC1_q_reg1_8                 0.00016    0.001051    0.001233   2.181e-05  BUF_X1
mult_49_U4                     0.0007318     0.00043    0.001232   7.042e-05  FA_X1
FE_OFC0_q_reg1_7               0.0001605    0.001044    0.001227   2.181e-05  BUF_X1
reg_1_Q_reg_0_                 0.0008752   0.0002586    0.001219   8.565e-05  DFFR_X1
mult_49_U47                     0.000717   0.0004351    0.001218   6.582e-05  FA_X1
mult_54_U239                   0.0005131   0.0006602    0.001209    3.61e-05  XOR2_X1
mult_52_U250                   0.0006806   0.0004919    0.001205   3.218e-05  XNOR2_X1
mult_48_U40                    0.0007201   0.0004069    0.001191   6.406e-05  FA_X1
mult_53_U40                    0.0007203   0.0003986    0.001183   6.406e-05  FA_X1
FE_OFC2_q_reg1_5               0.0001609   0.0009951    0.001178   2.181e-05  BUF_X1
mult_52_U296                   0.0006426   0.0004926    0.001172   3.644e-05  XNOR2_X1
mult_52_U298                   0.0006426   0.0004897    0.001169   3.644e-05  XNOR2_X1
mult_52_U294                   0.0006428   0.0004796    0.001159   3.644e-05  XNOR2_X1
FE_OFC7_q_reg1_3               0.0001611   0.0009728    0.001156   2.181e-05  BUF_X1
mult_52_U278                   0.0006354   0.0004778     0.00115   3.644e-05  XNOR2_X1
mult_52_U276                   0.0006355   0.0004737    0.001146   3.644e-05  XNOR2_X1
mult_52_U292                    0.000643   0.0004641    0.001144   3.644e-05  XNOR2_X1
mult_52_U312                   0.0006429   0.0004625    0.001142   3.644e-05  XNOR2_X1
mult_52_U268                    0.000634   0.0004714    0.001142   3.644e-05  XNOR2_X1
mult_52_U315                   0.0006429   0.0004621    0.001141   3.644e-05  XNOR2_X1
mult_52_U266                    0.000634   0.0004685    0.001139   3.644e-05  XNOR2_X1
mult_52_U274                   0.0006357    0.000462    0.001134   3.644e-05  XNOR2_X1
mult_52_U322                    0.000643   0.0004521    0.001132   3.644e-05  XNOR2_X1
mult_52_U326                    0.000643   0.0004521    0.001132   3.644e-05  XNOR2_X1
mult_52_U307                   0.0006432   0.0004497    0.001129   3.644e-05  XNOR2_X1
mult_52_U262                   0.0006341   0.0004578    0.001128   3.644e-05  XNOR2_X1
mult_52_U313                   0.0006431   0.0004487    0.001128   3.644e-05  XNOR2_X1
mult_52_U287                   0.0006175   0.0004741    0.001128   3.616e-05  XOR2_X1
mult_52_U264                   0.0006342   0.0004553    0.001126   3.644e-05  XNOR2_X1
mult_52_U321                   0.0006431    0.000446    0.001126   3.644e-05  XNOR2_X1
mult_52_U303                   0.0006432   0.0004445    0.001124   3.644e-05  XNOR2_X1
mult_52_U270                   0.0006342   0.0004533    0.001124   3.644e-05  XNOR2_X1
mult_52_U319                   0.0006431   0.0004437    0.001123   3.644e-05  XNOR2_X1
mult_52_U349                   0.0006343    0.000452    0.001123   3.644e-05  XNOR2_X1
mult_52_U317                   0.0006432   0.0004406     0.00112   3.644e-05  XNOR2_X1
mult_52_U285                   0.0006358   0.0004466    0.001119   3.644e-05  XNOR2_X1
mult_52_U282                   0.0006358   0.0004461    0.001118   3.644e-05  XNOR2_X1
mult_52_U302                   0.0006433    0.000438    0.001118   3.644e-05  XNOR2_X1
mult_52_U260                   0.0006343   0.0004467    0.001117   3.644e-05  XNOR2_X1
reg_2_Q_reg_5_                 0.0007015   0.0003305    0.001117    8.53e-05  DFFR_X1
mult_52_U300                   0.0006434   0.0004348    0.001115   3.644e-05  XNOR2_X1
mult_49_U29                    0.0006027   0.0004342    0.001105   6.803e-05  FA_X1
mult_52_U284                   0.0006359   0.0004323    0.001105   3.644e-05  XNOR2_X1
reg_2_Q_reg_7_                 0.0007013   0.0003121    0.001099    8.53e-05  DFFR_X1
mult_52_U280                    0.000636   0.0004259    0.001098   3.644e-05  XNOR2_X1
mult_54_U45                    0.0006349   0.0004009    0.001097   6.128e-05  FA_X1
mult_49_U45                     0.000636   0.0003954    0.001093   6.136e-05  FA_X1
reg_2_Q_reg_8_                 0.0007012   0.0002989    0.001085    8.53e-05  DFFR_X1
mult_54_U25                     0.000604   0.0004122    0.001084   6.743e-05  FA_X1
add_1_root_add_0_root_add_55_2_U1  0.0005952   0.0004518    0.001083   3.616e-05  XOR2_X1
reg_2_Q_reg_2_                 0.0007011   0.0002962    0.001083    8.53e-05  DFFR_X1
mult_54_U28                    0.0006657   0.0003508    0.001082   6.512e-05  FA_X1
mult_49_U25                    0.0006037   0.0004028    0.001074    6.75e-05  FA_X1
mult_53_U244                   0.0005202   0.0005135     0.00107   3.621e-05  XOR2_X1
mult_52_U263                   0.0004794   0.0005554     0.00107    3.49e-05  OAI22_X1
add_1_root_add_0_root_add_50_2_U2  0.0005764   0.0004568    0.001069   3.616e-05  XOR2_X1
mult_52_U261                   0.0004794   0.0005505    0.001065    3.49e-05  OAI22_X1
mult_54_U29                    0.0006015   0.0003856    0.001055   6.817e-05  FA_X1
mult_52_U320                   0.0004835    0.000536    0.001054    3.49e-05  OAI22_X1
mult_49_U28                    0.0006516   0.0003306    0.001047   6.523e-05  FA_X1
reg_2_Q_reg_4_                 0.0007008   0.0002613    0.001047    8.53e-05  DFFR_X1
reg_2_Q_reg_6_                 0.0007008   0.0002608    0.001047    8.53e-05  DFFR_X1
mult_49_U43                    0.0006032   0.0003783    0.001047   6.526e-05  FA_X1
mult_52_U259                   0.0004793   0.0005303    0.001044    3.49e-05  OAI22_X1
mult_54_U36                    0.0005923   0.0003808    0.001038   6.459e-05  FA_X1
mult_52_U265                   0.0004794   0.0005189    0.001033    3.49e-05  OAI22_X1
mult_52_U311                   0.0004836   0.0005139    0.001032    3.49e-05  OAI22_X1
mult_53_U343                   0.0002267   0.0007663    0.001031   3.776e-05  XOR2_X1
mult_52_U239                   0.0005438   0.0004506    0.001031   3.624e-05  XOR2_X1
reg_2_Q_reg_1_                 0.0006943   0.0002488    0.001028    8.53e-05  DFFR_X1
mult_49_U36                    0.0005927   0.0003666    0.001024   6.469e-05  FA_X1
mult_54_U32                    0.0005801   0.0003748    0.001019   6.412e-05  FA_X1
mult_54_U43                    0.0006025   0.0003499    0.001018   6.519e-05  FA_X1
mult_52_U281                   0.0004813   0.0005005    0.001017    3.49e-05  OAI22_X1
mult_52_U316                   0.0004836   0.0004981    0.001017    3.49e-05  OAI22_X1
mult_52_U293                    0.000484   0.0004976    0.001016    3.49e-05  OAI22_X1
mult_52_U314                   0.0004837   0.0004953    0.001014    3.49e-05  OAI22_X1
mult_48_U245                   0.0006552   0.0003247    0.001013   3.309e-05  XOR2_X1
mult_53_U329                    0.000105   0.0008904    0.001012   1.708e-05  NAND2_X1
mult_54_U19                    0.0006036   0.0003389     0.00101   6.743e-05  FA_X1
mult_52_U301                   0.0004838   0.0004877    0.001006    3.49e-05  OAI22_X1
mult_48_U244                   0.0005193   0.0004496    0.001005   3.623e-05  XOR2_X1
mult_54_U240                   0.0006619   0.0003088    0.001003   3.268e-05  XOR2_X1
mult_48_U343                   0.0002266    0.000739    0.001003   3.776e-05  XOR2_X1
mult_49_U32                    0.0005828    0.000356    0.001003   6.434e-05  FA_X1
mult_52_U318                   0.0004836   0.0004804   0.0009989    3.49e-05  OAI22_X1
mult_53_U245                    0.000655   0.0003099    0.000998   3.309e-05  XOR2_X1
mult_52_U240                   0.0006551   0.0003078   0.0009961   3.321e-05  XOR2_X1
mult_49_U19                    0.0006035    0.000324   0.0009954   6.787e-05  FA_X1
mult_48_U50                     0.000556   0.0003823   0.0009932   5.497e-05  HA_X1
mult_52_U295                   0.0004841    0.000474   0.0009929    3.49e-05  OAI22_X1
mult_53_U50                    0.0005557   0.0003811   0.0009917   5.497e-05  HA_X1
mult_52_U275                   0.0004814   0.0004741   0.0009904    3.49e-05  OAI22_X1
mult_54_U23                    0.0006027   0.0003141   0.0009868   6.999e-05  FA_X1
mult_52_U283                   0.0004812   0.0004581   0.0009743    3.49e-05  OAI22_X1
mult_52_U291                    0.000484   0.0004527   0.0009716    3.49e-05  OAI22_X1
mult_48_U351                   0.0001042   0.0008488     0.00097   1.708e-05  NAND2_X1
mult_53_U310                    0.000105   0.0008473   0.0009694   1.708e-05  NAND2_X1
mult_52_U289                   0.0004831   0.0004512   0.0009692    3.49e-05  OAI22_X1
mult_52_U297                   0.0004841   0.0004493   0.0009682    3.49e-05  OAI22_X1
mult_48_U329                   0.0001049   0.0008443   0.0009663   1.708e-05  NAND2_X1
mult_52_U309                   0.0004828   0.0004482    0.000966    3.49e-05  OAI22_X1
mult_48_U310                   0.0001053   0.0008419   0.0009642   1.708e-05  NAND2_X1
mult_53_U219                   7.116e-05   0.0008749   0.0009603   1.423e-05  INV_X1
mult_52_U258                    0.000479   0.0004421   0.0009561    3.49e-05  OAI22_X1
mult_53_U351                   0.0001042   0.0008284   0.0009496   1.708e-05  NAND2_X1
mult_49_U23                    0.0005854   0.0002938   0.0009495   7.026e-05  FA_X1
mult_49_U41                    0.0005356   0.0003462   0.0009455   6.379e-05  FA_X1
mult_49_U46                    0.0005336   0.0003469   0.0009437   6.318e-05  FA_X1
mult_49_U244                    0.000471    0.000436   0.0009432   3.619e-05  XOR2_X1
mult_48_U44                    0.0005316   0.0003553   0.0009429   5.594e-05  HA_X1
FE_OFC12_mult_49_n307          0.0001359   0.0007856   0.0009428   2.134e-05  BUF_X1
mult_52_U331                   0.0006406   0.0002657   0.0009427   3.644e-05  XNOR2_X1
mult_52_U271                   0.0004803   0.0004262   0.0009415    3.49e-05  OAI22_X1
FE_DBTC3_q_reg2_0              4.041e-05   0.0008877   0.0009414   1.326e-05  INV_X1
mult_54_U41                     0.000534   0.0003429   0.0009404    6.36e-05  FA_X1
mult_48_U217                   7.132e-05   0.0008474   0.0009329   1.423e-05  INV_X1
FE_OFC14_mult_49_n304          0.0001358    0.000772   0.0009291   2.134e-05  BUF_X1
FE_OFC17_mult_54_n302          0.0001359    0.000768   0.0009252    2.13e-05  BUF_X1
mult_54_U46                    0.0005318   0.0003296   0.0009245   6.305e-05  FA_X1
mult_54_U49                    0.0005319   0.0003285   0.0009235   6.305e-05  FA_X1
mult_53_U44                    0.0005314   0.0003348   0.0009222   5.594e-05  HA_X1
mult_53_U48                    0.0005313   0.0003343   0.0009215   5.594e-05  HA_X1
mult_49_U49                    0.0005332   0.0003247    0.000921   6.318e-05  FA_X1
mult_48_U48                    0.0005311   0.0003256   0.0009126   5.594e-05  HA_X1
FE_OFC16_mult_54_n299          0.0001358   0.0007511   0.0009082    2.13e-05  BUF_X1
mult_52_U329                   0.0006406   0.0002295   0.0009065   3.644e-05  XNOR2_X1
mult_52_U299                    0.000484   0.0003863   0.0009052    3.49e-05  OAI22_X1
mult_52_U310                   0.0006437   0.0002238   0.0009039   3.644e-05  XNOR2_X1
mult_52_U277                   0.0004813   0.0003876   0.0009038    3.49e-05  OAI22_X1
mult_49_U40                     0.000516   0.0003222   0.0009018   6.364e-05  FA_X1
mult_52_U290                   0.0006438   0.0002175   0.0008977   3.644e-05  XNOR2_X1
mult_52_U343                   0.0006366   0.0002276   0.0008973    3.32e-05  AOI222_X1
mult_52_U335                   0.0006405   0.0002197   0.0008967   3.644e-05  XNOR2_X1
mult_52_U267                    0.000479   0.0003815   0.0008954    3.49e-05  OAI22_X1
mult_52_U337                   0.0006405   0.0002161   0.0008931   3.644e-05  XNOR2_X1
mult_52_U340                   0.0006016   0.0002517   0.0008923   3.893e-05  AOI222_X1
mult_52_U333                   0.0006405   0.0002144   0.0008914   3.644e-05  XNOR2_X1
mult_52_U244                   0.0006405   0.0002144   0.0008914   3.644e-05  XNOR2_X1
mult_52_U272                   0.0006366   0.0002175   0.0008906   3.644e-05  XNOR2_X1
mult_52_U242                   0.0006433   0.0002105     0.00089   3.616e-05  XOR2_X1
mult_52_U245                   0.0004042   0.0004495   0.0008897   3.594e-05  OAI21_X1
FE_OFC10_q_reg2_3              0.0001154   0.0007523   0.0008897   2.199e-05  BUF_X1
mult_52_U253                   0.0006403   0.0002127   0.0008895   3.644e-05  XNOR2_X1
add_1_root_add_0_root_add_55_2_U2   0.000506   0.0003581   0.0008892   2.506e-05  AND2_X1
mult_48_U344                   0.0005394   0.0003113   0.0008876   3.695e-05  AOI222_X1
mult_52_U247                   0.0004043   0.0004472   0.0008874   3.594e-05  OAI21_X1
add_0_root_add_0_root_add_55_2_U2  0.0005072   0.0003528   0.0008851   2.507e-05  AND2_X1
reg_2_Q_reg_0_                 0.0006878    0.000111   0.0008841    8.53e-05  DFFR_X1
mult_53_U345                   0.0005873   0.0002553   0.0008805   3.789e-05  AOI222_X1
mult_52_U279                   0.0004811   0.0003618   0.0008778    3.49e-05  OAI22_X1
mult_52_U273                   0.0004813   0.0003562   0.0008724    3.49e-05  OAI22_X1
mult_52_U341                   0.0005904    0.000244   0.0008712   3.683e-05  AOI222_X1
mult_54_U40                    0.0005144   0.0002885   0.0008665   6.357e-05  FA_X1
mult_52_U221                   0.0002894   0.0005612    0.000865   1.435e-05  INV_X1
mult_49_U20                    0.0004737   0.0003125   0.0008591    7.29e-05  FA_X1
mult_52_U344                   0.0004027   0.0004179   0.0008565   3.594e-05  OAI21_X1
mult_52_U347                   0.0005868   0.0002324   0.0008556   3.644e-05  XNOR2_X1
mult_52_U252                    0.000275   0.0005628   0.0008553   1.739e-05  NAND2_X1
mult_52_U339                   0.0005777   0.0002326   0.0008478   3.753e-05  AOI222_X1
mult_53_U344                   0.0005366   0.0002677   0.0008411   3.685e-05  AOI222_X1
mult_52_U306                   0.0005853   0.0002193    0.000841   3.644e-05  XNOR2_X1
add_0_root_add_0_root_add_55_2_U1  0.0005912   0.0002117   0.0008391   3.616e-05  XOR2_X1
mult_52_U325                   0.0005847   0.0002087   0.0008298   3.644e-05  XNOR2_X1
add_0_root_add_0_root_add_50_2_U1  0.0004661   0.0003363   0.0008275   2.506e-05  AND2_X1
mult_48_U345                    0.000572   0.0002153   0.0008254   3.798e-05  AOI222_X1
mult_52_U336                   0.0003112   0.0004881   0.0008205    2.12e-05  NOR2_X1
mult_52_U243                   0.0003112   0.0004879   0.0008202    2.12e-05  NOR2_X1
mult_52_U342                   0.0005407   0.0002323   0.0008069   3.392e-05  AOI222_X1
mult_52_U334                   0.0003117    0.000471   0.0008039    2.12e-05  NOR2_X1
mult_52_U348                      0.0005   0.0002687   0.0008036    3.49e-05  OAI22_X1
mult_52_U332                   0.0003116   0.0004673   0.0008002    2.12e-05  NOR2_X1
FE_DBTC6_q_reg1_3              6.086e-05   0.0007179   0.0007924   1.362e-05  INV_X1
mult_52_U330                   0.0003128   0.0004541    0.000788    2.12e-05  NOR2_X1
mult_52_U328                   0.0003123   0.0004509   0.0007844    2.12e-05  NOR2_X1
mult_52_U215                   0.0005945   0.0001476   0.0007782   3.616e-05  XOR2_X1
FE_RC_15_0                     0.0004026   0.0003391   0.0007741   3.238e-05  AOI21_X1
mult_52_U251                    0.000267   0.0004759   0.0007686   2.568e-05  NAND2_X1
mult_52_U214                    0.000595   0.0001309   0.0007621   3.616e-05  XOR2_X1
mult_54_U338                   0.0001696   0.0005525   0.0007606   3.848e-05  XOR2_X1
mult_52_U234                   0.0001914   0.0005445    0.000749   1.303e-05  INV_X1
mult_54_U44                    0.0003858   0.0003031   0.0007446   5.569e-05  HA_X1
mult_52_U254                   0.0004849   0.0002218   0.0007415    3.49e-05  OAI22_X1
mult_54_U50                    0.0004026   0.0002806   0.0007374   5.429e-05  HA_X1
mult_49_U343                   0.0001698   0.0005267    0.000735   3.848e-05  XOR2_X1
mult_52_U236                   0.0002183   0.0005016    0.000733   1.303e-05  INV_X1
mult_49_U245                   0.0004772    0.000222   0.0007322   3.301e-05  XOR2_X1
mult_49_U50                    0.0004024   0.0002752   0.0007319   5.429e-05  HA_X1
mult_54_U346                   7.625e-05   0.0006338   0.0007268   1.669e-05  NAND2_X1
mult_49_U329                    7.59e-05    0.000633   0.0007255   1.663e-05  NAND2_X1
mult_49_U310                   7.586e-05    0.000626   0.0007185   1.663e-05  NAND2_X1
mult_54_U305                   7.668e-05   0.0006249   0.0007183   1.669e-05  NAND2_X1
mult_54_U217                    5.22e-05   0.0006493   0.0007155   1.407e-05  INV_X1
mult_54_U324                   7.695e-05   0.0006216   0.0007153   1.669e-05  NAND2_X1
mult_48_U255                   0.0003994    0.000281   0.0007124     3.2e-05  XNOR2_X1
mult_52_U228                    0.000205   0.0004898   0.0007111   1.626e-05  INV_X1
mult_53_U255                   0.0003994   0.0002778   0.0007092     3.2e-05  XNOR2_X1
mult_52_U241                   0.0002733   0.0004151   0.0007058   1.739e-05  NAND2_X1
mult_52_U231                   0.0003944   0.0002773    0.000703   3.136e-05  MUX2_X1
FE_RC_17_0                     0.0004058   0.0002608    0.000699   3.238e-05  AOI21_X1
FE_RC_16_0                     0.0004065   0.0002561    0.000695   3.238e-05  AOI21_X1
mult_53_U346                   0.0004678   0.0001868   0.0006906   3.595e-05  AOI222_X1
mult_49_U351                   7.638e-05   0.0005929    0.000686   1.669e-05  NAND2_X1
mult_48_U346                   0.0004571   0.0001877   0.0006809   3.601e-05  AOI222_X1
mult_49_U217                   5.235e-05   0.0006137   0.0006801   1.407e-05  INV_X1
mult_52_U223                   0.0002238   0.0004431   0.0006798   1.303e-05  INV_X1
mult_49_U44                    0.0003843   0.0002384   0.0006785   5.577e-05  HA_X1
mult_49_U48                    0.0003842   0.0002367   0.0006767   5.577e-05  HA_X1
mult_54_U48                    0.0003847   0.0002267    0.000667   5.569e-05  HA_X1
mult_54_U339                   0.0004274   0.0001995   0.0006633   3.637e-05  AOI222_X1
mult_52_U216                   0.0002096   0.0004345   0.0006602   1.614e-05  INV_X1
FE_RC_14_0                     0.0003999   0.0002274   0.0006596   3.238e-05  AOI21_X1
mult_52_U229                   0.0002072   0.0004344   0.0006588   1.727e-05  INV_X1
mult_52_U230                   0.0002097   0.0004292    0.000656   1.705e-05  INV_X1
mult_52_U217                   0.0002089   0.0004296   0.0006554    1.68e-05  INV_X1
mult_53_U213                   0.0002105   0.0004256   0.0006525   1.648e-05  INV_X1
mult_48_U213                   0.0001994    0.000432   0.0006477   1.637e-05  INV_X1
mult_53_U355                   8.665e-05   0.0005347   0.0006404   1.909e-05  NAND2_X1
mult_53_U260                   0.0002229   0.0003819     0.00064   3.523e-05  OAI22_X1
mult_48_U355                   8.981e-05   0.0005231    0.000632   1.909e-05  NAND2_X1
mult_48_U260                    0.000223   0.0003694   0.0006276   3.523e-05  OAI22_X1
mult_48_U222                   0.0002208   0.0003812   0.0006185   1.644e-05  INV_X1
mult_53_U221                   0.0002162   0.0003705   0.0006031   1.653e-05  INV_X1
mult_52_U225                   0.0002256   0.0003599   0.0005986   1.303e-05  INV_X1
FE_DBTC4_q_reg1_7              6.305e-05   0.0005179   0.0005945   1.362e-05  INV_X1
mult_48_U261                   0.0002234   0.0003357   0.0005943   3.523e-05  OAI22_X1
mult_53_U261                   0.0002233   0.0003348   0.0005934   3.523e-05  OAI22_X1
mult_52_U249                   0.0003082   0.0002558   0.0005905   2.648e-05  AND3_X1
mult_48_U262                   0.0002232   0.0003301   0.0005886   3.523e-05  OAI22_X1
mult_54_U340                   0.0003921   0.0001561   0.0005854    3.72e-05  AOI222_X1
mult_53_U262                   0.0002235   0.0003264   0.0005852   3.523e-05  OAI22_X1
mult_52_U235                   0.0001927   0.0003753   0.0005807   1.276e-05  INV_X1
mult_52_U226                   0.0001932   0.0003745   0.0005804   1.276e-05  INV_X1
mult_52_U227                   0.0001929   0.0003713   0.0005769   1.276e-05  INV_X1
FE_DBTC5_q_reg1_5              6.257e-05   0.0004992   0.0005754   1.362e-05  INV_X1
mult_52_U224                   0.0001911   0.0003703   0.0005741   1.276e-05  INV_X1
FE_DBTC2_q_reg2_3              4.406e-05    0.000512   0.0005694   1.326e-05  INV_X1
mult_49_U344                   0.0003627   0.0001589   0.0005582   3.661e-05  AOI222_X1
mult_52_U232                   0.0004142   0.0001112    0.000549   2.363e-05  AND2_X1
mult_53_U214                    0.000165   0.0003568    0.000539   1.709e-05  INV_X1
mult_53_U286                   0.0002225   0.0002797   0.0005374   3.523e-05  OAI22_X1
mult_54_U250                   0.0002925   0.0002055   0.0005298   3.177e-05  XNOR2_X1
mult_49_U255                   0.0002918   0.0002052   0.0005289   3.189e-05  XNOR2_X1
mult_53_U288                   0.0002224   0.0002606   0.0005183   3.523e-05  OAI22_X1
mult_48_U286                   0.0002226    0.000259   0.0005168   3.523e-05  OAI22_X1
mult_48_U356                   0.0002425   0.0002399   0.0005165   3.406e-05  XOR2_X1
mult_48_U214                   0.0001621    0.000337   0.0005161     1.7e-05  INV_X1
mult_48_U288                   0.0002226   0.0002573   0.0005151   3.523e-05  OAI22_X1
mult_48_U270                   0.0002155   0.0002588   0.0005109   3.665e-05  OAI22_X1
mult_48_U268                   0.0002155   0.0002587   0.0005108   3.665e-05  OAI22_X1
ff_1_Q_reg                     0.0003336   9.089e-05   0.0005107   8.621e-05  DFFR_X1
mult_48_U319                   0.0002233   0.0002402   0.0004987   3.523e-05  OAI22_X1
mult_53_U270                   0.0002151   0.0002452    0.000497   3.665e-05  OAI22_X1
mult_48_U306                   0.0002235   0.0002351   0.0004939   3.523e-05  OAI22_X1
mult_49_U345                   0.0003309   0.0001251   0.0004934   3.739e-05  AOI222_X1
mult_48_U325                   0.0002233   0.0002325   0.0004911   3.523e-05  OAI22_X1
mult_48_U321                   0.0002233   0.0002301   0.0004887   3.523e-05  OAI22_X1
mult_53_U356                   0.0002424   0.0002113   0.0004878   3.406e-05  XOR2_X1
mult_54_U222                   0.0001696   0.0003005   0.0004868   1.671e-05  INV_X1
mult_53_U316                   0.0002238   0.0002272   0.0004862   3.523e-05  OAI22_X1
mult_48_U280                   0.0002225   0.0002273    0.000485   3.523e-05  OAI22_X1
add_1_root_add_0_root_add_50_2_U1  0.0002618   0.0001975   0.0004843   2.507e-05  AND2_X1
mult_53_U280                   0.0002224   0.0002266   0.0004842   3.523e-05  OAI22_X1
mult_53_U325                   0.0002238   0.0002241   0.0004831   3.523e-05  OAI22_X1
mult_54_U350                   6.873e-05   0.0003945    0.000483   1.987e-05  NAND2_X1
mult_53_U268                   0.0002151   0.0002311   0.0004828   3.665e-05  OAI22_X1
mult_54_U341                   0.0003146   0.0001329   0.0004828   3.533e-05  AOI222_X1
mult_53_U306                   0.0002235   0.0002238   0.0004826   3.523e-05  OAI22_X1
mult_53_U319                   0.0002238   0.0002233   0.0004823   3.523e-05  OAI22_X1
mult_48_U316                   0.0002233   0.0002228   0.0004814   3.523e-05  OAI22_X1
mult_53_U300                   0.0002235   0.0002226   0.0004813   3.523e-05  OAI22_X1
mult_53_U298                   0.0002235   0.0002226   0.0004813   3.523e-05  OAI22_X1
mult_48_U300                   0.0002236   0.0002222    0.000481   3.523e-05  OAI22_X1
mult_48_U298                   0.0002235    0.000222   0.0004807   3.523e-05  OAI22_X1
mult_48_U323                   0.0002233   0.0002218   0.0004803   3.523e-05  OAI22_X1
mult_53_U266                   0.0002151   0.0002283     0.00048   3.665e-05  OAI22_X1
mult_48_U266                   0.0002156   0.0002272   0.0004794   3.665e-05  OAI22_X1
mult_48_U272                   0.0002156   0.0002262   0.0004784   3.665e-05  OAI22_X1
mult_53_U264                    0.000215   0.0002267   0.0004783   3.665e-05  OAI22_X1
mult_53_U321                   0.0002238   0.0002187   0.0004777   3.523e-05  OAI22_X1
mult_53_U302                   0.0002235   0.0002164   0.0004751   3.523e-05  OAI22_X1
mult_48_U302                   0.0002235   0.0002145   0.0004732   3.523e-05  OAI22_X1
mult_53_U323                   0.0002238   0.0002098   0.0004688   3.523e-05  OAI22_X1
mult_53_U314                   0.0002234   0.0002095   0.0004681   3.523e-05  OAI22_X1
mult_48_U296                   0.0002235   0.0002087   0.0004674   3.523e-05  OAI22_X1
mult_53_U256                   0.0001529   0.0002873   0.0004661   2.595e-05  NAND2_X1
mult_48_U264                   0.0002156   0.0002124   0.0004647   3.665e-05  OAI22_X1
mult_53_U296                   0.0002235   0.0002056   0.0004643   3.523e-05  OAI22_X1
mult_48_U276                   0.0002221   0.0002061   0.0004635   3.523e-05  OAI22_X1
mult_53_U294                   0.0002231   0.0002036   0.0004619   3.523e-05  OAI22_X1
mult_48_U294                   0.0002231   0.0002022   0.0004606   3.523e-05  OAI22_X1
mult_48_U314                   0.0002229   0.0002007   0.0004589   3.523e-05  OAI22_X1
mult_49_U355                   6.933e-05   0.0003697   0.0004589   1.987e-05  NAND2_X1
mult_53_U263                   0.0002154   0.0002054   0.0004575   3.665e-05  OAI22_X1
mult_49_U260                   0.0001615   0.0002598   0.0004569   3.564e-05  OAI22_X1
mult_53_U284                   0.0002224   0.0001982   0.0004558   3.523e-05  OAI22_X1
mult_54_U255                   0.0001618   0.0002572   0.0004547   3.564e-05  OAI22_X1
mult_48_U263                   0.0002156   0.0002019   0.0004542   3.665e-05  OAI22_X1
mult_53_U276                   0.0002221   0.0001942   0.0004514   3.523e-05  OAI22_X1
mult_48_U304                   0.0002235   0.0001919   0.0004507   3.523e-05  OAI22_X1
mult_48_U256                   0.0001527   0.0002713   0.0004499   2.595e-05  NAND2_X1
FE_DBTC0_q_reg2_7              5.972e-05   0.0003765   0.0004495   1.326e-05  INV_X1
mult_53_U272                   0.0002151   0.0001966   0.0004483   3.665e-05  OAI22_X1
mult_54_U213                    0.000138   0.0002874   0.0004422   1.669e-05  INV_X1
mult_53_U347                   0.0002884   0.0001207   0.0004421     3.3e-05  AOI222_X1
FE_DBTC1_q_reg2_5              6.004e-05   0.0003687    0.000442   1.326e-05  INV_X1
mult_54_U256                   0.0001621   0.0002428   0.0004405   3.564e-05  OAI22_X1
mult_53_U354                   0.0002216   0.0001816   0.0004399    3.67e-05  XNOR2_X1
mult_54_U257                   0.0001621   0.0002419   0.0004396   3.564e-05  OAI22_X1
mult_49_U221                   0.0001371   0.0002857   0.0004393   1.651e-05  INV_X1
mult_48_U284                   0.0002225   0.0001808   0.0004386   3.523e-05  OAI22_X1
mult_53_U348                   0.0002969   0.0001096   0.0004383   3.181e-05  AOI222_X1
mult_53_U304                   0.0002235   0.0001781   0.0004369   3.523e-05  OAI22_X1
mult_48_U348                   0.0002934   0.0001092   0.0004346   3.202e-05  AOI222_X1
mult_53_U352                    0.000219   0.0001794   0.0004344   3.597e-05  XNOR2_X1
mult_49_U261                   0.0001612    0.000237   0.0004336   3.541e-05  OAI22_X1
mult_49_U262                   0.0001633   0.0002348   0.0004335   3.541e-05  OAI22_X1
mult_53_U318                   0.0002186   0.0001777   0.0004329    3.67e-05  XNOR2_X1
mult_53_U269                   0.0002153   0.0001806   0.0004326    3.67e-05  XNOR2_X1
mult_48_U347                   0.0002795   0.0001189   0.0004314   3.305e-05  AOI222_X1
mult_52_U248                   0.0002906   0.0001163   0.0004313   2.441e-05  OR3_X1
mult_48_U301                   0.0002176   0.0001761   0.0004304    3.67e-05  XNOR2_X1
mult_52_U246                    0.000291   0.0001144   0.0004298   2.441e-05  OR3_X1
mult_53_U311                   0.0002169   0.0001754   0.0004283   3.597e-05  XNOR2_X1
mult_53_U303                    0.000219   0.0001717   0.0004274    3.67e-05  XNOR2_X1
mult_48_U265                   0.0002219   0.0001681   0.0004267    3.67e-05  XNOR2_X1
mult_48_U289                   0.0002172   0.0001727   0.0004266    3.67e-05  XNOR2_X1
mult_53_U282                   0.0002224   0.0001685   0.0004261   3.523e-05  OAI22_X1
mult_53_U289                   0.0002191   0.0001702    0.000426    3.67e-05  XNOR2_X1
mult_48_U273                    0.000222    0.000167   0.0004256    3.67e-05  XNOR2_X1
mult_48_U282                   0.0002225   0.0001679   0.0004256   3.523e-05  OAI22_X1
mult_48_U278                   0.0002225    0.000167   0.0004247   3.523e-05  OAI22_X1
mult_48_U331                   0.0002188   0.0001688   0.0004243    3.67e-05  XNOR2_X1
mult_53_U308                    0.000219   0.0001682    0.000424    3.67e-05  XNOR2_X1
mult_53_U278                   0.0002224   0.0001657   0.0004233   3.523e-05  OAI22_X1
mult_52_U327                   0.0001633   0.0002384    0.000423    2.12e-05  NOR2_X1
mult_48_U267                    0.000222   0.0001637   0.0004224    3.67e-05  XNOR2_X1
mult_48_U354                   0.0002219   0.0001631   0.0004218    3.67e-05  XNOR2_X1
mult_53_U299                   0.0002191   0.0001659   0.0004216    3.67e-05  XNOR2_X1
mult_48_U269                    0.000222   0.0001624   0.0004211    3.67e-05  XNOR2_X1
mult_48_U326                   0.0002188    0.000165   0.0004205    3.67e-05  XNOR2_X1
mult_48_U287                   0.0002172   0.0001663   0.0004203    3.67e-05  XNOR2_X1
mult_48_U320                   0.0002187   0.0001643   0.0004197    3.67e-05  XNOR2_X1
mult_53_U279                   0.0002193   0.0001636   0.0004196    3.67e-05  XNOR2_X1
mult_48_U271                    0.000222   0.0001607   0.0004194    3.67e-05  XNOR2_X1
mult_48_U303                   0.0002177    0.000165   0.0004193    3.67e-05  XNOR2_X1
mult_48_U312                   0.0002177   0.0001647   0.0004191    3.67e-05  XNOR2_X1
mult_53_U320                    0.000219   0.0001634   0.0004191    3.67e-05  XNOR2_X1
mult_53_U322                    0.000219   0.0001632   0.0004189    3.67e-05  XNOR2_X1
mult_53_U331                    0.000219   0.0001631   0.0004188    3.67e-05  XNOR2_X1
mult_48_U275                   0.0002221   0.0001597   0.0004185    3.67e-05  XNOR2_X1
mult_53_U317                    0.000219   0.0001624   0.0004181    3.67e-05  XNOR2_X1
mult_53_U330                   0.0002172   0.0001648   0.0004179   3.597e-05  XNOR2_X1
mult_53_U271                   0.0002153   0.0001657   0.0004177    3.67e-05  XNOR2_X1
mult_48_U327                   0.0002188   0.0001622   0.0004177    3.67e-05  XNOR2_X1
mult_48_U318                   0.0002187   0.0001618   0.0004173    3.67e-05  XNOR2_X1
mult_53_U324                    0.000219   0.0001614   0.0004171    3.67e-05  XNOR2_X1
mult_48_U317                   0.0002187    0.000161   0.0004164    3.67e-05  XNOR2_X1
mult_53_U273                   0.0002153   0.0001643   0.0004163    3.67e-05  XNOR2_X1
mult_48_U292                   0.0002177   0.0001605   0.0004162    3.81e-05  XOR2_X1
mult_48_U290                   0.0002173   0.0001621   0.0004161    3.67e-05  XNOR2_X1
mult_53_U275                   0.0002153   0.0001637   0.0004157    3.67e-05  XNOR2_X1
mult_53_U307                   0.0002191   0.0001595   0.0004153    3.67e-05  XNOR2_X1
mult_53_U326                    0.000219   0.0001591   0.0004148    3.67e-05  XNOR2_X1
mult_53_U283                   0.0002192   0.0001588   0.0004147    3.67e-05  XNOR2_X1
mult_53_U327                    0.000219   0.0001589   0.0004147    3.67e-05  XNOR2_X1
mult_48_U307                   0.0002177   0.0001601   0.0004146    3.67e-05  XNOR2_X1
mult_48_U322                   0.0002188   0.0001589   0.0004144    3.67e-05  XNOR2_X1
mult_53_U285                   0.0002192   0.0001584   0.0004143    3.67e-05  XNOR2_X1
mult_53_U305                   0.0002191   0.0001582    0.000414    3.67e-05  XNOR2_X1
mult_53_U290                   0.0002192   0.0001576   0.0004135    3.67e-05  XNOR2_X1
mult_53_U287                   0.0002192   0.0001573   0.0004133    3.67e-05  XNOR2_X1
mult_53_U292                   0.0002175   0.0001575   0.0004131    3.81e-05  XOR2_X1
mult_48_U308                   0.0002177   0.0001583   0.0004128    3.67e-05  XNOR2_X1
mult_53_U281                   0.0002192   0.0001567   0.0004126    3.67e-05  XNOR2_X1
mult_48_U297                   0.0002177   0.0001581   0.0004125    3.67e-05  XNOR2_X1
mult_53_U267                   0.0002153   0.0001605   0.0004125    3.67e-05  XNOR2_X1
mult_48_U324                   0.0002188   0.0001567   0.0004122    3.67e-05  XNOR2_X1
mult_48_U299                   0.0002177   0.0001577   0.0004121    3.67e-05  XNOR2_X1
mult_48_U285                   0.0002173    0.000158    0.000412    3.67e-05  XNOR2_X1
mult_53_U301                   0.0002191   0.0001561   0.0004119    3.67e-05  XNOR2_X1
mult_53_U297                   0.0002192   0.0001545   0.0004104    3.67e-05  XNOR2_X1
mult_53_U312                   0.0002191   0.0001544   0.0004102    3.67e-05  XNOR2_X1
mult_48_U279                   0.0002173    0.000156   0.0004099    3.67e-05  XNOR2_X1
mult_48_U281                   0.0002172   0.0001557   0.0004096    3.67e-05  XNOR2_X1
mult_48_U283                   0.0002173   0.0001551    0.000409    3.67e-05  XNOR2_X1
mult_53_U265                   0.0002153   0.0001569    0.000409    3.67e-05  XNOR2_X1
mult_48_U305                   0.0002178   0.0001535    0.000408    3.67e-05  XNOR2_X1
mult_49_U346                   0.0002654   9.931e-05   0.0004002   3.547e-05  AOI222_X1
mult_52_U308                   0.0001364     0.00024   0.0003976    2.12e-05  NOR2_X1
mult_49_U356                   0.0001867   0.0001754   0.0003952   3.308e-05  XOR2_X1
mult_52_U288                   0.0001377   0.0002359   0.0003948    2.12e-05  NOR2_X1
mult_54_U311                   0.0001626   0.0001952   0.0003935   3.564e-05  OAI22_X1
mult_53_U217                   0.0001101   0.0002632   0.0003909   1.754e-05  INV_X1
mult_54_U291                   0.0001624   0.0001901   0.0003882   3.564e-05  OAI22_X1
mult_54_U295                   0.0001625   0.0001852   0.0003833   3.564e-05  OAI22_X1
mult_49_U288                   0.0001614   0.0001853   0.0003824   3.564e-05  OAI22_X1
mult_54_U293                   0.0001625   0.0001816   0.0003797   3.564e-05  OAI22_X1
mult_54_U314                   0.0001626   0.0001813   0.0003796   3.564e-05  OAI22_X1
mult_54_U316                   0.0001626   0.0001813   0.0003795   3.564e-05  OAI22_X1
mult_49_U292                   0.0001632    0.000175   0.0003772   3.907e-05  XOR2_X1
mult_49_U319                   0.0001635   0.0001773   0.0003762   3.541e-05  OAI22_X1
mult_54_U320                   0.0001623    0.000178   0.0003759   3.564e-05  OAI22_X1
mult_54_U289                   0.0001622   0.0001764   0.0003742   3.564e-05  OAI22_X1
mult_54_U318                   0.0001627   0.0001743   0.0003726   3.564e-05  OAI22_X1
mult_54_U326                    0.000158   0.0001755   0.0003704   3.683e-05  XNOR2_X1
mult_54_U351                   0.0001867   0.0001493   0.0003691   3.308e-05  XOR2_X1
mult_49_U321                   0.0001636   0.0001698   0.0003688   3.541e-05  OAI22_X1
mult_49_U286                   0.0001614   0.0001698   0.0003669   3.564e-05  OAI22_X1
mult_53_U259                   0.0002243   0.0001073   0.0003669   3.523e-05  OAI22_X1
mult_49_U270                   0.0001547   0.0001743   0.0003665   3.754e-05  OAI22_X1
mult_54_U297                   0.0001625   0.0001667   0.0003649   3.564e-05  OAI22_X1
mult_54_U283                   0.0001617   0.0001675   0.0003648   3.564e-05  OAI22_X1
mult_49_U316                   0.0001636   0.0001646   0.0003636   3.541e-05  OAI22_X1
mult_49_U325                   0.0001636   0.0001644   0.0003633   3.541e-05  OAI22_X1
mult_49_U268                   0.0001547   0.0001709   0.0003631   3.754e-05  OAI22_X1
mult_54_U275                   0.0001617   0.0001657   0.0003631   3.564e-05  OAI22_X1
mult_49_U300                   0.0001634   0.0001642    0.000363   3.541e-05  OAI22_X1
mult_49_U323                   0.0001636   0.0001638   0.0003627   3.541e-05  OAI22_X1
reg_1_U15                      0.0001861   0.0001584   0.0003619   1.739e-05  NAND2_X1
mult_48_U257                   9.894e-05   0.0002458   0.0003617   1.699e-05  NAND2_X1
reg_dout_U16                    0.000215   0.0001155   0.0003617    3.12e-05  OAI21_X1
mult_53_U231                   8.901e-05   0.0002594   0.0003614   1.297e-05  INV_X1
mult_48_U229                   8.886e-05   0.0002594   0.0003613   1.297e-05  INV_X1
mult_54_U301                   0.0001626   0.0001628    0.000361   3.564e-05  OAI22_X1
mult_48_U259                   0.0002237   0.0001018   0.0003608   3.523e-05  OAI22_X1
mult_49_U213                   0.0001142   0.0002297   0.0003603   1.648e-05  INV_X1
mult_49_U266                   0.0001547   0.0001671   0.0003593   3.754e-05  OAI22_X1
mult_54_U281                   0.0001617    0.000161   0.0003583   3.564e-05  OAI22_X1
mult_49_U280                   0.0001614   0.0001607   0.0003578   3.564e-05  OAI22_X1
mult_54_U214                   0.0001115   0.0002285   0.0003573   1.727e-05  INV_X1
mult_53_U215                   0.0001061   0.0002366   0.0003572   1.448e-05  INV_X1
mult_49_U296                   0.0001634   0.0001582    0.000357   3.541e-05  OAI22_X1
mult_49_U298                   0.0001634   0.0001577   0.0003566   3.541e-05  OAI22_X1
mult_54_U263                   0.0001548   0.0001626    0.000355   3.754e-05  OAI22_X1
mult_49_U264                   0.0001548     0.00016   0.0003523   3.754e-05  OAI22_X1
mult_54_U259                   0.0001549   0.0001593   0.0003517   3.754e-05  OAI22_X1
mult_53_U277                   0.0002194   9.534e-05   0.0003515    3.67e-05  XNOR2_X1
mult_49_U314                   0.0001633   0.0001524   0.0003511   3.541e-05  OAI22_X1
mult_49_U302                   0.0001635    0.000152   0.0003509   3.541e-05  OAI22_X1
mult_49_U306                   0.0001634   0.0001519   0.0003507   3.541e-05  OAI22_X1
mult_49_U322                   0.0001743    0.000139   0.0003502   3.683e-05  XNOR2_X1
mult_54_U309                   0.0001624   0.0001514   0.0003494   3.564e-05  OAI22_X1
mult_49_U294                   0.0001631   0.0001508   0.0003493   3.541e-05  OAI22_X1
mult_49_U276                   0.0001612   0.0001515   0.0003484   3.564e-05  OAI22_X1
mult_48_U226                   0.0001082   0.0002225   0.0003482   1.746e-05  INV_X1
mult_53_U237                   0.0001004   0.0002347   0.0003481   1.297e-05  INV_X1
mult_54_U265                   0.0001542   0.0001553    0.000347   3.754e-05  OAI22_X1
mult_53_U353                   0.0001973   0.0001126   0.0003465   3.665e-05  OAI22_X1
mult_48_U249                   0.0002187   9.113e-05   0.0003465    3.67e-05  XNOR2_X1
mult_53_U249                   0.0002191   8.861e-05   0.0003444    3.67e-05  XNOR2_X1
mult_53_U340                   0.0002191   8.834e-05   0.0003442    3.67e-05  XNOR2_X1
mult_54_U251                   0.0001113   0.0002064    0.000344    2.63e-05  NAND2_X1
mult_54_U261                   0.0001549   0.0001503   0.0003428   3.754e-05  OAI22_X1
reg_dout_U12                   0.0002147   9.661e-05   0.0003425    3.12e-05  OAI21_X1
mult_52_U345                   0.0002016   0.0001223    0.000342    1.81e-05  NAND3_X1
mult_49_U256                   0.0001114   0.0002041   0.0003416   2.611e-05  NAND2_X1
mult_53_U342                   0.0002191   8.538e-05   0.0003412    3.67e-05  XNOR2_X1
reg_1_U4                       0.0002153    9.45e-05   0.0003411    3.12e-05  OAI21_X1
mult_48_U247                    0.000226   8.072e-05    0.000341   3.423e-05  XOR2_X1
reg_dout_U2                    0.0002143   9.531e-05   0.0003408    3.12e-05  OAI21_X1
mult_48_U242                   0.0001007   0.0002269   0.0003406   1.297e-05  INV_X1
mult_54_U271                   0.0001614   0.0001435   0.0003406   3.564e-05  OAI22_X1
mult_49_U303                   0.0001744   0.0001291   0.0003404   3.683e-05  XNOR2_X1
mult_48_U353                   0.0001972   0.0001058   0.0003396   3.665e-05  OAI22_X1
mult_49_U318                   0.0001745   0.0001282   0.0003395   3.683e-05  XNOR2_X1
mult_53_U258                    0.000219   8.376e-05   0.0003395    3.67e-05  XNOR2_X1
mult_48_U342                   0.0002186   8.408e-05   0.0003394    3.67e-05  XNOR2_X1
mult_54_U347                    0.000159   0.0001445   0.0003394   3.588e-05  XNOR2_X1
mult_54_U287                   0.0001628   0.0001372   0.0003391   3.907e-05  XOR2_X1
mult_48_U258                   0.0002184   8.387e-05    0.000339    3.67e-05  XNOR2_X1
reg_dout_U10                   0.0002142   9.287e-05   0.0003383    3.12e-05  OAI21_X1
reg_dout_U4                    0.0002141   9.256e-05   0.0003379    3.12e-05  OAI21_X1
mult_49_U326                   0.0001746   0.0001263   0.0003376   3.683e-05  XNOR2_X1
mult_49_U304                   0.0001635   0.0001387   0.0003376   3.541e-05  OAI22_X1
reg_dout_U8                    0.0002141   9.221e-05   0.0003375    3.12e-05  OAI21_X1
mult_54_U303                   0.0001743   0.0001263   0.0003375   3.683e-05  XNOR2_X1
mult_53_U315                   0.0002192   8.148e-05   0.0003374    3.67e-05  XNOR2_X1
mult_48_U295                   0.0002176   8.299e-05   0.0003373    3.67e-05  XNOR2_X1
mult_49_U265                   0.0001715   0.0001288   0.0003372   3.683e-05  XNOR2_X1
reg_1_U14                       0.000216   8.997e-05   0.0003371    3.12e-05  OAI21_X1
mult_54_U315                   0.0001744   0.0001259   0.0003371   3.683e-05  XNOR2_X1
mult_54_U296                   0.0001744   0.0001259   0.0003371   3.683e-05  XNOR2_X1
mult_48_U338                   0.0002186    8.18e-05   0.0003371    3.67e-05  XNOR2_X1
mult_49_U317                   0.0001746   0.0001257   0.0003371   3.683e-05  XNOR2_X1
reg_dout_U6                    0.0002142   9.171e-05   0.0003371    3.12e-05  OAI21_X1
mult_49_U327                   0.0001746   0.0001254   0.0003368   3.683e-05  XNOR2_X1
mult_49_U324                   0.0001746   0.0001249   0.0003363   3.683e-05  XNOR2_X1
mult_53_U295                   0.0002193   8.008e-05   0.0003361    3.67e-05  XNOR2_X1
reg_1_U12                      0.0002142   9.027e-05   0.0003357    3.12e-05  OAI21_X1
reg_1_U2                       0.0002154   8.913e-05   0.0003357    3.12e-05  OAI21_X1
mult_49_U271                   0.0001716    0.000127   0.0003354   3.683e-05  XNOR2_X1
reg_dout_U14                   0.0002141   8.975e-05   0.0003351    3.12e-05  OAI21_X1
mult_48_U277                   0.0002171   8.122e-05    0.000335    3.67e-05  XNOR2_X1
mult_48_U215                   0.0001049   0.0002156    0.000335   1.448e-05  INV_X1
FE_RC_11_0                     0.0001823   0.0001201   0.0003349    3.25e-05  AOI21_X1
mult_54_U274                   0.0001619   0.0001361   0.0003348   3.683e-05  XNOR2_X1
mult_54_U294                   0.0001745   0.0001233   0.0003346   3.683e-05  XNOR2_X1
reg_dout_U18                    0.000214   8.906e-05   0.0003343    3.12e-05  OAI21_X1
mult_48_U315                   0.0002188   7.876e-05   0.0003343    3.67e-05  XNOR2_X1
mult_53_U247                   0.0002263   7.374e-05   0.0003343   3.423e-05  XOR2_X1
reg_1_U18                      0.0002142   8.875e-05   0.0003341    3.12e-05  OAI21_X1
mult_54_U258                    0.000155   0.0001415    0.000334   3.754e-05  OAI22_X1
reg_1_U10                       0.000215   8.748e-05   0.0003337    3.12e-05  OAI21_X1
mult_49_U301                   0.0001746   0.0001216    0.000333   3.683e-05  XNOR2_X1
mult_48_U334                   0.0002186   7.757e-05   0.0003328    3.67e-05  XNOR2_X1
mult_54_U312                   0.0001746   0.0001214   0.0003328   3.683e-05  XNOR2_X1
mult_49_U305                   0.0001746    0.000121   0.0003325   3.683e-05  XNOR2_X1
reg_1_U3                       0.0001874   0.0001275   0.0003323   1.739e-05  NAND2_X1
mult_49_U272                   0.0001548   0.0001399   0.0003322   3.754e-05  OAI22_X1
mult_49_U297                   0.0001746   0.0001208   0.0003322   3.683e-05  XNOR2_X1
mult_48_U340                   0.0002186   7.683e-05   0.0003322    3.67e-05  XNOR2_X1
reg_1_U8                       0.0002106   8.994e-05   0.0003317    3.12e-05  OAI21_X1
mult_54_U317                   0.0001745   0.0001204   0.0003317   3.683e-05  XNOR2_X1
mult_49_U299                   0.0001746   0.0001202   0.0003316   3.683e-05  XNOR2_X1
mult_49_U263                   0.0001549    0.000139   0.0003314   3.754e-05  OAI22_X1
mult_54_U266                   0.0001715   0.0001228   0.0003311   3.683e-05  XNOR2_X1
mult_54_U292                   0.0001746   0.0001195   0.0003309   3.683e-05  XNOR2_X1
mult_53_U336                   0.0002191   7.482e-05   0.0003307    3.67e-05  XNOR2_X1
mult_54_U349                   0.0001716   0.0001222   0.0003306   3.683e-05  XNOR2_X1
mult_53_U338                   0.0002191   7.456e-05   0.0003304    3.67e-05  XNOR2_X1
mult_54_U262                   0.0001715    0.000122   0.0003303   3.683e-05  XNOR2_X1
mult_54_U276                   0.0001619   0.0001315   0.0003302   3.683e-05  XNOR2_X1
mult_53_U334                   0.0002191   7.433e-05   0.0003302    3.67e-05  XNOR2_X1
mult_48_U336                   0.0002186    7.46e-05   0.0003299    3.67e-05  XNOR2_X1
mult_54_U260                   0.0001716   0.0001213   0.0003297   3.683e-05  XNOR2_X1
mult_48_U216                   0.0001039   0.0002126   0.0003295   1.297e-05  INV_X1
mult_49_U331                   0.0001747   0.0001179   0.0003294   3.683e-05  XNOR2_X1
mult_49_U267                   0.0001717   0.0001208   0.0003294   3.683e-05  XNOR2_X1
mult_49_U307                   0.0001746   0.0001178   0.0003293   3.683e-05  XNOR2_X1
mult_54_U313                   0.0001747   0.0001175    0.000329   3.683e-05  XNOR2_X1
mult_49_U320                   0.0001747   0.0001173   0.0003288   3.683e-05  XNOR2_X1
mult_49_U354                   0.0001717     0.00012   0.0003285   3.683e-05  XNOR2_X1
mult_49_U308                   0.0001746   0.0001169   0.0003284   3.683e-05  XNOR2_X1
mult_49_U284                   0.0001614   0.0001314   0.0003284   3.564e-05  OAI22_X1
mult_54_U319                   0.0001746   0.0001164   0.0003278   3.683e-05  XNOR2_X1
mult_49_U275                   0.0001717   0.0001192   0.0003278   3.683e-05  XNOR2_X1
mult_54_U264                   0.0001716   0.0001193   0.0003277   3.683e-05  XNOR2_X1
mult_54_U298                   0.0001745    0.000116   0.0003274   3.683e-05  XNOR2_X1
mult_49_U269                   0.0001717   0.0001186   0.0003272   3.683e-05  XNOR2_X1
mult_53_U250                    0.000141   0.0001481   0.0003266   3.757e-05  OAI21_X1
mult_48_U349                   0.0001408   0.0001484   0.0003266   3.731e-05  OAI21_X1
FE_RC_5_0                       0.000183   0.0001111   0.0003266    3.25e-05  AOI21_X1
FE_RC_4_0                      0.0001839   0.0001098   0.0003262    3.25e-05  AOI21_X1
mult_49_U273                   0.0001718   0.0001176   0.0003262   3.683e-05  XNOR2_X1
FE_RC_10_0                     0.0001837   0.0001098    0.000326    3.25e-05  AOI21_X1
mult_52_U233                   0.0002349    6.35e-05   0.0003249   2.654e-05  AND3_X1
mult_53_U216                   0.0001052   0.0002064   0.0003246   1.297e-05  INV_X1
mult_53_U349                   0.0001413   0.0001457   0.0003246   3.757e-05  OAI21_X1
mult_48_U250                   0.0001409    0.000146   0.0003244   3.757e-05  OAI21_X1
mult_49_U312                   0.0001748   0.0001126   0.0003241   3.683e-05  XNOR2_X1
mult_54_U282                   0.0001619   0.0001251   0.0003239   3.683e-05  XNOR2_X1
reg_1_U11                      0.0001808   0.0001252   0.0003234   1.739e-05  NAND2_X1
mult_49_U281                   0.0001631   0.0001235   0.0003234   3.683e-05  XNOR2_X1
mult_49_U287                   0.0001631   0.0001234   0.0003233   3.683e-05  XNOR2_X1
mult_53_U252                   0.0001413   0.0001442   0.0003231   3.757e-05  OAI21_X1
mult_53_U218                   9.697e-05   0.0002086   0.0003229   1.738e-05  INV_X1
FE_RC_6_0                      0.0001821   0.0001082   0.0003229    3.25e-05  AOI21_X1
reg_1_U5                       0.0001849   0.0001204   0.0003227   1.739e-05  NAND2_X1
mult_49_U282                   0.0001614   0.0001255   0.0003225   3.564e-05  OAI22_X1
reg_1_U6                       0.0002048   8.629e-05   0.0003223    3.12e-05  OAI21_X1
mult_53_U257                   9.917e-05   0.0002061   0.0003223   1.699e-05  NAND2_X1
mult_49_U289                   0.0001631    0.000122   0.0003219   3.683e-05  XNOR2_X1
mult_54_U267                   0.0001537   0.0001307   0.0003219   3.754e-05  OAI22_X1
mult_48_U252                   0.0001411   0.0001432   0.0003218   3.757e-05  OAI21_X1
mult_49_U283                   0.0001631   0.0001218   0.0003217   3.683e-05  XNOR2_X1
mult_54_U299                   0.0001621   0.0001233    0.000321   3.564e-05  OAI22_X1
reg_1_U7                       0.0001792   0.0001239   0.0003205   1.739e-05  NAND2_X1
mult_54_U278                   0.0001619   0.0001216   0.0003204   3.683e-05  XNOR2_X1
mult_54_U342                   0.0001892   9.809e-05   0.0003196   3.238e-05  AOI222_X1
mult_54_U280                   0.0001619     0.00012   0.0003188   3.683e-05  XNOR2_X1
mult_53_U222                   8.612e-05   0.0002197   0.0003185   1.271e-05  INV_X1
FE_RC_9_0                      0.0001832   0.0001027   0.0003184    3.25e-05  AOI21_X1
mult_54_U279                   0.0001617   0.0001207    0.000318   3.564e-05  OAI22_X1
mult_49_U279                   0.0001632   0.0001178   0.0003178   3.683e-05  XNOR2_X1
mult_54_U325                   0.0001583   0.0001236   0.0003178   3.588e-05  XNOR2_X1
mult_49_U278                   0.0001614   0.0001206   0.0003176   3.564e-05  OAI22_X1
mult_54_U306                   0.0001582   0.0001233   0.0003174   3.588e-05  XNOR2_X1
mult_54_U277                   0.0001617   0.0001198   0.0003171   3.564e-05  OAI22_X1
mult_48_U227                   9.449e-05   0.0002052    0.000317   1.728e-05  INV_X1
mult_54_U285                   0.0001619   0.0001182   0.0003169   3.683e-05  XNOR2_X1
mult_54_U302                   0.0001574   0.0001226   0.0003168   3.683e-05  XNOR2_X1
mult_49_U290                   0.0001631   0.0001168   0.0003168   3.683e-05  XNOR2_X1
mult_54_U300                   0.0001574   0.0001213   0.0003155   3.683e-05  XNOR2_X1
mult_54_U321                   0.0001575   0.0001207    0.000315   3.683e-05  XNOR2_X1
mult_49_U285                   0.0001632   0.0001148   0.0003148   3.683e-05  XNOR2_X1
mult_54_U273                   0.0001618   0.0001173   0.0003147   3.564e-05  OAI22_X1
reg_1_U16                      0.0002029   8.039e-05   0.0003145    3.12e-05  OAI21_X1
mult_54_U268                   0.0001552   0.0001222   0.0003143   3.683e-05  XNOR2_X1
mult_54_U284                    0.000162   0.0001149   0.0003137   3.683e-05  XNOR2_X1
mult_54_U322                   0.0001574   0.0001187    0.000313   3.683e-05  XNOR2_X1
mult_53_U248                   0.0001116   0.0001788   0.0003117   2.129e-05  NOR2_X1
mult_54_U270                   0.0001552   0.0001191   0.0003112   3.683e-05  XNOR2_X1
mult_54_U307                   0.0001574   0.0001144   0.0003086   3.683e-05  XNOR2_X1
mult_53_U235                   0.0002187   4.974e-05   0.0003062   3.776e-05  XOR2_X1
mult_48_U337                   0.0001107   0.0001742   0.0003062   2.129e-05  NOR2_X1
mult_48_U232                     0.00022   4.655e-05   0.0003043   3.776e-05  XOR2_X1
mult_48_U233                   0.0002187   4.655e-05    0.000303   3.776e-05  XOR2_X1
mult_48_U248                   0.0001109   0.0001704   0.0003026   2.129e-05  NOR2_X1
mult_53_U234                   0.0002199   4.454e-05   0.0003022   3.776e-05  XOR2_X1
mult_53_U337                   0.0001116   0.0001687   0.0003016   2.129e-05  NOR2_X1
mult_48_U339                   0.0001107   0.0001694   0.0003014   2.129e-05  NOR2_X1
mult_49_U214                   9.055e-05    0.000193   0.0003007    1.71e-05  INV_X1
mult_54_U343                   0.0001958   7.081e-05   0.0002975   3.095e-05  AOI222_X1
reg_1_U17                      0.0001634   0.0001166   0.0002973   1.739e-05  NAND2_X1
mult_48_U341                    0.000111   0.0001637    0.000296   2.129e-05  NOR2_X1
mult_53_U339                    0.000112   0.0001622   0.0002955   2.129e-05  NOR2_X1
mult_53_U341                    0.000112   0.0001616   0.0002949   2.129e-05  NOR2_X1
mult_53_U333                   0.0001118   0.0001604   0.0002935   2.129e-05  NOR2_X1
FE_RC_2_0                      0.0001667   9.247e-05   0.0002924   3.318e-05  AOI21_X1
mult_54_U254                    0.000163   9.233e-05    0.000291   3.564e-05  OAI22_X1
mult_53_U335                   0.0001119   0.0001575   0.0002907   2.129e-05  NOR2_X1
reg_dout_U13                   0.0001573   0.0001157   0.0002904   1.739e-05  NAND2_X1
FE_RC_18_0                     0.0001673   8.915e-05   0.0002896   3.318e-05  AOI21_X1
mult_48_U335                   0.0001109   0.0001574   0.0002896   2.129e-05  NOR2_X1
mult_48_U230                   8.705e-05   0.0001896   0.0002894   1.271e-05  INV_X1
mult_48_U231                   0.0001041   0.0001722   0.0002892   1.297e-05  INV_X1
mult_48_U333                    0.000111   0.0001557    0.000288   2.129e-05  NOR2_X1
mult_54_U253                   0.0001739   7.628e-05    0.000287   3.683e-05  XNOR2_X1
mult_53_U225                   0.0001043   0.0001679   0.0002852   1.297e-05  INV_X1
reg_dout_U5                     0.000127    0.000139   0.0002834   1.739e-05  NAND2_X1
mult_53_U227                   0.0001408   0.0001105   0.0002822   3.101e-05  MUX2_X1
mult_54_U223                   6.505e-05    0.000203    0.000281    1.29e-05  INV_X1
mult_48_U219                   8.694e-05    0.000181   0.0002806   1.271e-05  INV_X1
mult_49_U257                   7.365e-05    0.000189   0.0002795   1.679e-05  NAND2_X1
mult_49_U259                    0.000164   7.931e-05   0.0002787   3.541e-05  OAI22_X1
reg_1_U19                      0.0001361    0.000124   0.0002775   1.739e-05  NAND2_X1
mult_49_U277                   0.0001631   7.538e-05   0.0002753   3.683e-05  XNOR2_X1
reg_1_U13                      0.0001368   0.0001211   0.0002753   1.739e-05  NAND2_X1
mult_54_U310                   0.0001745    6.31e-05   0.0002745   3.683e-05  XNOR2_X1
mult_49_U247                   0.0001825    5.82e-05   0.0002739   3.326e-05  XOR2_X1
mult_54_U290                   0.0001744    6.22e-05   0.0002735   3.683e-05  XNOR2_X1
mult_49_U340                   0.0001742   6.163e-05   0.0002727   3.683e-05  XNOR2_X1
mult_48_U218                   7.819e-05   0.0001813    0.000272   1.247e-05  INV_X1
mult_49_U315                   0.0001745   6.058e-05    0.000272   3.683e-05  XNOR2_X1
reg_dout_U9                    0.0001269   0.0001273   0.0002716   1.739e-05  NAND2_X1
mult_54_U333                    0.000174   6.031e-05   0.0002712   3.683e-05  XNOR2_X1
mult_54_U218                   7.972e-05   0.0001765   0.0002709   1.464e-05  INV_X1
mult_54_U335                   0.0001741   5.958e-05   0.0002705   3.683e-05  XNOR2_X1
mult_49_U338                   0.0001742   5.876e-05   0.0002698   3.683e-05  XNOR2_X1
mult_49_U336                   0.0001742   5.844e-05   0.0002695   3.683e-05  XNOR2_X1
mult_49_U295                   0.0001744   5.814e-05   0.0002694   3.683e-05  XNOR2_X1
mult_54_U331                   0.0001741   5.851e-05   0.0002694   3.683e-05  XNOR2_X1
mult_49_U334                   0.0001742   5.787e-05   0.0002689   3.683e-05  XNOR2_X1
mult_54_U329                   0.0001741   5.789e-05   0.0002688   3.683e-05  XNOR2_X1
mult_49_U342                   0.0001742   5.781e-05   0.0002688   3.683e-05  XNOR2_X1
reg_dout_U19                   0.0001268   0.0001242   0.0002684   1.739e-05  NAND2_X1
reg_dout_U3                    0.0001268   0.0001236   0.0002678   1.739e-05  NAND2_X1
mult_49_U249                   0.0001742   5.661e-05   0.0002676   3.683e-05  XNOR2_X1
mult_53_U243                   8.763e-05   0.0001665   0.0002669   1.271e-05  INV_X1
mult_49_U258                   0.0001738   5.562e-05   0.0002663   3.683e-05  XNOR2_X1
reg_1_U9                       0.0001375   0.0001106   0.0002655   1.739e-05  NAND2_X1
mult_53_U223                   8.754e-05   0.0001651   0.0002654   1.271e-05  INV_X1
mult_49_U347                    0.000161   7.143e-05   0.0002649   3.248e-05  AOI222_X1
mult_54_U245                    9.72e-05   0.0001287   0.0002644   3.847e-05  OAI21_X1
mult_49_U228                   6.495e-05   0.0001861    0.000264   1.292e-05  INV_X1
reg_dout_U17                   0.0001268   0.0001189   0.0002631   1.739e-05  NAND2_X1
reg_dout_U11                   0.0001268   0.0001187   0.0002629   1.739e-05  NAND2_X1
reg_dout_U7                    0.0001268   0.0001179    0.000262   1.739e-05  NAND2_X1
mult_49_U242                   7.285e-05   0.0001752    0.000261   1.292e-05  INV_X1
mult_49_U291                   0.0001433   7.803e-05   0.0002609   3.958e-05  OAI22_X1
mult_48_U243                   8.743e-05   0.0001605   0.0002607   1.271e-05  INV_X1
mult_54_U323                   0.0001449   7.582e-05   0.0002603   3.958e-05  OAI22_X1
mult_54_U348                   0.0001417   7.988e-05   0.0002592   3.754e-05  OAI22_X1
reg_dout_U15                   0.0001267   0.0001149    0.000259   1.739e-05  NAND2_X1
mult_53_U224                   7.853e-05    0.000168    0.000259   1.247e-05  INV_X1
mult_54_U337                   0.0001562   6.593e-05    0.000259   3.683e-05  XNOR2_X1
mult_54_U242                   0.0001683   5.584e-05   0.0002574   3.326e-05  XOR2_X1
mult_54_U272                   0.0001619   5.856e-05   0.0002573   3.683e-05  XNOR2_X1
mult_54_U247                   9.723e-05   0.0001198   0.0002555   3.847e-05  OAI21_X1
FE_RC_8_0                      0.0001358   8.691e-05   0.0002553   3.266e-05  AOI21_X1
mult_49_U353                   0.0001416   7.589e-05    0.000255   3.754e-05  OAI22_X1
mult_49_U248                   8.241e-05    0.000151   0.0002548   2.133e-05  NOR2_X1
mult_48_U246                   9.825e-05   0.0001392   0.0002544   1.699e-05  NAND2_X1
mult_54_U237                   7.351e-05   0.0001672   0.0002536    1.29e-05  INV_X1
mult_49_U337                   8.251e-05   0.0001481    0.000252   2.133e-05  NOR2_X1
mult_49_U348                   0.0001635    5.71e-05   0.0002516   3.096e-05  AOI222_X1
mult_54_U244                    0.000156   5.847e-05   0.0002513   3.683e-05  XNOR2_X1
mult_49_U215                   7.882e-05   0.0001567     0.00025   1.454e-05  INV_X1
FE_RC_12_0                     0.0001365   7.958e-05   0.0002488   3.266e-05  AOI21_X1
mult_49_U216                   7.458e-05    0.000159   0.0002465    1.29e-05  INV_X1
FE_RC_7_0                      0.0001358   7.722e-05   0.0002457   3.266e-05  AOI21_X1
mult_54_U215                   7.518e-05   0.0001514   0.0002443    1.77e-05  INV_X1
mult_54_U221                   7.472e-05   0.0001559   0.0002436    1.29e-05  INV_X1
FE_RC_13_0                     0.0001363    7.45e-05   0.0002435   3.266e-05  AOI21_X1
mult_49_U250                   9.727e-05   0.0001037   0.0002394   3.842e-05  OAI21_X1
mult_54_U328                   8.269e-05   0.0001351   0.0002392   2.139e-05  NOR2_X1
mult_53_U246                   9.845e-05   0.0001234   0.0002389   1.699e-05  NAND2_X1
mult_49_U339                    8.29e-05   0.0001345   0.0002388   2.133e-05  NOR2_X1
mult_49_U341                   8.284e-05   0.0001345   0.0002387   2.133e-05  NOR2_X1
mult_49_U252                   9.737e-05      0.0001   0.0002358   3.842e-05  OAI21_X1
mult_48_U223                   0.0001201   8.387e-05    0.000235   3.101e-05  MUX2_X1
mult_54_U252                   7.362e-05   0.0001447   0.0002348   1.649e-05  NAND2_X1
mult_54_U226                   0.0001588   3.752e-05   0.0002348   3.848e-05  XOR2_X1
mult_49_U233                   0.0001588   3.668e-05    0.000234   3.848e-05  XOR2_X1
mult_49_U232                   0.0001594   3.392e-05   0.0002318   3.848e-05  XOR2_X1
mult_54_U332                   8.293e-05   0.0001275   0.0002318   2.139e-05  NOR2_X1
mult_54_U344                   9.742e-05   9.535e-05   0.0002312   3.847e-05  OAI21_X1
mult_49_U333                   8.303e-05   0.0001267   0.0002311   2.133e-05  NOR2_X1
mult_54_U225                   0.0001594   3.245e-05   0.0002303   3.848e-05  XOR2_X1
mult_54_U243                   8.286e-05   0.0001253   0.0002296   2.139e-05  NOR2_X1
mult_54_U330                   8.298e-05   0.0001245   0.0002288   2.139e-05  NOR2_X1
mult_54_U334                   8.311e-05   0.0001201   0.0002246   2.139e-05  NOR2_X1
mult_49_U335                    8.33e-05   0.0001165   0.0002212   2.133e-05  NOR2_X1
FE_RC_19_0                     0.0001207   6.586e-05   0.0002203   3.368e-05  AOI21_X1
mult_54_U336                   8.323e-05    0.000115   0.0002196   2.139e-05  NOR2_X1
FE_RC_3_0                      0.0001209   6.297e-05   0.0002175   3.368e-05  AOI21_X1
mult_48_U254                   9.595e-05   9.443e-05   0.0002167   2.632e-05  AND3_X1
mult_54_U219                   7.574e-05   0.0001264    0.000215    1.29e-05  INV_X1
mult_53_U228                   0.0001487   4.163e-05   0.0002136   2.327e-05  AND2_X1
mult_49_U225                   6.072e-05   0.0001348   0.0002131   1.758e-05  INV_X1
mult_54_U216                    6.43e-05    0.000131   0.0002128   1.756e-05  INV_X1
mult_48_U224                   0.0001487   4.041e-05   0.0002124   2.327e-05  AND2_X1
mult_49_U349                   8.357e-05    9.01e-05    0.000212   3.834e-05  OAI21_X1
mult_49_U231                   6.454e-05   0.0001295   0.0002067   1.267e-05  INV_X1
mult_49_U229                     7.5e-05    0.000118    0.000206     1.3e-05  INV_X1
mult_49_U243                   6.468e-05   0.0001285   0.0002058   1.267e-05  INV_X1
mult_49_U230                     6.6e-05   0.0001257   0.0002046    1.29e-05  INV_X1
mult_54_U224                   6.451e-05   0.0001271   0.0002043   1.265e-05  INV_X1
mult_54_U238                   6.684e-05   0.0001227   0.0002025    1.29e-05  INV_X1
mult_53_U254                   9.538e-05   7.952e-05   0.0002012   2.632e-05  AND3_X1
mult_54_U220                    6.47e-05   0.0001221   0.0001994   1.265e-05  INV_X1
mult_49_U218                   5.633e-05   0.0001301   0.0001987    1.23e-05  INV_X1
mult_49_U222                    9.67e-05   6.874e-05   0.0001963   3.082e-05  MUX2_X1
mult_54_U233                   9.657e-05   6.698e-05   0.0001944   3.082e-05  MUX2_X1
mult_53_U332                    6.65e-05    0.000101   0.0001887   2.129e-05  NOR2_X1
mult_48_U332                   6.561e-05   0.0001009   0.0001878   2.129e-05  NOR2_X1
mult_49_U246                   7.309e-05   9.771e-05   0.0001876   1.679e-05  NAND2_X1
mult_53_U293                   5.633e-05   0.0001057   0.0001833   2.129e-05  NOR2_X1
mult_49_U226                   5.382e-05   0.0001117   0.0001829   1.746e-05  INV_X1
mult_48_U313                   5.616e-05   0.0001041   0.0001816   2.129e-05  NOR2_X1
mult_48_U293                   5.709e-05   9.801e-05   0.0001764   2.129e-05  NOR2_X1
mult_54_U231                    5.68e-05   0.0001066   0.0001757    1.23e-05  INV_X1
mult_54_U241                   7.166e-05   8.738e-05   0.0001755   1.649e-05  NAND2_X1
mult_53_U313                     5.7e-05   9.495e-05   0.0001732   2.129e-05  NOR2_X1
mult_49_U254                   6.943e-05    6.74e-05   0.0001631   2.625e-05  AND3_X1
mult_54_U308                   4.347e-05   9.194e-05   0.0001568   2.139e-05  NOR2_X1
mult_48_U251                   9.124e-05   3.736e-05   0.0001531   2.453e-05  OR3_X1
mult_49_U223                    0.000102   2.767e-05   0.0001527   2.307e-05  AND2_X1
mult_54_U234                   0.0001017   2.709e-05   0.0001518   2.307e-05  AND2_X1
mult_48_U253                   9.102e-05   3.617e-05   0.0001517   2.453e-05  OR3_X1
mult_54_U327                   5.181e-05   7.785e-05   0.0001511   2.139e-05  NOR2_X1
mult_53_U251                   9.099e-05   3.491e-05   0.0001504   2.453e-05  OR3_X1
mult_53_U253                   9.113e-05   3.461e-05   0.0001503   2.453e-05  OR3_X1
reg_2_U11                      8.021e-05   3.704e-05   0.0001501   3.289e-05  OAI21_X1
reg_2_U20                      7.988e-05   3.699e-05   0.0001498   3.289e-05  OAI21_X1
mult_49_U332                   5.123e-05   7.698e-05   0.0001495   2.133e-05  NOR2_X1
reg_2_U14                      7.992e-05   3.604e-05   0.0001488   3.289e-05  OAI21_X1
reg_2_U9                       8.019e-05   3.577e-05   0.0001488   3.289e-05  OAI21_X1
reg_2_U7                       8.018e-05   3.576e-05   0.0001488   3.289e-05  OAI21_X1
reg_2_U16                      7.985e-05    3.57e-05   0.0001484   3.289e-05  OAI21_X1
mult_54_U249                   6.798e-05   5.423e-05   0.0001483   2.611e-05  AND3_X1
reg_2_U18                       7.85e-05   3.677e-05   0.0001482   3.289e-05  OAI21_X1
reg_2_U3                       7.894e-05   3.592e-05   0.0001477   3.289e-05  OAI21_X1
reg_2_U5                       8.018e-05   3.326e-05   0.0001463   3.289e-05  OAI21_X1
mult_54_U288                   4.312e-05   8.035e-05   0.0001449   2.139e-05  NOR2_X1
mult_49_U293                   4.374e-05   7.661e-05   0.0001417   2.133e-05  NOR2_X1
mult_49_U313                   4.399e-05   7.377e-05   0.0001391   2.133e-05  NOR2_X1
mult_48_U235                   1.114e-05   9.429e-05   0.0001198   1.435e-05  INV_X1
reg_2_U6                       5.561e-05   4.637e-05   0.0001188   1.683e-05  NAND2_X1
mult_49_U235                   1.138e-05   9.022e-05   0.0001159   1.435e-05  INV_X1
mult_48_U225                    7.17e-05   1.851e-05   0.0001157   2.547e-05  AND3_X1
mult_52_U237                   1.123e-05   8.996e-05   0.0001156   1.435e-05  INV_X1
mult_54_U232                   1.136e-05    8.88e-05   0.0001145   1.435e-05  INV_X1
mult_53_U229                   7.155e-05   1.741e-05   0.0001144   2.547e-05  AND3_X1
mult_49_U251                   6.394e-05   2.524e-05   0.0001138   2.459e-05  OR3_X1
mult_48_U350                   6.035e-05   3.747e-05   0.0001133   1.549e-05  NAND3_X1
mult_49_U253                   6.397e-05    2.45e-05   0.0001131   2.459e-05  OR3_X1
reg_2_U8                       5.575e-05    4.02e-05   0.0001128   1.683e-05  NAND2_X1
reg_2_U4                       5.195e-05    4.37e-05   0.0001125   1.683e-05  NAND2_X1
mult_54_U248                   6.316e-05    2.46e-05   0.0001124   2.463e-05  OR3_X1
reg_2_U12                      5.569e-05   3.953e-05   0.0001121   1.683e-05  NAND2_X1
reg_2_U10                       5.57e-05   3.941e-05   0.0001119   1.683e-05  NAND2_X1
mult_54_U246                   6.298e-05   2.424e-05   0.0001118   2.463e-05  OR3_X1
mult_53_U238                   1.118e-05   8.614e-05   0.0001117   1.435e-05  INV_X1
mult_53_U350                   6.045e-05   3.566e-05   0.0001116   1.549e-05  NAND3_X1
reg_2_U17                       4.42e-05   4.483e-05   0.0001059   1.683e-05  NAND2_X1
reg_2_U21                      4.403e-05   4.404e-05   0.0001049   1.683e-05  NAND2_X1
reg_2_U19                      5.063e-05   3.893e-05   0.0001046   1.506e-05  NAND2_X1
reg_2_U15                      4.504e-05   3.768e-05   9.956e-05   1.683e-05  NAND2_X1
mult_54_U235                   4.845e-05   1.329e-05   8.669e-05   2.494e-05  AND3_X1
mult_49_U224                   4.811e-05   1.147e-05   8.453e-05   2.494e-05  AND3_X1
mult_54_U345                   4.232e-05   2.505e-05   8.154e-05   1.417e-05  NAND3_X1
mult_49_U350                   3.826e-05   2.206e-05   7.449e-05   1.417e-05  NAND3_X1
FE_RC_1_0                      2.782e-05   1.036e-05   5.962e-05   2.144e-05  BUF_X1
mult_52_U238                   1.114e-05   3.017e-05   5.567e-05   1.435e-05  INV_X1
mult_54_U236                   1.134e-05    2.86e-05   5.429e-05   1.435e-05  INV_X1
mult_53_U242                   1.112e-05   2.852e-05   5.399e-05   1.435e-05  INV_X1
mult_49_U241                   1.137e-05   2.549e-05   5.121e-05   1.435e-05  INV_X1
mult_48_U241                    1.11e-05   2.515e-05    5.06e-05   1.435e-05  INV_X1

---------------------------------------------------------------------------------------

Total (    999 of    999  )       0.4142      0.3653     0.8189     0.03939
Total Capacitance                5.762e-12 F
Power Density                   *** No Die Area ***
