*----------------------------------------------------------------------------------------
*	Innovus 17.11-s080_1 (64bit) 08/04/2017 11:13 (Linux 2.6.18-194.el5)
*	
*
* 	Date & Time:	2021-Nov-15 19:52:59 (2021-Nov-15 18:52:59 GMT)
*
*----------------------------------------------------------------------------------------
*
*	Design: iir_filter
*
*	Liberty Libraries used: 
*	        MyAnView: /software/dk/nangate45/liberty/NangateOpenCellLibrary_typical_ecsm_nowlm.lib
*
*	Power Domain used: 
*		Rail:        VDD 	Voltage:        1.1 
*
*       Power View : MyAnView
*
*       User-Defined Activity : N.A.
*
*	Switching Activity File used: 
*	        ../vcd/iir_filter_syn_postplace.vcd
*			Vcd Window used(Start Time, Stop Time):(-2.73632e-06, -2.73592e-06) 
*                     Vcd Scale Factor: 1 
**                    Design annotation coverage: 0/1125 = 0% 
*
*       Hierarchical Global Activity: N.A.
*
*       Global Activity: N.A.
*
*       Sequential Element Activity: N.A.
*
*       Primary Input Activity: 0.200000
*
*       Default icg ratio: N.A.
*
*       Global Comb ClockGate Ratio: N.A.
*
*	Power Units = 1mW
*
*	Time Units = 1e-09 secs 
*
*       Temperature = 25 
*
*       report_power -outfile .//iir_filter.rpt -rail_analysis_format VS
*
-----------------------------------------------------------------------------------------
Cell                            Internal   Switching       Total     Leakage   Cell
                                   Power       Power       Power       Power   Name
--------------------------------------------------------------------------------------
add_0_root_add_0_root_add_48_3_U1_6   0.001459    0.001873    0.003407   7.569e-05  FA_X1
add_0_root_add_0_root_add_48_3_U1_3   0.001436    0.001466    0.002977   7.522e-05  FA_X1
add_0_root_add_0_root_add_48_3_U1_5   0.001448    0.001388    0.002912   7.563e-05  FA_X1
add_0_root_add_0_root_add_48_3_U1_4   0.001444    0.001222    0.002741   7.549e-05  FA_X1
mult_50_U15                     0.001426   0.0009929    0.002491   7.192e-05  FA_X1
mult_50_U20                     0.001432   0.0009858    0.002491   7.314e-05  FA_X1
add_1_root_add_0_root_add_54_2_U1_5   0.001436   0.0009736    0.002485   7.578e-05  FA_X1
add_1_root_add_0_root_add_54_2_U1_2   0.001433     0.00097    0.002478   7.464e-05  FA_X1
mult_50_U17                     0.001432   0.0009615    0.002468   7.379e-05  FA_X1
mult_50_U24                     0.001429   0.0009669    0.002464   6.825e-05  FA_X1
add_1_root_add_0_root_add_54_2_U1_4   0.001434   0.0009428    0.002452   7.552e-05  FA_X1
add_1_root_add_0_root_add_54_2_U1_6   0.001435   0.0009294    0.002442   7.711e-05  FA_X1
add_1_root_add_0_root_add_54_2_U1_3   0.001432   0.0009325     0.00244   7.522e-05  FA_X1
mult_50_U5                      0.001435    0.000917    0.002424   7.267e-05  FA_X1
mult_50_U6                      0.001434   0.0009187    0.002422   6.956e-05  FA_X1
mult_50_U7                      0.001431   0.0009135    0.002412    6.73e-05  FA_X1
mult_50_U21                     0.001425   0.0008954    0.002391   7.081e-05  FA_X1
mult_50_U4                      0.001433   0.0008837     0.00239   7.321e-05  FA_X1
add_1_root_add_0_root_add_48_3_U1_5   0.001431   0.0008671    0.002374   7.575e-05  FA_X1
mult_50_U8                      0.001437   0.0008694    0.002374    6.74e-05  FA_X1
mult_50_U3                      0.001432   0.0008505    0.002357    7.44e-05  FA_X1
add_1_root_add_0_root_add_48_3_U1_4   0.001417   0.0008524    0.002345   7.551e-05  FA_X1
mult_51_U4                      0.001428   0.0008422    0.002343   7.295e-05  FA_X1
mult_51_U3                      0.001421   0.0008421    0.002337   7.426e-05  FA_X1
mult_50_U30                     0.001352     0.00092    0.002336   6.485e-05  FA_X1
mult_51_U5                      0.001408   0.0008278    0.002309   7.235e-05  FA_X1
reg_2_Q_reg_6_                  0.001019    0.001192    0.002296    8.53e-05  DFFR_X1
reg_1_Q_reg_6_                  0.001254   0.0009312    0.002271   8.565e-05  DFFR_X1
mult_50_U2                       0.00143   0.0007498    0.002256   7.657e-05  FA_X1
add_1_root_add_0_root_add_54_2_U1_1    0.00127   0.0008925    0.002236   7.346e-05  FA_X1
mult_51_U2                      0.001409   0.0007176    0.002203   7.652e-05  FA_X1
mult_50_U18                     0.001395   0.0006912    0.002159   7.366e-05  FA_X1
add_0_root_add_0_root_add_48_3_U1_2   0.001134   0.0009359    0.002145   7.467e-05  FA_X1
add_0_root_add_0_root_add_54_2_U1_1   0.001428   0.0006177     0.00212   7.358e-05  FA_X1
mult_52_U3                      0.001265   0.0007694    0.002108   7.424e-05  FA_X1
add_0_root_add_0_root_add_54_2_U1_5   0.001423   0.0006052    0.002104   7.565e-05  FA_X1
mult_50_U35                     0.001346   0.0006897    0.002102   6.613e-05  FA_X1
add_0_root_add_0_root_add_54_2_U1_4   0.001423   0.0005891    0.002087   7.549e-05  FA_X1
add_0_root_add_0_root_add_54_2_U1_6   0.001422    0.000584    0.002083    7.61e-05  FA_X1
add_0_root_add_0_root_add_54_2_U1_3   0.001422   0.0005755    0.002073   7.522e-05  FA_X1
mult_52_U4                      0.001191   0.0008014    0.002065   7.285e-05  FA_X1
add_0_root_add_0_root_add_54_2_U1_2   0.001421   0.0005463    0.002042   7.467e-05  FA_X1
add_1_root_add_0_root_add_54_2_U1_7    0.00143   0.0005333     0.00204   7.671e-05  FA_X1
mult_50_U31                     0.001194   0.0007614     0.00202   6.434e-05  FA_X1
mult_50_U25                     0.001206   0.0007425    0.002019   7.087e-05  FA_X1
mult_52_U2                      0.001242   0.0006572    0.001976   7.647e-05  FA_X1
mult_50_U26                     0.001224   0.0006752     0.00197   7.065e-05  FA_X1
mult_50_U22                     0.001166      0.0007    0.001953   8.733e-05  FA_X1
add_1_root_add_0_root_add_48_3_U1_6   0.001425   0.0004482     0.00195   7.698e-05  FA_X1
mult_50_U14                     0.001118   0.0007358    0.001942   8.878e-05  FA_X1
reg_1_Q_reg_3_                  0.001245   0.0005748    0.001905   8.565e-05  DFFR_X1
add_1_root_add_0_root_add_48_3_U1_3   0.001134   0.0006937    0.001903   7.522e-05  FA_X1
reg_1_Q_reg_5_                  0.001251   0.0005419    0.001878   8.565e-05  DFFR_X1
mult_51_U6                      0.001128   0.0006577    0.001854   6.764e-05  FA_X1
mult_50_U32                    0.0009879   0.0007567     0.00183   8.485e-05  FA_X1
reg_dout_Q_reg_7_               0.001249    0.000455    0.001789   8.565e-05  DFFR_X1
mult_52_U5                     0.0009946   0.0007178    0.001785   7.226e-05  FA_X1
reg_dout_Q_reg_6_               0.001248   0.0004373    0.001771   8.565e-05  DFFR_X1
reg_dout_Q_reg_5_               0.001248   0.0004367    0.001771   8.565e-05  DFFR_X1
reg_1_Q_reg_4_                  0.001246   0.0004298    0.001762   8.565e-05  DFFR_X1
reg_dout_Q_reg_0_               0.001248   0.0004279    0.001761   8.565e-05  DFFR_X1
reg_1_Q_reg_2_                  0.001227   0.0004483     0.00176   8.565e-05  DFFR_X1
reg_dout_Q_reg_4_               0.001248   0.0004234    0.001757   8.565e-05  DFFR_X1
add_0_root_add_0_root_add_48_3_U1_1  0.0009165   0.0007624    0.001753   7.358e-05  FA_X1
reg_dout_Q_reg_1_               0.001247     0.00041    0.001743   8.565e-05  DFFR_X1
reg_dout_Q_reg_2_               0.001247    0.000397     0.00173   8.565e-05  DFFR_X1
add_0_root_add_0_root_add_54_2_U1_7   0.001417    0.000223    0.001716     7.6e-05  FA_X1
reg_dout_Q_reg_3_               0.001246   0.0003835    0.001716   8.565e-05  DFFR_X1
mult_45_U3                      0.001048   0.0005792    0.001702   7.429e-05  FA_X1
mult_50_U110                   0.0001925    0.001474    0.001681   1.435e-05  INV_X1
mult_50_U19                    0.0009674   0.0006452     0.00168   6.716e-05  FA_X1
mult_50_U16                    0.0009678   0.0006099    0.001657   7.896e-05  FA_X1
reg_1_Q_reg_1_                  0.001168   0.0003984    0.001652   8.565e-05  DFFR_X1
mult_45_U4                      0.001012   0.0005656    0.001651   7.298e-05  FA_X1
reg_2_Q_reg_3_                  0.001009   0.0005294    0.001624    8.53e-05  DFFR_X1
reg_2_Q_reg_5_                  0.001016   0.0005169    0.001618    8.53e-05  DFFR_X1
mult_50_U23                    0.0009169    0.000637    0.001616   6.192e-05  FA_X1
reg_1_Q_reg_0_                  0.001143   0.0003856    0.001614   8.565e-05  DFFR_X1
mult_51_U7                     0.0009642   0.0005825    0.001612   6.538e-05  FA_X1
mult_50_U27                     0.000968   0.0005756    0.001611   6.716e-05  FA_X1
mult_51_U17                    0.0008797   0.0006095    0.001563     7.4e-05  FA_X1
mult_50_U36                    0.0009061   0.0005907    0.001556   5.902e-05  FA_X1
mult_51_U20                    0.0008775   0.0005974    0.001548   7.334e-05  FA_X1
add_1_root_add_0_root_add_48_3_U1_2  0.0009076   0.0005625    0.001545   7.465e-05  FA_X1
add_2_root_add_0_root_add_48_3_U1_6    0.00103   0.0004201    0.001526   7.636e-05  FA_X1
mult_50_U113                   0.0001925    0.001311    0.001517   1.435e-05  INV_X1
reg_2_Q_reg_2_                 0.0009927   0.0004059    0.001484    8.53e-05  DFFR_X1
mult_52_U6                     0.0008119   0.0006031    0.001482   6.654e-05  FA_X1
mult_51_U15                    0.0008372   0.0005716    0.001479   7.049e-05  FA_X1
mult_50_U37                    0.0008295   0.0005776    0.001469   6.192e-05  FA_X1
reg_2_Q_reg_4_                  0.001015   0.0003644    0.001464    8.53e-05  DFFR_X1
reg_2_Q_reg_1_                 0.0009639   0.0003988    0.001448    8.53e-05  DFFR_X1
mult_45_U5                     0.0008617   0.0005054     0.00144   7.258e-05  FA_X1
reg_3_Q_reg_6_                 0.0008739   0.0004758    0.001435   8.511e-05  DFFR_X1
reg_2_Q_reg_0_                 0.0009538   0.0003947    0.001434    8.53e-05  DFFR_X1
mult_50_U114                   0.0001946    0.001197    0.001406   1.435e-05  INV_X1
mult_51_U8                     0.0008525   0.0004871    0.001405   6.519e-05  FA_X1
mult_50_U33                    0.0008389   0.0004969    0.001398   6.192e-05  FA_X1
add_2_root_add_0_root_add_48_3_U1_5  0.0007974   0.0005162    0.001389    7.57e-05  FA_X1
mult_46_U4                     0.0008008   0.0004772    0.001351   7.302e-05  FA_X1
mult_50_U39                    0.0008086   0.0004384    0.001305   5.812e-05  FA_X1
mult_50_U112                   0.0001525    0.001127    0.001294   1.435e-05  INV_X1
mult_52_U7                     0.0006559   0.0005417    0.001262   6.431e-05  FA_X1
add_2_root_add_0_root_add_48_3_U1_3  0.0007216   0.0004631     0.00126   7.523e-05  FA_X1
add_2_root_add_0_root_add_48_3_U1_4   0.000733   0.0004504    0.001259   7.551e-05  FA_X1
mult_51_U24                    0.0007004   0.0004789    0.001245   6.599e-05  FA_X1
mult_50_U41                    0.0006375   0.0005416    0.001232    5.34e-05  HA_X1
mult_52_U8                     0.0006143   0.0005525    0.001231   6.398e-05  FA_X1
add_1_root_add_0_root_add_48_3_U1_1  0.0007278   0.0004219    0.001223   7.352e-05  FA_X1
mult_50_U40                    0.0006938   0.0004459    0.001202   6.192e-05  FA_X1
mult_51_U21                    0.0006979   0.0004318    0.001199   6.961e-05  FA_X1
reg_3_Q_reg_5_                 0.0008703   0.0002311    0.001187   8.511e-05  DFFR_X1
mult_52_U17                    0.0006618   0.0004488    0.001185   7.413e-05  FA_X1
mult_47_U3                     0.0007032   0.0004059    0.001183   7.426e-05  FA_X1
mult_45_U6                      0.000689   0.0004266    0.001183   6.699e-05  FA_X1
reg_3_Q_reg_3_                 0.0008658   0.0002289     0.00118   8.511e-05  DFFR_X1
mult_51_U18                    0.0007076    0.000391    0.001172   7.335e-05  FA_X1
mult_52_U20                    0.0006595   0.0004386    0.001172   7.351e-05  FA_X1
mult_47_U4                     0.0006813    0.000413    0.001167   7.295e-05  FA_X1
mult_45_U17                    0.0006614   0.0004317    0.001167   7.413e-05  FA_X1
mult_45_U20                    0.0006597   0.0004331    0.001166   7.351e-05  FA_X1
mult_50_U34                    0.0006357   0.0004437    0.001133    5.34e-05  HA_X1
mult_52_U15                    0.0006303   0.0004325    0.001133   6.968e-05  FA_X1
mult_45_U15                    0.0006301    0.000425    0.001125   6.968e-05  FA_X1
reg_3_Q_reg_4_                 0.0008681   0.0001644    0.001118   8.511e-05  DFFR_X1
mult_50_U145                   0.0006362   0.0004358    0.001111   3.857e-05  AOI222_X1
mult_51_U30                    0.0006214    0.000417    0.001101   6.284e-05  FA_X1
reg_3_Q_reg_2_                  0.000854   0.0001576    0.001097   8.511e-05  DFFR_X1
reg_3_Q_reg_0_                 0.0008307   0.0001773    0.001093   8.511e-05  DFFR_X1
reg_3_Q_reg_1_                 0.0008362   0.0001592    0.001081   8.511e-05  DFFR_X1
mult_46_U3                     0.0006537     0.00035    0.001078   7.382e-05  FA_X1
mult_46_U5                     0.0006409   0.0003612    0.001075   7.249e-05  FA_X1
mult_50_U111                    0.000122    0.000922    0.001058   1.435e-05  INV_X1
mult_50_U38                    0.0006348   0.0003683    0.001056    5.34e-05  HA_X1
add_2_root_add_0_root_add_48_3_U1_2  0.0005888   0.0003818    0.001045   7.467e-05  FA_X1
FE_DBTC1_q_reg2_4              5.964e-05   0.0009633    0.001036   1.326e-05  INV_X1
mult_50_U144                   0.0005043    0.000451    0.001024   6.821e-05  OAI222_X1
mult_51_U35                    0.0006365   0.0002998       0.001   6.382e-05  FA_X1
mult_45_U7                     0.0005601   0.0003737   0.0009985   6.471e-05  FA_X1
mult_47_U5                     0.0005787   0.0003413   0.0009924   7.235e-05  FA_X1
mult_51_U26                    0.0005687   0.0003483   0.0009881   7.115e-05  FA_X1
add_2_root_add_0_root_add_48_3_U1_1  0.0005553   0.0003574   0.0009862   7.353e-05  FA_X1
reg_x_Q_reg_6_                 0.0006277   0.0002719   0.0009853   8.565e-05  DFFR_X1
mult_51_U22                     0.000565   0.0003278   0.0009819   8.908e-05  FA_X1
FE_DBTC3_q_reg2_2              5.748e-05   0.0009059   0.0009767   1.326e-05  INV_X1
add_0_root_add_0_root_add_48_3_U2  0.0003608   0.0005794   0.0009763   3.616e-05  XOR2_X1
mult_51_U25                    0.0005575   0.0003331   0.0009622   7.164e-05  FA_X1
mult_45_U24                    0.0005264   0.0003613   0.0009526   6.494e-05  FA_X1
mult_52_U24                    0.0005261   0.0003527   0.0009435   6.472e-05  FA_X1
mult_46_U17                    0.0005195    0.000349   0.0009425   7.397e-05  FA_X1
mult_45_U125                   0.0004697   0.0004368   0.0009423   3.589e-05  XOR2_X1
mult_51_U31                    0.0005331   0.0003371   0.0009321   6.197e-05  FA_X1
mult_50_U43                    0.0006151   0.0002635   0.0009319    5.34e-05  HA_X1
add_1_root_add_0_root_add_54_2_U2  0.0004618   0.0004259   0.0009238   3.608e-05  XOR2_X1
mult_45_U8                     0.0005095   0.0003447    0.000919   6.477e-05  FA_X1
mult_51_U14                    0.0004924   0.0003352   0.0009188    9.11e-05  FA_X1
mult_45_U21                    0.0005244   0.0003154   0.0009087   6.892e-05  FA_X1
mult_45_U18                    0.0005333   0.0002962   0.0009028   7.325e-05  FA_X1
mult_52_U21                    0.0005241   0.0003082   0.0009013   6.892e-05  FA_X1
FE_DBTC2_q_reg2_3              5.892e-05   0.0008189    0.000891   1.326e-05  INV_X1
mult_50_U116                   0.0001205   0.0007558   0.0008907   1.435e-05  INV_X1
mult_46_U6                      0.000521   0.0002991    0.000888    6.79e-05  FA_X1
FE_DBTC4_q_reg2_1              5.473e-05   0.0008199   0.0008879   1.326e-05  INV_X1
mult_52_U18                    0.0005326   0.0002735   0.0008793   7.325e-05  FA_X1
reg_x_Q_reg_3_                 0.0006265   0.0001558    0.000868   8.565e-05  DFFR_X1
mult_45_U126                   0.0005791    0.000248   0.0008637   3.665e-05  XNOR2_X1
mult_46_U15                    0.0004648   0.0003268   0.0008608   6.919e-05  FA_X1
mult_51_U32                    0.0004581   0.0003081   0.0008532   8.704e-05  FA_X1
FE_DBTC0_q_reg2_5              5.961e-05   0.0007794   0.0008522   1.326e-05  INV_X1
mult_50_U146                   0.0004464   0.0003409   0.0008506   6.325e-05  OAI222_X1
reg_x_Q_reg_5_                 0.0006258    0.000135   0.0008464   8.565e-05  DFFR_X1
add_0_root_add_0_root_add_54_2_U1  0.0005884   0.0002213   0.0008459   3.616e-05  XOR2_X1
mult_45_U30                    0.0004525   0.0003089   0.0008231   6.177e-05  FA_X1
mult_52_U30                     0.000452   0.0003088   0.0008226   6.175e-05  FA_X1
reg_x_Q_reg_2_                 0.0006247   0.0001053   0.0008157   8.565e-05  DFFR_X1
mult_51_U16                    0.0004472   0.0002873   0.0008141   7.961e-05  FA_X1
reg_x_Q_reg_4_                 0.0006246   0.0001005   0.0008108   8.565e-05  DFFR_X1
mult_47_U6                     0.0004645   0.0002772   0.0008093   6.764e-05  FA_X1
reg_x_Q_reg_0_                 0.0006244   9.577e-05   0.0008058   8.565e-05  DFFR_X1
mult_46_U7                     0.0004684   0.0002684   0.0008016   6.474e-05  FA_X1
reg_x_Q_reg_1_                 0.0006243   9.152e-05   0.0008015   8.565e-05  DFFR_X1
mult_51_U19                    0.0004468   0.0002875   0.0008002   6.584e-05  FA_X1
mult_52_U22                    0.0004259   0.0002791    0.000795   8.997e-05  FA_X1
mult_46_U8                     0.0004609   0.0002618   0.0007861   6.345e-05  FA_X1
mult_50_U157                   0.0004778   0.0002754   0.0007844   3.125e-05  XNOR2_X1
add_0_root_add_0_root_add_54_2_U2  0.0004461    0.000312   0.0007832   2.507e-05  AND2_X1
mult_46_U20                    0.0004237   0.0002853   0.0007824   7.345e-05  FA_X1
mult_52_U25                    0.0004199   0.0002837   0.0007758    7.22e-05  FA_X1
mult_51_U27                    0.0004459   0.0002511   0.0007628   6.584e-05  FA_X1
mult_50_U42                    0.0005039   0.0001975   0.0007614   5.995e-05  FA_X1
mult_45_U22                    0.0004248   0.0002383   0.0007531   8.997e-05  FA_X1
mult_52_U26                    0.0004279   0.0002507     0.00075   7.143e-05  FA_X1
mult_46_U24                    0.0004121   0.0002731   0.0007499   6.468e-05  FA_X1
mult_51_U37                    0.0003941   0.0002934    0.000747   5.953e-05  FA_X1
mult_45_U26                    0.0004278   0.0002452   0.0007445   7.143e-05  FA_X1
mult_52_U35                    0.0004614   0.0002155   0.0007395   6.256e-05  FA_X1
mult_51_U23                    0.0003982   0.0002797   0.0007374   5.953e-05  FA_X1
mult_45_U25                     0.000419   0.0002448    0.000736    7.22e-05  FA_X1
mult_46_U21                    0.0004116    0.000255   0.0007348   6.825e-05  FA_X1
mult_50_U44                    0.0004189   0.0002528   0.0007251    5.34e-05  HA_X1
mult_51_U116                   8.129e-05   0.0006262   0.0007211   1.362e-05  INV_X1
FE_DBTC5_q_reg2_0              5.372e-05   0.0006489   0.0007159   1.326e-05  INV_X1
mult_51_U118                   8.135e-05   0.0006199   0.0007149   1.362e-05  INV_X1
mult_50_U119                   0.0001882   0.0005043   0.0007068   1.428e-05  INV_X1
mult_47_U7                     0.0003974   0.0002345   0.0006973   6.538e-05  FA_X1
mult_51_U36                    0.0004085   0.0002294   0.0006951   5.722e-05  FA_X1
mult_52_U32                    0.0003457   0.0002611    0.000695   8.816e-05  FA_X1
mult_51_U40                    0.0003898   0.0002401   0.0006894   5.953e-05  FA_X1
mult_52_U14                     0.000359    0.000238   0.0006893   9.227e-05  FA_X1
mult_51_U113                   0.0001839   0.0004869    0.000685   1.424e-05  INV_X1
mult_46_U18                    0.0003837   0.0002282    0.000685   7.317e-05  FA_X1
mult_52_U31                    0.0003836   0.0002309   0.0006753   6.074e-05  FA_X1
mult_51_U33                    0.0003937   0.0002219   0.0006751   5.953e-05  FA_X1
mult_51_U117                   7.655e-05    0.000582   0.0006722   1.362e-05  INV_X1
mult_47_U17                    0.0003603    0.000235   0.0006692     7.4e-05  FA_X1
mult_45_U31                    0.0003747   0.0002332   0.0006691    6.12e-05  FA_X1
mult_47_U20                    0.0003595   0.0002354   0.0006683   7.334e-05  FA_X1
mult_47_U15                    0.0003439   0.0002493   0.0006637   7.049e-05  FA_X1
mult_47_U125                   0.0003165    0.000309   0.0006612   3.582e-05  XOR2_X1
mult_46_U125                   0.0003246   0.0002992   0.0006597   3.593e-05  XOR2_X1
mult_45_U14                    0.0003585   0.0002044   0.0006552   9.227e-05  FA_X1
mult_45_U32                    0.0003445   0.0002213   0.0006539   8.816e-05  FA_X1
mult_46_U30                    0.0003436   0.0002357   0.0006405   6.123e-05  FA_X1
mult_47_U8                     0.0003512   0.0002228   0.0006392   6.519e-05  FA_X1
mult_46_U26                     0.000337     0.00023   0.0006385   7.149e-05  FA_X1
mult_51_U120                   8.166e-05    0.000543   0.0006383   1.362e-05  INV_X1
ff_1_Q_reg                     0.0004822   6.875e-05   0.0006372   8.621e-05  DFFR_X1
mult_52_U19                    0.0003359    0.000228   0.0006291   6.519e-05  FA_X1
mult_51_U121                   8.158e-05   0.0005331   0.0006283   1.362e-05  INV_X1
mult_50_U109                    0.000189   0.0004245   0.0006278   1.431e-05  INV_X1
mult_52_U16                    0.0003357    0.000209   0.0006246   7.994e-05  FA_X1
mult_45_U16                    0.0003357   0.0002088   0.0006245   7.994e-05  FA_X1
mult_45_U35                    0.0003835   0.0001764   0.0006229   6.307e-05  FA_X1
mult_46_U22                    0.0003204   0.0002058   0.0006168   9.054e-05  FA_X1
mult_45_U19                    0.0003355   0.0002156   0.0006163   6.519e-05  FA_X1
mult_51_U39                    0.0003576    0.000201   0.0006149   5.631e-05  FA_X1
mult_47_U126                   0.0003852   0.0001917   0.0006136    3.67e-05  XNOR2_X1
mult_52_U27                    0.0003353    0.000205   0.0006054   6.519e-05  FA_X1
mult_45_U27                    0.0003353   0.0001995   0.0005999   6.519e-05  FA_X1
mult_46_U25                    0.0003289   0.0001938    0.000595   7.235e-05  FA_X1
mult_46_U35                    0.0003561   0.0001682   0.0005861   6.193e-05  FA_X1
mult_51_U122                   7.426e-05    0.000498   0.0005859   1.362e-05  INV_X1
mult_46_U126                   0.0003801   0.0001619   0.0005786   3.659e-05  XNOR2_X1
mult_51_U145                   0.0003162     0.00022   0.0005714   3.514e-05  AOI222_X1
mult_50_U156                   0.0002917   0.0002458   0.0005626   2.507e-05  AND2_X1
mult_51_U41                    0.0002911   0.0002187    0.000562   5.217e-05  HA_X1
mult_45_U23                    0.0002879   0.0002141   0.0005604   5.834e-05  FA_X1
mult_46_U32                    0.0002714   0.0001898   0.0005499    8.87e-05  FA_X1
mult_47_U24                    0.0002871   0.0001921   0.0005451   6.599e-05  FA_X1
mult_51_U34                    0.0002908   0.0001998   0.0005428   5.217e-05  HA_X1
mult_52_U23                    0.0002873   0.0001939   0.0005396   5.834e-05  FA_X1
add_1_root_add_0_root_add_48_3_U1  0.0002845   0.0002162   0.0005368   3.609e-05  XOR2_X1
mult_47_U21                    0.0002863   0.0001794   0.0005353   6.961e-05  FA_X1
mult_52_U37                    0.0002812   0.0001947   0.0005343   5.834e-05  FA_X1
mult_46_U31                    0.0002921   0.0001811   0.0005333   6.014e-05  FA_X1
mult_52_U113                   0.0001455   0.0003627   0.0005224   1.421e-05  INV_X1
mult_47_U18                    0.0002902   0.0001573   0.0005208   7.335e-05  FA_X1
add_2_root_add_0_root_add_48_3_U2   0.000262     0.00022   0.0005181   3.615e-05  XOR2_X1
mult_45_U33                    0.0002832   0.0001764    0.000518   5.834e-05  FA_X1
mult_52_U33                    0.0002832    0.000175   0.0005166   5.834e-05  FA_X1
mult_45_U36                    0.0002941   0.0001659   0.0005163   5.632e-05  FA_X1
mult_45_U40                    0.0002753   0.0001823   0.0005159   5.834e-05  FA_X1
mult_52_U36                     0.000294   0.0001654   0.0005157   5.632e-05  FA_X1
mult_46_U16                     0.000264   0.0001713   0.0005154   8.011e-05  FA_X1
mult_52_U40                    0.0002751   0.0001737   0.0005072   5.834e-05  FA_X1
mult_46_U19                    0.0002637   0.0001711   0.0004997   6.489e-05  FA_X1
mult_51_U44                    0.0002754   0.0001705    0.000498   5.217e-05  HA_X1
mult_47_U30                    0.0002557   0.0001794    0.000498   6.284e-05  FA_X1
add_1_root_add_0_root_add_54_2_U1  0.0002731   0.0001979    0.000496   2.505e-05  AND2_X1
mult_51_U42                    0.0003093   0.0001262   0.0004933   5.776e-05  FA_X1
mult_51_U38                    0.0002897   0.0001469   0.0004887   5.217e-05  HA_X1
mult_50_U160                   0.0001636   0.0003015   0.0004825   1.739e-05  NAND2_X1
mult_46_U27                    0.0002633   0.0001529   0.0004811   6.489e-05  FA_X1
mult_50_U147                   0.0002621   0.0001939   0.0004786   2.266e-05  AOI222_X1
mult_46_U14                    0.0002407   0.0001397   0.0004733   9.283e-05  FA_X1
mult_47_U22                    0.0002322   0.0001445   0.0004659   8.908e-05  FA_X1
mult_50_U140                   0.0001711   0.0002726   0.0004649    2.12e-05  NOR2_X1
mult_51_U43                    0.0002892   0.0001222   0.0004635   5.217e-05  HA_X1
mult_45_U39                    0.0002569   0.0001491   0.0004615   5.543e-05  FA_X1
mult_51_U144                   0.0002179    0.000172   0.0004613   7.134e-05  OAI222_X1
mult_52_U39                    0.0002569   0.0001468   0.0004592   5.543e-05  FA_X1
mult_50_U136                   0.0001731   0.0002631   0.0004574    2.12e-05  NOR2_X1
mult_50_U141                    0.000171    0.000265   0.0004573    2.12e-05  NOR2_X1
mult_47_U26                    0.0002334   0.0001504    0.000455   7.115e-05  FA_X1
mult_50_U158                   0.0001818    0.000244   0.0004524   2.656e-05  NAND2_X1
mult_50_U139                   0.0001711   0.0002595   0.0004517    2.12e-05  NOR2_X1
mult_47_U35                    0.0002626   0.0001244   0.0004509   6.382e-05  FA_X1
mult_45_U37                    0.0002167   0.0001731   0.0004484   5.858e-05  FA_X1
mult_50_U133                   0.0001731   0.0002526   0.0004469    2.12e-05  NOR2_X1
mult_46_U37                    0.0002184   0.0001691   0.0004452   5.777e-05  FA_X1
mult_50_U132                   0.0001731   0.0002481   0.0004424    2.12e-05  NOR2_X1
mult_52_U145                   0.0002415   0.0001671   0.0004418   3.322e-05  AOI222_X1
mult_47_U25                    0.0002288   0.0001396   0.0004399   7.164e-05  FA_X1
mult_50_U159                   0.0001367   0.0002857   0.0004398   1.739e-05  NAND2_X1
mult_45_U147                   0.0002415   0.0001642   0.0004389   3.322e-05  AOI222_X1
add_0_root_add_0_root_add_48_3_U1  0.0002385   0.0001738   0.0004374   2.507e-05  AND2_X1
mult_50_U142                    0.000171   0.0002438   0.0004361    2.12e-05  NOR2_X1
mult_47_U31                    0.0002199   0.0001532   0.0004351   6.197e-05  FA_X1
mult_51_U146                   0.0002063   0.0001605   0.0004344   6.755e-05  OAI222_X1
mult_50_U118                   0.0001265   0.0002946   0.0004344   1.329e-05  INV_X1
mult_50_U134                   0.0001731    0.000238   0.0004323    2.12e-05  NOR2_X1
mult_50_U150                   0.0001457   0.0002674   0.0004305   1.739e-05  NAND2_X1
mult_46_U23                    0.0002215   0.0001475   0.0004267   5.777e-05  FA_X1
mult_50_U152                   0.0001458   0.0002613   0.0004244   1.739e-05  NAND2_X1
mult_50_U151                   0.0001458   0.0002605   0.0004237   1.739e-05  NAND2_X1
mult_52_U41                    0.0002173   0.0001542   0.0004231   5.157e-05  HA_X1
mult_50_U127                   0.0001275   0.0002733   0.0004221    2.12e-05  NOR2_X1
mult_46_U40                    0.0002144   0.0001483   0.0004205   5.777e-05  FA_X1
mult_50_U155                   0.0001459   0.0002555   0.0004188   1.739e-05  NAND2_X1
mult_45_U41                    0.0002172    0.000149   0.0004178   5.157e-05  HA_X1
mult_50_U153                    0.000146     0.00025   0.0004134   1.739e-05  NAND2_X1
mult_46_U115                   4.439e-05   0.0003558   0.0004132   1.308e-05  INV_X1
mult_50_U138                   0.0001709   0.0002192   0.0004113    2.12e-05  NOR2_X1
mult_47_U14                    0.0002016   0.0001169   0.0004096    9.11e-05  FA_X1
mult_50_U137                   0.0001343   0.0002567   0.0004084   1.739e-05  NAND2_X1
mult_52_U34                    0.0002169   0.0001397   0.0004082   5.157e-05  HA_X1
mult_45_U34                     0.000217   0.0001391   0.0004076   5.157e-05  HA_X1
mult_46_U36                    0.0002267   0.0001246   0.0004072   5.589e-05  FA_X1
mult_50_U143                   0.0001367   0.0002517   0.0004058   1.739e-05  NAND2_X1
mult_47_U32                    0.0001882   0.0001281   0.0004034   8.704e-05  FA_X1
mult_46_U33                    0.0002188   0.0001254   0.0004019   5.777e-05  FA_X1
mult_51_U157                   0.0002278   0.0001417   0.0003995   3.002e-05  XNOR2_X1
mult_50_U135                   0.0001291    0.000243   0.0003933    2.12e-05  NOR2_X1
mult_52_U38                    0.0002168   0.0001246    0.000393   5.157e-05  HA_X1
mult_50_U130                   0.0001636   0.0002082   0.0003893   1.739e-05  NAND2_X1
mult_46_U118                   4.308e-05   0.0003307   0.0003868   1.308e-05  INV_X1
mult_50_U126                   0.0001277   0.0002351    0.000384    2.12e-05  NOR2_X1
mult_50_U178                   0.0001276    0.000229   0.0003777    2.12e-05  NOR2_X1
mult_45_U38                    0.0002164   0.0001096   0.0003776   5.157e-05  HA_X1
reg_dout_U2                    0.0002365   0.0001097   0.0003774    3.12e-05  OAI21_X1
mult_50_U173                   0.0001388   0.0002174   0.0003773    2.12e-05  NOR2_X1
mult_47_U16                    0.0001834   0.0001141   0.0003771   7.961e-05  FA_X1
reg_dout_U4                    0.0002369   0.0001089    0.000377    3.12e-05  OAI21_X1
mult_50_U131                   0.0001291   0.0002264   0.0003767    2.12e-05  NOR2_X1
mult_52_U44                    0.0002021   0.0001225   0.0003761   5.157e-05  HA_X1
mult_50_U176                   0.0001388   0.0002156   0.0003756    2.12e-05  NOR2_X1
reg_dout_U12                   0.0002366   0.0001064   0.0003742    3.12e-05  OAI21_X1
mult_45_U44                    0.0002021   0.0001187   0.0003724   5.157e-05  HA_X1
reg_dout_U14                   0.0002357    0.000105    0.000372    3.12e-05  OAI21_X1
reg_1_U12                      0.0002362   0.0001045   0.0003719    3.12e-05  OAI21_X1
reg_dout_U10                   0.0002362    0.000102   0.0003694    3.12e-05  OAI21_X1
reg_dout_U16                   0.0002359   0.0001021   0.0003692    3.12e-05  OAI21_X1
mult_47_U19                    0.0001833   0.0001194   0.0003686   6.584e-05  FA_X1
mult_50_U128                   0.0001278   0.0002196   0.0003686    2.12e-05  NOR2_X1
reg_dout_U6                    0.0002362   0.0001011   0.0003685    3.12e-05  OAI21_X1
reg_dout_U8                    0.0002358    0.000101    0.000368    3.12e-05  OAI21_X1
reg_1_U10                      0.0002356   0.0001002    0.000367    3.12e-05  OAI21_X1
mult_46_U39                    0.0001978   0.0001136   0.0003664   5.501e-05  FA_X1
mult_45_U42                     0.000219   9.015e-05   0.0003658    5.67e-05  FA_X1
mult_46_U117                   4.143e-05   0.0003106   0.0003651   1.308e-05  INV_X1
mult_50_U129                   0.0001278   0.0002159   0.0003649    2.12e-05  NOR2_X1
mult_50_U154                    0.000147   0.0002002   0.0003646   1.739e-05  NAND2_X1
reg_1_U8                       0.0002316   0.0001001   0.0003628    3.12e-05  OAI21_X1
mult_52_U42                    0.0002187   8.274e-05   0.0003581    5.67e-05  FA_X1
mult_50_U172                   0.0001388    0.000198    0.000358    2.12e-05  NOR2_X1
reg_1_U6                        0.000221   0.0001032   0.0003553    3.12e-05  OAI21_X1
mult_47_U27                    0.0001829   0.0001062    0.000355   6.584e-05  FA_X1
mult_50_U175                   0.0001388   0.0001929   0.0003529    2.12e-05  NOR2_X1
mult_46_U119                   4.415e-05   0.0002927   0.0003499   1.308e-05  INV_X1
mult_52_U43                    0.0002135   8.398e-05    0.000349   5.157e-05  HA_X1
mult_45_U43                    0.0002134   8.296e-05    0.000348   5.157e-05  HA_X1
mult_47_U37                    0.0001636   0.0001233   0.0003465   5.953e-05  FA_X1
mult_46_U34                    0.0001703   0.0001245   0.0003461   5.128e-05  HA_X1
mult_46_U120                   4.459e-05   0.0002865   0.0003442   1.308e-05  INV_X1
mult_52_U144                   0.0001429   0.0001256   0.0003414   7.285e-05  OAI222_X1
mult_50_U177                   0.0001092   0.0002118   0.0003384   1.739e-05  NAND2_X1
mult_46_U147                   0.0001814   0.0001232   0.0003369   3.224e-05  AOI222_X1
mult_47_U23                    0.0001633   0.0001138   0.0003366   5.953e-05  FA_X1
mult_46_U41                    0.0001701   0.0001148   0.0003362   5.128e-05  HA_X1
mult_47_U40                    0.0001631   0.0001059   0.0003285   5.953e-05  FA_X1
mult_50_U174                   0.0001389   0.0001671   0.0003272    2.12e-05  NOR2_X1
mult_45_U146                   0.0001374   0.0001162   0.0003262   7.266e-05  OAI222_X1
mult_47_U36                    0.0001689   9.908e-05   0.0003253   5.722e-05  FA_X1
mult_47_U33                    0.0001628   9.516e-05   0.0003175   5.953e-05  FA_X1
mult_45_U148                   0.0001356   0.0001111   0.0003165   6.977e-05  OAI222_X1
mult_51_U111                   9.273e-05   0.0002086   0.0003155   1.423e-05  INV_X1
mult_50_U167                   0.0001131   0.0001794   0.0003137    2.12e-05  NOR2_X1
mult_52_U146                   0.0001355   0.0001074   0.0003127   6.977e-05  OAI222_X1
mult_52_U157                   0.0001737   0.0001051   0.0003082   2.937e-05  XNOR2_X1
mult_46_U38                    0.0001696   8.566e-05   0.0003065   5.128e-05  HA_X1
mult_46_U44                    0.0001606   9.388e-05   0.0003058   5.128e-05  HA_X1
mult_50_U148                    0.000105   0.0001785   0.0003047    2.12e-05  NOR2_X1
mult_46_U123                   4.095e-05   0.0002506   0.0003046   1.308e-05  INV_X1
mult_45_U158                   0.0001736   0.0001002   0.0003033   2.937e-05  XNOR2_X1
add_1_root_add_0_root_add_48_3_U2  0.0001596   0.0001141   0.0002987   2.504e-05  AND2_X1
mult_50_U163                   0.0001062   0.0001709   0.0002983    2.12e-05  NOR2_X1
reg_1_U4                       0.0001812   8.513e-05   0.0002976    3.12e-05  OAI21_X1
reg_dout_U5                    0.0001608   0.0001191   0.0002973   1.739e-05  NAND2_X1
mult_46_U42                     0.000171   6.734e-05   0.0002945   5.619e-05  FA_X1
reg_1_U11                      0.0001376   0.0001393   0.0002942   1.739e-05  NAND2_X1
mult_50_U169                   0.0001131   0.0001588   0.0002931    2.12e-05  NOR2_X1
mult_50_U164                   0.0001062   0.0001633   0.0002907    2.12e-05  NOR2_X1
reg_1_U13                      0.0001493   0.0001234   0.0002901   1.739e-05  NAND2_X1
reg_1_U7                        0.000137   0.0001346    0.000289   1.739e-05  NAND2_X1
mult_47_U39                    0.0001475   8.199e-05   0.0002858   5.631e-05  FA_X1
mult_50_U117                   8.506e-05    0.000187   0.0002855   1.342e-05  INV_X1
mult_50_U166                   0.0001131   0.0001507    0.000285    2.12e-05  NOR2_X1
mult_46_U43                    0.0001676   6.604e-05    0.000285   5.128e-05  HA_X1
reg_dout_U11                   0.0001306   0.0001363   0.0002843   1.739e-05  NAND2_X1
mult_50_U162                   0.0001062   0.0001568   0.0002842    2.12e-05  NOR2_X1
mult_50_U161                   0.0001061   0.0001496   0.0002769    2.12e-05  NOR2_X1
reg_dout_U3                    0.0001325   0.0001268   0.0002767   1.739e-05  NAND2_X1
reg_dout_U17                   0.0001313   0.0001248   0.0002735   1.739e-05  NAND2_X1
reg_1_U9                       0.0001346   0.0001204   0.0002724   1.739e-05  NAND2_X1
mult_51_U156                   0.0001332   0.0001135    0.000271   2.428e-05  AND2_X1
reg_dout_U13                   0.0001301    0.000122   0.0002694   1.739e-05  NAND2_X1
mult_50_U168                   0.0001133   0.0001336    0.000268    2.12e-05  NOR2_X1
reg_dout_U15                   0.0001312   0.0001186   0.0002673   1.739e-05  NAND2_X1
reg_dout_U9                    0.0001312   0.0001181   0.0002667   1.739e-05  NAND2_X1
mult_50_U170                   0.0001133    0.000132   0.0002665    2.12e-05  NOR2_X1
reg_dout_U7                    0.0001304   0.0001171   0.0002649   1.739e-05  NAND2_X1
mult_46_U148                   0.0001007   9.276e-05   0.0002643   7.084e-05  OAI222_X1
mult_50_U165                   9.463e-05   0.0001491   0.0002611   1.739e-05  NAND2_X1
mult_47_U41                    0.0001194   8.908e-05   0.0002607   5.217e-05  HA_X1
mult_46_U146                    0.000102   8.102e-05   0.0002566   7.357e-05  OAI222_X1
reg_1_U2                        0.000152   7.313e-05   0.0002563    3.12e-05  OAI21_X1
mult_50_U171                   9.007e-05   0.0001463   0.0002537   1.739e-05  NAND2_X1
mult_47_U147                   0.0001294   8.771e-05   0.0002522   3.514e-05  AOI222_X1
mult_47_U34                    0.0001192   7.803e-05   0.0002494   5.217e-05  HA_X1
mult_47_U42                     0.000134   5.514e-05    0.000247   5.776e-05  FA_X1
reg_1_U15                      0.0001472    6.79e-05   0.0002463    3.12e-05  OAI21_X1
mult_46_U158                   0.0001373   7.628e-05   0.0002426   2.904e-05  XNOR2_X1
mult_47_U44                    0.0001191   7.073e-05    0.000242   5.217e-05  HA_X1
reg_1_U5                       0.0001095   0.0001149   0.0002417   1.739e-05  NAND2_X1
mult_51_U147                   0.0001327   8.855e-05   0.0002416   2.036e-05  AOI222_X1
mult_47_U38                     0.000119   6.897e-05   0.0002402   5.217e-05  HA_X1
mult_52_U111                   6.979e-05   0.0001561   0.0002401   1.415e-05  INV_X1
mult_51_U158                   8.426e-05   0.0001227   0.0002352   2.829e-05  NAND2_X1
mult_51_U173                   7.844e-05    0.000134   0.0002339    2.15e-05  NOR2_X1
mult_47_U117                   2.531e-05   0.0001943   0.0002332   1.362e-05  INV_X1
mult_47_U115                   2.533e-05   0.0001907   0.0002296   1.362e-05  INV_X1
mult_47_U146                    8.99e-05   6.767e-05   0.0002289   7.134e-05  OAI222_X1
mult_51_U160                   7.434e-05   0.0001373   0.0002267   1.506e-05  NAND2_X1
mult_47_U148                   8.678e-05   6.944e-05   0.0002238   6.755e-05  OAI222_X1
mult_47_U118                   2.535e-05   0.0001835   0.0002224   1.362e-05  INV_X1
mult_51_U140                   7.779e-05    0.000122   0.0002213    2.15e-05  NOR2_X1
mult_51_U141                   7.776e-05   0.0001211   0.0002204    2.15e-05  NOR2_X1
mult_47_U43                    0.0001186   4.949e-05   0.0002203   5.217e-05  HA_X1
mult_51_U139                   7.777e-05   0.0001201   0.0002194    2.15e-05  NOR2_X1
mult_51_U176                   7.849e-05   0.0001183   0.0002183    2.15e-05  NOR2_X1
add_2_root_add_0_root_add_48_3_U1  0.0001114   8.037e-05   0.0002168   2.507e-05  AND2_X1
mult_51_U167                   7.437e-05   0.0001188   0.0002147    2.15e-05  NOR2_X1
mult_52_U156                   0.0001042   8.597e-05   0.0002141   2.388e-05  AND2_X1
reg_1_U16                      0.0001093   8.733e-05    0.000214   1.739e-05  NAND2_X1
mult_51_U150                   6.592e-05   0.0001298   0.0002126   1.683e-05  NAND2_X1
mult_51_U175                   7.846e-05   0.0001124   0.0002123    2.15e-05  NOR2_X1
mult_51_U172                   7.848e-05    0.000112    0.000212    2.15e-05  NOR2_X1
mult_51_U134                   7.856e-05   0.0001118   0.0002119    2.15e-05  NOR2_X1
mult_51_U136                   7.857e-05   0.0001105   0.0002106    2.15e-05  NOR2_X1
mult_51_U133                   7.852e-05   0.0001103   0.0002103    2.15e-05  NOR2_X1
mult_51_U132                   7.855e-05   0.0001092   0.0002093    2.15e-05  NOR2_X1
mult_51_U152                   6.595e-05   0.0001263    0.000209   1.683e-05  NAND2_X1
mult_51_U142                   7.777e-05   0.0001096   0.0002089    2.15e-05  NOR2_X1
mult_51_U159                    6.29e-05   0.0001291   0.0002088   1.683e-05  NAND2_X1
mult_51_U127                   6.099e-05   0.0001253    0.000208    2.17e-05  NOR2_X1
mult_51_U155                   6.596e-05   0.0001244   0.0002072   1.683e-05  NAND2_X1
mult_47_U120                   2.543e-05   0.0001663   0.0002053   1.362e-05  INV_X1
mult_51_U109                   5.925e-05   0.0001323   0.0002045   1.289e-05  INV_X1
mult_51_U162                   7.193e-05   0.0001104   0.0002038    2.15e-05  NOR2_X1
mult_51_U138                   7.769e-05   0.0001033   0.0002025    2.15e-05  NOR2_X1
mult_51_U169                   7.438e-05   0.0001065   0.0002024    2.15e-05  NOR2_X1
reg_2_U7                       0.0001121   5.716e-05   0.0002021   3.289e-05  OAI21_X1
mult_47_U119                   2.547e-05   0.0001624   0.0002015   1.362e-05  INV_X1
mult_51_U153                   6.601e-05   0.0001182    0.000201   1.683e-05  NAND2_X1
reg_2_U11                      0.0001156   5.213e-05   0.0002006   3.289e-05  OAI21_X1
reg_2_U15                      0.0001157   5.199e-05   0.0002006   3.289e-05  OAI21_X1
mult_45_U111                   5.818e-05   0.0001281   0.0002005   1.423e-05  INV_X1
reg_2_U13                      0.0001156   5.173e-05   0.0002002   3.289e-05  OAI21_X1
mult_51_U161                   7.189e-05   0.0001064   0.0001998    2.15e-05  NOR2_X1
mult_51_U164                   7.193e-05   0.0001052   0.0001986    2.15e-05  NOR2_X1
mult_51_U112                   5.639e-05    0.000128   0.0001974   1.302e-05  INV_X1
mult_51_U137                   6.203e-05   0.0001178   0.0001967   1.683e-05  NAND2_X1
mult_51_U163                   7.189e-05   0.0001027   0.0001961    2.15e-05  NOR2_X1
mult_47_U123                   2.536e-05    0.000157    0.000196   1.362e-05  INV_X1
mult_51_U151                   6.605e-05    0.000113   0.0001959   1.683e-05  NAND2_X1
mult_46_U111                   5.472e-05    0.000127   0.0001958    1.41e-05  INV_X1
reg_1_U3                       9.049e-05   8.768e-05   0.0001956   1.739e-05  NAND2_X1
reg_2_U9                       0.0001143   4.812e-05   0.0001953   3.289e-05  OAI21_X1
mult_51_U166                    7.44e-05   9.829e-05   0.0001942    2.15e-05  NOR2_X1
mult_51_U135                   6.121e-05   0.0001111    0.000194    2.17e-05  NOR2_X1
mult_51_U165                   5.769e-05   0.0001189   0.0001935   1.683e-05  NAND2_X1
mult_51_U178                   6.096e-05   0.0001104   0.0001931    2.17e-05  NOR2_X1
mult_51_U143                   6.273e-05   0.0001134    0.000193   1.683e-05  NAND2_X1
mult_45_U159                   6.355e-05   9.944e-05   0.0001922   2.916e-05  NAND2_X1
mult_51_U174                   7.859e-05   9.173e-05   0.0001918    2.15e-05  NOR2_X1
mult_51_U126                   6.106e-05   0.0001086   0.0001914    2.17e-05  NOR2_X1
mult_51_U177                   6.214e-05   0.0001102   0.0001892   1.683e-05  NAND2_X1
mult_51_U128                   6.108e-05   0.0001056   0.0001884    2.17e-05  NOR2_X1
reg_2_U5                       0.0001066   4.817e-05   0.0001876   3.289e-05  OAI21_X1
mult_50_U115                   5.523e-05   0.0001214   0.0001872   1.059e-05  INV_X1
mult_51_U148                   6.117e-05   0.0001032   0.0001861    2.17e-05  NOR2_X1
reg_2_U3                       0.0001048   4.801e-05   0.0001857   3.289e-05  OAI21_X1
mult_51_U131                   6.118e-05   0.0001023   0.0001852    2.17e-05  NOR2_X1
mult_51_U168                   7.451e-05   8.616e-05   0.0001822    2.15e-05  NOR2_X1
mult_51_U170                   7.453e-05   8.597e-05    0.000182    2.15e-05  NOR2_X1
mult_52_U140                   6.137e-05   9.702e-05     0.00018   2.165e-05  NOR2_X1
mult_52_U141                   6.136e-05    9.58e-05   0.0001788   2.165e-05  NOR2_X1
mult_51_U130                   7.392e-05   8.919e-05   0.0001782   1.506e-05  NAND2_X1
mult_52_U158                   6.334e-05   8.369e-05   0.0001762   2.916e-05  NAND2_X1
mult_52_U136                    6.31e-05   9.142e-05   0.0001762   2.165e-05  NOR2_X1
mult_45_U143                    6.14e-05   9.231e-05   0.0001754   2.165e-05  NOR2_X1
mult_45_U161                   5.522e-05   0.0001062   0.0001753   1.389e-05  NAND2_X1
mult_50_U149                   6.715e-05   7.514e-05   0.0001749    3.26e-05  NOR4_X1
mult_45_U177                    6.13e-05   9.186e-05   0.0001748   2.165e-05  NOR2_X1
mult_51_U154                    6.66e-05   9.085e-05   0.0001743   1.683e-05  NAND2_X1
mult_52_U173                   6.129e-05   9.116e-05   0.0001741   2.165e-05  NOR2_X1
mult_45_U174                   6.129e-05   9.043e-05   0.0001734   2.165e-05  NOR2_X1
mult_47_U158                   9.339e-05   4.984e-05   0.0001732   3.002e-05  XNOR2_X1
mult_45_U141                   6.146e-05   8.998e-05   0.0001731   2.165e-05  NOR2_X1
mult_52_U176                   6.133e-05   8.999e-05    0.000173   2.165e-05  NOR2_X1
mult_52_U134                   6.316e-05   8.774e-05   0.0001726   2.165e-05  NOR2_X1
mult_45_U142                   6.147e-05   8.926e-05   0.0001724   2.165e-05  NOR2_X1
mult_45_U154                   6.246e-05   9.594e-05   0.0001723   1.389e-05  NAND2_X1
mult_52_U139                   6.148e-05   8.873e-05   0.0001719   2.165e-05  NOR2_X1
mult_51_U129                   6.116e-05   8.815e-05    0.000171    2.17e-05  NOR2_X1
mult_45_U135                   6.315e-05   8.608e-05   0.0001709   2.165e-05  NOR2_X1
mult_52_U160                   5.522e-05   0.0001017   0.0001708   1.389e-05  NAND2_X1
mult_52_U132                   6.319e-05   8.563e-05   0.0001705   2.165e-05  NOR2_X1
mult_52_U142                    6.15e-05   8.728e-05   0.0001704   2.165e-05  NOR2_X1
mult_45_U138                    6.32e-05   8.526e-05   0.0001701   2.165e-05  NOR2_X1
mult_52_U152                   5.773e-05    9.48e-05   0.0001691   1.656e-05  NAND2_X1
mult_52_U155                    5.78e-05   9.418e-05   0.0001685   1.656e-05  NAND2_X1
mult_45_U170                   5.771e-05   8.903e-05   0.0001684   2.165e-05  NOR2_X1
mult_45_U168                   5.771e-05   8.896e-05   0.0001683   2.165e-05  NOR2_X1
mult_52_U172                   6.141e-05   8.504e-05   0.0001681   2.165e-05  NOR2_X1
mult_52_U133                    6.32e-05   8.313e-05    0.000168   2.165e-05  NOR2_X1
mult_52_U175                   6.138e-05   8.486e-05   0.0001679   2.165e-05  NOR2_X1
mult_45_U157                   6.267e-05   9.119e-05   0.0001677   1.389e-05  NAND2_X1
mult_51_U171                   5.883e-05    9.19e-05   0.0001676   1.683e-05  NAND2_X1
mult_45_U136                   6.324e-05   8.239e-05   0.0001673   2.165e-05  NOR2_X1
mult_45_U149                   8.609e-05   6.161e-05   0.0001669   1.924e-05  AOI222_X1
mult_52_U167                   5.774e-05   8.745e-05   0.0001668   2.165e-05  NOR2_X1
mult_45_U134                   6.325e-05    8.19e-05   0.0001668   2.165e-05  NOR2_X1
mult_45_U144                   6.156e-05   8.348e-05   0.0001667   2.165e-05  NOR2_X1
mult_45_U152                   6.265e-05   9.006e-05   0.0001666   1.389e-05  NAND2_X1
mult_52_U150                   5.786e-05   9.189e-05   0.0001663   1.656e-05  NAND2_X1
mult_52_U169                   5.775e-05   8.629e-05   0.0001657   2.165e-05  NOR2_X1
mult_45_U173                   6.145e-05   8.254e-05   0.0001656   2.165e-05  NOR2_X1
mult_52_U147                   8.604e-05   5.991e-05   0.0001652   1.924e-05  AOI222_X1
mult_52_U151                   5.794e-05   8.974e-05   0.0001642   1.656e-05  NAND2_X1
mult_45_U140                   6.155e-05   8.088e-05   0.0001641   2.165e-05  NOR2_X1
reg_3_U15                      8.719e-05   4.301e-05   0.0001639   3.373e-05  OAI21_X1
mult_45_U176                   6.145e-05   8.018e-05   0.0001633   2.165e-05  NOR2_X1
mult_51_U115                   1.656e-05   0.0001322   0.0001631   1.435e-05  INV_X1
mult_45_U155                    6.28e-05   8.583e-05   0.0001625   1.389e-05  NAND2_X1
mult_52_U138                   6.157e-05   7.912e-05   0.0001623   2.165e-05  NOR2_X1
mult_45_U137                   5.124e-05   8.842e-05   0.0001616   2.196e-05  NOR2_X1
reg_3_U13                      8.688e-05    4.09e-05   0.0001615   3.373e-05  OAI21_X1
mult_47_U113                    1.65e-05   0.0001305   0.0001613   1.435e-05  INV_X1
mult_52_U127                   4.861e-05   9.059e-05   0.0001612   2.196e-05  NOR2_X1
mult_52_U159                   4.848e-05   9.604e-05   0.0001611   1.656e-05  NAND2_X1
mult_45_U164                   5.544e-05   8.359e-05   0.0001607   2.165e-05  NOR2_X1
mult_47_U114                   1.652e-05   0.0001296   0.0001605   1.435e-05  INV_X1
mult_45_U160                   4.847e-05   9.531e-05   0.0001603   1.656e-05  NAND2_X1
mult_52_U163                   5.544e-05   8.307e-05   0.0001602   2.165e-05  NOR2_X1
reg_3_U11                      8.681e-05   3.947e-05     0.00016   3.373e-05  OAI21_X1
mult_45_U129                   4.862e-05   8.907e-05   0.0001596   2.196e-05  NOR2_X1
mult_45_U139                   4.736e-05   9.569e-05   0.0001596   1.656e-05  NAND2_X1
mult_52_U137                   4.739e-05   9.554e-05   0.0001595   1.656e-05  NAND2_X1
mult_45_U153                    6.29e-05   8.259e-05   0.0001594   1.389e-05  NAND2_X1
mult_52_U153                   5.817e-05   8.434e-05   0.0001591   1.656e-05  NAND2_X1
reg_3_U3                         8.6e-05   3.926e-05    0.000159   3.373e-05  OAI21_X1
mult_52_U164                    5.55e-05   8.131e-05   0.0001585   2.165e-05  NOR2_X1
mult_50_U120                   1.658e-05   0.0001275   0.0001584   1.435e-05  INV_X1
mult_46_U116                   1.658e-05   0.0001274   0.0001584   1.435e-05  INV_X1
mult_51_U114                   1.659e-05   0.0001271   0.0001581   1.435e-05  INV_X1
mult_45_U165                    5.55e-05   8.087e-05    0.000158   2.165e-05  NOR2_X1
mult_45_U117                   1.659e-05   0.0001268   0.0001577   1.435e-05  INV_X1
mult_50_U121                   1.659e-05   0.0001268   0.0001577   1.435e-05  INV_X1
mult_52_U135                   5.135e-05   8.399e-05   0.0001573   2.196e-05  NOR2_X1
mult_52_U117                   1.659e-05   0.0001262   0.0001571   1.435e-05  INV_X1
mult_45_U163                   5.551e-05   7.996e-05   0.0001571   2.165e-05  NOR2_X1
mult_52_U162                   5.552e-05   7.971e-05   0.0001569   2.165e-05  NOR2_X1
mult_52_U118                   1.659e-05   0.0001254   0.0001564   1.435e-05  INV_X1
mult_52_U119                   1.659e-05   0.0001254   0.0001564   1.435e-05  INV_X1
mult_45_U162                   5.549e-05   7.914e-05   0.0001563   2.165e-05  NOR2_X1
mult_45_U118                    1.66e-05   0.0001249   0.0001559   1.435e-05  INV_X1
mult_52_U143                   4.842e-05   9.085e-05   0.0001558   1.656e-05  NAND2_X1
mult_52_U161                   5.551e-05   7.856e-05   0.0001557   2.165e-05  NOR2_X1
mult_52_U131                   5.137e-05   8.228e-05   0.0001556   2.196e-05  NOR2_X1
mult_52_U109                   4.411e-05   9.845e-05   0.0001552   1.267e-05  INV_X1
mult_46_U113                    1.66e-05   0.0001241    0.000155   1.435e-05  INV_X1
reg_3_U9                       8.418e-05   3.706e-05    0.000155   3.373e-05  OAI21_X1
mult_45_U109                   4.409e-05   9.818e-05   0.0001549   1.267e-05  INV_X1
mult_45_U116                    1.66e-05   0.0001239   0.0001549   1.435e-05  INV_X1
mult_47_U116                   1.653e-05   0.0001235   0.0001544   1.435e-05  INV_X1
mult_45_U167                   5.794e-05    7.47e-05   0.0001543   2.165e-05  NOR2_X1
mult_52_U126                   4.881e-05   8.335e-05   0.0001541   2.196e-05  NOR2_X1
mult_52_U166                   5.795e-05   7.445e-05    0.000154   2.165e-05  NOR2_X1
mult_46_U114                   1.661e-05   0.0001228   0.0001538   1.435e-05  INV_X1
mult_45_U128                   4.881e-05   8.293e-05   0.0001537   2.196e-05  NOR2_X1
reg_3_U7                       8.101e-05   3.855e-05   0.0001533   3.373e-05  OAI21_X1
mult_51_U119                   1.661e-05    0.000122   0.0001529   1.435e-05  INV_X1
mult_50_U122                   1.662e-05   0.0001206   0.0001515   1.435e-05  INV_X1
mult_52_U174                   6.178e-05   6.776e-05   0.0001512   2.165e-05  NOR2_X1
mult_45_U130                   4.887e-05   7.952e-05   0.0001503   2.196e-05  NOR2_X1
reg_3_U5                       7.997e-05   3.628e-05     0.00015   3.373e-05  OAI21_X1
mult_45_U178                   4.641e-05    8.69e-05   0.0001499   1.656e-05  NAND2_X1
mult_52_U177                   4.645e-05   8.683e-05   0.0001498   1.656e-05  NAND2_X1
mult_45_U133                   5.156e-05   7.551e-05    0.000149   2.196e-05  NOR2_X1
mult_45_U145                   4.839e-05   8.398e-05   0.0001489   1.656e-05  NAND2_X1
mult_52_U128                   4.891e-05   7.789e-05   0.0001488   2.196e-05  NOR2_X1
mult_52_U178                    4.88e-05    7.79e-05   0.0001486   2.196e-05  NOR2_X1
mult_45_U169                   5.808e-05   6.795e-05   0.0001477   2.165e-05  NOR2_X1
mult_46_U159                   4.971e-05   6.766e-05    0.000147   2.959e-05  NAND2_X1
mult_45_U150                   5.003e-05   7.456e-05   0.0001465   2.196e-05  NOR2_X1
mult_52_U112                   4.164e-05   9.196e-05   0.0001464   1.279e-05  INV_X1
mult_45_U179                   4.887e-05   7.516e-05    0.000146   2.196e-05  NOR2_X1
mult_45_U166                   4.419e-05   8.479e-05   0.0001455   1.656e-05  NAND2_X1
mult_45_U112                   4.168e-05   9.105e-05   0.0001455   1.279e-05  INV_X1
mult_45_U156                   6.331e-05   6.768e-05   0.0001449   1.389e-05  NAND2_X1
mult_52_U148                   5.007e-05   7.276e-05   0.0001448   2.196e-05  NOR2_X1
mult_51_U124                   1.666e-05   0.0001138   0.0001448   1.435e-05  INV_X1
mult_52_U168                   5.818e-05   6.465e-05   0.0001445   2.165e-05  NOR2_X1
mult_45_U171                   5.822e-05   6.295e-05   0.0001428   2.165e-05  NOR2_X1
reg_2_U16                      6.805e-05    5.78e-05   0.0001427   1.683e-05  NAND2_X1
mult_52_U154                   5.873e-05   6.682e-05   0.0001421   1.656e-05  NAND2_X1
mult_52_U123                   1.659e-05   0.0001109   0.0001418   1.435e-05  INV_X1
mult_46_U143                   4.511e-05   7.458e-05   0.0001414   2.172e-05  NOR2_X1
mult_52_U170                   5.826e-05   6.147e-05   0.0001414   2.165e-05  NOR2_X1
mult_52_U130                   5.514e-05   7.228e-05   0.0001413   1.389e-05  NAND2_X1
mult_52_U129                   4.913e-05       7e-05   0.0001411   2.196e-05  NOR2_X1
mult_47_U122                   1.652e-05   0.0001099   0.0001408   1.435e-05  INV_X1
mult_51_U123                   1.668e-05    0.000109     0.00014   1.435e-05  INV_X1
mult_46_U141                   4.514e-05   7.293e-05   0.0001398   2.172e-05  NOR2_X1
mult_47_U111                   3.803e-05   8.697e-05   0.0001392   1.423e-05  INV_X1
mult_46_U174                   4.436e-05   7.303e-05   0.0001391   2.172e-05  NOR2_X1
mult_46_U142                   4.513e-05   7.184e-05   0.0001387   2.172e-05  NOR2_X1
reg_2_U8                        6.25e-05   5.932e-05   0.0001386   1.683e-05  NAND2_X1
mult_45_U123                   1.661e-05   0.0001071   0.0001381   1.435e-05  INV_X1
mult_45_U122                   1.659e-05   0.0001067   0.0001376   1.435e-05  INV_X1
reg_2_U10                      6.384e-05   5.694e-05   0.0001376   1.683e-05  NAND2_X1
mult_52_U165                   4.418e-05   7.686e-05   0.0001376   1.656e-05  NAND2_X1
mult_46_U138                   4.563e-05   7.019e-05   0.0001375   2.172e-05  NOR2_X1
mult_46_U161                   4.288e-05   8.097e-05   0.0001372   1.333e-05  NAND2_X1
reg_2_U14                      6.341e-05   5.684e-05   0.0001371   1.683e-05  NAND2_X1
mult_50_U124                   1.664e-05    0.000106    0.000137   1.435e-05  INV_X1
mult_46_U136                   4.563e-05   6.951e-05   0.0001369   2.172e-05  NOR2_X1
mult_52_U124                   1.662e-05   0.0001059   0.0001369   1.435e-05  INV_X1
mult_45_U124                   1.664e-05   0.0001055   0.0001365   1.435e-05  INV_X1
mult_45_U131                    4.93e-05   6.495e-05   0.0001362   2.196e-05  NOR2_X1
reg_2_U12                      6.224e-05   5.689e-05    0.000136   1.683e-05  NAND2_X1
mult_46_U177                    4.44e-05   6.931e-05   0.0001354   2.172e-05  NOR2_X1
mult_46_U168                   4.283e-05   7.082e-05   0.0001354   2.172e-05  NOR2_X1
mult_46_U163                   4.201e-05   7.128e-05    0.000135   2.172e-05  NOR2_X1
mult_51_U125                   1.671e-05   0.0001034   0.0001345   1.435e-05  INV_X1
mult_47_U121                   1.654e-05   0.0001034   0.0001343   1.435e-05  INV_X1
mult_46_U176                   4.436e-05   6.807e-05   0.0001342   2.172e-05  NOR2_X1
mult_46_U170                   4.283e-05   6.961e-05   0.0001342   2.172e-05  NOR2_X1
mult_50_U123                   1.665e-05    0.000103   0.0001341   1.435e-05  INV_X1
reg_2_U4                       6.805e-05   5.088e-05    0.000134   1.506e-05  NAND2_X1
mult_46_U134                   4.565e-05   6.567e-05    0.000133   2.172e-05  NOR2_X1
mult_52_U125                   1.672e-05   0.0001018   0.0001329   1.435e-05  INV_X1
mult_45_U127                   6.351e-05   5.503e-05   0.0001324   1.389e-05  NAND2_X1
mult_46_U144                   4.511e-05   6.523e-05   0.0001321   2.172e-05  NOR2_X1
mult_46_U135                    4.56e-05   6.402e-05   0.0001313   2.172e-05  NOR2_X1
mult_46_U122                   1.664e-05   0.0001003   0.0001313   1.435e-05  INV_X1
mult_46_U124                   1.666e-05   0.0001002   0.0001312   1.435e-05  INV_X1
mult_46_U154                   4.367e-05   7.404e-05    0.000131   1.333e-05  NAND2_X1
reg_2_U6                        5.92e-05   5.498e-05    0.000131   1.683e-05  NAND2_X1
mult_45_U132                    4.82e-05   6.611e-05   0.0001309   1.656e-05  NAND2_X1
mult_46_U152                   4.368e-05   7.374e-05   0.0001307   1.333e-05  NAND2_X1
mult_46_U129                   3.657e-05   7.173e-05   0.0001304   2.208e-05  NOR2_X1
mult_46_U121                   1.665e-05   9.923e-05   0.0001302   1.435e-05  INV_X1
mult_46_U140                   4.507e-05    6.31e-05   0.0001299   2.172e-05  NOR2_X1
mult_46_U149                    6.42e-05   4.578e-05   0.0001287   1.872e-05  AOI222_X1
mult_46_U157                   4.372e-05   7.162e-05   0.0001287   1.333e-05  NAND2_X1
mult_46_U173                   4.441e-05   6.249e-05   0.0001286   2.172e-05  NOR2_X1
mult_46_U160                   3.737e-05   7.441e-05   0.0001282   1.642e-05  NAND2_X1
mult_47_U124                   1.666e-05   9.705e-05   0.0001281   1.435e-05  INV_X1
mult_52_U171                   4.479e-05   6.627e-05   0.0001276   1.656e-05  NAND2_X1
mult_50_U125                   1.675e-05   9.587e-05    0.000127   1.435e-05  INV_X1
mult_46_U165                   4.198e-05   6.305e-05   0.0001268   2.172e-05  NOR2_X1
mult_46_U112                   3.312e-05   8.089e-05   0.0001267   1.267e-05  INV_X1
mult_46_U162                   4.194e-05   6.286e-05   0.0001265   2.172e-05  NOR2_X1
mult_46_U155                   4.373e-05   6.853e-05   0.0001256   1.333e-05  NAND2_X1
mult_45_U172                   4.474e-05   6.419e-05   0.0001255   1.656e-05  NAND2_X1
mult_46_U164                   4.193e-05   6.158e-05   0.0001252   2.172e-05  NOR2_X1
mult_46_U109                   3.469e-05    7.74e-05   0.0001247   1.256e-05  INV_X1
mult_46_U137                   3.698e-05   6.506e-05   0.0001241   2.208e-05  NOR2_X1
mult_46_U139                   3.725e-05   7.038e-05   0.0001241   1.642e-05  NAND2_X1
mult_46_U153                   4.373e-05   6.673e-05   0.0001238   1.333e-05  NAND2_X1
mult_46_U128                   3.669e-05   6.406e-05   0.0001228   2.208e-05  NOR2_X1
mult_46_U167                   4.287e-05   5.798e-05   0.0001226   2.172e-05  NOR2_X1
reg_3_U16                      6.004e-05   4.571e-05   0.0001223   1.656e-05  NAND2_X1
mult_46_U145                    3.72e-05   6.742e-05    0.000121   1.642e-05  NAND2_X1
mult_46_U130                   3.668e-05   6.215e-05   0.0001209   2.208e-05  NOR2_X1
mult_46_U133                     3.7e-05   6.107e-05   0.0001201   2.208e-05  NOR2_X1
mult_46_U166                     3.5e-05   6.824e-05   0.0001197   1.642e-05  NAND2_X1
mult_46_U179                   3.656e-05   6.036e-05    0.000119   2.208e-05  NOR2_X1
mult_46_U150                   3.615e-05   6.053e-05   0.0001188   2.208e-05  NOR2_X1
mult_46_U175                   4.446e-05   5.211e-05   0.0001183   2.172e-05  NOR2_X1
mult_51_U149                     3.8e-05    4.59e-05   0.0001182   3.428e-05  NOR4_X1
mult_46_U178                   3.637e-05   6.349e-05   0.0001163   1.642e-05  NAND2_X1
reg_3_U4                        4.91e-05   5.049e-05   0.0001162   1.656e-05  NAND2_X1
mult_46_U169                   4.291e-05    5.04e-05    0.000115   2.172e-05  NOR2_X1
mult_45_U175                   4.398e-05   4.922e-05   0.0001148   2.165e-05  NOR2_X1
mult_46_U131                   3.667e-05   5.603e-05   0.0001148   2.208e-05  NOR2_X1
mult_46_U171                   4.291e-05   4.998e-05   0.0001146   2.172e-05  NOR2_X1
mult_47_U149                    5.62e-05   3.742e-05    0.000114   2.036e-05  AOI222_X1
reg_3_U14                      4.947e-05   4.597e-05    0.000112   1.656e-05  NAND2_X1
mult_46_U156                   4.383e-05   5.441e-05   0.0001116   1.333e-05  NAND2_X1
reg_3_U12                      4.778e-05   4.598e-05   0.0001103   1.656e-05  NAND2_X1
reg_3_U10                      4.713e-05   4.647e-05   0.0001102   1.656e-05  NAND2_X1
mult_47_U159                    3.45e-05   4.626e-05    0.000109   2.829e-05  NAND2_X1
reg_3_U8                        4.55e-05   4.553e-05   0.0001076   1.656e-05  NAND2_X1
mult_47_U174                    3.01e-05   5.585e-05   0.0001074    2.15e-05  NOR2_X1
mult_46_U172                   3.519e-05   5.494e-05   0.0001066   1.642e-05  NAND2_X1
mult_46_U132                   3.675e-05   5.211e-05   0.0001053   1.642e-05  NAND2_X1
reg_3_U6                       5.153e-05   3.896e-05   0.0001044   1.389e-05  NAND2_X1
reg_x_U3                       4.967e-05   2.338e-05   0.0001043    3.12e-05  OAI21_X1
reg_x_U9                       4.963e-05    2.33e-05   0.0001041    3.12e-05  OAI21_X1
reg_x_U5                       4.962e-05   2.315e-05    0.000104    3.12e-05  OAI21_X1
reg_x_U15                      4.962e-05   2.287e-05   0.0001037    3.12e-05  OAI21_X1
mult_47_U142                   3.001e-05   5.183e-05   0.0001033    2.15e-05  NOR2_X1
reg_x_U13                       4.96e-05   2.239e-05   0.0001032    3.12e-05  OAI21_X1
mult_47_U168                   3.017e-05   5.134e-05    0.000103    2.15e-05  NOR2_X1
mult_46_U127                   4.375e-05   4.452e-05   0.0001016   1.333e-05  NAND2_X1
reg_x_U11                      4.956e-05   2.069e-05   0.0001014    3.12e-05  OAI21_X1
reg_x_U7                       4.955e-05   2.068e-05   0.0001014    3.12e-05  OAI21_X1
mult_47_U177                   3.014e-05   4.933e-05    0.000101    2.15e-05  NOR2_X1
mult_47_U129                   2.699e-05   5.195e-05   0.0001006    2.17e-05  NOR2_X1
mult_47_U163                   2.998e-05   4.909e-05   0.0001006    2.15e-05  NOR2_X1
mult_47_U157                   2.945e-05   5.588e-05   0.0001004   1.506e-05  NAND2_X1
mult_47_U136                   3.019e-05   4.862e-05   0.0001003    2.15e-05  NOR2_X1
mult_47_U141                   2.999e-05   4.872e-05   0.0001002    2.15e-05  NOR2_X1
mult_47_U161                   2.917e-05    5.57e-05   9.993e-05   1.506e-05  NAND2_X1
mult_47_U143                   2.997e-05   4.845e-05   9.992e-05    2.15e-05  NOR2_X1
mult_47_U170                   3.018e-05   4.789e-05   9.957e-05    2.15e-05  NOR2_X1
mult_47_U165                   2.997e-05   4.701e-05   9.848e-05    2.15e-05  NOR2_X1
mult_47_U134                   3.018e-05   4.655e-05   9.823e-05    2.15e-05  NOR2_X1
mult_47_U138                   3.019e-05   4.602e-05   9.771e-05    2.15e-05  NOR2_X1
mult_47_U144                       3e-05     4.6e-05    9.75e-05    2.15e-05  NOR2_X1
mult_47_U178                   2.698e-05   5.363e-05   9.745e-05   1.683e-05  NAND2_X1
mult_47_U164                   2.993e-05   4.568e-05   9.711e-05    2.15e-05  NOR2_X1
mult_47_U176                    3.01e-05   4.549e-05   9.709e-05    2.15e-05  NOR2_X1
mult_47_U135                   3.014e-05   4.533e-05   9.697e-05    2.15e-05  NOR2_X1
mult_47_U162                   2.991e-05   4.517e-05   9.658e-05    2.15e-05  NOR2_X1
mult_47_U160                   2.711e-05   5.259e-05   9.653e-05   1.683e-05  NAND2_X1
mult_47_U173                   3.013e-05   4.468e-05   9.631e-05    2.15e-05  NOR2_X1
mult_47_U128                   2.708e-05    4.75e-05   9.629e-05    2.17e-05  NOR2_X1
mult_47_U152                   2.944e-05   5.068e-05   9.518e-05   1.506e-05  NAND2_X1
mult_47_U167                   3.021e-05   4.279e-05    9.45e-05    2.15e-05  NOR2_X1
mult_47_U137                   2.708e-05   4.536e-05   9.414e-05    2.17e-05  NOR2_X1
mult_47_U140                   2.993e-05   4.259e-05   9.402e-05    2.15e-05  NOR2_X1
mult_47_U154                   2.939e-05   4.934e-05   9.379e-05   1.506e-05  NAND2_X1
mult_47_U155                   2.945e-05     4.9e-05    9.35e-05   1.506e-05  NAND2_X1
mult_47_U139                   2.694e-05   4.971e-05   9.348e-05   1.683e-05  NAND2_X1
mult_47_U179                   2.694e-05   4.451e-05   9.315e-05    2.17e-05  NOR2_X1
mult_47_U109                   2.428e-05   5.583e-05     9.3e-05   1.289e-05  INV_X1
mult_47_U112                   2.434e-05   5.548e-05   9.284e-05   1.302e-05  INV_X1
mult_47_U171                   3.024e-05   4.021e-05   9.195e-05    2.15e-05  NOR2_X1
mult_47_U133                   2.701e-05   4.285e-05   9.157e-05    2.17e-05  NOR2_X1
mult_47_U153                   2.945e-05   4.654e-05   9.104e-05   1.506e-05  NAND2_X1
mult_45_U151                   2.647e-05   2.902e-05   9.066e-05   3.517e-05  NOR4_X1
mult_47_U130                   2.712e-05   4.171e-05   9.054e-05    2.17e-05  NOR2_X1
mult_52_U149                   2.648e-05   2.847e-05   9.011e-05   3.517e-05  NOR4_X1
mult_47_U150                     2.7e-05   4.056e-05   8.926e-05    2.17e-05  NOR2_X1
mult_47_U169                   3.027e-05   3.734e-05   8.911e-05    2.15e-05  NOR2_X1
mult_47_U175                   3.018e-05   3.741e-05   8.909e-05    2.15e-05  NOR2_X1
mult_47_U145                   2.691e-05   4.517e-05   8.891e-05   1.683e-05  NAND2_X1
mult_47_U166                   2.687e-05   4.474e-05   8.845e-05   1.683e-05  NAND2_X1
mult_47_U131                   2.713e-05   3.826e-05   8.709e-05    2.17e-05  NOR2_X1
mult_47_U172                   2.682e-05   4.164e-05    8.53e-05   1.683e-05  NAND2_X1
mult_47_U156                   2.945e-05   3.841e-05   8.292e-05   1.506e-05  NAND2_X1
mult_47_U132                   2.693e-05   3.811e-05   8.188e-05   1.683e-05  NAND2_X1
mult_51_U110                   2.153e-05   4.927e-05    8.12e-05   1.039e-05  INV_X1
mult_46_U151                   1.966e-05   2.217e-05   7.744e-05   3.561e-05  NOR4_X1
mult_47_U127                   2.924e-05   3.279e-05   7.708e-05   1.506e-05  NAND2_X1
FE_RC_1_0                      3.964e-05   1.428e-05   7.536e-05   2.144e-05  BUF_X1
mult_47_U151                   1.819e-05   1.884e-05   7.131e-05   3.428e-05  NOR4_X1
reg_x_U8                       2.463e-05   2.071e-05   6.274e-05   1.739e-05  NAND2_X1
reg_x_U12                      2.466e-05   2.002e-05   6.207e-05   1.739e-05  NAND2_X1
reg_x_U4                       2.501e-05   1.962e-05   6.202e-05   1.739e-05  NAND2_X1
reg_x_U6                       2.464e-05   1.927e-05    6.13e-05   1.739e-05  NAND2_X1
reg_x_U16                      2.464e-05   1.896e-05     6.1e-05   1.739e-05  NAND2_X1
reg_x_U14                      2.464e-05   1.884e-05   6.088e-05   1.739e-05  NAND2_X1
reg_x_U10                      2.462e-05   1.849e-05   6.051e-05   1.739e-05  NAND2_X1
mult_45_U110                   1.302e-05   3.008e-05   5.341e-05   1.031e-05  INV_X1
mult_52_U110                   1.301e-05   2.913e-05   5.245e-05   1.031e-05  INV_X1
mult_46_U110                   9.227e-06   2.121e-05   4.072e-05   1.028e-05  INV_X1
mult_47_U110                    9.09e-06   2.016e-05   3.964e-05   1.039e-05  INV_X1

---------------------------------------------------------------------------------------

Total (    782 of    782  )        0.235      0.1781     0.4436     0.03051
Total Capacitance                4.381e-12 F
Power Density                   *** No Die Area ***
