*----------------------------------------------------------------------------------------
*	Innovus 17.11-s080_1 (64bit) 08/04/2017 11:13 (Linux 2.6.18-194.el5)
*	
*
* 	Date & Time:	2021-Nov-15 20:27:05 (2021-Nov-15 19:27:05 GMT)
*
*----------------------------------------------------------------------------------------
*
*	Design: iir_filter
*
*	Liberty Libraries used: 
*	        MyAnView: /software/dk/nangate45/liberty/NangateOpenCellLibrary_typical_ecsm_nowlm.lib
*
*	Power Domain used: 
*		Rail:        VDD 	Voltage:        1.1 
*
*       Power View : MyAnView
*
*       User-Defined Activity : N.A.
*
*	Switching Activity File used: 
*	        ../vcd/iir_filter_syn_postplace.vcd
*			Vcd Window used(Start Time, Stop Time):(-2.10619e-07, -2.10619e-07) 
*                     Vcd Scale Factor: 1 
**                    Design annotation coverage: 0/900 = 0% 
*
*       Hierarchical Global Activity: N.A.
*
*       Global Activity: N.A.
*
*       Sequential Element Activity: N.A.
*
*       Primary Input Activity: 0.200000
*
*       Default icg ratio: N.A.
*
*       Global Comb ClockGate Ratio: N.A.
*
*	Power Units = 1mW
*
*	Time Units = 1e-09 secs 
*
*       Temperature = 25 
*
*       report_power -outfile .//iir_filter.rpt -rail_analysis_format VS
*
-----------------------------------------------------------------------------------------
Cell                            Internal   Switching       Total     Leakage   Cell
                                   Power       Power       Power       Power   Name
--------------------------------------------------------------------------------------
add_0_root_add_0_root_add_52_2_U1_6    0.00146    0.001851    0.003387   7.637e-05  FA_X1
reg_1_Q_reg_6_                  0.001277    0.001622    0.002985   8.565e-05  DFFR_X1
add_0_root_add_0_root_add_52_2_U1_3   0.001449    0.001358    0.002882   7.523e-05  FA_X1
add_0_root_add_0_root_add_52_2_U1_5   0.001447    0.001298    0.002821   7.569e-05  FA_X1
add_1_root_add_0_root_add_57_2_U1_2   0.001443     0.00122    0.002737   7.464e-05  FA_X1
add_1_root_add_0_root_add_57_2_U1_3    0.00144    0.001128    0.002643   7.522e-05  FA_X1
add_0_root_add_0_root_add_52_2_U1_4   0.001439    0.001065     0.00258    7.55e-05  FA_X1
add_1_root_add_0_root_add_57_2_U1_5   0.001438     0.00104    0.002554   7.578e-05  FA_X1
add_1_root_add_0_root_add_57_2_U1_4   0.001437    0.001019    0.002531   7.552e-05  FA_X1
add_0_root_add_0_root_add_52_2_U1_2   0.001388    0.001062    0.002525   7.467e-05  FA_X1
add_1_root_add_0_root_add_57_2_U1_6   0.001438   0.0009991    0.002514   7.711e-05  FA_X1
mult_54_U15                     0.001426    0.001004    0.002503   7.192e-05  FA_X1
mult_54_U30                     0.001381     0.00102    0.002465   6.485e-05  FA_X1
mult_54_U17                     0.001432   0.0009529    0.002459   7.379e-05  FA_X1
mult_54_U20                     0.001431   0.0009548    0.002459   7.314e-05  FA_X1
add_1_root_add_0_root_add_57_2_U1_1   0.001304    0.001077    0.002454   7.346e-05  FA_X1
mult_54_U24                     0.001429    0.000947    0.002444   6.825e-05  FA_X1
mult_54_U5                      0.001435   0.0009321     0.00244   7.267e-05  FA_X1
mult_54_U7                      0.001432    0.000916    0.002415    6.73e-05  FA_X1
mult_54_U8                      0.001438    0.000906    0.002412    6.74e-05  FA_X1
mult_50_U4                       0.00143   0.0009027    0.002406   7.303e-05  FA_X1
mult_54_U6                      0.001433   0.0008899    0.002392   6.956e-05  FA_X1
mult_55_U5                      0.001432   0.0008782    0.002383   7.235e-05  FA_X1
mult_55_U3                      0.001428   0.0008784    0.002381   7.426e-05  FA_X1
mult_54_U21                     0.001424   0.0008575    0.002352   7.081e-05  FA_X1
add_1_root_add_0_root_add_52_2_U1_4   0.001413   0.0008426    0.002332    7.55e-05  FA_X1
mult_55_U4                      0.001427   0.0008288    0.002329   7.295e-05  FA_X1
mult_54_U3                      0.001431   0.0008216    0.002327    7.44e-05  FA_X1
add_0_root_add_0_root_add_52_2_U1_1   0.001272    0.000971    0.002316   7.354e-05  FA_X1
add_1_root_add_0_root_add_52_2_U1_5   0.001431   0.0008079    0.002315   7.567e-05  FA_X1
mult_54_U4                       0.00143   0.0008012    0.002305   7.321e-05  FA_X1
mult_50_U3                      0.001412   0.0008146    0.002301    7.43e-05  FA_X1
reg_2_Q_reg_6_                  0.001037    0.001173    0.002295    8.53e-05  DFFR_X1
mult_50_U5                      0.001348   0.0008632    0.002284   7.253e-05  FA_X1
mult_54_U18                     0.001437   0.0007308    0.002241   7.366e-05  FA_X1
mult_55_U2                      0.001417    0.000729    0.002223   7.652e-05  FA_X1
add_1_root_add_0_root_add_52_2_U1_3    0.00133   0.0008132    0.002219   7.522e-05  FA_X1
mult_54_U2                      0.001428   0.0007032    0.002207   7.657e-05  FA_X1
mult_54_U35                     0.001406   0.0007055    0.002177   6.613e-05  FA_X1
add_1_root_add_0_root_add_57_2_U1_7   0.001432   0.0005855    0.002094   7.671e-05  FA_X1
reg_1_Q_reg_5_                  0.001272   0.0007341    0.002092   8.565e-05  DFFR_X1
add_0_root_add_0_root_add_57_2_U1_6   0.001422   0.0005921     0.00209    7.61e-05  FA_X1
reg_1_Q_reg_3_                  0.001265   0.0007376    0.002088   8.565e-05  DFFR_X1
add_0_root_add_0_root_add_57_2_U1_5   0.001422   0.0005885    0.002086   7.565e-05  FA_X1
mult_54_U22                     0.001212   0.0007806     0.00208   8.733e-05  FA_X1
mult_56_U3                      0.001273   0.0007296    0.002077   7.424e-05  FA_X1
add_0_root_add_0_root_add_57_2_U1_1   0.001427   0.0005756    0.002076   7.358e-05  FA_X1
add_0_root_add_0_root_add_57_2_U1_2   0.001423   0.0005714    0.002069   7.467e-05  FA_X1
add_0_root_add_0_root_add_57_2_U1_3   0.001422   0.0005641    0.002061   7.522e-05  FA_X1
add_0_root_add_0_root_add_57_2_U1_4   0.001421   0.0005565    0.002053   7.549e-05  FA_X1
mult_54_U25                     0.001208   0.0007196    0.001998   7.087e-05  FA_X1
mult_56_U2                      0.001263   0.0006507     0.00199   7.647e-05  FA_X1
reg_dout_Q_reg_0_               0.001272   0.0006271    0.001985   8.565e-05  DFFR_X1
add_1_root_add_0_root_add_52_2_U1_2   0.001163   0.0007414    0.001979   7.467e-05  FA_X1
mult_54_U26                     0.001226   0.0006811    0.001977   7.065e-05  FA_X1
reg_dout_Q_reg_1_               0.001272   0.0006137    0.001972   8.565e-05  DFFR_X1
mult_54_U31                     0.001207   0.0006976    0.001969   6.434e-05  FA_X1
add_1_root_add_0_root_add_52_2_U1_6   0.001426   0.0004626    0.001965   7.624e-05  FA_X1
reg_dout_Q_reg_2_               0.001272   0.0005958    0.001954   8.565e-05  DFFR_X1
mult_56_U4                      0.001207   0.0006697     0.00195   7.285e-05  FA_X1
mult_54_U14                     0.001119   0.0007403    0.001948   8.878e-05  FA_X1
reg_1_Q_reg_0_                  0.001252   0.0006005    0.001938   8.565e-05  DFFR_X1
reg_1_Q_reg_1_                   0.00126   0.0005853    0.001931   8.565e-05  DFFR_X1
reg_dout_Q_reg_3_               0.001272    0.000569    0.001926   8.565e-05  DFFR_X1
reg_1_Q_reg_2_                  0.001261   0.0005678    0.001914   8.565e-05  DFFR_X1
reg_dout_Q_reg_4_               0.001272   0.0005505    0.001908   8.565e-05  DFFR_X1
reg_dout_Q_reg_5_               0.001271   0.0005428      0.0019   8.565e-05  DFFR_X1
mult_55_U6                      0.001152   0.0006773    0.001897   6.764e-05  FA_X1
reg_dout_Q_reg_6_               0.001271   0.0005319    0.001889   8.565e-05  DFFR_X1
reg_dout_Q_reg_7_               0.001271   0.0005272    0.001884   8.565e-05  DFFR_X1
reg_1_Q_reg_4_                  0.001266   0.0005261    0.001878   8.565e-05  DFFR_X1
mult_54_U32                    0.0009911   0.0007555    0.001831   8.485e-05  FA_X1
mult_50_U6                      0.001076   0.0006516    0.001795   6.789e-05  FA_X1
add_0_root_add_0_root_add_57_2_U1_7   0.001417   0.0002275    0.001721     7.6e-05  FA_X1
add_1_root_add_0_root_add_52_2_U1_1  0.0009466   0.0006776    0.001698   7.356e-05  FA_X1
mult_54_U110                   0.0001918    0.001478    0.001684   1.435e-05  INV_X1
mult_54_U114                   0.0001919    0.001471    0.001678   1.435e-05  INV_X1
mult_54_U16                    0.0009694   0.0006122    0.001661   7.896e-05  FA_X1
mult_55_U7                     0.0009865   0.0006076    0.001659   6.538e-05  FA_X1
mult_56_U5                      0.001007   0.0005643    0.001644   7.226e-05  FA_X1
mult_54_U36                    0.0009597   0.0006247    0.001643   5.902e-05  FA_X1
mult_54_U27                    0.0009676   0.0006084    0.001643   6.716e-05  FA_X1
mult_54_U19                    0.0009679   0.0006038    0.001639   6.716e-05  FA_X1
mult_54_U23                    0.0009194   0.0006362    0.001618   6.192e-05  FA_X1
mult_54_U113                   0.0001887    0.001408    0.001611   1.435e-05  INV_X1
mult_50_U20                    0.0008932   0.0006225    0.001589   7.334e-05  FA_X1
reg_2_Q_reg_5_                  0.001033   0.0004584    0.001577    8.53e-05  DFFR_X1
mult_54_U37                    0.0008989   0.0006118    0.001573   6.192e-05  FA_X1
mult_55_U20                    0.0008924   0.0005998    0.001566   7.334e-05  FA_X1
mult_55_U17                    0.0008942   0.0005929    0.001561     7.4e-05  FA_X1
mult_50_U17                    0.0008937    0.000582     0.00155     7.4e-05  FA_X1
mult_51_U4                     0.0009078   0.0005689     0.00155   7.289e-05  FA_X1
reg_2_Q_reg_3_                  0.001014   0.0004377    0.001537    8.53e-05  DFFR_X1
mult_54_U115                   0.0001937    0.001314    0.001522   1.435e-05  INV_X1
mult_50_U15                    0.0008523   0.0005968     0.00152   7.049e-05  FA_X1
mult_55_U15                    0.0008523    0.000593    0.001516   7.049e-05  FA_X1
mult_54_U40                    0.0008951   0.0005578    0.001515   6.192e-05  FA_X1
mult_54_U33                    0.0009142   0.0005269    0.001503   6.192e-05  FA_X1
mult_50_U7                     0.0008796   0.0005528    0.001498    6.56e-05  FA_X1
mult_55_U8                     0.0008706   0.0005085    0.001444   6.519e-05  FA_X1
reg_2_Q_reg_4_                  0.001027   0.0003198    0.001433    8.53e-05  DFFR_X1
FE_DBTC9_q_reg1_2              8.327e-05    0.001334    0.001431   1.362e-05  INV_X1
mult_54_U111                   0.0001939    0.001203    0.001412   1.435e-05  INV_X1
FE_DBTC10_q_reg1_1             8.324e-05      0.0013    0.001396   1.362e-05  INV_X1
FE_DBTC7_q_reg1_4              8.325e-05    0.001298    0.001395   1.362e-05  INV_X1
reg_2_Q_reg_0_                 0.0009987   0.0002918    0.001376    8.53e-05  DFFR_X1
reg_2_Q_reg_1_                 0.0009986   0.0002894    0.001373    8.53e-05  DFFR_X1
reg_2_Q_reg_2_                 0.0009976   0.0002902    0.001373    8.53e-05  DFFR_X1
mult_56_U6                     0.0008216   0.0004676    0.001356   6.654e-05  FA_X1
mult_54_U39                    0.0008468   0.0004477    0.001353   5.812e-05  FA_X1
mult_51_U5                     0.0007554   0.0005027     0.00133   7.234e-05  FA_X1
mult_50_U8                     0.0007759   0.0004804    0.001322   6.561e-05  FA_X1
mult_50_U24                     0.000713   0.0005027    0.001282   6.612e-05  FA_X1
FE_DBTC8_q_reg1_3              8.325e-05    0.001177    0.001274   1.362e-05  INV_X1
FE_DBTC11_q_reg1_0             8.317e-05     0.00116    0.001257   1.362e-05  INV_X1
mult_55_U24                    0.0007123   0.0004752    0.001253   6.599e-05  FA_X1
FE_DBTC6_q_reg1_5              8.326e-05    0.001141    0.001238   1.362e-05  INV_X1
mult_50_U21                    0.0007105   0.0004547    0.001235   6.961e-05  FA_X1
add_1_root_add_0_root_add_57_2_U2  0.0004715   0.0007218    0.001229   3.608e-05  XOR2_X1
mult_55_U21                    0.0007098   0.0004268    0.001206   6.961e-05  FA_X1
mult_56_U17                    0.0006734    0.000454    0.001202   7.413e-05  FA_X1
mult_56_U20                    0.0006714   0.0004503    0.001195   7.351e-05  FA_X1
mult_54_U41                    0.0006383   0.0005021    0.001194    5.34e-05  HA_X1
mult_50_U18                    0.0007195   0.0003953    0.001188   7.335e-05  FA_X1
mult_54_U116                   0.0001639   0.0009991    0.001177   1.435e-05  INV_X1
add_0_root_add_0_root_add_52_2_U2  0.0005094   0.0006291    0.001175   3.607e-05  XOR2_X1
mult_55_U18                    0.0007192   0.0003818    0.001174   7.335e-05  FA_X1
mult_51_U3                     0.0006843   0.0004157    0.001174   7.397e-05  FA_X1
mult_56_U15                    0.0006399   0.0004391    0.001149   6.968e-05  FA_X1
mult_54_U34                     0.000637   0.0004305    0.001121    5.34e-05  HA_X1
mult_55_U30                    0.0006339   0.0004241    0.001121   6.284e-05  FA_X1
mult_54_U145                   0.0006362   0.0004434    0.001118   3.857e-05  AOI222_X1
mult_50_U30                    0.0006337   0.0004133     0.00111   6.285e-05  FA_X1
mult_51_U7                     0.0005914   0.0004526    0.001109   6.505e-05  FA_X1
mult_56_U7                     0.0006623    0.000382    0.001109   6.431e-05  FA_X1
mult_51_U6                     0.0006374    0.000403    0.001109   6.814e-05  FA_X1
mult_51_U8                     0.0005949   0.0004287    0.001088   6.403e-05  FA_X1
mult_54_U42                    0.0007382   0.0002857    0.001084   5.995e-05  FA_X1
mult_50_U126                   0.0007193    0.000324     0.00108   3.665e-05  XNOR2_X1
mult_51_U17                    0.0005907   0.0004087    0.001073   7.404e-05  FA_X1
mult_50_U125                   0.0005021   0.0005352    0.001073   3.591e-05  XOR2_X1
mult_54_U44                    0.0006192   0.0003975     0.00107    5.34e-05  HA_X1
mult_51_U15                     0.000586   0.0004019    0.001058   6.969e-05  FA_X1
FE_DBTC1_q_reg2_4              6.039e-05   0.0009834    0.001057   1.326e-05  INV_X1
mult_54_U38                    0.0006355   0.0003588    0.001048    5.34e-05  HA_X1
mult_55_U35                    0.0006517   0.0003184    0.001034   6.382e-05  FA_X1
mult_55_U22                    0.0005751   0.0003515    0.001016   8.908e-05  FA_X1
mult_56_U8                     0.0006181   0.0003329    0.001015   6.398e-05  FA_X1
mult_54_U144                   0.0005101   0.0004357    0.001014   6.821e-05  OAI222_X1
mult_55_U26                    0.0005782   0.0003538    0.001003   7.115e-05  FA_X1
mult_50_U22                    0.0005748   0.0003378    0.001002   8.908e-05  FA_X1
mult_54_U43                    0.0006342   0.0003099   0.0009975    5.34e-05  HA_X1
mult_50_U26                     0.000578   0.0003398   0.0009889   7.115e-05  FA_X1
mult_55_U25                    0.0005673   0.0003411     0.00098   7.164e-05  FA_X1
mult_51_U24                    0.0005287   0.0003858   0.0009797    6.52e-05  FA_X1
mult_50_U25                     0.000567   0.0003296   0.0009683   7.164e-05  FA_X1
FE_DBTC3_q_reg2_2              5.756e-05    0.000896   0.0009668   1.326e-05  INV_X1
mult_56_U24                     0.000535   0.0003506   0.0009503   6.472e-05  FA_X1
mult_55_U31                    0.0005445    0.000343   0.0009495   6.197e-05  FA_X1
FE_DBTC4_q_reg2_1              5.763e-05   0.0008783   0.0009491   1.326e-05  INV_X1
mult_50_U31                    0.0005226   0.0003595   0.0009443   6.224e-05  FA_X1
mult_56_U21                    0.0005335   0.0003236   0.0009261   6.892e-05  FA_X1
mult_54_U146                   0.0004867    0.000375   0.0009249   6.325e-05  OAI222_X1
mult_55_U14                    0.0005006   0.0003295   0.0009211    9.11e-05  FA_X1
mult_51_U20                    0.0005042   0.0003425     0.00092   7.323e-05  FA_X1
mult_50_U35                    0.0005828   0.0002718   0.0009186   6.408e-05  FA_X1
FE_DBTC2_q_reg2_3              5.874e-05   0.0008386   0.0009106   1.326e-05  INV_X1
FE_DBTC0_q_reg2_5               6.06e-05   0.0008351    0.000909   1.326e-05  INV_X1
mult_56_U18                    0.0005401   0.0002714   0.0008848   7.325e-05  FA_X1
mult_55_U32                    0.0004665   0.0003282   0.0008817   8.704e-05  FA_X1
mult_50_U14                    0.0004996   0.0002823    0.000873    9.11e-05  FA_X1
mult_50_U32                    0.0004661   0.0003123   0.0008654   8.704e-05  FA_X1
add_1_root_add_0_root_add_52_2_U1  0.0003969   0.0004209    0.000854   3.616e-05  XOR2_X1
add_0_root_add_0_root_add_57_2_U1  0.0005906   0.0002178   0.0008446   3.616e-05  XOR2_X1
mult_50_U27                    0.0004545   0.0003111   0.0008313   6.584e-05  FA_X1
mult_56_U30                    0.0004601   0.0003066   0.0008284   6.175e-05  FA_X1
FE_DBTC5_q_reg2_0              5.745e-05   0.0007558   0.0008265   1.326e-05  INV_X1
mult_51_U30                    0.0004525   0.0003024   0.0008166   6.177e-05  FA_X1
add_0_root_add_0_root_add_57_2_U2  0.0004541   0.0003359   0.0008151   2.507e-05  AND2_X1
mult_55_U16                    0.0004544    0.000281    0.000815   7.961e-05  FA_X1
mult_50_U19                    0.0004541    0.000295   0.0008149   6.584e-05  FA_X1
mult_55_U19                     0.000454   0.0002942    0.000814   6.584e-05  FA_X1
mult_50_U16                    0.0004542   0.0002732    0.000807   7.961e-05  FA_X1
mult_56_U22                    0.0004328   0.0002828   0.0008056   8.997e-05  FA_X1
mult_51_U18                    0.0004756   0.0002494   0.0007982   7.322e-05  FA_X1
mult_51_U125                   0.0003677   0.0003925   0.0007961   3.596e-05  XOR2_X1
mult_54_U157                   0.0004786   0.0002802   0.0007901   3.125e-05  XNOR2_X1
mult_55_U27                    0.0004533   0.0002692   0.0007883   6.584e-05  FA_X1
mult_51_U21                    0.0004309   0.0002797   0.0007796   6.897e-05  FA_X1
mult_51_U26                    0.0004353   0.0002629   0.0007696   7.137e-05  FA_X1
mult_56_U25                    0.0004267    0.000265   0.0007639    7.22e-05  FA_X1
mult_56_U26                    0.0004355   0.0002562   0.0007632   7.143e-05  FA_X1
mult_55_U23                    0.0004048   0.0002966    0.000761   5.953e-05  FA_X1
mult_56_U35                    0.0004695   0.0002282   0.0007603   6.256e-05  FA_X1
mult_50_U23                    0.0004045   0.0002878   0.0007518   5.953e-05  FA_X1
mult_51_U35                    0.0004694   0.0002153   0.0007472   6.256e-05  FA_X1
mult_55_U37                    0.0004043   0.0002815   0.0007453   5.953e-05  FA_X1
mult_50_U40                    0.0004041   0.0002759   0.0007395   5.953e-05  FA_X1
mult_51_U25                    0.0004088   0.0002508   0.0007315   7.197e-05  FA_X1
mult_56_U31                    0.0003915    0.000279   0.0007312   6.074e-05  FA_X1
mult_55_U36                     0.000419   0.0002494   0.0007256   5.722e-05  FA_X1
mult_50_U36                     0.000419   0.0002463   0.0007225   5.722e-05  FA_X1
mult_51_U22                     0.000405   0.0002266   0.0007217   9.008e-05  FA_X1
mult_55_U40                    0.0004033   0.0002488   0.0007116   5.953e-05  FA_X1
mult_56_U14                    0.0003657   0.0002492   0.0007071   9.227e-05  FA_X1
mult_55_U33                    0.0004029   0.0002322   0.0006946   5.953e-05  FA_X1
mult_51_U32                    0.0003514   0.0002484    0.000688   8.816e-05  FA_X1
mult_56_U32                    0.0003513   0.0002461   0.0006855   8.816e-05  FA_X1
mult_50_U33                    0.0004026   0.0002202   0.0006824   5.953e-05  FA_X1
mult_55_U113                    0.000186   0.0004802   0.0006804   1.424e-05  INV_X1
ff_1_Q_reg                     0.0004911   9.357e-05   0.0006709   8.621e-05  DFFR_X1
mult_51_U31                    0.0003793   0.0002288   0.0006689   6.074e-05  FA_X1
mult_51_U126                   0.0004196   0.0002102   0.0006663   3.657e-05  XNOR2_X1
mult_54_U119                   0.0001883   0.0004371   0.0006397   1.428e-05  INV_X1
mult_54_U147                   0.0003571   0.0002578   0.0006375   2.266e-05  AOI222_X1
mult_51_U19                    0.0003415   0.0002231   0.0006298   6.519e-05  FA_X1
mult_56_U19                    0.0003416   0.0002226   0.0006294   6.519e-05  FA_X1
mult_56_U16                    0.0003414   0.0002065   0.0006278   7.994e-05  FA_X1
mult_56_U27                    0.0003401    0.000222   0.0006273   6.519e-05  FA_X1
mult_55_U39                    0.0003659   0.0002046   0.0006268   5.631e-05  FA_X1
mult_50_U39                     0.000366   0.0002044   0.0006267   5.631e-05  FA_X1
mult_51_U16                    0.0003413   0.0002007   0.0006219   7.994e-05  FA_X1
mult_54_U109                    0.000189   0.0004177   0.0006211   1.431e-05  INV_X1
mult_51_U14                    0.0003181   0.0001831   0.0005934   9.227e-05  FA_X1
mult_50_U37                    0.0002971   0.0002295   0.0005863   5.966e-05  FA_X1
mult_56_U37                     0.000285   0.0002337   0.0005771   5.834e-05  FA_X1
mult_51_U27                    0.0003264   0.0001841   0.0005757   6.519e-05  FA_X1
mult_50_U147                    0.000321   0.0002189   0.0005751   3.514e-05  AOI222_X1
mult_55_U145                   0.0003213   0.0002176    0.000574   3.514e-05  AOI222_X1
mult_54_U156                   0.0002921   0.0002478   0.0005649   2.507e-05  AND2_X1
mult_50_U41                    0.0002959   0.0002156   0.0005637   5.217e-05  HA_X1
mult_56_U23                    0.0002919   0.0002129   0.0005631   5.834e-05  FA_X1
mult_55_U41                    0.0002958   0.0002148   0.0005629   5.217e-05  HA_X1
mult_51_U23                    0.0002918   0.0002082   0.0005583   5.834e-05  FA_X1
mult_55_U34                    0.0002957    0.000206   0.0005538   5.217e-05  HA_X1
mult_51_U37                    0.0002842   0.0002046   0.0005472   5.834e-05  FA_X1
mult_56_U40                     0.000281   0.0002071   0.0005464   5.834e-05  FA_X1
mult_50_U34                    0.0002955   0.0001955   0.0005431   5.217e-05  HA_X1
add_0_root_add_0_root_add_52_2_U1   0.000294   0.0002119   0.0005308   2.503e-05  AND2_X1
mult_56_U113                    0.000148   0.0003671   0.0005293   1.421e-05  INV_X1
mult_55_U42                    0.0003319   0.0001379   0.0005276   5.776e-05  FA_X1
mult_50_U42                    0.0003321   0.0001376   0.0005275   5.776e-05  FA_X1
mult_50_U44                    0.0002952   0.0001799   0.0005273   5.217e-05  HA_X1
mult_51_U36                    0.0003002   0.0001684   0.0005249   5.632e-05  FA_X1
mult_56_U36                    0.0003002   0.0001678   0.0005243   5.632e-05  FA_X1
mult_55_U44                     0.000295   0.0001722   0.0005194   5.217e-05  HA_X1
mult_51_U40                    0.0002803   0.0001781   0.0005167   5.834e-05  FA_X1
mult_55_U38                    0.0002949   0.0001689    0.000516   5.217e-05  HA_X1
mult_56_U33                    0.0002883   0.0001661   0.0005128   5.834e-05  FA_X1
mult_51_U33                    0.0002882   0.0001629   0.0005095   5.834e-05  FA_X1
mult_50_U38                    0.0002946   0.0001558   0.0005026   5.217e-05  HA_X1
add_1_root_add_0_root_add_57_2_U1  0.0002758   0.0001931   0.0004939   2.505e-05  AND2_X1
mult_55_U144                   0.0002229   0.0001982   0.0004924   7.134e-05  OAI222_X1
mult_54_U160                   0.0001646   0.0003015   0.0004835   1.739e-05  NAND2_X1
mult_50_U146                   0.0002205   0.0001863   0.0004781   7.126e-05  OAI222_X1
mult_54_U139                   0.0001714   0.0002827   0.0004753    2.12e-05  NOR2_X1
mult_55_U43                    0.0002938   0.0001246   0.0004706   5.217e-05  HA_X1
mult_55_U146                   0.0002156   0.0001861   0.0004693   6.755e-05  OAI222_X1
mult_50_U43                    0.0002938   0.0001201   0.0004661   5.217e-05  HA_X1
mult_54_U173                   0.0001733   0.0002705   0.0004651    2.12e-05  NOR2_X1
mult_56_U39                    0.0002608    0.000148   0.0004642   5.543e-05  FA_X1
mult_51_U39                    0.0002608   0.0001474   0.0004636   5.543e-05  FA_X1
mult_50_U148                   0.0002154   0.0001782   0.0004611   6.755e-05  OAI222_X1
mult_54_U140                   0.0001714   0.0002675   0.0004601    2.12e-05  NOR2_X1
mult_54_U141                   0.0001714   0.0002652   0.0004577    2.12e-05  NOR2_X1
mult_54_U167                   0.0001702    0.000266   0.0004574    2.12e-05  NOR2_X1
mult_54_U158                    0.000182   0.0002462   0.0004547   2.656e-05  NAND2_X1
mult_54_U133                   0.0001734   0.0002588   0.0004534    2.12e-05  NOR2_X1
mult_54_U176                   0.0001734   0.0002587   0.0004533    2.12e-05  NOR2_X1
mult_54_U159                    0.000136   0.0002919   0.0004453   1.739e-05  NAND2_X1
mult_54_U175                   0.0001734     0.00025   0.0004445    2.12e-05  NOR2_X1
mult_54_U172                   0.0001734   0.0002473   0.0004419    2.12e-05  NOR2_X1
mult_56_U145                   0.0002442   0.0001625     0.00044   3.322e-05  AOI222_X1
mult_54_U136                   0.0001734   0.0002439   0.0004386    2.12e-05  NOR2_X1
mult_51_U147                   0.0002442    0.000159   0.0004363   3.322e-05  AOI222_X1
mult_54_U134                   0.0001734   0.0002415   0.0004362    2.12e-05  NOR2_X1
mult_54_U150                   0.0001456   0.0002729   0.0004358   1.739e-05  NAND2_X1
mult_54_U132                   0.0001734   0.0002406   0.0004352    2.12e-05  NOR2_X1
mult_54_U142                   0.0001713   0.0002407   0.0004332    2.12e-05  NOR2_X1
mult_54_U152                   0.0001456   0.0002681   0.0004311   1.739e-05  NAND2_X1
mult_54_U169                   0.0001702   0.0002372   0.0004287    2.12e-05  NOR2_X1
mult_54_U138                   0.0001712   0.0002356   0.0004281    2.12e-05  NOR2_X1
mult_51_U41                    0.0002199   0.0001563   0.0004278   5.157e-05  HA_X1
mult_54_U118                   0.0001284   0.0002856   0.0004272   1.329e-05  INV_X1
mult_54_U155                   0.0001457   0.0002639    0.000427   1.739e-05  NAND2_X1
mult_51_U34                    0.0002198   0.0001547    0.000426   5.157e-05  HA_X1
mult_54_U117                   0.0001265   0.0002822   0.0004221   1.342e-05  INV_X1
mult_54_U166                   0.0001703   0.0002295    0.000421    2.12e-05  NOR2_X1
mult_54_U153                   0.0001459   0.0002572   0.0004204   1.739e-05  NAND2_X1
mult_54_U151                   0.0001459   0.0002565   0.0004197   1.739e-05  NAND2_X1
mult_56_U41                    0.0002198   0.0001483   0.0004197   5.157e-05  HA_X1
mult_56_U34                    0.0002196   0.0001428    0.000414   5.157e-05  HA_X1
mult_54_U127                    0.000129   0.0002617   0.0004119    2.12e-05  NOR2_X1
mult_55_U157                   0.0002316   0.0001447   0.0004063   3.002e-05  XNOR2_X1
mult_54_U137                   0.0001332   0.0002552   0.0004058   1.739e-05  NAND2_X1
mult_54_U135                   0.0001294   0.0002502   0.0004008    2.12e-05  NOR2_X1
mult_54_U143                   0.0001359   0.0002468   0.0004001   1.739e-05  NAND2_X1
mult_54_U126                   0.0001291   0.0002491   0.0003993    2.12e-05  NOR2_X1
mult_54_U178                   0.0001289   0.0002486   0.0003987    2.12e-05  NOR2_X1
mult_54_U174                   0.0001736   0.0002009   0.0003957    2.12e-05  NOR2_X1
mult_54_U163                    0.000146   0.0002278    0.000395    2.12e-05  NOR2_X1
mult_54_U130                   0.0001643   0.0002127   0.0003944   1.739e-05  NAND2_X1
mult_54_U177                   0.0001333   0.0002436   0.0003942   1.739e-05  NAND2_X1
mult_54_U168                   0.0001704   0.0002025   0.0003941    2.12e-05  NOR2_X1
mult_54_U170                   0.0001704    0.000201   0.0003926    2.12e-05  NOR2_X1
mult_54_U164                    0.000146   0.0002219   0.0003891    2.12e-05  NOR2_X1
mult_50_U158                   0.0002315   0.0001269   0.0003885   3.002e-05  XNOR2_X1
mult_51_U44                    0.0002117   0.0001243   0.0003875   5.157e-05  HA_X1
mult_56_U44                    0.0002116   0.0001239   0.0003871   5.157e-05  HA_X1
mult_56_U38                    0.0002203    0.000115   0.0003868   5.157e-05  HA_X1
mult_51_U38                    0.0002201   0.0001112   0.0003829   5.157e-05  HA_X1
mult_54_U162                    0.000146    0.000213   0.0003802    2.12e-05  NOR2_X1
mult_54_U131                   0.0001293   0.0002275    0.000378    2.12e-05  NOR2_X1
mult_56_U42                    0.0002295   9.182e-05    0.000378    5.67e-05  FA_X1
mult_54_U148                   0.0001293   0.0002272   0.0003778    2.12e-05  NOR2_X1
mult_51_U42                    0.0002295   9.069e-05   0.0003769    5.67e-05  FA_X1
mult_54_U161                   0.0001459   0.0002073   0.0003745    2.12e-05  NOR2_X1
reg_dout_U8                    0.0002376   0.0001047   0.0003735    3.12e-05  OAI21_X1
reg_dout_U4                    0.0002375   0.0001046   0.0003734    3.12e-05  OAI21_X1
reg_dout_U6                    0.0002378   0.0001036   0.0003725    3.12e-05  OAI21_X1
reg_dout_U10                   0.0002375   0.0001036   0.0003723    3.12e-05  OAI21_X1
mult_54_U128                   0.0001292   0.0002218   0.0003722    2.12e-05  NOR2_X1
reg_dout_U16                   0.0002375   0.0001025   0.0003711    3.12e-05  OAI21_X1
reg_dout_U12                   0.0002375   0.0001023   0.0003709    3.12e-05  OAI21_X1
mult_54_U171                    0.000131    0.000222   0.0003704   1.739e-05  NAND2_X1
reg_dout_U2                    0.0002373   9.963e-05   0.0003681    3.12e-05  OAI21_X1
reg_dout_U14                   0.0002373   9.948e-05    0.000368    3.12e-05  OAI21_X1
reg_1_U12                      0.0002336   0.0001014   0.0003662    3.12e-05  OAI21_X1
reg_1_U14                      0.0002374   9.581e-05   0.0003644    3.12e-05  OAI21_X1
mult_54_U165                   0.0001226   0.0002216   0.0003616   1.739e-05  NAND2_X1
mult_54_U154                   0.0001471   0.0001908   0.0003553   1.739e-05  NAND2_X1
mult_51_U43                    0.0002139   8.837e-05   0.0003538   5.157e-05  HA_X1
mult_56_U43                    0.0002138   8.753e-05   0.0003529   5.157e-05  HA_X1
reg_1_U10                      0.0002257   9.436e-05   0.0003513    3.12e-05  OAI21_X1
mult_54_U129                   0.0001292   0.0001974   0.0003478    2.12e-05  NOR2_X1
reg_1_U8                       0.0002181   9.359e-05   0.0003429    3.12e-05  OAI21_X1
mult_51_U146                   0.0001451   0.0001223   0.0003402   7.285e-05  OAI222_X1
reg_1_U6                       0.0002117   9.063e-05   0.0003335    3.12e-05  OAI21_X1
mult_56_U144                   0.0001453   0.0001138   0.0003319   7.285e-05  OAI222_X1
reg_1_U4                       0.0002095   9.084e-05   0.0003315    3.12e-05  OAI21_X1
mult_56_U146                   0.0001388   0.0001139   0.0003224   6.977e-05  OAI222_X1
mult_51_U148                   0.0001387   0.0001135   0.0003219   6.977e-05  OAI222_X1
mult_55_U111                   9.439e-05    0.000208   0.0003166   1.423e-05  INV_X1
mult_56_U157                   0.0001768    0.000109   0.0003152   2.937e-05  XNOR2_X1
add_1_root_add_0_root_add_52_2_U2   0.000169   0.0001207   0.0003148   2.507e-05  AND2_X1
mult_50_U111                   9.003e-05    0.000201   0.0003053   1.426e-05  INV_X1
reg_dout_U7                    0.0001604   0.0001208   0.0002986   1.739e-05  NAND2_X1
reg_1_U2                       0.0001883   7.711e-05   0.0002966    3.12e-05  OAI21_X1
mult_51_U158                   0.0001763   8.434e-05     0.00029   2.937e-05  XNOR2_X1
reg_1_U15                      0.0001483   0.0001234   0.0002891   1.739e-05  NAND2_X1
mult_55_U156                   0.0001409   0.0001163   0.0002815   2.428e-05  AND2_X1
reg_1_U13                      0.0001356   0.0001251   0.0002781   1.739e-05  NAND2_X1
reg_1_U9                        0.000136   0.0001222   0.0002756   1.739e-05  NAND2_X1
reg_dout_U11                   0.0001307   0.0001269    0.000275   1.739e-05  NAND2_X1
reg_1_U7                       0.0001324   0.0001241   0.0002739   1.739e-05  NAND2_X1
reg_dout_U3                    0.0001307   0.0001257   0.0002738   1.739e-05  NAND2_X1
reg_dout_U15                   0.0001307   0.0001249   0.0002729   1.739e-05  NAND2_X1
reg_1_U11                      0.0001322   0.0001232   0.0002728   1.739e-05  NAND2_X1
reg_dout_U5                    0.0001307    0.000124    0.000272   1.739e-05  NAND2_X1
reg_dout_U17                   0.0001307   0.0001231   0.0002712   1.739e-05  NAND2_X1
reg_dout_U9                    0.0001306   0.0001214   0.0002694   1.739e-05  NAND2_X1
reg_1_U5                       0.0001303   0.0001197   0.0002674   1.739e-05  NAND2_X1
reg_dout_U13                   0.0001306   0.0001191   0.0002671   1.739e-05  NAND2_X1
reg_1_U3                       0.0001455   0.0001022   0.0002651   1.739e-05  NAND2_X1
mult_55_U147                   0.0001392   0.0001014    0.000261   2.036e-05  AOI222_X1
mult_50_U149                   0.0001391   9.561e-05   0.0002551   2.036e-05  AOI222_X1
mult_55_U139                    8.43e-05   0.0001398   0.0002456    2.15e-05  NOR2_X1
mult_51_U111                     7.1e-05   0.0001602   0.0002454   1.415e-05  INV_X1
mult_56_U111                   7.104e-05   0.0001556   0.0002407   1.415e-05  INV_X1
mult_54_U149                   9.376e-05   0.0001128   0.0002392    3.26e-05  NOR4_X1
mult_55_U173                   8.608e-05   0.0001299   0.0002374    2.15e-05  NOR2_X1
mult_50_U174                   8.608e-05   0.0001298   0.0002374    2.15e-05  NOR2_X1
mult_55_U150                   7.671e-05   0.0001427   0.0002362   1.683e-05  NAND2_X1
mult_50_U142                   8.445e-05   0.0001299   0.0002358    2.15e-05  NOR2_X1
mult_50_U161                   7.588e-05   0.0001445   0.0002354   1.506e-05  NAND2_X1
mult_50_U168                   8.556e-05   0.0001274   0.0002344    2.15e-05  NOR2_X1
mult_50_U141                   8.445e-05   0.0001284   0.0002344    2.15e-05  NOR2_X1
mult_55_U160                   7.588e-05   0.0001428   0.0002337   1.506e-05  NAND2_X1
mult_50_U152                   8.452e-05   0.0001341   0.0002337   1.506e-05  NAND2_X1
mult_55_U163                   8.416e-05   0.0001279   0.0002336    2.15e-05  NOR2_X1
mult_55_U176                   8.619e-05   0.0001253    0.000233    2.15e-05  NOR2_X1
mult_55_U141                   8.447e-05   0.0001257   0.0002316    2.15e-05  NOR2_X1
mult_55_U167                   8.561e-05   0.0001243   0.0002315    2.15e-05  NOR2_X1
mult_50_U163                   8.425e-05   0.0001242     0.00023    2.15e-05  NOR2_X1
mult_50_U157                   8.466e-05   0.0001299   0.0002296   1.506e-05  NAND2_X1
mult_55_U140                   8.453e-05   0.0001232   0.0002292    2.15e-05  NOR2_X1
mult_50_U143                   8.451e-05   0.0001232   0.0002292    2.15e-05  NOR2_X1
mult_50_U177                   8.627e-05   0.0001211   0.0002288    2.15e-05  NOR2_X1
mult_50_U136                   8.642e-05   0.0001194   0.0002274    2.15e-05  NOR2_X1
mult_55_U162                   8.428e-05   0.0001209   0.0002266    2.15e-05  NOR2_X1
mult_55_U158                   8.555e-05   0.0001125   0.0002263   2.829e-05  NAND2_X1
mult_50_U173                   8.628e-05   0.0001185   0.0002262    2.15e-05  NOR2_X1
mult_50_U134                   8.642e-05   0.0001181    0.000226    2.15e-05  NOR2_X1
mult_50_U159                   8.558e-05    0.000112   0.0002259   2.829e-05  NAND2_X1
mult_50_U154                   8.475e-05    0.000126   0.0002258   1.506e-05  NAND2_X1
mult_55_U152                   7.714e-05   0.0001312   0.0002252   1.683e-05  NAND2_X1
mult_55_U164                   8.433e-05    0.000119   0.0002248    2.15e-05  NOR2_X1
mult_55_U136                   8.647e-05   0.0001163   0.0002243    2.15e-05  NOR2_X1
mult_50_U170                   8.574e-05   0.0001163   0.0002236    2.15e-05  NOR2_X1
mult_54_U112                   6.565e-05   0.0001472   0.0002234   1.059e-05  INV_X1
mult_50_U165                   8.435e-05   0.0001175   0.0002233    2.15e-05  NOR2_X1
mult_55_U172                   8.635e-05   0.0001154   0.0002233    2.15e-05  NOR2_X1
mult_50_U164                   8.431e-05    0.000117   0.0002228    2.15e-05  NOR2_X1
mult_55_U134                   8.648e-05   0.0001144   0.0002224    2.15e-05  NOR2_X1
mult_55_U175                   8.632e-05   0.0001144   0.0002223    2.15e-05  NOR2_X1
mult_55_U142                   8.466e-05   0.0001153   0.0002215    2.15e-05  NOR2_X1
mult_50_U135                   8.648e-05   0.0001127   0.0002207    2.15e-05  NOR2_X1
mult_50_U176                   8.636e-05   0.0001122     0.00022    2.15e-05  NOR2_X1
mult_50_U155                   8.491e-05     0.00012     0.00022   1.506e-05  NAND2_X1
mult_55_U133                   8.649e-05    0.000112     0.00022    2.15e-05  NOR2_X1
mult_55_U159                    6.52e-05   0.0001378   0.0002198   1.683e-05  NAND2_X1
mult_50_U144                   8.469e-05   0.0001135   0.0002197    2.15e-05  NOR2_X1
mult_55_U155                   7.738e-05   0.0001254   0.0002197   1.683e-05  NAND2_X1
mult_50_U138                   8.656e-05   0.0001116   0.0002196    2.15e-05  NOR2_X1
mult_55_U127                   6.587e-05   0.0001318   0.0002194    2.17e-05  NOR2_X1
mult_55_U169                    8.58e-05   0.0001119   0.0002192    2.15e-05  NOR2_X1
mult_55_U161                   8.436e-05   0.0001128   0.0002187    2.15e-05  NOR2_X1
mult_50_U162                   8.436e-05   0.0001126   0.0002185    2.15e-05  NOR2_X1
mult_55_U151                   7.741e-05   0.0001239   0.0002181   1.683e-05  NAND2_X1
mult_55_U132                   8.658e-05     0.00011    0.000218    2.15e-05  NOR2_X1
mult_55_U174                   8.642e-05     0.00011   0.0002179    2.15e-05  NOR2_X1
mult_55_U165                   6.431e-05   0.0001362   0.0002173   1.683e-05  NAND2_X1
mult_55_U153                   7.746e-05   0.0001227    0.000217   1.683e-05  NAND2_X1
mult_56_U156                   0.0001056   8.676e-05   0.0002162   2.388e-05  AND2_X1
mult_50_U167                    8.59e-05   0.0001067   0.0002141    2.15e-05  NOR2_X1
mult_50_U160                   6.519e-05   0.0001313   0.0002133   1.683e-05  NAND2_X1
mult_50_U129                     6.6e-05   0.0001253    0.000213    2.17e-05  NOR2_X1
mult_55_U138                   8.473e-05   0.0001066   0.0002128    2.15e-05  NOR2_X1
mult_50_U140                   8.474e-05   0.0001062   0.0002124    2.15e-05  NOR2_X1
mult_50_U112                   6.038e-05   0.0001389   0.0002123   1.302e-05  INV_X1
mult_50_U153                   8.515e-05   0.0001116   0.0002119   1.506e-05  NAND2_X1
mult_50_U166                   6.426e-05   0.0001302   0.0002113   1.683e-05  NAND2_X1
mult_55_U166                   8.598e-05   0.0001033   0.0002108    2.15e-05  NOR2_X1
mult_50_U137                   6.846e-05   0.0001195   0.0002097    2.17e-05  NOR2_X1
mult_50_U109                   6.023e-05    0.000136   0.0002091   1.289e-05  INV_X1
mult_55_U112                   6.039e-05   0.0001336    0.000207   1.302e-05  INV_X1
mult_55_U137                   6.373e-05   0.0001256   0.0002062   1.683e-05  NAND2_X1
mult_55_U109                   6.027e-05   0.0001329   0.0002061   1.289e-05  INV_X1
mult_55_U130                   7.577e-05   0.0001149   0.0002057   1.506e-05  NAND2_X1
mult_55_U168                   8.614e-05   9.736e-05    0.000205    2.15e-05  NOR2_X1
reg_2_U13                      0.0001178   5.372e-05   0.0002044   3.289e-05  OAI21_X1
mult_50_U139                   6.369e-05   0.0001229   0.0002034   1.683e-05  NAND2_X1
reg_2_U5                       0.0001127    5.77e-05   0.0002033   3.289e-05  OAI21_X1
mult_55_U135                   6.861e-05   0.0001127    0.000203    2.17e-05  NOR2_X1
mult_50_U169                   8.623e-05    9.51e-05   0.0002028    2.15e-05  NOR2_X1
mult_55_U177                   6.402e-05   0.0001211    0.000202   1.683e-05  NAND2_X1
mult_50_U171                    8.63e-05   9.327e-05   0.0002011    2.15e-05  NOR2_X1
reg_2_U11                      0.0001171   5.085e-05   0.0002008   3.289e-05  OAI21_X1
mult_55_U126                   6.635e-05   0.0001122   0.0002003    2.17e-05  NOR2_X1
mult_50_U128                   6.632e-05   0.0001119   0.0001999    2.17e-05  NOR2_X1
reg_2_U9                       0.0001145   5.135e-05   0.0001988   3.289e-05  OAI21_X1
reg_2_U15                      0.0001178   4.766e-05   0.0001983   3.289e-05  OAI21_X1
mult_55_U143                   6.513e-05   0.0001163   0.0001983   1.683e-05  NAND2_X1
mult_55_U170                   8.641e-05   8.925e-05   0.0001972    2.15e-05  NOR2_X1
mult_50_U133                   6.876e-05   0.0001059   0.0001963    2.17e-05  NOR2_X1
mult_50_U178                   6.396e-05   0.0001145   0.0001953   1.683e-05  NAND2_X1
mult_50_U130                    6.65e-05    0.000107   0.0001952    2.17e-05  NOR2_X1
mult_50_U179                   6.634e-05   0.0001072   0.0001952    2.17e-05  NOR2_X1
mult_55_U131                   6.878e-05   0.0001047   0.0001951    2.17e-05  NOR2_X1
mult_50_U156                    8.57e-05   9.428e-05    0.000195   1.506e-05  NAND2_X1
mult_50_U145                   6.514e-05   0.0001126   0.0001946   1.683e-05  NAND2_X1
reg_2_U7                       0.0001122   4.905e-05   0.0001942   3.289e-05  OAI21_X1
mult_55_U128                   6.647e-05   0.0001055   0.0001937    2.17e-05  NOR2_X1
mult_50_U150                   6.931e-05   0.0001022   0.0001932    2.17e-05  NOR2_X1
reg_2_U3                       0.0001124   4.778e-05   0.0001931   3.289e-05  OAI21_X1
mult_55_U148                   6.935e-05    0.000101   0.0001921    2.17e-05  NOR2_X1
mult_55_U178                   6.641e-05   0.0001027   0.0001908    2.17e-05  NOR2_X1
mult_55_U171                    6.41e-05   0.0001098   0.0001907   1.683e-05  NAND2_X1
mult_55_U154                   7.847e-05   9.502e-05   0.0001903   1.683e-05  NAND2_X1
mult_51_U159                   6.461e-05   9.537e-05   0.0001891   2.916e-05  NAND2_X1
mult_50_U131                   6.682e-05   9.619e-05   0.0001847    2.17e-05  NOR2_X1
mult_56_U158                    6.45e-05   8.734e-05    0.000181   2.916e-05  NAND2_X1
mult_56_U140                   6.298e-05   9.563e-05   0.0001803   2.165e-05  NOR2_X1
mult_56_U173                   6.122e-05   9.719e-05   0.0001801   2.165e-05  NOR2_X1
mult_56_U141                   6.295e-05   9.535e-05   0.0001799   2.165e-05  NOR2_X1
mult_55_U129                   6.695e-05   9.092e-05   0.0001796    2.17e-05  NOR2_X1
mult_51_U141                     6.3e-05   9.405e-05   0.0001787   2.165e-05  NOR2_X1
mult_51_U142                     6.3e-05   9.399e-05   0.0001786   2.165e-05  NOR2_X1
mult_50_U127                   8.613e-05   7.592e-05   0.0001771   1.506e-05  NAND2_X1
mult_50_U132                   6.533e-05   9.492e-05   0.0001771   1.683e-05  NAND2_X1
mult_51_U177                   6.133e-05   9.342e-05   0.0001764   2.165e-05  NOR2_X1
mult_51_U138                   6.457e-05   9.017e-05   0.0001764   2.165e-05  NOR2_X1
mult_56_U147                   8.867e-05   6.799e-05   0.0001759   1.924e-05  AOI222_X1
mult_51_U134                   6.457e-05   8.964e-05   0.0001759   2.165e-05  NOR2_X1
mult_56_U139                   6.304e-05   9.117e-05   0.0001759   2.165e-05  NOR2_X1
mult_51_U136                   6.457e-05   8.952e-05   0.0001757   2.165e-05  NOR2_X1
mult_51_U161                   5.511e-05    0.000106    0.000175   1.389e-05  NAND2_X1
mult_51_U143                   6.303e-05   9.018e-05   0.0001749   2.165e-05  NOR2_X1
mult_56_U132                   6.458e-05   8.859e-05   0.0001748   2.165e-05  NOR2_X1
mult_56_U133                   6.456e-05   8.777e-05    0.000174   2.165e-05  NOR2_X1
mult_51_U157                    6.31e-05   9.682e-05   0.0001738   1.389e-05  NAND2_X1
mult_56_U167                   6.113e-05   9.085e-05   0.0001736   2.165e-05  NOR2_X1
mult_51_U174                   6.134e-05    9.05e-05   0.0001735   2.165e-05  NOR2_X1
mult_51_U154                   6.311e-05   9.572e-05   0.0001727   1.389e-05  NAND2_X1
mult_51_U149                   8.861e-05   6.484e-05   0.0001727   1.924e-05  AOI222_X1
mult_51_U168                   6.116e-05   8.946e-05   0.0001723   2.165e-05  NOR2_X1
mult_51_U144                   6.311e-05   8.742e-05   0.0001722   2.165e-05  NOR2_X1
mult_56_U176                   6.139e-05   8.895e-05    0.000172   2.165e-05  NOR2_X1
mult_56_U136                   6.464e-05   8.564e-05   0.0001719   2.165e-05  NOR2_X1
mult_56_U169                   6.116e-05    8.91e-05   0.0001719   2.165e-05  NOR2_X1
mult_50_U172                   6.411e-05   9.073e-05   0.0001717   1.683e-05  NAND2_X1
mult_56_U142                   6.311e-05   8.645e-05   0.0001712   2.165e-05  NOR2_X1
mult_56_U138                   6.308e-05   8.582e-05   0.0001706   2.165e-05  NOR2_X1
mult_51_U152                   6.322e-05   9.337e-05   0.0001705   1.389e-05  NAND2_X1
mult_56_U134                   6.466e-05   8.397e-05   0.0001703   2.165e-05  NOR2_X1
mult_56_U152                   5.814e-05   9.527e-05     0.00017   1.656e-05  NAND2_X1
mult_56_U160                   5.513e-05   0.0001008   0.0001698   1.389e-05  NAND2_X1
mult_51_U135                   6.464e-05   8.316e-05   0.0001695   2.165e-05  NOR2_X1
mult_56_U159                   4.891e-05   0.0001024   0.0001679   1.656e-05  NAND2_X1
mult_56_U165                   4.615e-05   0.0001045   0.0001672   1.656e-05  NAND2_X1
mult_51_U160                    4.89e-05   0.0001014   0.0001668   1.656e-05  NAND2_X1
mult_51_U170                   6.126e-05   8.377e-05   0.0001667   2.165e-05  NOR2_X1
mult_51_U173                   6.149e-05   8.294e-05   0.0001661   2.165e-05  NOR2_X1
mult_51_U162                   5.947e-05   8.493e-05   0.0001661   2.165e-05  NOR2_X1
mult_51_U155                   6.331e-05   8.877e-05    0.000166   1.389e-05  NAND2_X1
mult_56_U172                   6.149e-05   8.256e-05   0.0001657   2.165e-05  NOR2_X1
mult_50_U114                   1.685e-05   0.0001342   0.0001654   1.435e-05  INV_X1
mult_51_U129                    4.93e-05   9.418e-05   0.0001654   2.196e-05  NOR2_X1
mult_56_U175                   6.146e-05   8.224e-05   0.0001654   2.165e-05  NOR2_X1
mult_56_U150                   5.833e-05   9.026e-05   0.0001652   1.656e-05  NAND2_X1
mult_51_U176                   6.148e-05     8.2e-05   0.0001651   2.165e-05  NOR2_X1
mult_51_U139                   4.779e-05   0.0001007   0.0001651   1.656e-05  NAND2_X1
mult_56_U163                   5.948e-05   8.327e-05   0.0001644   2.165e-05  NOR2_X1
mult_56_U155                   5.836e-05   8.945e-05   0.0001644   1.656e-05  NAND2_X1
mult_51_U153                   6.339e-05   8.705e-05   0.0001643   1.389e-05  NAND2_X1
mult_56_U161                   5.949e-05   8.299e-05   0.0001641   2.165e-05  NOR2_X1
mult_50_U113                   1.686e-05   0.0001327   0.0001639   1.435e-05  INV_X1
mult_51_U115                   1.681e-05   0.0001326   0.0001638   1.435e-05  INV_X1
mult_56_U164                   5.954e-05   8.242e-05   0.0001636   2.165e-05  NOR2_X1
mult_56_U127                   4.932e-05   9.132e-05   0.0001626   2.196e-05  NOR2_X1
mult_56_U162                   5.955e-05   8.135e-05   0.0001625   2.165e-05  NOR2_X1
mult_55_U118                   1.687e-05    0.000131   0.0001622   1.435e-05  INV_X1
mult_56_U151                   5.844e-05   8.714e-05   0.0001621   1.656e-05  NAND2_X1
mult_51_U140                   6.319e-05    7.72e-05    0.000162   2.165e-05  NOR2_X1
mult_51_U163                   5.956e-05   8.046e-05   0.0001617   2.165e-05  NOR2_X1
mult_51_U164                   5.954e-05   8.045e-05   0.0001616   2.165e-05  NOR2_X1
mult_56_U153                   5.846e-05   8.661e-05   0.0001616   1.656e-05  NAND2_X1
mult_51_U165                   5.958e-05   7.975e-05    0.000161   2.165e-05  NOR2_X1
mult_51_U137                   5.236e-05   8.658e-05   0.0001609   2.196e-05  NOR2_X1
mult_56_U137                   4.776e-05   9.649e-05   0.0001608   1.656e-05  NAND2_X1
mult_55_U119                   1.688e-05    0.000129   0.0001602   1.435e-05  INV_X1
mult_54_U121                   1.682e-05    0.000129   0.0001602   1.435e-05  INV_X1
mult_54_U120                   1.683e-05   0.0001287   0.0001599   1.435e-05  INV_X1
mult_56_U135                   5.237e-05   8.442e-05   0.0001587   2.196e-05  NOR2_X1
mult_51_U114                   1.683e-05   0.0001272   0.0001584   1.435e-05  INV_X1
mult_56_U116                   1.689e-05    0.000127   0.0001583   1.435e-05  INV_X1
mult_56_U170                   6.142e-05   7.511e-05   0.0001582   2.165e-05  NOR2_X1
mult_51_U167                   6.142e-05   7.506e-05   0.0001581   2.165e-05  NOR2_X1
mult_51_U118                   1.689e-05   0.0001268    0.000158   1.435e-05  INV_X1
mult_56_U109                   4.417e-05   0.0001011    0.000158   1.267e-05  INV_X1
mult_56_U166                   6.142e-05   7.464e-05   0.0001577   2.165e-05  NOR2_X1
mult_56_U115                   1.689e-05   0.0001262   0.0001575   1.435e-05  INV_X1
mult_51_U109                    4.42e-05   0.0001003   0.0001572   1.267e-05  INV_X1
mult_56_U119                    1.69e-05    0.000125   0.0001562   1.435e-05  INV_X1
mult_51_U145                   4.878e-05   9.075e-05   0.0001561   1.656e-05  NAND2_X1
mult_51_U112                   4.357e-05   9.945e-05   0.0001558   1.279e-05  INV_X1
mult_56_U112                   4.357e-05   9.936e-05   0.0001557   1.279e-05  INV_X1
reg_2_U16                      7.955e-05   5.861e-05    0.000155   1.683e-05  NAND2_X1
mult_56_U126                   4.959e-05   8.314e-05   0.0001547   2.196e-05  NOR2_X1
mult_56_U128                    4.96e-05   8.251e-05   0.0001541   2.196e-05  NOR2_X1
mult_54_U122                   1.685e-05   0.0001228    0.000154   1.435e-05  INV_X1
mult_51_U128                   4.961e-05   8.223e-05   0.0001538   2.196e-05  NOR2_X1
mult_51_U133                   5.246e-05   7.932e-05   0.0001537   2.196e-05  NOR2_X1
mult_56_U174                   6.175e-05   7.014e-05   0.0001535   2.165e-05  NOR2_X1
mult_55_U117                   1.691e-05   0.0001223   0.0001535   1.435e-05  INV_X1
mult_56_U131                   5.251e-05   7.814e-05   0.0001526   2.196e-05  NOR2_X1
mult_51_U171                    6.16e-05   6.909e-05   0.0001523   2.165e-05  NOR2_X1
mult_51_U179                    4.95e-05   8.076e-05   0.0001522   2.196e-05  NOR2_X1
mult_56_U168                   6.162e-05   6.766e-05   0.0001509   2.165e-05  NOR2_X1
mult_56_U143                   4.878e-05   8.552e-05   0.0001508   1.656e-05  NAND2_X1
mult_50_U115                   1.693e-05   0.0001185   0.0001498   1.435e-05  INV_X1
mult_51_U169                   6.166e-05   6.629e-05   0.0001496   2.165e-05  NOR2_X1
mult_51_U166                   4.591e-05   8.606e-05   0.0001485   1.656e-05  NAND2_X1
mult_51_U175                   6.191e-05   6.488e-05   0.0001484   2.165e-05  NOR2_X1
mult_51_U156                   6.379e-05   7.058e-05   0.0001483   1.389e-05  NAND2_X1
mult_56_U178                   4.961e-05   7.642e-05    0.000148   2.196e-05  NOR2_X1
mult_51_U130                   4.973e-05   7.606e-05   0.0001477   2.196e-05  NOR2_X1
reg_2_U4                        7.51e-05   5.716e-05   0.0001473   1.506e-05  NAND2_X1
mult_56_U148                   4.991e-05   7.527e-05   0.0001471   2.196e-05  NOR2_X1
mult_51_U150                   4.989e-05   7.478e-05   0.0001466   2.196e-05  NOR2_X1
mult_56_U177                   4.582e-05   8.357e-05   0.0001459   1.656e-05  NAND2_X1
mult_51_U123                   1.684e-05   0.0001137   0.0001449   1.435e-05  INV_X1
mult_56_U154                   5.902e-05   6.924e-05   0.0001448   1.656e-05  NAND2_X1
mult_51_U178                   4.578e-05   8.172e-05   0.0001441   1.656e-05  NAND2_X1
mult_51_U131                   4.988e-05   7.215e-05    0.000144   2.196e-05  NOR2_X1
mult_54_U124                   1.687e-05   0.0001116   0.0001428   1.435e-05  INV_X1
reg_2_U12                      6.338e-05   6.259e-05   0.0001428   1.683e-05  NAND2_X1
reg_2_U14                      6.565e-05   5.965e-05   0.0001421   1.683e-05  NAND2_X1
mult_50_U175                    5.71e-05   6.282e-05   0.0001414    2.15e-05  NOR2_X1
reg_2_U10                      6.567e-05    5.87e-05   0.0001412   1.683e-05  NAND2_X1
mult_50_U117                   1.698e-05   0.0001091   0.0001404   1.435e-05  INV_X1
mult_51_U122                   1.688e-05   0.0001086   0.0001399   1.435e-05  INV_X1
mult_51_U172                   4.578e-05   7.624e-05   0.0001386   1.656e-05  NAND2_X1
reg_2_U8                        6.39e-05    5.78e-05   0.0001385   1.683e-05  NAND2_X1
mult_56_U130                   5.483e-05   6.965e-05   0.0001384   1.389e-05  NAND2_X1
mult_55_U124                     1.7e-05   0.0001068   0.0001381   1.435e-05  INV_X1
mult_56_U129                   5.005e-05   6.587e-05   0.0001379   2.196e-05  NOR2_X1
mult_54_U123                   1.687e-05   0.0001062   0.0001374   1.435e-05  INV_X1
reg_2_U6                       6.411e-05   5.633e-05   0.0001373   1.683e-05  NAND2_X1
mult_55_U123                     1.7e-05   0.0001059   0.0001372   1.435e-05  INV_X1
mult_50_U116                   1.701e-05   0.0001046    0.000136   1.435e-05  INV_X1
mult_56_U124                   1.695e-05   0.0001043   0.0001356   1.435e-05  INV_X1
mult_50_U118                   1.701e-05   0.0001041   0.0001354   1.435e-05  INV_X1
mult_51_U132                   4.754e-05   7.101e-05   0.0001351   1.656e-05  NAND2_X1
mult_55_U125                   1.702e-05   0.0001032   0.0001345   1.435e-05  INV_X1
mult_56_U123                   1.693e-05    0.000103   0.0001343   1.435e-05  INV_X1
mult_56_U125                   1.702e-05   0.0001028   0.0001342   1.435e-05  INV_X1
mult_51_U127                   6.413e-05   5.445e-05   0.0001325   1.389e-05  NAND2_X1
mult_54_U125                   1.697e-05   9.888e-05   0.0001302   1.435e-05  INV_X1
mult_51_U124                   1.705e-05   9.722e-05   0.0001286   1.435e-05  INV_X1
mult_56_U171                   4.568e-05   6.556e-05   0.0001278   1.656e-05  NAND2_X1
mult_50_U151                   4.269e-05   4.681e-05   0.0001238   3.428e-05  NOR4_X1
mult_55_U149                    4.27e-05   4.622e-05   0.0001232   3.428e-05  NOR4_X1
mult_56_U149                   2.792e-05   2.957e-05   9.266e-05   3.517e-05  NOR4_X1
mult_51_U151                   2.792e-05   2.938e-05   9.246e-05   3.517e-05  NOR4_X1
mult_50_U110                   2.253e-05   4.965e-05   8.257e-05   1.039e-05  INV_X1
mult_55_U110                   2.254e-05    4.96e-05   8.254e-05   1.039e-05  INV_X1
FE_RC_1_0                      3.981e-05   1.492e-05   7.617e-05   2.144e-05  BUF_X1
mult_51_U110                   1.337e-05    2.99e-05   5.358e-05   1.031e-05  INV_X1
mult_56_U110                   1.338e-05   2.942e-05   5.311e-05   1.031e-05  INV_X1

---------------------------------------------------------------------------------------

Total (    620 of    620  )       0.2239      0.1802     0.4284     0.02426
Total Capacitance                3.617e-12 F
Power Density                   *** No Die Area ***
