*----------------------------------------------------------------------------------------
*	Innovus 17.11-s080_1 (64bit) 08/04/2017 11:13 (Linux 2.6.18-194.el5)
*	
*
* 	Date & Time:	2021-Nov-15 18:15:57 (2021-Nov-15 17:15:57 GMT)
*
*----------------------------------------------------------------------------------------
*
*	Design: iir_filter
*
*	Liberty Libraries used: 
*	        MyAnView: /software/dk/nangate45/liberty/NangateOpenCellLibrary_typical_ecsm_nowlm.lib
*
*	Power Domain used: 
*		Rail:        VDD 	Voltage:        1.1 
*
*       Power View : MyAnView
*
*       User-Defined Activity : N.A.
*
*	Switching Activity File used: 
*	        ../vcd/iir_filter_syn_postplace.vcd
*			Vcd Window used(Start Time, Stop Time):(-1.44929e+07, -1.44929e+07) 
*                     Vcd Scale Factor: 1 
**                    Design annotation coverage: 0/1401 = 0% 
*
*       Hierarchical Global Activity: N.A.
*
*       Global Activity: N.A.
*
*       Sequential Element Activity: N.A.
*
*       Primary Input Activity: 0.200000
*
*       Default icg ratio: N.A.
*
*       Global Comb ClockGate Ratio: N.A.
*
*	Power Units = 1mW
*
*	Time Units = 1e-09 secs 
*
*       Temperature = 25 
*
*       report_power -outfile .//iir_filter.rpt -rail_analysis_format VS
*
-----------------------------------------------------------------------------------------
Cell                            Internal   Switching       Total     Leakage   Cell
                                   Power       Power       Power       Power   Name
--------------------------------------------------------------------------------------
reg_4_Q_reg_6_                  0.002157    0.003151    0.005393   8.565e-05  DFFR_X1
reg_4_Q_reg_5_                  0.002146    0.001542    0.003774   8.565e-05  DFFR_X1
reg_8_Q_reg_6_                  0.002147    0.001447    0.003679   8.565e-05  DFFR_X1
reg_4_Q_reg_4_                  0.002118    0.001147     0.00335   8.565e-05  DFFR_X1
add_1_root_add_0_root_add_58_2_U1_6   0.002032    0.001159    0.003262   7.103e-05  FA_X1
reg_dout_Q_reg_7_               0.002172   0.0009454    0.003203   8.565e-05  DFFR_X1
reg_dout_Q_reg_6_               0.002167   0.0009068    0.003159   8.565e-05  DFFR_X1
add_0_root_add_0_root_add_58_2_U1_6   0.002145   0.0009206    0.003139   7.311e-05  FA_X1
add_1_root_add_0_root_add_58_2_U1_5   0.001953    0.001104    0.003128   7.028e-05  FA_X1
reg_dout_Q_reg_5_               0.002163   0.0008636    0.003112   8.565e-05  DFFR_X1
add_0_root_add_0_root_add_58_2_U1_4   0.002142   0.0008925    0.003107   7.255e-05  FA_X1
mult_50_U5                      0.002142   0.0008702    0.003085   7.235e-05  FA_X1
reg_dout_Q_reg_4_               0.002157   0.0008414    0.003084   8.565e-05  DFFR_X1
add_0_root_add_0_root_add_58_2_U1_5   0.002141   0.0008578    0.003072    7.27e-05  FA_X1
add_0_root_add_0_root_add_58_2_U1_3    0.00207   0.0009295    0.003071    7.23e-05  FA_X1
mult_55_U4                      0.002138   0.0008527    0.003063   7.295e-05  FA_X1
mult_50_U4                      0.002137   0.0008519    0.003062   7.295e-05  FA_X1
mult_55_U5                      0.002142    0.000846     0.00306   7.235e-05  FA_X1
mult_55_U3                      0.002136   0.0008445    0.003055   7.426e-05  FA_X1
mult_50_U3                      0.002136   0.0008404     0.00305   7.426e-05  FA_X1
reg_8_Q_reg_5_                   0.00213   0.0007542     0.00297   8.565e-05  DFFR_X1
mult_55_U2                      0.002137   0.0007563    0.002969   7.652e-05  FA_X1
reg_dout_Q_reg_3_               0.002145   0.0007224    0.002953   8.565e-05  DFFR_X1
reg_10_Q_reg_5_                 0.002153   0.0006809     0.00292   8.566e-05  DFFR_X1
add_0_root_add_0_root_add_53_2_U1_5    0.00173    0.001054    0.002857   7.277e-05  FA_X1
reg_dout_Q_reg_2_               0.002062   0.0006795    0.002827   8.565e-05  DFFR_X1
mult_56_U4                      0.001898   0.0008413    0.002813   7.285e-05  FA_X1
reg_10_Q_reg_4_                 0.002143   0.0005805    0.002809   8.565e-05  DFFR_X1
mult_55_U6                      0.001935   0.0007951    0.002797   6.764e-05  FA_X1
reg_11_Q_reg_7_                 0.002136   0.0005651    0.002787    8.57e-05  DFFR_X1
reg_10_Q_reg_6_                 0.002131   0.0005696    0.002786   8.577e-05  DFFR_X1
reg_11_Q_reg_5_                 0.002153   0.0005466    0.002785   8.566e-05  DFFR_X1
add_0_root_add_0_root_add_53_2_U1_4   0.001636    0.001075    0.002784   7.267e-05  FA_X1
mult_56_U3                      0.001944   0.0007651    0.002783   7.424e-05  FA_X1
add_1_root_add_0_root_add_58_2_U1_4    0.00173   0.0009822    0.002783    7.01e-05  FA_X1
reg_3_Q_reg_4_                  0.002155   0.0005406    0.002781   8.565e-05  DFFR_X1
mult_56_U2                      0.001955   0.0007486     0.00278   7.647e-05  FA_X1
reg_1_Q_reg_5_                  0.002147   0.0005448    0.002777   8.563e-05  DFFR_X1
reg_11_Q_reg_4_                 0.002151   0.0005384    0.002775   8.565e-05  DFFR_X1
reg_11_Q_reg_6_                 0.002134   0.0005516    0.002772   8.575e-05  DFFR_X1
reg_1_Q_reg_6_                  0.002154   0.0005319    0.002771   8.563e-05  DFFR_X1
reg_11_Q_reg_3_                 0.002145   0.0005379    0.002769   8.565e-05  DFFR_X1
add_1_root_add_0_root_add_58_2_U1_7    0.00201    0.000684    0.002765   7.081e-05  FA_X1
reg_1_Q_reg_4_                  0.002135   0.0005431    0.002764   8.563e-05  DFFR_X1
reg_11_Q_reg_2_                 0.002132   0.0005461    0.002763   8.565e-05  DFFR_X1
reg_2_Q_reg_5_                  0.002138   0.0005392    0.002762   8.566e-05  DFFR_X1
reg_11_Q_reg_1_                 0.002117    0.000558     0.00276   8.564e-05  DFFR_X1
reg_3_Q_reg_3_                  0.002149   0.0005256     0.00276   8.565e-05  DFFR_X1
mult_50_U6                      0.001901   0.0007847    0.002754   6.764e-05  FA_X1
reg_7_Q_reg_6_                  0.001709    0.000953    0.002747    8.53e-05  DFFR_X1
reg_10_Q_reg_7_                 0.002118   0.0005428    0.002747   8.571e-05  DFFR_X1
reg_3_Q_reg_5_                  0.002155   0.0005033    0.002744   8.566e-05  DFFR_X1
reg_3_Q_reg_2_                  0.002133    0.000523    0.002742   8.565e-05  DFFR_X1
reg_9_Q_reg_5_                  0.002124   0.0005105     0.00272   8.567e-05  DFFR_X1
reg_3_Q_reg_6_                  0.002126   0.0005036    0.002716   8.575e-05  DFFR_X1
reg_9_Q_reg_6_                  0.002109   0.0005185    0.002714   8.577e-05  DFFR_X1
reg_8_Q_reg_4_                  0.002098    0.000528    0.002712   8.565e-05  DFFR_X1
mult_51_U3                        0.0019   0.0007211    0.002695   7.417e-05  FA_X1
reg_2_Q_reg_6_                  0.002073   0.0005255    0.002684   8.575e-05  DFFR_X1
mult_55_U17                     0.001536    0.001035    0.002645     7.4e-05  FA_X1
reg_1_Q_reg_3_                  0.002037    0.000517     0.00264   8.563e-05  DFFR_X1
reg_10_Q_reg_3_                 0.002043   0.0005047    0.002633   8.565e-05  DFFR_X1
add_52_U1_5                     0.001824   0.0007328    0.002627   7.021e-05  FA_X1
add_0_root_add_0_root_add_53_2_U1_6   0.001875   0.0006772    0.002625   7.283e-05  FA_X1
mult_50_U17                     0.001537    0.001011    0.002622     7.4e-05  FA_X1
reg_2_Q_reg_4_                  0.002021   0.0005113    0.002618   8.565e-05  DFFR_X1
mult_55_U20                     0.001531    0.001008    0.002613   7.334e-05  FA_X1
mult_50_U20                     0.001532    0.001006    0.002611   7.334e-05  FA_X1
reg_8_Q_reg_3_                  0.001893   0.0006322     0.00261   8.565e-05  DFFR_X1
reg_2_Q_reg_1_                  0.002003   0.0005175    0.002606   8.564e-05  DFFR_X1
reg_9_Q_reg_4_                   0.00203   0.0004784    0.002595   8.565e-05  DFFR_X1
reg_3_Q_reg_1_                  0.002003   0.0004921     0.00258   8.564e-05  DFFR_X1
reg_8_Q_reg_0_                  0.001942   0.0005505    0.002578   8.564e-05  DFFR_X1
reg_3_Q_reg_0_                  0.001971   0.0005165    0.002573   8.564e-05  DFFR_X1
reg_8_Q_reg_1_                  0.001969    0.000514    0.002569   8.564e-05  DFFR_X1
reg_2_Q_reg_0_                   0.00197   0.0004805    0.002536   8.564e-05  DFFR_X1
add_52_U1_4                     0.001693   0.0007695    0.002532   7.009e-05  FA_X1
reg_11_Q_reg_0_                 0.001965    0.000476    0.002527   8.564e-05  DFFR_X1
add_0_root_add_0_root_add_58_2_U1_7   0.002131   0.0003022    0.002506   7.303e-05  FA_X1
reg_13_Q_reg_6_                 0.001928    0.000476     0.00249   8.568e-05  DFFR_X1
reg_9_Q_reg_7_                   0.00193   0.0004615    0.002477   8.571e-05  DFFR_X1
add_0_root_add_0_root_add_58_2_U1_2   0.001669   0.0007235    0.002464   7.182e-05  FA_X1
reg_dout_Q_reg_1_               0.001838   0.0005401    0.002464   8.564e-05  DFFR_X1
reg_1_Q_reg_2_                  0.001862   0.0004842    0.002432   8.562e-05  DFFR_X1
reg_2_Q_reg_3_                  0.001873    0.000462    0.002421   8.565e-05  DFFR_X1
mult_55_U7                      0.001637   0.0007122    0.002414   6.537e-05  FA_X1
reg_4_Q_reg_3_                  0.001487   0.0008399    0.002413   8.561e-05  DFFR_X1
reg_10_Q_reg_2_                  0.00187   0.0004563    0.002412   8.565e-05  DFFR_X1
FE_OFC1_rst_n                  0.0001621    0.002207    0.002399   3.056e-05  CLKBUF_X3
FE_DBTC1_q_reg4_4              0.0001408    0.002244    0.002399   1.362e-05  INV_X1
mult_55_U15                     0.001382   0.0009394    0.002391   7.049e-05  FA_X1
FE_OFC2_vin                     0.000157    0.002196    0.002383   3.056e-05  CLKBUF_X3
reg_13_Q_reg_5_                 0.001841   0.0004433     0.00237   8.561e-05  DFFR_X1
reg_4_Q_reg_1_                  0.001531    0.000747    0.002364   8.561e-05  DFFR_X1
mult_51_U4                      0.001612   0.0006699    0.002355   7.304e-05  FA_X1
add_1_root_add_0_root_add_58_2_U1_3    0.00144   0.0008392    0.002349    6.99e-05  FA_X1
reg_4_Q_reg_0_                  0.001504   0.0007509    0.002341    8.56e-05  DFFR_X1
reg_dout_Q_reg_0_               0.001755   0.0004951    0.002336   8.564e-05  DFFR_X1
add_52_U1_6                      0.00192   0.0003337    0.002325   7.076e-05  FA_X1
mult_56_U5                      0.001596   0.0006385    0.002307   7.225e-05  FA_X1
reg_9_Q_reg_3_                  0.001814   0.0004072    0.002307   8.565e-05  DFFR_X1
mult_51_U7                      0.001507   0.0007202    0.002293   6.538e-05  FA_X1
reg_13_Q_reg_4_                 0.001778   0.0004267     0.00229   8.561e-05  DFFR_X1
reg_10_Q_reg_0_                 0.001696   0.0005052    0.002287   8.563e-05  DFFR_X1
add_0_root_add_0_root_add_53_2_U1_3   0.001326   0.0008862    0.002285   7.245e-05  FA_X1
mult_57_U3                      0.001587   0.0006076    0.002269   7.424e-05  FA_X1
reg_7_Q_reg_5_                  0.001704   0.0004713     0.00226    8.53e-05  DFFR_X1
reg_5_Q_reg_6_                  0.001483   0.0006889    0.002258   8.511e-05  DFFR_X1
add_52_U1_3                     0.001512   0.0006721    0.002254    6.99e-05  FA_X1
reg_1_Q_reg_0_                  0.001752   0.0003934    0.002231   8.559e-05  DFFR_X1
add_1_root_add_0_root_add_53_2_U1_5   0.001381   0.0007757    0.002227   7.046e-05  FA_X1
mult_50_U15                     0.001283   0.0008655    0.002219   7.049e-05  FA_X1
reg_8_Q_reg_2_                  0.001748   0.0003812    0.002215   8.565e-05  DFFR_X1
reg_2_Q_reg_2_                  0.001715   0.0004115    0.002212   8.565e-05  DFFR_X1
mult_50_U7                      0.001505    0.000634    0.002204   6.538e-05  FA_X1
reg_10_Q_reg_1_                 0.001703   0.0003901    0.002179   8.564e-05  DFFR_X1
reg_9_Q_reg_2_                  0.001697    0.000384    0.002167   8.565e-05  DFFR_X1
mult_57_U2                      0.001589   0.0004877    0.002154   7.644e-05  FA_X1
mult_57_U4                      0.001474   0.0006025    0.002149   7.281e-05  FA_X1
add_0_root_add_0_root_add_53_2_U1_1   0.001296   0.0007777    0.002145   7.088e-05  FA_X1
mult_51_U8                      0.001391   0.0006735    0.002129   6.519e-05  FA_X1
mult_51_U17                      0.00123   0.0008221    0.002126   7.398e-05  FA_X1
reg_7_Q_reg_4_                  0.001682   0.0003506    0.002118    8.53e-05  DFFR_X1
mult_50_U24                     0.001223    0.000828    0.002117   6.599e-05  FA_X1
reg_4_Q_reg_2_                   0.00141   0.0006194    0.002115   8.561e-05  DFFR_X1
mult_55_U24                     0.001223   0.0008256    0.002115   6.599e-05  FA_X1
mult_51_U24                     0.001213   0.0008318    0.002111   6.606e-05  FA_X1
add_1_root_add_0_root_add_53_2_U1_4    0.00131   0.0007291    0.002109   7.024e-05  FA_X1
mult_55_U8                      0.001461   0.0005796    0.002105   6.518e-05  FA_X1
reg_13_Q_reg_3_                 0.001631   0.0003808    0.002097   8.561e-05  DFFR_X1
mult_50_U8                      0.001389   0.0006153     0.00207   6.519e-05  FA_X1
FE_DBTC0_q_reg4_5              0.0001434    0.001898    0.002055   1.362e-05  INV_X1
add_1_root_add_0_root_add_53_2_U1_6   0.001475   0.0004835    0.002029   7.085e-05  FA_X1
reg_6_Q_reg_5_                  0.001698   0.0002379    0.002021    8.53e-05  DFFR_X1
mult_55_U21                     0.001218   0.0007256    0.002013   6.961e-05  FA_X1
reg_6_Q_reg_6_                  0.001695   0.0002327    0.002013    8.53e-05  DFFR_X1
mult_50_U21                     0.001218   0.0007215    0.002009   6.961e-05  FA_X1
add_0_root_add_0_root_add_58_2_U1_1    0.00134   0.0005795     0.00199   7.086e-05  FA_X1
reg_6_Q_reg_4_                   0.00168   0.0002231    0.001988    8.53e-05  DFFR_X1
reg_9_Q_reg_1_                  0.001565   0.0003312    0.001981   8.563e-05  DFFR_X1
mult_51_U5                      0.001345   0.0005486    0.001966   7.241e-05  FA_X1
add_1_root_add_0_root_add_53_2_U1_1   0.001136   0.0007385    0.001943   6.866e-05  FA_X1
reg_9_Q_reg_0_                  0.001551   0.0003013    0.001938   8.562e-05  DFFR_X1
reg_13_Q_reg_2_                 0.001513   0.0003367    0.001936   8.561e-05  DFFR_X1
mult_56_U6                      0.001318   0.0005462     0.00193   6.654e-05  FA_X1
add_1_root_add_0_root_add_53_2_U1_3   0.001157   0.0007012    0.001928   7.007e-05  FA_X1
mult_56_U17                     0.001097   0.0007443    0.001916   7.413e-05  FA_X1
reg_5_Q_reg_5_                  0.001479   0.0003475    0.001912   8.511e-05  DFFR_X1
add_52_U1_2                     0.001303    0.000539    0.001912   6.952e-05  FA_X1
mult_56_U20                     0.001094   0.0007442    0.001911   7.351e-05  FA_X1
add_1_root_add_0_root_add_58_2_U1_2   0.001158   0.0006833    0.001911    6.95e-05  FA_X1
mult_55_U18                     0.001141   0.0006866    0.001901   7.335e-05  FA_X1
FE_OFC4_vin                    0.0001888    0.001656    0.001888   4.306e-05  BUF_X2
add_0_root_add_0_root_add_53_2_U1_2   0.001098   0.0007184    0.001888   7.188e-05  FA_X1
FE_OFC3_vin                    0.0001888    0.001653    0.001884   4.306e-05  BUF_X2
mult_55_U30                     0.001081   0.0007238    0.001868   6.283e-05  FA_X1
mult_51_U30                     0.001063   0.0007407    0.001866   6.284e-05  FA_X1
reg_13_Q_reg_1_                 0.001471   0.0003096    0.001866   8.561e-05  DFFR_X1
mult_50_U30                     0.001063   0.0007353    0.001861   6.284e-05  FA_X1
reg_5_Q_reg_4_                  0.001465   0.0002583    0.001809   8.511e-05  DFFR_X1
mult_57_U5                      0.001223   0.0005005    0.001796   7.224e-05  FA_X1
reg_1_Q_reg_1_                  0.001413   0.0002769    0.001776   8.558e-05  DFFR_X1
reg_7_Q_reg_3_                  0.001341    0.000319    0.001745    8.53e-05  DFFR_X1
reg_13_Q_reg_0_                 0.001374    0.000285    0.001744   8.561e-05  DFFR_X1
mult_51_U15                     0.000979   0.0006796    0.001729   7.038e-05  FA_X1
mult_56_U15                    0.0009641   0.0006939    0.001728   6.968e-05  FA_X1
mult_51_U6                      0.001145   0.0005022    0.001715   6.769e-05  FA_X1
mult_55_U26                    0.0009944   0.0006477    0.001713   7.115e-05  FA_X1
reg_7_Q_reg_1_                  0.001365   0.0002542    0.001704    8.53e-05  DFFR_X1
reg_7_Q_reg_0_                  0.001349   0.0002627    0.001697    8.53e-05  DFFR_X1
mult_50_U18                      0.00104   0.0005516    0.001665   7.335e-05  FA_X1
mult_55_U22                    0.0009489   0.0006177    0.001656   8.908e-05  FA_X1
mult_51_U25                     0.000973   0.0006067    0.001651   7.164e-05  FA_X1
mult_51_U21                    0.0009762   0.0005984    0.001644   6.955e-05  FA_X1
mult_55_U35                     0.001079    0.000501    0.001644   6.381e-05  FA_X1
mult_55_U25                    0.0009736   0.0005901    0.001635   7.165e-05  FA_X1
add_52_U1_1                     0.001118   0.0004474    0.001634   6.872e-05  FA_X1
reg_6_Q_reg_1_                  0.001364    0.000182    0.001631    8.53e-05  DFFR_X1
add_1_root_add_0_root_add_53_2_U1_2  0.0009519   0.0006094    0.001631   6.942e-05  FA_X1
mult_50_U26                    0.0009916   0.0005623    0.001625   7.115e-05  FA_X1
mult_50_U25                    0.0009722   0.0005781    0.001622   7.164e-05  FA_X1
reg_7_Q_reg_2_                  0.001295   0.0002218    0.001602    8.53e-05  DFFR_X1
reg_5_Q_reg_3_                  0.001252   0.0002634    0.001601   8.511e-05  DFFR_X1
reg_6_Q_reg_0_                  0.001347   0.0001677      0.0016    8.53e-05  DFFR_X1
reg_6_Q_reg_3_                  0.001337    0.000161    0.001583    8.53e-05  DFFR_X1
mult_50_U22                    0.0009049   0.0005698    0.001564   8.908e-05  FA_X1
reg_5_Q_reg_1_                  0.001267   0.0002061    0.001558   8.511e-05  DFFR_X1
add_1_root_add_0_root_add_58_2_U1_1  0.0009507   0.0005377    0.001557   6.865e-05  FA_X1
mult_55_U31                    0.0009102   0.0005771    0.001549   6.196e-05  FA_X1
mult_55_U14                    0.0008608   0.0005843    0.001536    9.11e-05  FA_X1
reg_5_Q_reg_0_                  0.001256   0.0001947    0.001536   8.511e-05  DFFR_X1
mult_57_U17                    0.0008705   0.0005819    0.001527   7.419e-05  FA_X1
reg_6_Q_reg_2_                  0.001294   0.0001468    0.001526    8.53e-05  DFFR_X1
mult_56_U7                       0.00102   0.0004319    0.001516   6.431e-05  FA_X1
mult_57_U20                    0.0008673   0.0005732    0.001514   7.361e-05  FA_X1
mult_51_U35                    0.0009905   0.0004581    0.001512   6.382e-05  FA_X1
mult_57_U6                      0.001028   0.0004137    0.001508   6.598e-05  FA_X1
mult_49_U4                      0.001023   0.0004055    0.001501   7.321e-05  FA_X1
mult_56_U24                    0.0008711   0.0005589    0.001495   6.472e-05  FA_X1
mult_50_U35                    0.0009896   0.0004368     0.00149   6.382e-05  FA_X1
reg_5_Q_reg_2_                  0.001223   0.0001814    0.001489   8.511e-05  DFFR_X1
mult_56_U21                    0.0008689   0.0005307    0.001469   6.892e-05  FA_X1
mult_49_U3                      0.001028   0.0003597    0.001462    7.44e-05  FA_X1
mult_50_U31                    0.0008723   0.0005229    0.001457   6.196e-05  FA_X1
mult_51_U32                    0.0007981   0.0005646     0.00145   8.705e-05  FA_X1
mult_50_U14                    0.0008583   0.0004996    0.001449    9.11e-05  FA_X1
mult_51_U31                     0.000872   0.0005134    0.001447   6.196e-05  FA_X1
mult_55_U32                    0.0008008   0.0005526     0.00144   8.706e-05  FA_X1
mult_51_U14                    0.0008574   0.0004918     0.00144    9.11e-05  FA_X1
mult_50_U32                     0.000797   0.0005382    0.001422   8.705e-05  FA_X1
mult_56_U8                      0.000955   0.0003873    0.001406   6.398e-05  FA_X1
mult_57_U15                    0.0007832   0.0005441    0.001397   6.927e-05  FA_X1
mult_50_U126                   0.0009441   0.0004051    0.001386    3.67e-05  XNOR2_X1
mult_55_U16                     0.000782    0.000515    0.001377   7.961e-05  FA_X1
mult_51_U19                    0.0007818    0.000516    0.001364   6.584e-05  FA_X1
FE_DBTC4_q_reg4_1              8.194e-05    0.001259    0.001354   1.362e-05  INV_X1
mult_55_U19                    0.0007812   0.0005055    0.001353   6.584e-05  FA_X1
reg_12_Q_reg_3_                 0.001091   0.0001728    0.001349   8.561e-05  DFFR_X1
mult_49_U5                     0.0009044    0.000371    0.001348   7.267e-05  FA_X1
reg_12_Q_reg_2_                 0.001091   0.0001712    0.001348   8.561e-05  DFFR_X1
reg_12_Q_reg_5_                 0.001091   0.0001697    0.001346   8.561e-05  DFFR_X1
reg_12_Q_reg_1_                 0.001091   0.0001683    0.001345   8.561e-05  DFFR_X1
mult_50_U16                      0.00078    0.000484    0.001344   7.961e-05  FA_X1
mult_50_U19                    0.0007813   0.0004961    0.001343   6.584e-05  FA_X1
reg_12_Q_reg_4_                 0.001091   0.0001667    0.001343   8.561e-05  DFFR_X1
mult_51_U16                    0.0007797   0.0004838    0.001343   7.961e-05  FA_X1
reg_12_Q_reg_6_                 0.001091   0.0001651    0.001342   8.561e-05  DFFR_X1
mult_50_U27                    0.0007728   0.0005001    0.001339   6.584e-05  FA_X1
reg_12_Q_reg_0_                 0.001091   0.0001616    0.001338   8.565e-05  DFFR_X1
mult_51_U26                    0.0007939   0.0004654     0.00133   7.112e-05  FA_X1
mult_51_U20                    0.0007497   0.0004993    0.001322   7.344e-05  FA_X1
mult_56_U18                    0.0007863   0.0004608     0.00132   7.325e-05  FA_X1
mult_55_U27                    0.0007703    0.000463    0.001299   6.584e-05  FA_X1
mult_56_U30                    0.0007389   0.0004975    0.001298   6.174e-05  FA_X1
mult_51_U27                    0.0007715   0.0004491    0.001286   6.584e-05  FA_X1
mult_55_U120                   0.0001394    0.001123    0.001276   1.362e-05  INV_X1
mult_56_U26                    0.0007109   0.0004719    0.001254   7.143e-05  FA_X1
mult_55_U23                    0.0006812   0.0004948    0.001236   5.953e-05  FA_X1
mult_57_U24                    0.0006896    0.000456     0.00121   6.408e-05  FA_X1
add_0_root_add_0_root_add_53_2_U2  0.0006588    0.000512    0.001205    3.42e-05  XOR2_X1
mult_50_U23                    0.0006548   0.0004815    0.001196   5.953e-05  FA_X1
mult_56_U22                    0.0006655   0.0004399    0.001195   8.997e-05  FA_X1
FE_DBTC3_q_reg4_2              7.137e-05     0.00111    0.001195   1.362e-05  INV_X1
mult_51_U23                    0.0006548   0.0004807    0.001195   5.953e-05  FA_X1
mult_56_U25                    0.0006928   0.0004229    0.001188    7.22e-05  FA_X1
mult_57_U21                    0.0006895   0.0004254    0.001183   6.856e-05  FA_X1
mult_51_U18                    0.0007308   0.0003739    0.001178   7.333e-05  FA_X1
mult_57_U7                     0.0007898   0.0003124    0.001166   6.377e-05  FA_X1
mult_49_U6                     0.0007647   0.0003265    0.001161   6.956e-05  FA_X1
mult_55_U36                     0.000705    0.000397    0.001159   5.722e-05  FA_X1
FE_DBTC2_q_reg4_3              7.822e-05    0.001046    0.001138   1.362e-05  INV_X1
mult_55_U37                    0.0006093    0.000461     0.00113   5.952e-05  FA_X1
mult_55_U124                   0.0001421   0.0009616    0.001117   1.362e-05  INV_X1
mult_51_U36                    0.0006661   0.0003894    0.001113   5.722e-05  FA_X1
mult_56_U35                    0.0007096   0.0003328    0.001105   6.256e-05  FA_X1
mult_50_U36                    0.0006658   0.0003793    0.001102   5.722e-05  FA_X1
mult_50_U125                    0.000758    0.000305    0.001099   3.586e-05  XOR2_X1
mult_55_U33                    0.0006615   0.0003777    0.001099   5.953e-05  FA_X1
mult_56_U14                    0.0005961   0.0004084    0.001097   9.227e-05  FA_X1
mult_55_U121                   0.0001272   0.0009553    0.001096   1.362e-05  INV_X1
mult_55_U40                    0.0006183   0.0004153    0.001093   5.951e-05  FA_X1
mult_57_U8                     0.0007433   0.0002839    0.001091   6.337e-05  FA_X1
add_1_root_add_0_root_add_53_2_U2  0.0005434   0.0004984    0.001076   3.391e-05  XOR2_X1
mult_56_U31                    0.0006105   0.0003924    0.001064   6.074e-05  FA_X1
FE_DBTC5_q_reg4_0              7.962e-05    0.000968    0.001061   1.362e-05  INV_X1
mult_57_U18                    0.0006457    0.000337    0.001056   7.322e-05  FA_X1
mult_56_U32                    0.0005701   0.0003895    0.001048   8.816e-05  FA_X1
mult_57_U30                     0.000579   0.0004054    0.001046   6.119e-05  FA_X1
ff_4_Q_reg                     0.0008422   0.0001166    0.001045   8.621e-05  DFFR_X1
mult_50_U33                    0.0006104   0.0003647    0.001035   5.953e-05  FA_X1
mult_51_U22                    0.0005933   0.0003474     0.00103   8.914e-05  FA_X1
mult_51_U33                    0.0006103   0.0003591    0.001029   5.953e-05  FA_X1
mult_49_U7                     0.0006753   0.0002807    0.001023    6.73e-05  FA_X1
mult_51_U126                   0.0006729   0.0003026    0.001012   3.671e-05  XNOR2_X1
mult_55_U39                    0.0006078   0.0003421    0.001006   5.631e-05  FA_X1
mult_56_U19                    0.0005581   0.0003627   0.0009861   6.519e-05  FA_X1
mult_51_U39                    0.0005816    0.000339   0.0009768   5.631e-05  FA_X1
mult_56_U16                    0.0005567   0.0003368   0.0009735   7.994e-05  FA_X1
mult_57_U26                    0.0005635   0.0003305   0.0009657   7.158e-05  FA_X1
mult_50_U39                    0.0005811   0.0003227   0.0009601   5.631e-05  FA_X1
mult_55_U145                    0.000548   0.0003766   0.0009597   3.513e-05  AOI222_X1
mult_57_U25                    0.0005499   0.0003371   0.0009595   7.251e-05  FA_X1
mult_57_U22                    0.0005365    0.000332   0.0009589   9.041e-05  FA_X1
ff_3_Q_reg                     0.0008398   3.139e-05   0.0009574   8.621e-05  DFFR_X1
ff_2_Q_reg                     0.0008396    2.77e-05   0.0009535   8.621e-05  DFFR_X1
ff_1_Q_reg                     0.0008397    2.71e-05    0.000953   8.621e-05  DFFR_X1
mult_49_U17                    0.0005266   0.0003502   0.0009506   7.379e-05  FA_X1
mult_55_U122                   0.0001063   0.0008297   0.0009497   1.362e-05  INV_X1
mult_55_U123                   0.0001199    0.000815   0.0009484   1.362e-05  INV_X1
mult_56_U27                    0.0005499   0.0003303   0.0009454   6.519e-05  FA_X1
mult_49_U20                    0.0005258   0.0003457   0.0009446   7.314e-05  FA_X1
mult_49_U8                     0.0005838   0.0002837   0.0009349    6.74e-05  FA_X1
mult_55_U34                    0.0004974    0.000368   0.0009176   5.217e-05  HA_X1
mult_55_U125                   0.0001247   0.0007708   0.0009091   1.361e-05  INV_X1
mult_49_U15                    0.0004955   0.0003411   0.0009086   7.192e-05  FA_X1
mult_57_U35                    0.0005641   0.0002763   0.0009023   6.193e-05  FA_X1
mult_55_U41                    0.0004966   0.0003497   0.0008984   5.217e-05  HA_X1
mult_51_U125                   0.0006082   0.0002524   0.0008965   3.582e-05  XOR2_X1
mult_57_U14                    0.0004656   0.0003176    0.000876   9.283e-05  FA_X1
mult_51_U34                    0.0004867   0.0003328   0.0008716   5.217e-05  HA_X1
mult_56_U120                   9.503e-05   0.0007628   0.0008711   1.326e-05  INV_X1
mult_51_U41                    0.0004856   0.0003316   0.0008693   5.217e-05  HA_X1
mult_50_U41                    0.0004855   0.0003268   0.0008644   5.217e-05  HA_X1
mult_50_U34                    0.0004866    0.000324   0.0008628   5.217e-05  HA_X1
mult_56_U23                    0.0004587   0.0003409    0.000858   5.834e-05  FA_X1
mult_57_U32                     0.000453   0.0003138   0.0008555    8.87e-05  FA_X1
mult_50_U147                   0.0004798   0.0003269   0.0008418   3.514e-05  AOI222_X1
mult_51_U38                    0.0005054   0.0002742   0.0008318   5.217e-05  HA_X1
mult_57_U31                    0.0004787   0.0002871    0.000826   6.014e-05  FA_X1
mult_57_U19                    0.0004434   0.0003162   0.0008245   6.489e-05  FA_X1
mult_50_U38                    0.0005052    0.000267   0.0008244   5.217e-05  HA_X1
mult_55_U38                    0.0005058   0.0002662   0.0008241   5.217e-05  HA_X1
mult_51_U147                   0.0004795   0.0003061   0.0008208   3.514e-05  AOI222_X1
mult_49_U126                   0.0005436   0.0002405   0.0008207   3.662e-05  XNOR2_X1
mult_57_U16                    0.0004423   0.0002846    0.000807   8.011e-05  FA_X1
mult_55_U44                    0.0004621   0.0002882   0.0008024   5.215e-05  HA_X1
mult_57_U27                    0.0004382   0.0002975   0.0008006   6.489e-05  FA_X1
mult_56_U36                    0.0004678   0.0002712   0.0007953   5.632e-05  FA_X1
mult_50_U37                    0.0004242   0.0003081   0.0007918   5.953e-05  FA_X1
mult_50_U40                    0.0004313   0.0002947   0.0007856   5.953e-05  FA_X1
mult_51_U37                    0.0004239   0.0002973   0.0007807   5.953e-05  FA_X1
mult_55_U42                    0.0005189   0.0002026   0.0007793   5.774e-05  FA_X1
mult_56_U124                   9.705e-05   0.0006608   0.0007711   1.326e-05  INV_X1
mult_49_U24                    0.0004203   0.0002808   0.0007693   6.825e-05  FA_X1
mult_51_U40                    0.0004306   0.0002658   0.0007559   5.953e-05  FA_X1
add_52_U1                      0.0005334   0.0001874   0.0007549   3.405e-05  XOR2_X1
mult_55_U144                   0.0003716   0.0003116   0.0007546   7.135e-05  OAI222_X1
add_0_root_add_0_root_add_58_2_U1  0.0005241   0.0001898    0.000748   3.417e-05  XOR2_X1
add_1_root_add_0_root_add_58_2_U2  0.0004304   0.0002809   0.0007454   3.399e-05  XOR2_X1
mult_56_U33                    0.0004365   0.0002504   0.0007453   5.834e-05  FA_X1
mult_49_U21                    0.0004189   0.0002506   0.0007403   7.081e-05  FA_X1
mult_49_U125                   0.0004739   0.0002089   0.0007188   3.599e-05  XOR2_X1
mult_49_U30                    0.0003937   0.0002533   0.0007119   6.485e-05  FA_X1
mult_49_U18                    0.0004145    0.000214   0.0007021   7.366e-05  FA_X1
mult_51_U146                   0.0003301   0.0002992   0.0007007   7.134e-05  OAI222_X1
mult_56_U39                    0.0004064   0.0002316   0.0006934   5.543e-05  FA_X1
mult_50_U146                   0.0003308   0.0002895   0.0006917   7.134e-05  OAI222_X1
mult_57_U23                    0.0003602   0.0002578   0.0006758   5.777e-05  FA_X1
mult_55_U157                    0.000398    0.000246    0.000674   3.002e-05  XNOR2_X1
mult_55_U43                    0.0004341   0.0001843   0.0006706   5.217e-05  HA_X1
mult_56_U37                    0.0003418   0.0002699     0.00067   5.834e-05  FA_X1
mult_49_U35                     0.000404    0.000188   0.0006581   6.613e-05  FA_X1
mult_49_U22                    0.0003364   0.0002332   0.0006569   8.733e-05  FA_X1
mult_50_U158                   0.0003977   0.0002237   0.0006514   3.002e-05  XNOR2_X1
mult_55_U146                    0.000324   0.0002582   0.0006498   6.757e-05  OAI222_X1
mult_57_U120                   7.252e-05   0.0005517   0.0006374   1.308e-05  INV_X1
mult_56_U34                    0.0003486   0.0002368    0.000637   5.157e-05  HA_X1
mult_56_U41                     0.000348   0.0002362   0.0006357   5.157e-05  HA_X1
mult_57_U36                    0.0003683   0.0002114   0.0006356   5.589e-05  FA_X1
mult_55_U119                   0.0002852   0.0003334   0.0006328   1.424e-05  INV_X1
mult_56_U40                    0.0003453   0.0002288   0.0006325   5.834e-05  FA_X1
mult_49_U26                      0.00034   0.0002015   0.0006121   7.065e-05  FA_X1
mult_57_U33                     0.000347   0.0002055   0.0006102   5.777e-05  FA_X1
mult_56_U145                   0.0003402   0.0002365   0.0006099   3.322e-05  AOI222_X1
mult_49_U31                    0.0003345   0.0002054   0.0006042   6.434e-05  FA_X1
mult_56_U38                     0.000359   0.0001923   0.0006028   5.157e-05  HA_X1
mult_49_U25                    0.0003345   0.0001959   0.0006013   7.087e-05  FA_X1
mult_56_U121                    6.54e-05   0.0005031   0.0005817   1.326e-05  INV_X1
FE_OFC0_rst_n                  7.554e-05   0.0004847   0.0005817   2.144e-05  BUF_X1
mult_49_U14                      0.00031   0.0001816   0.0005803   8.878e-05  FA_X1
mult_50_U42                    0.0003604   0.0001593   0.0005775   5.776e-05  FA_X1
reg_dout_U18                   0.0003728   0.0001727   0.0005767   3.121e-05  OAI21_X1
mult_49_U32                    0.0002755   0.0002139   0.0005743   8.485e-05  FA_X1
reg_dout_U16                   0.0003728   0.0001675   0.0005716   3.121e-05  OAI21_X1
mult_50_U44                    0.0003207   0.0001931    0.000566   5.216e-05  HA_X1
mult_51_U44                    0.0003207   0.0001924   0.0005653   5.216e-05  HA_X1
mult_57_U39                    0.0003204   0.0001838   0.0005592   5.501e-05  FA_X1
mult_51_U42                    0.0003597   0.0001416   0.0005591   5.776e-05  FA_X1
reg_11_U4                      0.0003644   0.0001595    0.000555   3.115e-05  OAI21_X1
reg_dout_U11                   0.0003652   0.0001578   0.0005542   3.121e-05  OAI21_X1
mult_57_U37                    0.0002881    0.000207   0.0005528   5.777e-05  FA_X1
reg_3_U6                       0.0003649   0.0001535   0.0005496   3.115e-05  OAI21_X1
reg_11_U2                      0.0003586   0.0001595   0.0005493    3.12e-05  OAI21_X1
mult_51_U111                    0.000162   0.0003724   0.0005486   1.423e-05  INV_X1
add_0_root_add_0_root_add_58_2_U2  0.0003085   0.0002139   0.0005467   2.428e-05  AND2_X1
reg_3_U2                       0.0003593   0.0001559   0.0005464    3.12e-05  OAI21_X1
reg_11_U6                      0.0003597    0.000152   0.0005424   3.068e-05  OAI21_X1
mult_50_U111                    0.000162   0.0003636   0.0005398   1.423e-05  INV_X1
reg_10_U6                      0.0003468   0.0001619   0.0005393   3.058e-05  OAI21_X1
mult_57_U40                    0.0002905   0.0001904   0.0005387   5.777e-05  FA_X1
mult_57_U41                     0.000278    0.000206   0.0005353   5.128e-05  HA_X1
reg_dout_U9                    0.0003458   0.0001564   0.0005334   3.121e-05  OAI21_X1
reg_1_U13                      0.0003525   0.0001491   0.0005329   3.128e-05  OAI21_X1
mult_57_U124                   7.388e-05   0.0004459   0.0005329   1.308e-05  INV_X1
reg_11_U8                      0.0003481   0.0001535   0.0005325   3.093e-05  OAI21_X1
mult_55_U111                   0.0001621   0.0003559   0.0005323   1.423e-05  INV_X1
mult_56_U122                   5.883e-05   0.0004542   0.0005263   1.326e-05  INV_X1
reg_11_U15                     0.0003444   0.0001495   0.0005251    3.12e-05  OAI21_X1
reg_3_U15                      0.0003453   0.0001454   0.0005219    3.12e-05  OAI21_X1
mult_57_U34                    0.0002781   0.0001899   0.0005193   5.128e-05  HA_X1
reg_10_U4                      0.0003487   0.0001378   0.0005177   3.112e-05  OAI21_X1
mult_49_U16                    0.0002686   0.0001677   0.0005153   7.896e-05  FA_X1
mult_56_U123                   6.307e-05   0.0004364   0.0005127   1.326e-05  INV_X1
mult_49_U19                    0.0002682   0.0001715   0.0005068   6.716e-05  FA_X1
reg_3_U4                       0.0003315   0.0001446   0.0005068   3.069e-05  OAI21_X1
mult_56_U119                   0.0002359   0.0002563   0.0005064   1.421e-05  INV_X1
reg_1_U15                      0.0003317   0.0001385   0.0005015    3.13e-05  OAI21_X1
reg_dout_U7                     0.000327   0.0001355   0.0004937   3.121e-05  OAI21_X1
mult_49_U23                    0.0002546    0.000177   0.0004935   6.192e-05  FA_X1
mult_49_U37                    0.0002546   0.0001766   0.0004932   6.192e-05  FA_X1
reg_10_U2                      0.0003273   0.0001333   0.0004918   3.118e-05  OAI21_X1
mult_49_U27                    0.0002676   0.0001559   0.0004907   6.716e-05  FA_X1
reg_2_U6                        0.000322   0.0001366   0.0004897   3.115e-05  OAI21_X1
mult_56_U157                   0.0002882   0.0001713   0.0004889   2.937e-05  XNOR2_X1
mult_51_U43                     0.000306   0.0001269   0.0004851   5.217e-05  HA_X1
mult_51_U148                   0.0002277   0.0001851   0.0004804   6.755e-05  OAI222_X1
mult_50_U43                    0.0003059   0.0001223   0.0004803   5.217e-05  HA_X1
mult_56_U125                   6.397e-05   0.0004019   0.0004792   1.326e-05  INV_X1
mult_57_U145                   0.0002681    0.000178   0.0004783   3.224e-05  AOI222_X1
mult_49_U40                    0.0002542   0.0001614   0.0004775   6.192e-05  FA_X1
mult_57_U38                    0.0002839    0.000142   0.0004772   5.128e-05  HA_X1
reg_8_U13                      0.0003115   0.0001319   0.0004746   3.121e-05  OAI21_X1
mult_56_U44                    0.0002637   0.0001589   0.0004741   5.156e-05  HA_X1
reg_11_U13                     0.0003095   0.0001323   0.0004731    3.12e-05  OAI21_X1
mult_57_U121                     5.4e-05   0.0004059    0.000473   1.308e-05  INV_X1
mult_50_U148                   0.0002276   0.0001771   0.0004723   6.755e-05  OAI222_X1
mult_49_U36                    0.0002657   0.0001471   0.0004718   5.902e-05  FA_X1
reg_4_U13                      0.0003119   0.0001279   0.0004709   3.121e-05  OAI21_X1
reg_9_U4                        0.000299   0.0001405   0.0004707    3.11e-05  OAI21_X1
reg_4_U15                      0.0002941   0.0001423   0.0004676   3.121e-05  OAI21_X1
reg_1_U14                      0.0002052   0.0002448   0.0004673   1.737e-05  NAND2_X1
add_1_root_add_0_root_add_53_2_U1  0.0002568   0.0001832   0.0004642   2.428e-05  AND2_X1
reg_9_U6                       0.0002941   0.0001366   0.0004613   3.053e-05  OAI21_X1
reg_3_U13                      0.0003073   0.0001215   0.0004601    3.12e-05  OAI21_X1
mult_49_U33                    0.0002537   0.0001428   0.0004584   6.192e-05  FA_X1
mult_55_U156                   0.0002324   0.0002017   0.0004584   2.428e-05  AND2_X1
reg_1_U11                      0.0003017   0.0001219   0.0004549   3.131e-05  OAI21_X1
mult_56_U42                    0.0002856   0.0001103   0.0004526    5.67e-05  FA_X1
reg_10_U3                      0.0001965    0.000237   0.0004508    1.74e-05  NAND2_X1
reg_8_U15                       0.000293   0.0001257   0.0004499   3.121e-05  OAI21_X1
mult_56_U144                   0.0002089   0.0001681   0.0004499   7.285e-05  OAI222_X1
reg_10_U8                      0.0002932   0.0001196   0.0004436   3.088e-05  OAI21_X1
reg_1_U16                      0.0001953   0.0002284   0.0004411   1.736e-05  NAND2_X1
reg_11_U11                     0.0002819   0.0001228   0.0004359   3.122e-05  OAI21_X1
reg_8_U11                       0.000284   0.0001196   0.0004348   3.121e-05  OAI21_X1
reg_10_U16                     0.0001638   0.0002525   0.0004337    1.74e-05  NAND2_X1
reg_4_U11                      0.0002848   0.0001171   0.0004331   3.121e-05  OAI21_X1
mult_57_U122                   4.991e-05   0.0003697   0.0004327   1.308e-05  INV_X1
reg_11_U7                      0.0002145   0.0002001   0.0004322   1.757e-05  NAND2_X1
reg_4_U14                      0.0002012    0.000211   0.0004296   1.739e-05  NAND2_X1
reg_dout_U12                   0.0001993   0.0002109   0.0004276   1.739e-05  NAND2_X1
reg_2_U4                       0.0002814   0.0001151   0.0004272   3.067e-05  OAI21_X1
reg_10_U7                      0.0002104   0.0001984   0.0004265    1.76e-05  NAND2_X1
reg_11_U9                      0.0002133   0.0001956   0.0004264   1.748e-05  NAND2_X1
mult_49_U39                    0.0002369   0.0001302   0.0004252   5.812e-05  FA_X1
reg_4_U5                       0.0002759   0.0001157   0.0004228   3.122e-05  OAI21_X1
add_0_root_add_0_root_add_53_2_U1  0.0002348   0.0001636   0.0004226   2.429e-05  AND2_X1
reg_10_U9                        0.00018   0.0002251   0.0004226    1.75e-05  NAND2_X1
mult_57_U119                   0.0001899   0.0002172   0.0004214    1.42e-05  INV_X1
reg_dout_U5                    0.0002709   0.0001189    0.000421   3.121e-05  OAI21_X1
reg_dout_U17                   0.0002125   0.0001907   0.0004206   1.739e-05  NAND2_X1
reg_1_U9                        0.000269   0.0001195   0.0004198   3.132e-05  OAI21_X1
reg_2_U11                      0.0002629   0.0001253   0.0004195   3.122e-05  OAI21_X1
reg_3_U7                       0.0002088   0.0001923   0.0004185   1.741e-05  NAND2_X1
reg_10_U15                     0.0002689   0.0001184   0.0004184    3.12e-05  OAI21_X1
reg_dout_U19                   0.0002126   0.0001872   0.0004171   1.739e-05  NAND2_X1
reg_2_U2                       0.0002671   0.0001185   0.0004169    3.12e-05  OAI21_X1
reg_4_U3                        0.000273   0.0001125   0.0004167   3.125e-05  OAI21_X1
reg_4_U9                       0.0002621   0.0001234   0.0004167   3.121e-05  OAI21_X1
reg_3_U16                      0.0002086   0.0001904   0.0004165    1.74e-05  NAND2_X1
reg_3_U11                      0.0002636   0.0001217   0.0004165   3.122e-05  OAI21_X1
reg_13_U4                      0.0002724    0.000113   0.0004162   3.086e-05  OAI21_X1
reg_9_U2                       0.0002649   0.0001189    0.000415   3.118e-05  OAI21_X1
reg_3_U14                      0.0001893    0.000207   0.0004137   1.739e-05  NAND2_X1
reg_3_U3                       0.0002086   0.0001874   0.0004134    1.74e-05  NAND2_X1
reg_8_U14                      0.0002011   0.0001936   0.0004122   1.739e-05  NAND2_X1
reg_2_U7                       0.0002023   0.0001921   0.0004119   1.741e-05  NAND2_X1
reg_3_U5                       0.0002123   0.0001812   0.0004111   1.757e-05  NAND2_X1
mult_57_U123                   5.264e-05    0.000343   0.0004087   1.308e-05  INV_X1
reg_10_U5                      0.0002086   0.0001823   0.0004084   1.742e-05  NAND2_X1
reg_11_U16                     0.0001991   0.0001914   0.0004079    1.74e-05  NAND2_X1
mult_56_U43                    0.0002543   0.0001002   0.0004061   5.157e-05  HA_X1
reg_11_U3                      0.0001991   0.0001892   0.0004057    1.74e-05  NAND2_X1
reg_11_U5                      0.0001991   0.0001883   0.0004048   1.741e-05  NAND2_X1
mult_57_U44                    0.0002247   0.0001285   0.0004045   5.128e-05  HA_X1
reg_dout_U10                    0.000199   0.0001874   0.0004038   1.739e-05  NAND2_X1
reg_4_U16                      0.0001874   0.0001975   0.0004023   1.739e-05  NAND2_X1
reg_dout_U8                    0.0001943   0.0001889   0.0004006   1.739e-05  NAND2_X1
reg_8_U3                       0.0002559   0.0001131   0.0004003   3.126e-05  OAI21_X1
reg_8_U5                       0.0002589   0.0001096   0.0003998   3.122e-05  OAI21_X1
add_52_U2                      0.0002185   0.0001569   0.0003998   2.435e-05  AND2_X1
reg_10_U14                     0.0001443   0.0002364   0.0003981   1.739e-05  NAND2_X1
reg_4_U12                       0.000184   0.0001957    0.000397   1.739e-05  NAND2_X1
reg_11_U18                     0.0002532   0.0001118   0.0003962   3.126e-05  OAI21_X1
reg_2_U9                       0.0002594   0.0001053    0.000396   3.126e-05  OAI21_X1
reg_1_U12                      0.0001806   0.0001978   0.0003957   1.736e-05  NAND2_X1
mult_51_U158                   0.0002433   0.0001217    0.000395   3.002e-05  XNOR2_X1
mult_57_U42                    0.0002394   9.862e-05   0.0003942   5.619e-05  FA_X1
mult_57_U144                   0.0001545   0.0001624   0.0003905   7.357e-05  OAI222_X1
reg_3_U9                       0.0002592   9.975e-05   0.0003902   3.126e-05  OAI21_X1
reg_9_U8                       0.0002521   0.0001065   0.0003895   3.085e-05  OAI21_X1
reg_13_U6                      0.0002519   0.0001057   0.0003888   3.118e-05  OAI21_X1
mult_50_U142                   0.0001443   0.0002228   0.0003885    2.15e-05  NOR2_X1
add_1_root_add_0_root_add_58_2_U1  0.0002095   0.0001539   0.0003877   2.432e-05  AND2_X1
mult_56_U111                   0.0001157   0.0002571    0.000387   1.415e-05  INV_X1
mult_55_U141                   0.0001364   0.0002284   0.0003863    2.15e-05  NOR2_X1
mult_57_U157                     0.00023   0.0001255   0.0003845   2.904e-05  XNOR2_X1
mult_50_U154                   0.0001497   0.0002185   0.0003832   1.505e-05  NAND2_X1
reg_10_U13                     0.0002365    0.000115   0.0003827    3.12e-05  OAI21_X1
mult_50_U157                   0.0001498   0.0002157   0.0003806   1.505e-05  NAND2_X1
mult_55_U140                   0.0001364   0.0002214   0.0003793    2.15e-05  NOR2_X1
mult_51_U157                   0.0001499   0.0002141   0.0003791   1.505e-05  NAND2_X1
mult_57_U125                   5.312e-05   0.0003127   0.0003789   1.308e-05  INV_X1
mult_50_U159                   0.0001515   0.0001988   0.0003785   2.829e-05  NAND2_X1
reg_11_U14                     0.0001821   0.0001784   0.0003779   1.739e-05  NAND2_X1
mult_50_U141                   0.0001444   0.0002114   0.0003774    2.15e-05  NOR2_X1
mult_51_U154                   0.0001499   0.0002114   0.0003764   1.505e-05  NAND2_X1
reg_2_U15                      0.0002389   0.0001059    0.000376    3.12e-05  OAI21_X1
mult_51_U143                   0.0001444   0.0002092   0.0003752    2.15e-05  NOR2_X1
mult_50_U152                     0.00015   0.0002094   0.0003745   1.505e-05  NAND2_X1
mult_55_U139                   0.0001364   0.0002162   0.0003741    2.15e-05  NOR2_X1
mult_51_U136                   0.0001469   0.0002056   0.0003741    2.15e-05  NOR2_X1
mult_50_U135                   0.0001469   0.0002054   0.0003738    2.15e-05  NOR2_X1
mult_50_U153                   0.0001501   0.0002084   0.0003735   1.505e-05  NAND2_X1
reg_8_U9                       0.0002433   9.838e-05   0.0003729   3.121e-05  OAI21_X1
mult_51_U142                   0.0001445   0.0002066   0.0003726    2.15e-05  NOR2_X1
mult_50_U143                   0.0001444   0.0002059   0.0003719    2.15e-05  NOR2_X1
reg_13_U2                      0.0002386    0.000102   0.0003717    3.12e-05  OAI21_X1
mult_55_U158                   0.0001482    0.000195   0.0003714   2.829e-05  NAND2_X1
mult_51_U141                   0.0001445   0.0002048   0.0003709    2.15e-05  NOR2_X1
mult_56_U146                   0.0001679   0.0001329   0.0003706   6.977e-05  OAI222_X1
mult_50_U155                   0.0001502    0.000205   0.0003702   1.505e-05  NAND2_X1
mult_55_U147                    0.000205   0.0001447     0.00037   2.034e-05  AOI222_X1
mult_51_U152                   0.0001502   0.0002046   0.0003699   1.505e-05  NAND2_X1
reg_1_U7                       0.0002355    0.000103   0.0003699   3.134e-05  OAI21_X1
mult_51_U134                   0.0001471   0.0001982   0.0003668    2.15e-05  NOR2_X1
mult_50_U144                   0.0001446   0.0002001   0.0003662    2.15e-05  NOR2_X1
reg_1_U5                       0.0002338   0.0001002   0.0003654   3.138e-05  OAI21_X1
mult_49_U41                    0.0001766   0.0001351   0.0003651    5.34e-05  HA_X1
mult_50_U138                   0.0001471   0.0001962   0.0003648    2.15e-05  NOR2_X1
mult_50_U136                   0.0001471   0.0001954    0.000364    2.15e-05  NOR2_X1
mult_51_U135                   0.0001471   0.0001952   0.0003638    2.15e-05  NOR2_X1
reg_8_U4                       0.0001956     0.00015   0.0003629   1.732e-05  NAND2_X1
mult_51_U153                   0.0001505    0.000197   0.0003625   1.505e-05  NAND2_X1
reg_dout_U3                    0.0002286   0.0001026   0.0003624   3.122e-05  OAI21_X1
mult_55_U167                   0.0001245   0.0002162   0.0003622    2.15e-05  NOR2_X1
mult_49_U147                   0.0001875    0.000136    0.000362   3.857e-05  AOI222_X1
reg_8_U12                      0.0001839   0.0001606   0.0003618   1.739e-05  NAND2_X1
mult_51_U144                   0.0001447   0.0001956   0.0003618    2.15e-05  NOR2_X1
reg_8_U16                      0.0001874   0.0001569   0.0003617   1.739e-05  NAND2_X1
mult_51_U138                   0.0001472   0.0001926   0.0003613    2.15e-05  NOR2_X1
reg_2_U10                      0.0001912   0.0001523   0.0003609   1.732e-05  NAND2_X1
mult_55_U134                   0.0001358   0.0002031   0.0003604    2.15e-05  NOR2_X1
reg_4_U7                       0.0002321   9.698e-05   0.0003603   3.121e-05  OAI21_X1
mult_49_U42                    0.0002128   8.734e-05   0.0003601   5.995e-05  FA_X1
mult_51_U155                   0.0001506    0.000194   0.0003596   1.505e-05  NAND2_X1
mult_55_U142                   0.0001364   0.0002012   0.0003591    2.15e-05  NOR2_X1
mult_49_U34                    0.0001765    0.000129    0.000359    5.34e-05  HA_X1
mult_55_U136                   0.0001359   0.0002004   0.0003577    2.15e-05  NOR2_X1
mult_49_U146                   0.0001665   0.0001229   0.0003576   6.821e-05  OAI222_X1
mult_50_U160                    0.000114   0.0002263   0.0003571   1.683e-05  NAND2_X1
reg_3_U10                      0.0001914   0.0001483   0.0003571   1.732e-05  NAND2_X1
mult_50_U134                   0.0001472   0.0001874   0.0003561    2.15e-05  NOR2_X1
reg_9_U5                       0.0001699   0.0001677    0.000355   1.743e-05  NAND2_X1
reg_3_U12                      0.0001603   0.0001762   0.0003539   1.739e-05  NAND2_X1
mult_51_U160                    0.000114   0.0002211    0.000352   1.683e-05  NAND2_X1
reg_1_U10                      0.0001621   0.0001724   0.0003518   1.735e-05  NAND2_X1
mult_57_U43                    0.0002186   8.153e-05   0.0003514   5.128e-05  HA_X1
reg_9_U15                      0.0002235   9.569e-05   0.0003504   3.119e-05  OAI21_X1
mult_55_U133                   0.0001358   0.0001923   0.0003495    2.15e-05  NOR2_X1
reg_8_U7                       0.0002171   0.0001006   0.0003489   3.121e-05  OAI21_X1
mult_50_U140                   0.0001447   0.0001822   0.0003484    2.15e-05  NOR2_X1
mult_55_U132                   0.0001359   0.0001905   0.0003479    2.15e-05  NOR2_X1
mult_55_U159                   0.0001086   0.0002223   0.0003477   1.683e-05  NAND2_X1
mult_51_U140                   0.0001448    0.000181   0.0003473    2.15e-05  NOR2_X1
mult_55_U152                   0.0001133   0.0002166   0.0003467   1.683e-05  NAND2_X1
mult_55_U162                   0.0001211   0.0002041   0.0003467   2.151e-05  NOR2_X1
reg_9_U7                       0.0001694   0.0001587   0.0003457   1.762e-05  NAND2_X1
reg_4_U4                       0.0001959   0.0001317   0.0003449   1.732e-05  NAND2_X1
reg_2_U5                       0.0001792   0.0001473    0.000344   1.757e-05  NAND2_X1
mult_51_U139                   0.0001096   0.0002173   0.0003438   1.683e-05  NAND2_X1
mult_55_U155                   0.0001133   0.0002136   0.0003437   1.683e-05  NAND2_X1
mult_56_U156                   0.0001655   0.0001524   0.0003418   2.388e-05  AND2_X1
mult_55_U150                   0.0001133   0.0002115   0.0003416   1.683e-05  NAND2_X1
reg_dout_U14                   0.0002127   9.691e-05   0.0003409   3.126e-05  OAI21_X1
reg_8_U6                       0.0001623    0.000161   0.0003407   1.739e-05  NAND2_X1
mult_50_U139                   0.0001096    0.000214   0.0003404   1.683e-05  NAND2_X1
mult_50_U145                   0.0001139   0.0002097   0.0003404   1.683e-05  NAND2_X1
mult_49_U44                    0.0001762   0.0001098   0.0003394    5.34e-05  HA_X1
mult_49_U38                    0.0001761   0.0001098   0.0003393    5.34e-05  HA_X1
mult_55_U138                   0.0001362   0.0001813    0.000339    2.15e-05  NOR2_X1
reg_1_U3                       0.0002164   9.051e-05   0.0003384   3.149e-05  OAI21_X1
reg_10_U12                     0.0001214   0.0001991    0.000338   1.738e-05  NAND2_X1
mult_55_U160                   0.0001117   0.0002097   0.0003364   1.505e-05  NAND2_X1
reg_13_U15                     0.0002103   9.279e-05   0.0003343    3.12e-05  OAI21_X1
reg_11_U12                     0.0001653   0.0001512   0.0003338   1.739e-05  NAND2_X1
mult_55_U169                   0.0001245    0.000187   0.0003331    2.15e-05  NOR2_X1
reg_11_U19                      0.000179   0.0001367    0.000333   1.732e-05  NAND2_X1
mult_55_U153                   0.0001133   0.0002028   0.0003329   1.683e-05  NAND2_X1
reg_2_U13                      0.0002089   9.104e-05   0.0003311    3.12e-05  OAI21_X1
reg_7_U15                      0.0001949    0.000103   0.0003307   3.289e-05  OAI21_X1
mult_51_U145                    0.000114   0.0001983   0.0003291   1.683e-05  NAND2_X1
mult_51_U137                   0.0001175   0.0001898    0.000329    2.17e-05  NOR2_X1
reg_2_U3                       0.0001649   0.0001466    0.000329    1.74e-05  NAND2_X1
mult_50_U137                   0.0001174   0.0001892   0.0003283    2.17e-05  NOR2_X1
mult_55_U164                    0.000121   0.0001846   0.0003272   2.151e-05  NOR2_X1
mult_55_U137                   0.0001069   0.0002022    0.000326   1.683e-05  NAND2_X1
mult_50_U156                   0.0001517   0.0001584   0.0003251   1.505e-05  NAND2_X1
mult_55_U163                   0.0001209   0.0001818   0.0003243   2.151e-05  NOR2_X1
mult_51_U156                   0.0001518   0.0001574   0.0003242   1.505e-05  NAND2_X1
reg_9_U9                       0.0001416   0.0001647   0.0003238   1.751e-05  NAND2_X1
mult_55_U151                   0.0001134   0.0001935   0.0003238   1.683e-05  NAND2_X1
mult_55_U135                   0.0001056   0.0001957    0.000323    2.17e-05  NOR2_X1
reg_dout_U6                    0.0001599   0.0001442   0.0003215   1.739e-05  NAND2_X1
mult_55_U143                   0.0001082   0.0001965   0.0003215   1.683e-05  NAND2_X1
reg_10_U11                     0.0002035   8.592e-05   0.0003207   3.125e-05  OAI21_X1
reg_4_U6                       0.0001623   0.0001408   0.0003205   1.739e-05  NAND2_X1
mult_51_U133                   0.0001176   0.0001812   0.0003204    2.17e-05  NOR2_X1
reg_10_U18                     0.0002051   8.267e-05   0.0003191   3.132e-05  OAI21_X1
reg_2_U12                      0.0001601   0.0001404   0.0003179   1.739e-05  NAND2_X1
mult_50_U133                   0.0001176   0.0001783   0.0003177    2.17e-05  NOR2_X1
reg_9_U13                      0.0002014   8.392e-05   0.0003165    3.12e-05  OAI21_X1
reg_6_U15                      0.0001953   8.787e-05    0.000316   3.289e-05  OAI21_X1
mult_49_U148                   0.0001346   0.0001181   0.0003159   6.325e-05  OAI222_X1
mult_55_U161                   0.0001209   0.0001731   0.0003155   2.151e-05  NOR2_X1
reg_6_U11                      0.0001916   9.074e-05   0.0003152   3.289e-05  OAI21_X1
mult_55_U112                   9.466e-05   0.0002071   0.0003147   1.301e-05  INV_X1
reg_7_U13                      0.0001939   8.675e-05   0.0003135   3.289e-05  OAI21_X1
mult_57_U111                   9.175e-05   0.0002073   0.0003132    1.41e-05  INV_X1
reg_6_U13                       0.000194   8.596e-05   0.0003128   3.289e-05  OAI21_X1
reg_7_U11                      0.0001912    8.63e-05   0.0003104   3.289e-05  OAI21_X1
reg_8_U10                      0.0001543   0.0001386   0.0003103   1.739e-05  NAND2_X1
mult_49_U43                    0.0001755    7.98e-05   0.0003087    5.34e-05  HA_X1
mult_57_U146                   0.0001352   0.0001014   0.0003075   7.084e-05  OAI222_X1
mult_55_U166                   0.0001246   0.0001607   0.0003068    2.15e-05  NOR2_X1
mult_55_U131                   0.0001057   0.0001793   0.0003066    2.17e-05  NOR2_X1
reg_9_U3                       0.0001484   0.0001402    0.000306    1.74e-05  NAND2_X1
reg_4_U10                      0.0001543   0.0001337   0.0003054   1.739e-05  NAND2_X1
reg_1_U8                        0.000142   0.0001459   0.0003052   1.735e-05  NAND2_X1
reg_1_U4                       0.0001555   0.0001305    0.000303   1.699e-05  NAND2_X1
reg_13_U13                     0.0001877   8.387e-05   0.0003027    3.12e-05  OAI21_X1
mult_55_U165                   9.731e-05   0.0001876   0.0003017   1.683e-05  NAND2_X1
mult_55_U109                   8.964e-05   0.0001988   0.0003013   1.289e-05  INV_X1
mult_55_U127                   9.301e-05   0.0001866   0.0003013    2.17e-05  NOR2_X1
mult_55_U176                   0.0001069   0.0001716      0.0003    2.15e-05  NOR2_X1
reg_1_U6                       0.0001328   0.0001495   0.0002996   1.733e-05  NAND2_X1
mult_55_U168                   0.0001246   0.0001517   0.0002979    2.15e-05  NOR2_X1
reg_13_U5                      0.0001438   0.0001361   0.0002974   1.751e-05  NAND2_X1
reg_2_U16                      0.0001477   0.0001318   0.0002969   1.739e-05  NAND2_X1
mult_50_U127                   0.0001523   0.0001288   0.0002961   1.505e-05  NAND2_X1
mult_51_U127                   0.0001523   0.0001281   0.0002955   1.505e-05  NAND2_X1
reg_9_U18                      0.0001735   8.982e-05   0.0002947   3.137e-05  OAI21_X1
mult_55_U173                   0.0001068   0.0001653   0.0002937    2.15e-05  NOR2_X1
reg_9_U11                       0.000176    8.52e-05   0.0002925   3.128e-05  OAI21_X1
mult_55_U154                   0.0001141   0.0001586   0.0002896   1.683e-05  NAND2_X1
mult_55_U170                   0.0001248   0.0001407    0.000287    2.15e-05  NOR2_X1
reg_dout_U4                    0.0001326   0.0001369   0.0002869   1.739e-05  NAND2_X1
reg_13_U11                      0.000178   7.769e-05   0.0002869   3.121e-05  OAI21_X1
mult_55_U175                   0.0001068   0.0001538   0.0002821    2.15e-05  NOR2_X1
mult_55_U178                   9.299e-05   0.0001656   0.0002803    2.17e-05  NOR2_X1
mult_51_U114                   2.881e-05   0.0002356   0.0002788   1.435e-05  INV_X1
mult_56_U158                   0.0001071   0.0001425   0.0002787   2.916e-05  NAND2_X1
mult_55_U126                   9.318e-05   0.0001634   0.0002783    2.17e-05  NOR2_X1
mult_55_U172                   0.0001069   0.0001495   0.0002779    2.15e-05  NOR2_X1
mult_49_U117                   2.879e-05   0.0002341   0.0002772   1.435e-05  INV_X1
reg_8_U8                       0.0001362   0.0001206   0.0002741   1.739e-05  NAND2_X1
mult_56_U139                   9.634e-05   0.0001556   0.0002736   2.165e-05  NOR2_X1
mult_56_U141                   9.628e-05    0.000154   0.0002719   2.165e-05  NOR2_X1
reg_6_U14                      0.0001496   0.0001052   0.0002717   1.683e-05  NAND2_X1
mult_55_U128                   9.313e-05   0.0001553   0.0002702    2.17e-05  NOR2_X1
reg_dout_U15                   0.0001436   0.0001089   0.0002699   1.732e-05  NAND2_X1
mult_55_U177                   8.631e-05   0.0001666   0.0002698   1.683e-05  NAND2_X1
mult_51_U149                   0.0001447   0.0001045   0.0002695   2.035e-05  AOI222_X1
reg_9_U16                      0.0001233   0.0001275   0.0002682    1.74e-05  NAND2_X1
reg_4_U8                       0.0001362   0.0001139   0.0002675   1.739e-05  NAND2_X1
mult_55_U114                   2.897e-05   0.0002238   0.0002672   1.435e-05  INV_X1
mult_49_U118                   2.884e-05   0.0002239   0.0002671   1.435e-05  INV_X1
reg_7_U14                      0.0001498   0.0001004    0.000267   1.683e-05  NAND2_X1
mult_57_U156                   0.0001307   0.0001124   0.0002668   2.369e-05  AND2_X1
mult_49_U116                   2.881e-05   0.0002234   0.0002666   1.435e-05  INV_X1
mult_57_U115                   2.897e-05   0.0002231   0.0002664   1.435e-05  INV_X1
mult_50_U149                   0.0001446   0.0001012   0.0002661   2.035e-05  AOI222_X1
mult_56_U140                   9.632e-05   0.0001474   0.0002654   2.165e-05  NOR2_X1
mult_57_U114                   2.898e-05    0.000222   0.0002653   1.435e-05  INV_X1
mult_49_U114                   2.898e-05   0.0002215   0.0002648   1.435e-05  INV_X1
mult_51_U113                   2.886e-05   0.0002209   0.0002641   1.435e-05  INV_X1
reg_10_U19                     0.0001449   0.0001013   0.0002634   1.722e-05  NAND2_X1
mult_56_U142                   9.632e-05   0.0001451   0.0002631   2.165e-05  NOR2_X1
mult_56_U115                   2.889e-05   0.0002198   0.0002631   1.435e-05  INV_X1
reg_2_U14                      0.0001285   0.0001163   0.0002622   1.739e-05  NAND2_X1
mult_56_U114                   2.887e-05   0.0002185   0.0002617   1.435e-05  INV_X1
mult_56_U134                   9.569e-05   0.0001443   0.0002616   2.165e-05  NOR2_X1
mult_51_U115                   2.887e-05   0.0002183   0.0002615   1.435e-05  INV_X1
mult_56_U113                   2.887e-05   0.0002181   0.0002613   1.435e-05  INV_X1
mult_55_U130                   0.0001104   0.0001353   0.0002607   1.505e-05  NAND2_X1
reg_7_U16                      0.0001228   0.0001207   0.0002603   1.683e-05  NAND2_X1
reg_13_U7                      0.0001302   0.0001127   0.0002603    1.74e-05  NAND2_X1
mult_49_U113                     2.9e-05   0.0002167   0.0002601   1.435e-05  INV_X1
mult_55_U171                   9.863e-05   0.0001443   0.0002598   1.683e-05  NAND2_X1
mult_50_U114                   2.888e-05   0.0002159   0.0002591   1.435e-05  INV_X1
mult_56_U132                    9.57e-05   0.0001416    0.000259   2.165e-05  NOR2_X1
mult_56_U136                   9.569e-05   0.0001415   0.0002589   2.165e-05  NOR2_X1
mult_55_U115                   2.901e-05   0.0002147    0.000258   1.435e-05  INV_X1
mult_50_U115                   2.885e-05   0.0002146   0.0002578   1.435e-05  INV_X1
mult_50_U113                    2.89e-05   0.0002125   0.0002558   1.435e-05  INV_X1
mult_56_U159                   7.815e-05   0.0001583    0.000253   1.656e-05  NAND2_X1
mult_49_U115                   2.904e-05   0.0002096    0.000253   1.435e-05  INV_X1
reg_5_U15                      0.0001475   7.161e-05   0.0002528   3.373e-05  OAI21_X1
mult_56_U133                   9.566e-05   0.0001354   0.0002527   2.165e-05  NOR2_X1
reg_13_U9                      0.0001572   6.414e-05   0.0002525   3.121e-05  OAI21_X1
mult_56_U155                   8.115e-05   0.0001548   0.0002525   1.656e-05  NAND2_X1
mult_55_U174                    0.000107    0.000124   0.0002525    2.15e-05  NOR2_X1
mult_55_U129                   9.327e-05   0.0001366   0.0002516    2.17e-05  NOR2_X1
mult_50_U170                   9.005e-05   0.0001397   0.0002512    2.15e-05  NOR2_X1
mult_57_U113                   2.905e-05   0.0002074   0.0002508   1.435e-05  INV_X1
mult_55_U148                   8.534e-05   0.0001436   0.0002506    2.17e-05  NOR2_X1
mult_55_U113                   2.905e-05   0.0002072   0.0002506   1.435e-05  INV_X1
mult_56_U152                   8.113e-05   0.0001529   0.0002506   1.656e-05  NAND2_X1
mult_56_U138                   9.623e-05   0.0001323   0.0002502   2.165e-05  NOR2_X1
reg_5_U13                      0.0001474    6.82e-05   0.0002493   3.373e-05  OAI21_X1
reg_7_U12                      0.0001173   0.0001147   0.0002489   1.683e-05  NAND2_X1
mult_51_U168                   9.014e-05    0.000137   0.0002487    2.15e-05  NOR2_X1
mult_51_U159                   9.286e-05   0.0001274   0.0002486   2.829e-05  NAND2_X1
mult_56_U143                   7.793e-05    0.000154   0.0002484   1.656e-05  NAND2_X1
reg_13_U3                      0.0001231   0.0001068   0.0002473   1.739e-05  NAND2_X1
mult_50_U161                   7.836e-05   0.0001536    0.000247   1.506e-05  NAND2_X1
mult_56_U137                   7.706e-05   0.0001525   0.0002462   1.656e-05  NAND2_X1
mult_50_U168                   9.015e-05   0.0001339   0.0002455    2.15e-05  NOR2_X1
mult_51_U161                   7.841e-05   0.0001518   0.0002452   1.506e-05  NAND2_X1
reg_5_U11                      0.0001454   6.539e-05   0.0002445   3.373e-05  OAI21_X1
mult_56_U150                   8.117e-05   0.0001468   0.0002445   1.656e-05  NAND2_X1
reg_6_U16                      0.0001269   0.0001001   0.0002438   1.683e-05  NAND2_X1
mult_56_U151                   8.118e-05   0.0001455   0.0002432   1.656e-05  NAND2_X1
mult_51_U163                   8.545e-05   0.0001336   0.0002405    2.15e-05  NOR2_X1
mult_57_U117                   2.894e-05   0.0001963   0.0002396   1.435e-05  INV_X1
mult_51_U116                   2.887e-05    0.000196   0.0002392   1.435e-05  INV_X1
mult_51_U117                   2.891e-05   0.0001956   0.0002389   1.435e-05  INV_X1
mult_56_U153                   8.117e-05   0.0001408   0.0002386   1.656e-05  NAND2_X1
mult_50_U163                   8.546e-05   0.0001314   0.0002383    2.15e-05  NOR2_X1
mult_49_U158                   0.0001326   7.357e-05   0.0002375   3.125e-05  XNOR2_X1
mult_50_U165                   8.548e-05   0.0001299   0.0002369    2.15e-05  NOR2_X1
reg_6_U12                       0.000121   9.866e-05   0.0002365   1.683e-05  NAND2_X1
mult_51_U170                    9.03e-05   0.0001247   0.0002365    2.15e-05  NOR2_X1
reg_9_U14                      0.0001115    0.000107   0.0002359   1.739e-05  NAND2_X1
mult_56_U135                   7.636e-05   0.0001371   0.0002354   2.196e-05  NOR2_X1
mult_50_U166                   7.093e-05   0.0001475   0.0002352   1.683e-05  NAND2_X1
mult_50_U164                   8.545e-05   0.0001278   0.0002348    2.15e-05  NOR2_X1
mult_56_U116                   2.889e-05   0.0001911   0.0002343   1.435e-05  INV_X1
mult_50_U162                   8.545e-05   0.0001265   0.0002335    2.15e-05  NOR2_X1
mult_51_U165                   8.558e-05   0.0001253   0.0002324    2.15e-05  NOR2_X1
mult_51_U162                    8.55e-05   0.0001252   0.0002322    2.15e-05  NOR2_X1
mult_51_U174                   8.049e-05   0.0001298   0.0002318    2.15e-05  NOR2_X1
mult_51_U112                   6.568e-05   0.0001529   0.0002316   1.302e-05  INV_X1
mult_51_U164                   8.555e-05   0.0001215   0.0002285    2.15e-05  NOR2_X1
mult_50_U174                    8.05e-05   0.0001263   0.0002283    2.15e-05  NOR2_X1
mult_49_U124                   2.889e-05   0.0001846   0.0002278   1.435e-05  INV_X1
mult_49_U121                   2.899e-05   0.0001844   0.0002277   1.435e-05  INV_X1
mult_51_U167                   9.048e-05   0.0001153   0.0002273    2.15e-05  NOR2_X1
mult_55_U117                   2.918e-05   0.0001835   0.0002271   1.435e-05  INV_X1
mult_57_U158                    8.45e-05   0.0001126   0.0002267   2.959e-05  NAND2_X1
reg_6_U3                       0.0001303   6.342e-05   0.0002266   3.289e-05  OAI21_X1
reg_7_U5                        0.000132   6.125e-05   0.0002262   3.289e-05  OAI21_X1
mult_57_U116                   2.907e-05   0.0001827   0.0002261   1.435e-05  INV_X1
mult_57_U118                   2.919e-05   0.0001823   0.0002259   1.435e-05  INV_X1
mult_50_U176                   8.054e-05   0.0001238   0.0002258    2.15e-05  NOR2_X1
mult_50_U117                    2.89e-05    0.000182   0.0002253   1.435e-05  INV_X1
mult_56_U118                   2.908e-05   0.0001815    0.000225   1.435e-05  INV_X1
mult_50_U167                    9.05e-05   0.0001129   0.0002249    2.15e-05  NOR2_X1
mult_56_U117                   2.894e-05   0.0001813   0.0002246   1.435e-05  INV_X1
mult_55_U116                   2.919e-05   0.0001808   0.0002243   1.435e-05  INV_X1
reg_6_U5                       0.0001319    5.88e-05   0.0002236   3.289e-05  OAI21_X1
mult_49_U123                   2.905e-05     0.00018   0.0002234   1.435e-05  INV_X1
mult_49_U120                   2.905e-05     0.00018   0.0002234   1.435e-05  INV_X1
mult_50_U112                   6.582e-05   0.0001442    0.000223   1.302e-05  INV_X1
mult_50_U116                   2.891e-05   0.0001796   0.0002228   1.435e-05  INV_X1
mult_51_U177                   8.069e-05   0.0001199   0.0002221    2.15e-05  NOR2_X1
mult_56_U131                    7.64e-05   0.0001237    0.000222   2.196e-05  NOR2_X1
mult_55_U118                   2.921e-05    0.000178   0.0002215   1.435e-05  INV_X1
mult_49_U119                   2.891e-05   0.0001782   0.0002215   1.435e-05  INV_X1
mult_50_U109                   6.298e-05   0.0001442   0.0002201   1.289e-05  INV_X1
mult_57_U141                   7.524e-05    0.000123     0.00022   2.172e-05  NOR2_X1
mult_50_U177                   8.068e-05   0.0001178   0.0002199    2.15e-05  NOR2_X1
mult_50_U171                   9.061e-05   0.0001077   0.0002198    2.15e-05  NOR2_X1
reg_13_U16                     0.0001087   9.318e-05   0.0002192   1.739e-05  NAND2_X1
mult_50_U129                    7.03e-05   0.0001268   0.0002188    2.17e-05  NOR2_X1
mult_51_U173                   8.071e-05    0.000116   0.0002182    2.15e-05  NOR2_X1
mult_57_U140                   7.525e-05   0.0001212   0.0002181   2.172e-05  NOR2_X1
mult_51_U176                   8.067e-05   0.0001159    0.000218    2.15e-05  NOR2_X1
mult_51_U129                    7.04e-05   0.0001259    0.000218    2.17e-05  NOR2_X1
mult_50_U128                    7.05e-05   0.0001258    0.000218    2.17e-05  NOR2_X1
reg_7_U9                       0.0001274   5.707e-05   0.0002173   3.289e-05  OAI21_X1
reg_6_U9                       0.0001279   5.626e-05   0.0002171   3.289e-05  OAI21_X1
mult_51_U109                   6.311e-05   0.0001409   0.0002169   1.289e-05  INV_X1
mult_57_U139                   7.527e-05   0.0001195   0.0002165   2.172e-05  NOR2_X1
reg_7_U3                       0.0001301   5.344e-05   0.0002165   3.289e-05  OAI21_X1
mult_56_U154                   8.151e-05   0.0001182   0.0002163   1.656e-05  NAND2_X1
mult_51_U166                   7.095e-05   0.0001283   0.0002161   1.683e-05  NAND2_X1
mult_50_U173                   8.076e-05   0.0001117    0.000214    2.15e-05  NOR2_X1
mult_57_U142                   7.526e-05    0.000117   0.0002139   2.172e-05  NOR2_X1
mult_51_U169                   9.084e-05   0.0001008   0.0002131    2.15e-05  NOR2_X1
mult_51_U118                    2.91e-05    0.000169   0.0002124   1.435e-05  INV_X1
mult_50_U169                   9.081e-05   9.994e-05   0.0002123    2.15e-05  NOR2_X1
mult_50_U118                   2.908e-05    0.000167   0.0002104   1.435e-05  INV_X1
mult_51_U171                   9.095e-05   9.758e-05     0.00021    2.15e-05  NOR2_X1
mult_49_U122                   2.927e-05   0.0001662   0.0002098   1.435e-05  INV_X1
mult_57_U134                   7.512e-05   0.0001128   0.0002096   2.172e-05  NOR2_X1
mult_51_U128                   7.066e-05   0.0001169   0.0002093    2.17e-05  NOR2_X1
reg_9_U19                      0.0001087   8.331e-05   0.0002092   1.715e-05  NAND2_X1
mult_57_U159                   6.277e-05   0.0001293   0.0002085   1.642e-05  NAND2_X1
mult_50_U179                   7.041e-05   0.0001157   0.0002078    2.17e-05  NOR2_X1
mult_57_U132                   7.515e-05   0.0001108   0.0002077   2.172e-05  NOR2_X1
mult_57_U152                   6.474e-05   0.0001261   0.0002073   1.642e-05  NAND2_X1
mult_57_U136                   7.515e-05   0.0001104   0.0002072   2.172e-05  NOR2_X1
mult_56_U167                   6.961e-05   0.0001147    0.000206   2.165e-05  NOR2_X1
mult_57_U133                   7.508e-05   0.0001086   0.0002055   2.172e-05  NOR2_X1
mult_56_U160                   6.443e-05    0.000127   0.0002053   1.389e-05  NAND2_X1
reg_6_U7                       0.0001192   5.165e-05   0.0002037   3.289e-05  OAI21_X1
mult_57_U155                   6.476e-05   0.0001224   0.0002036   1.642e-05  NAND2_X1
mult_51_U179                   7.048e-05   0.0001112   0.0002034    2.17e-05  NOR2_X1
mult_57_U150                   6.476e-05   0.0001204   0.0002016   1.642e-05  NAND2_X1
mult_51_U130                    7.08e-05   0.0001089   0.0002014    2.17e-05  NOR2_X1
mult_56_U147                   0.0001069   7.502e-05   0.0002012   1.924e-05  AOI222_X1
mult_50_U130                   7.076e-05   0.0001083   0.0002008    2.17e-05  NOR2_X1
reg_7_U7                       0.0001196   4.733e-05   0.0001998   3.289e-05  OAI21_X1
mult_50_U150                   6.874e-05   0.0001092   0.0001997    2.17e-05  NOR2_X1
mult_57_U135                   6.154e-05   0.0001157   0.0001993   2.208e-05  NOR2_X1
mult_51_U172                   7.248e-05   0.0001089   0.0001982   1.683e-05  NAND2_X1
mult_56_U162                    6.77e-05   0.0001088   0.0001981   2.165e-05  NOR2_X1
mult_57_U138                   7.513e-05    0.000101   0.0001978   2.172e-05  NOR2_X1
mult_50_U178                   6.531e-05   0.0001154   0.0001976   1.683e-05  NAND2_X1
mult_51_U132                   7.099e-05   0.0001095   0.0001973   1.683e-05  NAND2_X1
reg_9_U12                      9.349e-05   8.591e-05   0.0001968   1.737e-05  NAND2_X1
mult_49_U111                   5.556e-05   0.0001269   0.0001967   1.431e-05  INV_X1
mult_50_U132                   7.097e-05   0.0001089   0.0001967   1.683e-05  NAND2_X1
mult_51_U150                   6.883e-05    0.000105   0.0001956    2.17e-05  NOR2_X1
mult_57_U137                   6.199e-05   0.0001171   0.0001955   1.642e-05  NAND2_X1
reg_13_U14                     9.713e-05   8.084e-05   0.0001954   1.739e-05  NAND2_X1
mult_57_U153                   6.476e-05   0.0001137   0.0001949   1.642e-05  NAND2_X1
mult_56_U169                   6.959e-05   0.0001032   0.0001945   2.165e-05  NOR2_X1
mult_50_U172                   7.248e-05   0.0001045   0.0001939   1.683e-05  NAND2_X1
mult_56_U112                   5.427e-05   0.0001265   0.0001935   1.279e-05  INV_X1
mult_51_U175                    8.12e-05   9.063e-05   0.0001933    2.15e-05  NOR2_X1
mult_51_U178                   6.533e-05   0.0001109    0.000193   1.683e-05  NAND2_X1
mult_50_U175                   8.119e-05   9.014e-05   0.0001928    2.15e-05  NOR2_X1
mult_57_U151                   6.476e-05    0.000111   0.0001922   1.642e-05  NAND2_X1
mult_49_U149                   0.0001013   6.797e-05   0.0001919   2.266e-05  AOI222_X1
mult_56_U163                   6.761e-05   0.0001024   0.0001916   2.165e-05  NOR2_X1
mult_57_U143                   6.244e-05   0.0001122   0.0001911   1.642e-05  NAND2_X1
mult_56_U164                   6.767e-05   0.0001016   0.0001909   2.165e-05  NOR2_X1
mult_56_U176                   6.401e-05   0.0001046   0.0001903   2.165e-05  NOR2_X1
reg_5_U3                       0.0001084   4.799e-05   0.0001901   3.373e-05  OAI21_X1
mult_56_U161                   6.763e-05   0.0001008   0.0001901   2.165e-05  NOR2_X1
mult_56_U173                   6.397e-05   0.0001038   0.0001895   2.165e-05  NOR2_X1
reg_5_U9                       0.0001061   4.902e-05   0.0001889   3.373e-05  OAI21_X1
mult_57_U160                   5.538e-05   0.0001199   0.0001886   1.333e-05  NAND2_X1
mult_50_U131                   7.118e-05   9.478e-05   0.0001877    2.17e-05  NOR2_X1
mult_51_U131                   7.131e-05   9.449e-05   0.0001875    2.17e-05  NOR2_X1
reg_13_U12                     9.187e-05    7.74e-05   0.0001867   1.739e-05  NAND2_X1
reg_5_U5                        0.000109   4.258e-05   0.0001853   3.373e-05  OAI21_X1
mult_56_U166                   6.967e-05   9.366e-05    0.000185   2.165e-05  NOR2_X1
reg_5_U14                       8.36e-05   8.387e-05    0.000184   1.656e-05  NAND2_X1
mult_56_U127                   5.651e-05   0.0001046   0.0001831   2.196e-05  NOR2_X1
mult_56_U109                   5.261e-05   0.0001169   0.0001822   1.267e-05  INV_X1
mult_57_U131                   6.151e-05   9.798e-05   0.0001816   2.208e-05  NOR2_X1
mult_56_U172                   6.403e-05   9.333e-05    0.000179   2.165e-05  NOR2_X1
reg_5_U7                       0.0001012    4.34e-05   0.0001783   3.373e-05  OAI21_X1
mult_56_U168                   6.972e-05   8.645e-05   0.0001778   2.165e-05  NOR2_X1
mult_56_U175                   6.395e-05   9.213e-05   0.0001777   2.165e-05  NOR2_X1
mult_56_U165                   5.727e-05   0.0001027   0.0001766   1.655e-05  NAND2_X1
mult_56_U126                   5.665e-05   9.793e-05   0.0001765   2.196e-05  NOR2_X1
reg_12_U13                      9.89e-05   4.561e-05   0.0001757    3.12e-05  OAI21_X1
mult_57_U167                   5.894e-05   9.468e-05   0.0001753   2.172e-05  NOR2_X1
mult_56_U170                   6.975e-05   8.371e-05   0.0001751   2.165e-05  NOR2_X1
mult_57_U162                   5.759e-05   9.563e-05   0.0001749   2.172e-05  NOR2_X1
mult_57_U165                   4.992e-05   0.0001086   0.0001749   1.642e-05  NAND2_X1
mult_55_U149                     6.4e-05   7.599e-05   0.0001743    3.43e-05  NOR4_X1
reg_5_U16                      8.373e-05   7.277e-05   0.0001731   1.656e-05  NAND2_X1
reg_13_U10                     9.158e-05   6.345e-05   0.0001724   1.738e-05  NAND2_X1
mult_56_U178                   5.646e-05    9.38e-05   0.0001722   2.196e-05  NOR2_X1
reg_5_U12                      8.269e-05    7.29e-05   0.0001721   1.656e-05  NAND2_X1
reg_12_U7                      9.874e-05   4.215e-05   0.0001721    3.12e-05  OAI21_X1
reg_12_U5                       9.87e-05   4.174e-05   0.0001716    3.12e-05  OAI21_X1
reg_12_U9                       9.87e-05   4.153e-05   0.0001714    3.12e-05  OAI21_X1
mult_57_U154                   6.501e-05   8.922e-05   0.0001706   1.642e-05  NAND2_X1
reg_12_U11                     9.866e-05   4.041e-05   0.0001703    3.12e-05  OAI21_X1
reg_12_U15                     9.875e-05   4.018e-05   0.0001701    3.12e-05  OAI21_X1
mult_56_U128                   5.664e-05   9.151e-05   0.0001701   2.196e-05  NOR2_X1
reg_7_U8                       7.249e-05   8.056e-05   0.0001699   1.683e-05  NAND2_X1
mult_57_U173                   5.537e-05   9.202e-05   0.0001691   2.172e-05  NOR2_X1
mult_57_U169                   5.896e-05    8.84e-05   0.0001691   2.172e-05  NOR2_X1
reg_7_U10                      7.877e-05   7.319e-05   0.0001688   1.683e-05  NAND2_X1
mult_57_U176                   5.543e-05   9.106e-05   0.0001682   2.172e-05  NOR2_X1
reg_7_U4                       8.915e-05   6.381e-05    0.000168   1.504e-05  NAND2_X1
mult_57_U161                   5.752e-05    8.83e-05   0.0001675   2.172e-05  NOR2_X1
reg_6_U4                       8.917e-05   6.331e-05   0.0001675   1.504e-05  NAND2_X1
mult_57_U163                   5.754e-05   8.778e-05    0.000167   2.172e-05  NOR2_X1
mult_56_U177                   5.419e-05   9.607e-05   0.0001668   1.656e-05  NAND2_X1
mult_57_U112                   4.641e-05    0.000107   0.0001661   1.267e-05  INV_X1
reg_12_U3                      9.205e-05   4.271e-05    0.000166    3.12e-05  OAI21_X1
mult_57_U127                   4.906e-05   9.457e-05   0.0001657   2.208e-05  NOR2_X1
mult_57_U175                   5.539e-05   8.848e-05   0.0001656   2.172e-05  NOR2_X1
mult_57_U147                   8.638e-05   5.909e-05   0.0001642   1.872e-05  AOI222_X1
mult_57_U164                   5.757e-05    8.44e-05   0.0001637   2.172e-05  NOR2_X1
mult_56_U148                   5.413e-05   8.744e-05   0.0001635   2.196e-05  NOR2_X1
mult_57_U166                   5.901e-05   8.082e-05   0.0001616   2.172e-05  NOR2_X1
mult_56_U171                   5.797e-05   8.623e-05   0.0001608   1.656e-05  NAND2_X1
mult_57_U109                   4.526e-05   0.0001029   0.0001608   1.256e-05  INV_X1
reg_7_U6                       8.032e-05   6.356e-05   0.0001607   1.683e-05  NAND2_X1
mult_56_U174                   6.413e-05   7.373e-05   0.0001595   2.165e-05  NOR2_X1
mult_57_U172                   5.543e-05   8.189e-05   0.0001591   2.172e-05  NOR2_X1
reg_6_U10                      8.273e-05   5.851e-05   0.0001581   1.683e-05  NAND2_X1
mult_56_U130                   6.333e-05   8.044e-05   0.0001577   1.389e-05  NAND2_X1
mult_56_U129                   5.668e-05   7.874e-05   0.0001574   2.196e-05  NOR2_X1
reg_6_U6                       8.045e-05   6.001e-05   0.0001573   1.683e-05  NAND2_X1
mult_57_U126                   4.923e-05   8.533e-05   0.0001566   2.208e-05  NOR2_X1
mult_57_U177                   4.781e-05   9.151e-05   0.0001557   1.642e-05  NAND2_X1
mult_57_U168                   5.901e-05   7.422e-05    0.000155   2.172e-05  NOR2_X1
mult_57_U128                   4.914e-05   8.322e-05   0.0001544   2.208e-05  NOR2_X1
mult_57_U178                   4.904e-05   8.229e-05   0.0001534   2.208e-05  NOR2_X1
mult_57_U170                   5.909e-05   6.934e-05   0.0001502   2.172e-05  NOR2_X1
mult_57_U148                   4.762e-05     7.7e-05   0.0001467   2.208e-05  NOR2_X1
reg_6_U8                       7.308e-05   5.603e-05   0.0001459   1.683e-05  NAND2_X1
mult_49_U159                   5.038e-05   6.837e-05   0.0001453   2.656e-05  NAND2_X1
reg_5_U4                       7.304e-05   5.733e-05   0.0001443   1.388e-05  NAND2_X1
mult_57_U174                   5.545e-05   6.707e-05   0.0001442   2.172e-05  NOR2_X1
mult_49_U141                   4.173e-05    8.13e-05   0.0001442    2.12e-05  NOR2_X1
mult_57_U129                   4.922e-05   7.281e-05   0.0001441   2.208e-05  NOR2_X1
mult_49_U136                   4.196e-05   7.945e-05   0.0001426    2.12e-05  NOR2_X1
mult_49_U129                   4.163e-05    7.95e-05   0.0001423    2.12e-05  NOR2_X1
mult_49_U161                   4.215e-05   8.272e-05   0.0001423   1.739e-05  NAND2_X1
mult_49_U174                    4.19e-05    7.89e-05    0.000142    2.12e-05  NOR2_X1
mult_57_U130                   5.455e-05   7.329e-05   0.0001412   1.333e-05  NAND2_X1
mult_49_U160                    4.21e-05    8.03e-05   0.0001398   1.739e-05  NAND2_X1
mult_49_U142                   4.174e-05   7.583e-05   0.0001388    2.12e-05  NOR2_X1
mult_49_U170                   4.197e-05   7.539e-05   0.0001386    2.12e-05  NOR2_X1
mult_57_U171                   5.002e-05    7.19e-05   0.0001383   1.642e-05  NAND2_X1
mult_49_U143                   4.167e-05   7.187e-05   0.0001347    2.12e-05  NOR2_X1
mult_49_U162                   4.163e-05   7.187e-05   0.0001347    2.12e-05  NOR2_X1
mult_49_U168                   4.196e-05   7.139e-05   0.0001345    2.12e-05  NOR2_X1
mult_49_U177                     4.2e-05   7.115e-05   0.0001343    2.12e-05  NOR2_X1
mult_49_U164                   4.164e-05   7.106e-05   0.0001339    2.12e-05  NOR2_X1
mult_49_U155                   4.199e-05   7.427e-05   0.0001336   1.739e-05  NAND2_X1
mult_49_U157                   4.199e-05    7.42e-05   0.0001336   1.739e-05  NAND2_X1
mult_50_U151                   4.726e-05   5.182e-05   0.0001334   3.428e-05  NOR4_X1
mult_51_U151                   4.727e-05   5.139e-05   0.0001329   3.428e-05  NOR4_X1
mult_49_U154                   4.187e-05   7.353e-05   0.0001328   1.739e-05  NAND2_X1
mult_49_U165                   4.172e-05   6.917e-05   0.0001321    2.12e-05  NOR2_X1
mult_49_U109                   3.547e-05   8.313e-05   0.0001319   1.329e-05  INV_X1
mult_49_U138                   4.199e-05   6.858e-05   0.0001318    2.12e-05  NOR2_X1
mult_49_U137                   4.175e-05   6.862e-05   0.0001316    2.12e-05  NOR2_X1
reg_5_U6                       6.424e-05   5.072e-05   0.0001315   1.656e-05  NAND2_X1
mult_49_U163                   4.171e-05   6.789e-05   0.0001308    2.12e-05  NOR2_X1
mult_49_U153                   4.196e-05   7.118e-05   0.0001305   1.739e-05  NAND2_X1
mult_49_U173                   4.198e-05   6.727e-05   0.0001304    2.12e-05  NOR2_X1
mult_49_U178                   4.193e-05   7.091e-05   0.0001302   1.739e-05  NAND2_X1
mult_49_U176                   4.191e-05   6.709e-05   0.0001302    2.12e-05  NOR2_X1
mult_49_U152                   4.195e-05   7.058e-05   0.0001299   1.739e-05  NAND2_X1
mult_49_U179                   4.151e-05   6.706e-05   0.0001298    2.12e-05  NOR2_X1
mult_49_U139                    4.19e-05   7.022e-05   0.0001295   1.739e-05  NAND2_X1
mult_49_U135                   4.189e-05   6.642e-05   0.0001295    2.12e-05  NOR2_X1
mult_49_U133                   4.163e-05    6.63e-05   0.0001291    2.12e-05  NOR2_X1
mult_49_U134                   4.197e-05   6.572e-05   0.0001289    2.12e-05  NOR2_X1
mult_49_U112                    3.56e-05   7.966e-05   0.0001287   1.342e-05  INV_X1
reg_5_U10                      6.271e-05   4.924e-05   0.0001285   1.656e-05  NAND2_X1
ff_1_U3                        7.208e-05   3.565e-05   0.0001284   2.065e-05  NAND2_X1
mult_49_U144                   4.174e-05   6.543e-05   0.0001284    2.12e-05  NOR2_X1
mult_49_U166                   4.191e-05   6.894e-05   0.0001282   1.739e-05  NAND2_X1
mult_49_U128                   4.178e-05   6.502e-05    0.000128    2.12e-05  NOR2_X1
reg_5_U8                        6.02e-05   5.033e-05   0.0001271   1.656e-05  NAND2_X1
mult_49_U150                   4.163e-05   6.368e-05   0.0001265    2.12e-05  NOR2_X1
mult_49_U145                   4.178e-05   6.707e-05   0.0001262   1.739e-05  NAND2_X1
mult_49_U172                   4.188e-05   6.668e-05   0.0001259   1.739e-05  NAND2_X1
mult_49_U167                   4.204e-05   6.257e-05   0.0001258    2.12e-05  NOR2_X1
mult_49_U130                   4.183e-05   6.063e-05   0.0001237    2.12e-05  NOR2_X1
mult_49_U140                   4.159e-05   6.062e-05   0.0001234    2.12e-05  NOR2_X1
mult_49_U171                   4.209e-05   6.003e-05   0.0001233    2.12e-05  NOR2_X1
mult_55_U110                   3.484e-05   7.772e-05   0.0001229   1.039e-05  INV_X1
mult_49_U175                   4.202e-05   5.887e-05   0.0001221    2.12e-05  NOR2_X1
mult_49_U131                   4.188e-05   5.538e-05   0.0001185    2.12e-05  NOR2_X1
mult_49_U169                   4.212e-05   5.472e-05    0.000118    2.12e-05  NOR2_X1
mult_49_U132                    4.16e-05   5.833e-05   0.0001173   1.739e-05  NAND2_X1
mult_49_U156                   4.154e-05   5.743e-05   0.0001164   1.739e-05  NAND2_X1
reg_12_U14                     5.357e-05    4.04e-05   0.0001114   1.739e-05  NAND2_X1
mult_56_U149                   3.443e-05   3.995e-05   0.0001095   3.517e-05  NOR4_X1
reg_12_U4                      5.754e-05   3.455e-05   0.0001095   1.739e-05  NAND2_X1
reg_12_U16                     5.414e-05   3.732e-05   0.0001089   1.739e-05  NAND2_X1
reg_12_U8                      5.433e-05   3.435e-05   0.0001061   1.739e-05  NAND2_X1
reg_12_U10                     5.424e-05   3.363e-05   0.0001053   1.739e-05  NAND2_X1
reg_12_U6                      5.437e-05   3.282e-05   0.0001046   1.739e-05  NAND2_X1
reg_12_U12                     5.434e-05   3.237e-05   0.0001041   1.739e-05  NAND2_X1
mult_51_U110                   2.731e-05   6.461e-05   0.0001023   1.039e-05  INV_X1
mult_49_U127                   4.084e-05   4.398e-05   0.0001022   1.739e-05  NAND2_X1
mult_50_U110                   2.732e-05   6.273e-05   0.0001004   1.039e-05  INV_X1
mult_49_U151                   3.426e-05   3.326e-05   0.0001001    3.26e-05  NOR4_X1
mult_57_U149                   2.818e-05   3.127e-05   9.505e-05   3.561e-05  NOR4_X1
mult_49_U110                   1.882e-05   4.208e-05   7.149e-05   1.059e-05  INV_X1
FE_RC_6_0                      2.979e-05   2.532e-05   6.945e-05   1.435e-05  INV_X1
mult_56_U110                   1.754e-05   3.917e-05   6.701e-05   1.031e-05  INV_X1
mult_57_U110                   1.318e-05   3.013e-05   5.359e-05   1.028e-05  INV_X1

---------------------------------------------------------------------------------------

Total (    989 of    989  )       0.4877       0.279     0.8063     0.03969
Total Capacitance                5.292e-12 F
Power Density                   *** No Die Area ***
